[ 2017-12-27T16:44:59+08:00 ] 127.0.0.1 /moban/index.php/Home/Login/login
INFO: [ app_begin ] --START--
INFO: Run Behavior\ReadHtmlCacheBehavior [ RunTime:0.000000s ]
INFO: [ app_begin ] --END-- [ RunTime:0.000000s ]
NOTIC: [8] Use of undefined constant regex - assumed 'regex' D:\wamp\www\moban\ThinkPHP\Common\functions.php 第 588 行.
NOTIC: [8] Use of undefined constant regex - assumed 'regex' D:\wamp\www\moban\ThinkPHP\Common\functions.php 第 588 行.
NOTIC: [8] Use of undefined constant regex - assumed 'regex' D:\wamp\www\moban\ThinkPHP\Common\functions.php 第 588 行.
NOTIC: [8] Use of undefined constant regex - assumed 'regex' D:\wamp\www\moban\ThinkPHP\Common\functions.php 第 588 行.
SQL: SHOW COLUMNS FROM `muban_member` [ RunTime:0.0156s ]
SQL: SELECT * FROM `muban_member` WHERE `email` = 'adfa@qq.com' LIMIT 1   [ RunTime:0.0156s ]

[ 2017-12-27T16:45:50+08:00 ] 127.0.0.1 /moban/index.php/Home/Login/login
INFO: [ app_begin ] --START--
INFO: Run Behavior\ReadHtmlCacheBehavior [ RunTime:0.000000s ]
INFO: [ app_begin ] --END-- [ RunTime:0.000000s ]
NOTIC: [8] Use of undefined constant regex - assumed 'regex' D:\wamp\www\moban\ThinkPHP\Common\functions.php 第 588 行.
NOTIC: [8] Use of undefined constant regex - assumed 'regex' D:\wamp\www\moban\ThinkPHP\Common\functions.php 第 588 行.
NOTIC: [8] Use of undefined constant regex - assumed 'regex' D:\wamp\www\moban\ThinkPHP\Common\functions.php 第 588 行.
NOTIC: [8] Use of undefined constant regex - assumed 'regex' D:\wamp\www\moban\ThinkPHP\Common\functions.php 第 588 行.
SQL: SHOW COLUMNS FROM `muban_member` [ RunTime:0.0156s ]

[ 2017-12-27T16:46:24+08:00 ] 127.0.0.1 /moban/index.php/Home/Login/login
INFO: [ app_begin ] --START--
INFO: Run Behavior\ReadHtmlCacheBehavior [ RunTime:0.000000s ]
INFO: [ app_begin ] --END-- [ RunTime:0.000000s ]
NOTIC: [8] Use of undefined constant regex - assumed 'regex' D:\wamp\www\moban\ThinkPHP\Common\functions.php 第 588 行.
NOTIC: [8] Use of undefined constant regex - assumed 'regex' D:\wamp\www\moban\ThinkPHP\Common\functions.php 第 588 行.
NOTIC: [8] Use of undefined constant regex - assumed 'regex' D:\wamp\www\moban\ThinkPHP\Common\functions.php 第 588 行.
NOTIC: [8] Use of undefined constant regex - assumed 'regex' D:\wamp\www\moban\ThinkPHP\Common\functions.php 第 588 行.
SQL: SHOW COLUMNS FROM `muban_member` [ RunTime:0.0000s ]

[ 2017-12-27T16:47:23+08:00 ] 127.0.0.1 /moban/index.php/Home/Login/login
INFO: [ app_begin ] --START--
INFO: Run Behavior\ReadHtmlCacheBehavior [ RunTime:0.000000s ]
INFO: [ app_begin ] --END-- [ RunTime:0.000000s ]
NOTIC: [8] Use of undefined constant regex - assumed 'regex' D:\wamp\www\moban\ThinkPHP\Common\functions.php 第 588 行.
NOTIC: [8] Use of undefined constant regex - assumed 'regex' D:\wamp\www\moban\ThinkPHP\Common\functions.php 第 588 行.
NOTIC: [8] Use of undefined constant regex - assumed 'regex' D:\wamp\www\moban\ThinkPHP\Common\functions.php 第 588 行.
NOTIC: [8] Use of undefined constant regex - assumed 'regex' D:\wamp\www\moban\ThinkPHP\Common\functions.php 第 588 行.
SQL: SHOW COLUMNS FROM `muban_member` [ RunTime:0.0000s ]

[ 2017-12-27T16:47:59+08:00 ] 127.0.0.1 /moban/index.php/Home/Login/login
INFO: [ app_begin ] --START--
INFO: Run Behavior\ReadHtmlCacheBehavior [ RunTime:0.000000s ]
INFO: [ app_begin ] --END-- [ RunTime:0.000000s ]
NOTIC: [8] Use of undefined constant regex - assumed 'regex' D:\wamp\www\moban\ThinkPHP\Common\functions.php 第 588 行.
NOTIC: [8] Use of undefined constant regex - assumed 'regex' D:\wamp\www\moban\ThinkPHP\Common\functions.php 第 588 行.
NOTIC: [8] Use of undefined constant regex - assumed 'regex' D:\wamp\www\moban\ThinkPHP\Common\functions.php 第 588 行.
NOTIC: [8] Use of undefined constant regex - assumed 'regex' D:\wamp\www\moban\ThinkPHP\Common\functions.php 第 588 行.
SQL: SHOW COLUMNS FROM `muban_member` [ RunTime:0.0000s ]

[ 2017-12-27T16:48:51+08:00 ] 127.0.0.1 /moban/index.php/Home/Login/login
INFO: [ app_begin ] --START--
INFO: Run Behavior\ReadHtmlCacheBehavior [ RunTime:0.000000s ]
INFO: [ app_begin ] --END-- [ RunTime:0.000000s ]
NOTIC: [8] Use of undefined constant regex - assumed 'regex' D:\wamp\www\moban\ThinkPHP\Common\functions.php 第 588 行.
NOTIC: [8] Use of undefined constant regex - assumed 'regex' D:\wamp\www\moban\ThinkPHP\Common\functions.php 第 588 行.
NOTIC: [8] Use of undefined constant regex - assumed 'regex' D:\wamp\www\moban\ThinkPHP\Common\functions.php 第 588 行.
NOTIC: [8] Use of undefined constant regex - assumed 'regex' D:\wamp\www\moban\ThinkPHP\Common\functions.php 第 588 行.
SQL: SHOW COLUMNS FROM `muban_member` [ RunTime:0.0000s ]

[ 2017-12-27T16:49:23+08:00 ] 127.0.0.1 /moban/index.php/Home/Login/login
INFO: [ app_begin ] --START--
INFO: Run Behavior\ReadHtmlCacheBehavior [ RunTime:0.000000s ]
INFO: [ app_begin ] --END-- [ RunTime:0.000000s ]
NOTIC: [8] Use of undefined constant regex - assumed 'regex' D:\wamp\www\moban\ThinkPHP\Common\functions.php 第 588 行.
NOTIC: [8] Use of undefined constant regex - assumed 'regex' D:\wamp\www\moban\ThinkPHP\Common\functions.php 第 588 行.
NOTIC: [8] Use of undefined constant regex - assumed 'regex' D:\wamp\www\moban\ThinkPHP\Common\functions.php 第 588 行.
NOTIC: [8] Use of undefined constant regex - assumed 'regex' D:\wamp\www\moban\ThinkPHP\Common\functions.php 第 588 行.
SQL: SHOW COLUMNS FROM `muban_member` [ RunTime:0.0000s ]

[ 2017-12-27T16:49:27+08:00 ] 127.0.0.1 /moban/index.php/Home/Login/login
INFO: [ app_begin ] --START--
INFO: Run Behavior\ReadHtmlCacheBehavior [ RunTime:0.000000s ]
INFO: [ app_begin ] --END-- [ RunTime:0.000000s ]
NOTIC: [8] Use of undefined constant regex - assumed 'regex' D:\wamp\www\moban\ThinkPHP\Common\functions.php 第 588 行.
NOTIC: [8] Use of undefined constant regex - assumed 'regex' D:\wamp\www\moban\ThinkPHP\Common\functions.php 第 588 行.
NOTIC: [8] Use of undefined constant regex - assumed 'regex' D:\wamp\www\moban\ThinkPHP\Common\functions.php 第 588 行.
NOTIC: [8] Use of undefined constant regex - assumed 'regex' D:\wamp\www\moban\ThinkPHP\Common\functions.php 第 588 行.
SQL: SHOW COLUMNS FROM `muban_member` [ RunTime:0.0000s ]

[ 2017-12-27T16:50:57+08:00 ] 127.0.0.1 /moban/index.php/Home/Login/login
INFO: [ app_begin ] --START--
INFO: Run Behavior\ReadHtmlCacheBehavior [ RunTime:0.000000s ]
INFO: [ app_begin ] --END-- [ RunTime:0.000000s ]
NOTIC: [8] Use of undefined constant regex - assumed 'regex' D:\wamp\www\moban\ThinkPHP\Common\functions.php 第 588 行.
NOTIC: [8] Use of undefined constant regex - assumed 'regex' D:\wamp\www\moban\ThinkPHP\Common\functions.php 第 588 行.
NOTIC: [8] Use of undefined constant regex - assumed 'regex' D:\wamp\www\moban\ThinkPHP\Common\functions.php 第 588 行.
NOTIC: [8] Use of undefined constant regex - assumed 'regex' D:\wamp\www\moban\ThinkPHP\Common\functions.php 第 588 行.
SQL: SHOW COLUMNS FROM `muban_member` [ RunTime:0.0000s ]

[ 2017-12-27T16:51:17+08:00 ] 127.0.0.1 /moban/index.php/Home/Login/login
INFO: [ app_begin ] --START--
INFO: Run Behavior\ReadHtmlCacheBehavior [ RunTime:0.000000s ]
INFO: [ app_begin ] --END-- [ RunTime:0.000000s ]
NOTIC: [8] Use of undefined constant regex - assumed 'regex' D:\wamp\www\moban\ThinkPHP\Common\functions.php 第 588 行.
NOTIC: [8] Use of undefined constant regex - assumed 'regex' D:\wamp\www\moban\ThinkPHP\Common\functions.php 第 588 行.
NOTIC: [8] Use of undefined constant regex - assumed 'regex' D:\wamp\www\moban\ThinkPHP\Common\functions.php 第 588 行.
NOTIC: [8] Use of undefined constant regex - assumed 'regex' D:\wamp\www\moban\ThinkPHP\Common\functions.php 第 588 行.
SQL: SHOW COLUMNS FROM `muban_member` [ RunTime:0.0000s ]

[ 2017-12-27T16:52:10+08:00 ] 127.0.0.1 /moban/index.php/Home/Login/login
INFO: [ app_begin ] --START--
INFO: Run Behavior\ReadHtmlCacheBehavior [ RunTime:0.000000s ]
INFO: [ app_begin ] --END-- [ RunTime:0.000000s ]
NOTIC: [8] Use of undefined constant regex - assumed 'regex' D:\wamp\www\moban\ThinkPHP\Common\functions.php 第 588 行.
NOTIC: [8] Use of undefined constant regex - assumed 'regex' D:\wamp\www\moban\ThinkPHP\Common\functions.php 第 588 行.
NOTIC: [8] Use of undefined constant regex - assumed 'regex' D:\wamp\www\moban\ThinkPHP\Common\functions.php 第 588 行.
NOTIC: [8] Use of undefined constant regex - assumed 'regex' D:\wamp\www\moban\ThinkPHP\Common\functions.php 第 588 行.
SQL: SHOW COLUMNS FROM `muban_member` [ RunTime:0.0000s ]

[ 2017-12-27T16:55:32+08:00 ] 127.0.0.1 /moban/index.php/Home/Login/login
INFO: [ app_begin ] --START--
INFO: Run Behavior\ReadHtmlCacheBehavior [ RunTime:0.000000s ]
INFO: [ app_begin ] --END-- [ RunTime:0.000000s ]
NOTIC: [8] Use of undefined constant regex - assumed 'regex' D:\wamp\www\moban\ThinkPHP\Common\functions.php 第 588 行.
NOTIC: [8] Use of undefined constant regex - assumed 'regex' D:\wamp\www\moban\ThinkPHP\Common\functions.php 第 588 行.
NOTIC: [8] Use of undefined constant regex - assumed 'regex' D:\wamp\www\moban\ThinkPHP\Common\functions.php 第 588 行.
NOTIC: [8] Use of undefined constant regex - assumed 'regex' D:\wamp\www\moban\ThinkPHP\Common\functions.php 第 588 行.
SQL: SHOW COLUMNS FROM `muban_member` [ RunTime:0.0000s ]

[ 2017-12-27T16:58:51+08:00 ] 127.0.0.1 /moban/index.php/Home/Login/login
INFO: [ app_begin ] --START--
INFO: Run Behavior\ReadHtmlCacheBehavior [ RunTime:0.000000s ]
INFO: [ app_begin ] --END-- [ RunTime:0.000000s ]
NOTIC: [8] Use of undefined constant regex - assumed 'regex' D:\wamp\www\moban\ThinkPHP\Common\functions.php 第 588 行.
NOTIC: [8] Use of undefined constant regex - assumed 'regex' D:\wamp\www\moban\ThinkPHP\Common\functions.php 第 588 行.
NOTIC: [8] Use of undefined constant regex - assumed 'regex' D:\wamp\www\moban\ThinkPHP\Common\functions.php 第 588 行.
NOTIC: [8] Use of undefined constant regex - assumed 'regex' D:\wamp\www\moban\ThinkPHP\Common\functions.php 第 588 行.
SQL: SHOW COLUMNS FROM `muban_member` [ RunTime:0.0000s ]

[ 2017-12-27T16:59:24+08:00 ] 127.0.0.1 /moban/index.php/Home/Login/login
INFO: [ app_begin ] --START--
INFO: Run Behavior\ReadHtmlCacheBehavior [ RunTime:0.000000s ]
INFO: [ app_begin ] --END-- [ RunTime:0.000000s ]
NOTIC: [8] Use of undefined constant regex - assumed 'regex' D:\wamp\www\moban\ThinkPHP\Common\functions.php 第 588 行.
NOTIC: [8] Use of undefined constant regex - assumed 'regex' D:\wamp\www\moban\ThinkPHP\Common\functions.php 第 588 行.
NOTIC: [8] Use of undefined constant regex - assumed 'regex' D:\wamp\www\moban\ThinkPHP\Common\functions.php 第 588 行.
NOTIC: [8] Use of undefined constant regex - assumed 'regex' D:\wamp\www\moban\ThinkPHP\Common\functions.php 第 588 行.
SQL: SHOW COLUMNS FROM `muban_member` [ RunTime:0.0000s ]

[ 2017-12-27T17:00:59+08:00 ] 127.0.0.1 /moban/index.php/Home/Login/login
INFO: [ app_begin ] --START--
INFO: Run Behavior\ReadHtmlCacheBehavior [ RunTime:0.000000s ]
INFO: [ app_begin ] --END-- [ RunTime:0.015600s ]
NOTIC: [8] Use of undefined constant regex - assumed 'regex' D:\wamp\www\moban\ThinkPHP\Common\functions.php 第 588 行.
NOTIC: [8] Use of undefined constant regex - assumed 'regex' D:\wamp\www\moban\ThinkPHP\Common\functions.php 第 588 行.
NOTIC: [8] Use of undefined constant regex - assumed 'regex' D:\wamp\www\moban\ThinkPHP\Common\functions.php 第 588 行.
NOTIC: [8] Use of undefined constant regex - assumed 'regex' D:\wamp\www\moban\ThinkPHP\Common\functions.php 第 588 行.
SQL: SHOW COLUMNS FROM `muban_member` [ RunTime:0.0000s ]

[ 2017-12-27T17:01:33+08:00 ] 127.0.0.1 /moban/index.php/Home/Login/login
INFO: [ app_begin ] --START--
INFO: Run Behavior\ReadHtmlCacheBehavior [ RunTime:0.000000s ]
INFO: [ app_begin ] --END-- [ RunTime:0.000000s ]
NOTIC: [8] Use of undefined constant regex - assumed 'regex' D:\wamp\www\moban\ThinkPHP\Common\functions.php 第 588 行.
NOTIC: [8] Use of undefined constant regex - assumed 'regex' D:\wamp\www\moban\ThinkPHP\Common\functions.php 第 588 行.
NOTIC: [8] Use of undefined constant regex - assumed 'regex' D:\wamp\www\moban\ThinkPHP\Common\functions.php 第 588 行.
NOTIC: [8] Use of undefined constant regex - assumed 'regex' D:\wamp\www\moban\ThinkPHP\Common\functions.php 第 588 行.
SQL: SHOW COLUMNS FROM `muban_member` [ RunTime:0.0000s ]

[ 2017-12-27T17:03:51+08:00 ] 127.0.0.1 /moban/index.php/Home/Login/login
INFO: [ app_begin ] --START--
INFO: Run Behavior\ReadHtmlCacheBehavior [ RunTime:0.000000s ]
INFO: [ app_begin ] --END-- [ RunTime:0.000000s ]
NOTIC: [8] Use of undefined constant regex - assumed 'regex' D:\wamp\www\moban\ThinkPHP\Common\functions.php 第 588 行.
NOTIC: [8] Use of undefined constant regex - assumed 'regex' D:\wamp\www\moban\ThinkPHP\Common\functions.php 第 588 行.
NOTIC: [8] Use of undefined constant regex - assumed 'regex' D:\wamp\www\moban\ThinkPHP\Common\functions.php 第 588 行.
NOTIC: [8] Use of undefined constant regex - assumed 'regex' D:\wamp\www\moban\ThinkPHP\Common\functions.php 第 588 行.
SQL: SHOW COLUMNS FROM `muban_member` [ RunTime:0.0000s ]

[ 2017-12-27T17:03:58+08:00 ] 127.0.0.1 /moban/index.php/Home/Login/login
INFO: [ app_begin ] --START--
INFO: Run Behavior\ReadHtmlCacheBehavior [ RunTime:0.000000s ]
INFO: [ app_begin ] --END-- [ RunTime:0.000000s ]
NOTIC: [8] Use of undefined constant regex - assumed 'regex' D:\wamp\www\moban\ThinkPHP\Common\functions.php 第 588 行.
NOTIC: [8] Use of undefined constant regex - assumed 'regex' D:\wamp\www\moban\ThinkPHP\Common\functions.php 第 588 行.
NOTIC: [8] Use of undefined constant regex - assumed 'regex' D:\wamp\www\moban\ThinkPHP\Common\functions.php 第 588 行.
NOTIC: [8] Use of undefined constant regex - assumed 'regex' D:\wamp\www\moban\ThinkPHP\Common\functions.php 第 588 行.
SQL: SHOW COLUMNS FROM `muban_member` [ RunTime:0.0000s ]
SQL: SELECT * FROM `muban_member` WHERE `email` = 'abc@qq.com' LIMIT 1   [ RunTime:0.0000s ]

[ 2017-12-27T17:04:01+08:00 ] 127.0.0.1 /moban/index.php/Home/Login/login
INFO: [ app_begin ] --START--
INFO: Run Behavior\ReadHtmlCacheBehavior [ RunTime:0.000000s ]
INFO: [ app_begin ] --END-- [ RunTime:0.000000s ]
NOTIC: [8] Use of undefined constant regex - assumed 'regex' D:\wamp\www\moban\ThinkPHP\Common\functions.php 第 588 行.
NOTIC: [8] Use of undefined constant regex - assumed 'regex' D:\wamp\www\moban\ThinkPHP\Common\functions.php 第 588 行.
NOTIC: [8] Use of undefined constant regex - assumed 'regex' D:\wamp\www\moban\ThinkPHP\Common\functions.php 第 588 行.
NOTIC: [8] Use of undefined constant regex - assumed 'regex' D:\wamp\www\moban\ThinkPHP\Common\functions.php 第 588 行.
SQL: SHOW COLUMNS FROM `muban_member` [ RunTime:0.0000s ]

[ 2017-12-27T17:04:07+08:00 ] 127.0.0.1 /moban/index.php/Home/Login/login
INFO: [ app_begin ] --START--
INFO: Run Behavior\ReadHtmlCacheBehavior [ RunTime:0.000000s ]
INFO: [ app_begin ] --END-- [ RunTime:0.000000s ]
NOTIC: [8] Use of undefined constant regex - assumed 'regex' D:\wamp\www\moban\ThinkPHP\Common\functions.php 第 588 行.
NOTIC: [8] Use of undefined constant regex - assumed 'regex' D:\wamp\www\moban\ThinkPHP\Common\functions.php 第 588 行.
NOTIC: [8] Use of undefined constant regex - assumed 'regex' D:\wamp\www\moban\ThinkPHP\Common\functions.php 第 588 行.
NOTIC: [8] Use of undefined constant regex - assumed 'regex' D:\wamp\www\moban\ThinkPHP\Common\functions.php 第 588 行.
SQL: SHOW COLUMNS FROM `muban_member` [ RunTime:0.0000s ]

[ 2017-12-27T17:04:14+08:00 ] 127.0.0.1 /moban/index.php/Home/Login/login
INFO: [ app_begin ] --START--
INFO: Run Behavior\ReadHtmlCacheBehavior [ RunTime:0.000000s ]
INFO: [ app_begin ] --END-- [ RunTime:0.015600s ]
NOTIC: [8] Use of undefined constant regex - assumed 'regex' D:\wamp\www\moban\ThinkPHP\Common\functions.php 第 588 行.
NOTIC: [8] Use of undefined constant regex - assumed 'regex' D:\wamp\www\moban\ThinkPHP\Common\functions.php 第 588 行.
NOTIC: [8] Use of undefined constant regex - assumed 'regex' D:\wamp\www\moban\ThinkPHP\Common\functions.php 第 588 行.
NOTIC: [8] Use of undefined constant regex - assumed 'regex' D:\wamp\www\moban\ThinkPHP\Common\functions.php 第 588 行.
SQL: SHOW COLUMNS FROM `muban_member` [ RunTime:0.0000s ]
SQL: SELECT * FROM `muban_member` WHERE `email` = 'abc@qq.com' LIMIT 1   [ RunTime:0.0000s ]

