[ 2018-04-11T20:59:51+08:00 ] 127.0.0.1 /moban/index.php
INFO: [ app_init ] --START--
INFO: Run Behavior\BuildLiteBehavior [ RunTime:0.000000s ]
INFO: [ app_init ] --END-- [ RunTime:0.015600s ]
INFO: [ app_begin ] --START--
INFO: Run Behavior\ReadHtmlCacheBehavior [ RunTime:0.000000s ]
INFO: [ app_begin ] --END-- [ RunTime:0.015601s ]
SQL: SHOW COLUMNS FROM `moban_cate` [ RunTime:0.0624s ]
SQL: SELECT * FROM `moban_cate`  [ RunTime:0.0156s ]
SQL: SHOW COLUMNS FROM `moban_user` [ RunTime:0.0312s ]
SQL: SELECT * FROM `moban_user` WHERE `id` = 10 LIMIT 1   [ RunTime:0.0000s ]
SQL: SHOW COLUMNS FROM `moban_attrter` [ RunTime:0.0312s ]
SQL: SHOW COLUMNS FROM `moban_cate` [ RunTime:0.0000s ]
SQL: SELECT * FROM `moban_cate`  [ RunTime:0.0000s ]
SQL: SELECT * FROM `moban_attrter` WHERE `attr_id` = 5  [ RunTime:0.0000s ]
SQL: SELECT * FROM `moban_attrter` WHERE `attr_id` IN ('5','6','7','8','9')  [ RunTime:0.0000s ]
SQL: SHOW COLUMNS FROM `moban_lun` [ RunTime:0.0156s ]
SQL: SELECT * FROM `moban_lun` WHERE `lun_lock` = 1 LIMIT 1   [ RunTime:0.0000s ]
SQL: SHOW COLUMNS FROM `moban_goods` [ RunTime:0.0156s ]
SQL: SELECT * FROM `moban_goods` LIMIT 12   [ RunTime:0.0000s ]
INFO: [ view_parse ] --START--
INFO: [ template_filter ] --START--
INFO: Run Behavior\ContentReplaceBehavior [ RunTime:0.015600s ]
INFO: [ template_filter ] --END-- [ RunTime:0.015600s ]
INFO: Run Behavior\ParseTemplateBehavior [ RunTime:0.109200s ]
INFO: [ view_parse ] --END-- [ RunTime:0.109200s ]
INFO: [ view_filter ] --START--
INFO: Run Behavior\WriteHtmlCacheBehavior [ RunTime:0.000000s ]
INFO: [ view_filter ] --END-- [ RunTime:0.000000s ]
INFO: [ app_end ] --START--
INFO: Run Behavior\ShowPageTraceBehavior [ RunTime:0.109201s ]
INFO: [ app_end ] --END-- [ RunTime:0.109201s ]

[ 2018-04-11T21:47:57+08:00 ] 127.0.0.1 /moban/index.php/Home/Vip/index
INFO: [ app_init ] --START--
INFO: Run Behavior\BuildLiteBehavior [ RunTime:0.001000s ]
INFO: [ app_init ] --END-- [ RunTime:0.002000s ]
INFO: [ app_begin ] --START--
INFO: Run Behavior\ReadHtmlCacheBehavior [ RunTime:0.002000s ]
INFO: [ app_begin ] --END-- [ RunTime:0.003000s ]
SQL: SHOW COLUMNS FROM `moban_cate` [ RunTime:0.0500s ]
SQL: SELECT * FROM `moban_cate`  [ RunTime:0.0010s ]
SQL: SHOW COLUMNS FROM `moban_attr` [ RunTime:0.0220s ]
SQL: SELECT * FROM `moban_attr` WHERE `attrtype_id` = 1  [ RunTime:0.0010s ]
SQL: SHOW COLUMNS FROM `moban_goods_sort` [ RunTime:0.0130s ]
SQL: SELECT * FROM `moban_goods_sort`  [ RunTime:0.0040s ]
SQL: SELECT * FROM `moban_attr`  [ RunTime:0.0010s ]
SQL: SHOW COLUMNS FROM `moban_attrter` [ RunTime:0.0120s ]
SQL: SELECT * FROM `moban_attrter` WHERE `attr_id` = 5 AND `attr_value` = '旅游酒店' LIMIT 1   [ RunTime:0.0020s ]
SQL: SELECT * FROM `moban_attrter` WHERE `attr_id` = 5 AND `attr_value` = '房地产' LIMIT 1   [ RunTime:0.0030s ]
SQL: SELECT * FROM `moban_attrter` WHERE `attr_id` = 5 AND `attr_value` = '网络设计' LIMIT 1   [ RunTime:0.0010s ]
SQL: SELECT * FROM `moban_attrter` WHERE `attr_id` = 5 AND `attr_value` = '婚庆摄影' LIMIT 1   [ RunTime:0.0010s ]
SQL: SELECT * FROM `moban_attrter` WHERE `attr_id` = 5 AND `attr_value` = '家政家教' LIMIT 1   [ RunTime:0.0020s ]
SQL: SELECT * FROM `moban_attrter` WHERE `attr_id` = 5 AND `attr_value` = '教育培训' LIMIT 1   [ RunTime:0.0020s ]
SQL: SELECT * FROM `moban_attrter` WHERE `attr_id` = 5 AND `attr_value` = '办公OA' LIMIT 1   [ RunTime:0.0000s ]
SQL: SELECT * FROM `moban_attrter` WHERE `attr_id` = 5 AND `attr_value` = '求职招聘' LIMIT 1   [ RunTime:0.0000s ]
SQL: SELECT * FROM `moban_attrter` WHERE `attr_id` = 5 AND `attr_value` = '食品' LIMIT 1   [ RunTime:0.0010s ]
SQL: SELECT * FROM `moban_attrter` WHERE `attr_id` = 5 AND `attr_value` = '医院医疗' LIMIT 1   [ RunTime:0.0020s ]
SQL: SELECT * FROM `moban_attrter` WHERE `attr_id` = 5 AND `attr_value` = '金融贷款' LIMIT 1   [ RunTime:0.0010s ]
SQL: SELECT * FROM `moban_attrter` WHERE `attr_id` = 5 AND `attr_value` = '视频影视' LIMIT 1   [ RunTime:0.0010s ]
SQL: SELECT * FROM `moban_attrter` WHERE `attr_id` = 5 AND `attr_value` = '房产租赁' LIMIT 1   [ RunTime:0.0010s ]
SQL: SELECT * FROM `moban_attrter` WHERE `attr_id` = 5 AND `attr_value` = '游戏' LIMIT 1   [ RunTime:0.0000s ]
SQL: SELECT * FROM `moban_attrter` WHERE `attr_id` = 5 AND `attr_value` = '科技' LIMIT 1   [ RunTime:0.0010s ]
SQL: SELECT * FROM `moban_attrter` WHERE `attr_id` = 5 AND `attr_value` = '生活服务' LIMIT 1   [ RunTime:0.0010s ]
SQL: SELECT * FROM `moban_attrter` WHERE `attr_id` = 5 AND `attr_value` = '时尚美容' LIMIT 1   [ RunTime:0.0010s ]
SQL: SELECT * FROM `moban_attrter` WHERE `attr_id` = 5 AND `attr_value` = '情感交友' LIMIT 1   [ RunTime:0.0010s ]
SQL: SELECT * FROM `moban_attrter` WHERE `attr_id` = 5 AND `attr_value` = '订餐外送' LIMIT 1   [ RunTime:0.0000s ]
SQL: SELECT * FROM `moban_attrter` WHERE `attr_id` = 5 AND `attr_value` = '汽车' LIMIT 1   [ RunTime:0.0000s ]
SQL: SELECT * FROM `moban_attrter` WHERE `attr_id` = 5 AND `attr_value` = '农业养殖' LIMIT 1   [ RunTime:0.0010s ]
SQL: SELECT * FROM `moban_attrter` WHERE `attr_id` = 5 AND `attr_value` = '养生' LIMIT 1   [ RunTime:0.0000s ]
SQL: SELECT * FROM `moban_attrter` WHERE `attr_id` = 6 AND `attr_value` = '团购' LIMIT 1   [ RunTime:0.0010s ]
SQL: SELECT * FROM `moban_attrter` WHERE `attr_id` = 6 AND `attr_value` = '商务平台' LIMIT 1   [ RunTime:0.0010s ]
SQL: SELECT * FROM `moban_attrter` WHERE `attr_id` = 6 AND `attr_value` = '返利' LIMIT 1   [ RunTime:0.0000s ]
SQL: SELECT * FROM `moban_attrter` WHERE `attr_id` = 6 AND `attr_value` = '海淘' LIMIT 1   [ RunTime:0.0010s ]
SQL: SELECT * FROM `moban_attrter` WHERE `attr_id` = 6 AND `attr_value` = '数码电器' LIMIT 1   [ RunTime:0.0010s ]
SQL: SELECT * FROM `moban_attrter` WHERE `attr_id` = 6 AND `attr_value` = '水果蔬菜' LIMIT 1   [ RunTime:0.0000s ]
SQL: SELECT * FROM `moban_attrter` WHERE `attr_id` = 6 AND `attr_value` = '鲜花礼品' LIMIT 1   [ RunTime:0.0000s ]
SQL: SELECT * FROM `moban_attrter` WHERE `attr_id` = 6 AND `attr_value` = '美容化妆' LIMIT 1   [ RunTime:0.0010s ]
SQL: SELECT * FROM `moban_attrter` WHERE `attr_id` = 6 AND `attr_value` = '珠宝配饰' LIMIT 1   [ RunTime:0.0000s ]
SQL: SELECT * FROM `moban_attrter` WHERE `attr_id` = 6 AND `attr_value` = '装饰家居' LIMIT 1   [ RunTime:0.0000s ]
SQL: SELECT * FROM `moban_attrter` WHERE `attr_id` = 6 AND `attr_value` = '零食食品' LIMIT 1   [ RunTime:0.0010s ]
SQL: SELECT * FROM `moban_attrter` WHERE `attr_id` = 7 AND `attr_value` = '网络公司' LIMIT 1   [ RunTime:0.0010s ]
SQL: SELECT * FROM `moban_attrter` WHERE `attr_id` = 7 AND `attr_value` = '设计公司' LIMIT 1   [ RunTime:0.0010s ]
SQL: SELECT * FROM `moban_attrter` WHERE `attr_id` = 7 AND `attr_value` = '婚纱摄影' LIMIT 1   [ RunTime:0.0010s ]
SQL: SELECT * FROM `moban_attrter` WHERE `attr_id` = 7 AND `attr_value` = '装修公司' LIMIT 1   [ RunTime:0.0010s ]
SQL: SELECT * FROM `moban_attrter` WHERE `attr_id` = 7 AND `attr_value` = '咨询公司' LIMIT 1   [ RunTime:0.0010s ]
SQL: SELECT * FROM `moban_attrter` WHERE `attr_id` = 7 AND `attr_value` = '软件科技' LIMIT 1   [ RunTime:0.0000s ]
SQL: SELECT * FROM `moban_attrter` WHERE `attr_id` = 7 AND `attr_value` = '办公家具' LIMIT 1   [ RunTime:0.0010s ]
SQL: SELECT * FROM `moban_attrter` WHERE `attr_id` = 7 AND `attr_value` = '生活旅游' LIMIT 1   [ RunTime:0.0010s ]
SQL: SELECT * FROM `moban_attrter` WHERE `attr_id` = 7 AND `attr_value` = '教育培训' LIMIT 1   [ RunTime:0.0010s ]
SQL: SELECT * FROM `moban_attrter` WHERE `attr_id` = 7 AND `attr_value` = '广告传媒' LIMIT 1   [ RunTime:0.0000s ]
SQL: SELECT * FROM `moban_attrter` WHERE `attr_id` = 7 AND `attr_value` = '政府部门' LIMIT 1   [ RunTime:0.0010s ]
SQL: SELECT * FROM `moban_attrter` WHERE `attr_id` = 7 AND `attr_value` = '项目工程' LIMIT 1   [ RunTime:0.0010s ]
SQL: SELECT * FROM `moban_attrter` WHERE `attr_id` = 7 AND `attr_value` = '设备自动化' LIMIT 1   [ RunTime:0.0000s ]
SQL: SELECT * FROM `moban_attrter` WHERE `attr_id` = 7 AND `attr_value` = '美容化妆' LIMIT 1   [ RunTime:0.0010s ]
SQL: SELECT * FROM `moban_attrter` WHERE `attr_id` = 7 AND `attr_value` = '单页模板' LIMIT 1   [ RunTime:0.0020s ]
SQL: SELECT * FROM `moban_attrter` WHERE `attr_id` = 7 AND `attr_value` = '医院医疗' LIMIT 1   [ RunTime:0.0010s ]
SQL: SELECT * FROM `moban_attrter` WHERE `attr_id` = 7 AND `attr_value` = '环保卫生' LIMIT 1   [ RunTime:0.0000s ]
SQL: SELECT * FROM `moban_attrter` WHERE `attr_id` = 7 AND `attr_value` = '物业租赁' LIMIT 1   [ RunTime:0.0010s ]
SQL: SELECT * FROM `moban_attrter` WHERE `attr_id` = 7 AND `attr_value` = '房地产建筑' LIMIT 1   [ RunTime:0.0010s ]
SQL: SELECT * FROM `moban_attrter` WHERE `attr_id` = 7 AND `attr_value` = '农业养殖' LIMIT 1   [ RunTime:0.0000s ]
SQL: SELECT * FROM `moban_attrter` WHERE `attr_id` = 7 AND `attr_value` = '服装' LIMIT 1   [ RunTime:0.0010s ]
SQL: SELECT * FROM `moban_attrter` WHERE `attr_id` = 7 AND `attr_value` = '亲子母婴' LIMIT 1   [ RunTime:0.0010s ]
SQL: SELECT * FROM `moban_attrter` WHERE `attr_id` = 7 AND `attr_value` = '快递物流' LIMIT 1   [ RunTime:0.0010s ]
SQL: SELECT * FROM `moban_attrter` WHERE `attr_id` = 7 AND `attr_value` = '行业模板' LIMIT 1   [ RunTime:0.0010s ]
SQL: SELECT * FROM `moban_attrter` WHERE `attr_id` = 7 AND `attr_value` = '行业模板' LIMIT 1   [ RunTime:0.0010s ]
SQL: SELECT * FROM `moban_attrter` WHERE `attr_id` = 8 AND `attr_value` = '淘宝' LIMIT 1   [ RunTime:0.0000s ]
SQL: SELECT * FROM `moban_attrter` WHERE `attr_id` = 8 AND `attr_value` = '医院' LIMIT 1   [ RunTime:0.0010s ]
SQL: SELECT * FROM `moban_attrter` WHERE `attr_id` = 8 AND `attr_value` = '节日' LIMIT 1   [ RunTime:0.0010s ]
SQL: SELECT * FROM `moban_attrter` WHERE `attr_id` = 8 AND `attr_value` = '活动' LIMIT 1   [ RunTime:0.0010s ]
SQL: SELECT * FROM `moban_attrter` WHERE `attr_id` = 8 AND `attr_value` = '测试' LIMIT 1   [ RunTime:0.0020s ]
SQL: SELECT * FROM `moban_attrter` WHERE `attr_id` = 8 AND `attr_value` = '企业宣传' LIMIT 1   [ RunTime:0.0010s ]
SQL: SELECT * FROM `moban_attrter` WHERE `attr_id` = 9 AND `attr_value` = '登录界面' LIMIT 1   [ RunTime:0.0000s ]
SQL: SELECT * FROM `moban_attrter` WHERE `attr_id` = 9 AND `attr_value` = 'bootstrap' LIMIT 1   [ RunTime:0.0010s ]
SQL: SELECT * FROM `moban_attrter` WHERE `attr_id` = 9 AND `attr_value` = '国外后台模板' LIMIT 1   [ RunTime:0.0010s ]
SQL: SELECT * FROM `moban_attrter` WHERE `attr_id` = 9 AND `attr_value` = '企业后台模板' LIMIT 1   [ RunTime:0.0000s ]
SQL: SELECT * FROM `moban_attrter` WHERE `attr_id` = 9 AND `attr_value` = 'CMS后台模板' LIMIT 1   [ RunTime:0.0010s ]
SQL: SELECT * FROM `moban_attrter` WHERE `attr_id` = 9 AND `attr_value` = 'OA系统' LIMIT 1   [ RunTime:0.0000s ]
SQL: SELECT * FROM `moban_attrter` WHERE `attr_id` = 9 AND `attr_value` = 'div+css' LIMIT 1   [ RunTime:0.0010s ]
SQL: SELECT * FROM `moban_attrter` WHERE `attr_id` = 9 AND `attr_value` = '常用后台模板' LIMIT 1   [ RunTime:0.0010s ]
SQL: SELECT * FROM `moban_attrter` WHERE `attr_id` = 10 AND `attr_value` = '门户资讯' LIMIT 1   [ RunTime:0.0000s ]
SQL: SELECT * FROM `moban_attrter` WHERE `attr_id` = 10 AND `attr_value` = '个人博客' LIMIT 1   [ RunTime:0.0010s ]
SQL: SELECT * FROM `moban_attrter` WHERE `attr_id` = 10 AND `attr_value` = '笑话' LIMIT 1   [ RunTime:0.0010s ]
SQL: SELECT * FROM `moban_attrter` WHERE `attr_id` = 10 AND `attr_value` = '网址导航' LIMIT 1   [ RunTime:0.0010s ]
SQL: SELECT * FROM `moban_attrter` WHERE `attr_id` = 10 AND `attr_value` = '登录注册' LIMIT 1   [ RunTime:0.0010s ]
SQL: SELECT * FROM `moban_attrter` WHERE `attr_id` = 10 AND `attr_value` = '个人中心' LIMIT 1   [ RunTime:0.0000s ]
SQL: SELECT * FROM `moban_attrter` WHERE `attr_id` = 10 AND `attr_value` = '404' LIMIT 1   [ RunTime:0.0010s ]
SQL: SELECT * FROM `moban_attrter` WHERE `attr_id` = 10 AND `attr_value` = 'app' LIMIT 1   [ RunTime:0.0020s ]
SQL: SELECT * FROM `moban_attrter` WHERE `attr_id` = 10 AND `attr_value` = '引导' LIMIT 1   [ RunTime:0.0000s ]
NOTIC: [8] Undefined index: child D:\wamp\www\moban\Application\Home\Controller\VipController.class.php 第 291 行.
SQL: SELECT * FROM `moban_attrter` WHERE `attr_id` = 2 AND `attr_value` = '蓝色' LIMIT 1   [ RunTime:0.0010s ]
SQL: SELECT * FROM `moban_attrter` WHERE `attr_id` = 2 AND `attr_value` = '红色' LIMIT 1   [ RunTime:0.0010s ]
SQL: SELECT * FROM `moban_attrter` WHERE `attr_id` = 2 AND `attr_value` = '橙色' LIMIT 1   [ RunTime:0.0000s ]
SQL: SELECT * FROM `moban_attrter` WHERE `attr_id` = 2 AND `attr_value` = '黄色' LIMIT 1   [ RunTime:0.0010s ]
SQL: SELECT * FROM `moban_attrter` WHERE `attr_id` = 2 AND `attr_value` = '绿色' LIMIT 1   [ RunTime:0.0000s ]
SQL: SELECT * FROM `moban_attrter` WHERE `attr_id` = 2 AND `attr_value` = '黑白' LIMIT 1   [ RunTime:0.0010s ]
SQL: SELECT * FROM `moban_attrter` WHERE `attr_id` = 2 AND `attr_value` = '灰色' LIMIT 1   [ RunTime:0.0010s ]
SQL: SELECT * FROM `moban_attrter` WHERE `attr_id` = 2 AND `attr_value` = '黑色' LIMIT 1   [ RunTime:0.0000s ]
SQL: SELECT * FROM `moban_attrter` WHERE `attr_id` = 2 AND `attr_value` = '白色' LIMIT 1   [ RunTime:0.0010s ]
SQL: SELECT * FROM `moban_attrter` WHERE `attr_id` = 2 AND `attr_value` = '粉色' LIMIT 1   [ RunTime:0.0000s ]
SQL: SELECT * FROM `moban_attrter` WHERE `attr_id` = 2 AND `attr_value` = '多色' LIMIT 1   [ RunTime:0.0010s ]
NOTIC: [8] Undefined index: child D:\wamp\www\moban\Application\Home\Controller\VipController.class.php 第 291 行.
SQL: SELECT * FROM `moban_attrter` WHERE `attr_id` = 3 AND `attr_value` = '常列' LIMIT 1   [ RunTime:0.0000s ]
SQL: SELECT * FROM `moban_attrter` WHERE `attr_id` = 3 AND `attr_value` = '两列' LIMIT 1   [ RunTime:0.0010s ]
SQL: SELECT * FROM `moban_attrter` WHERE `attr_id` = 3 AND `attr_value` = '滚动' LIMIT 1   [ RunTime:0.0000s ]
SQL: SELECT * FROM `moban_attrter` WHERE `attr_id` = 3 AND `attr_value` = '全屏' LIMIT 1   [ RunTime:0.0010s ]
SQL: SELECT * FROM `moban_attrter` WHERE `attr_id` = 3 AND `attr_value` = '响应式' LIMIT 1   [ RunTime:0.0010s ]
SQL: SELECT * FROM `moban_attrter` WHERE `attr_id` = 3 AND `attr_value` = '手机wap' LIMIT 1   [ RunTime:0.0010s ]
SQL: SELECT * FROM `moban_attrter` WHERE `attr_id` = 3 AND `attr_value` = 'app模板' LIMIT 1   [ RunTime:0.0010s ]
SQL: SELECT * FROM `moban_attrter` WHERE `attr_id` = 3 AND `attr_value` = 'iframe' LIMIT 1   [ RunTime:0.0010s ]
SQL: SELECT * FROM `moban_attrter` WHERE `attr_id` = 3 AND `attr_value` = 'table' LIMIT 1   [ RunTime:0.0010s ]
NOTIC: [8] Undefined index: child D:\wamp\www\moban\Application\Home\Controller\VipController.class.php 第 291 行.
SQL: SELECT * FROM `moban_attrter` WHERE `attr_id` = 4 AND `attr_value` = '中文模板' LIMIT 1   [ RunTime:0.0010s ]
SQL: SELECT * FROM `moban_attrter` WHERE `attr_id` = 4 AND `attr_value` = '英文模板' LIMIT 1   [ RunTime:0.0010s ]
SQL: SELECT * FROM `moban_attrter` WHERE `attr_id` = 12 AND `attr_value` = 'jQuery' LIMIT 1   [ RunTime:0.0010s ]
SQL: SELECT * FROM `moban_attrter` WHERE `attr_id` = 12 AND `attr_value` = 'javascript' LIMIT 1   [ RunTime:0.0010s ]
SQL: SELECT * FROM `moban_attrter` WHERE `attr_id` = 12 AND `attr_value` = 'h5+css3' LIMIT 1   [ RunTime:0.0010s ]
SQL: SELECT * FROM `moban_attrter` WHERE `attr_id` = 12 AND `attr_value` = 'Ajax' LIMIT 1   [ RunTime:0.0010s ]
SQL: SELECT * FROM `moban_attrter` WHERE `attr_id` = 12 AND `attr_value` = 'bootstrap' LIMIT 1   [ RunTime:0.0020s ]
SQL: SELECT * FROM `moban_attrter` WHERE `attr_id` = 12 AND `attr_value` = 'mvc框架' LIMIT 1   [ RunTime:0.0010s ]
SQL: SELECT * FROM `moban_attrter` WHERE `attr_id` = 12 AND `attr_value` = 'vue.js' LIMIT 1   [ RunTime:0.0010s ]
SQL: SELECT * FROM `moban_attrter` WHERE `attr_id` = 12 AND `attr_value` = 'nodejs' LIMIT 1   [ RunTime:0.0010s ]
SQL: SELECT * FROM `moban_attrter` WHERE `attr_id` = 13 AND `attr_value` = 'PHP基础' LIMIT 1   [ RunTime:0.0010s ]
SQL: SELECT * FROM `moban_attrter` WHERE `attr_id` = 13 AND `attr_value` = 'Thinkphp' LIMIT 1   [ RunTime:0.0010s ]
SQL: SELECT * FROM `moban_attrter` WHERE `attr_id` = 13 AND `attr_value` = 'Ajax' LIMIT 1   [ RunTime:0.0010s ]
SQL: SELECT * FROM `moban_attrter` WHERE `attr_id` = 13 AND `attr_value` = 'CI' LIMIT 1   [ RunTime:0.0010s ]
SQL: SELECT * FROM `moban_attrter` WHERE `attr_id` = 13 AND `attr_value` = 'Yii' LIMIT 1   [ RunTime:0.0010s ]
SQL: SELECT * FROM `moban_attrter` WHERE `attr_id` = 13 AND `attr_value` = 'Laravel' LIMIT 1   [ RunTime:0.0000s ]
SQL: SELECT * FROM `moban_attrter` WHERE `attr_id` = 13 AND `attr_value` = 'Linux' LIMIT 1   [ RunTime:0.0010s ]
SQL: SELECT * FROM `moban_attrter` WHERE `attr_id` = 14 AND `attr_value` = 'java基础' LIMIT 1   [ RunTime:0.0010s ]
SQL: SELECT * FROM `moban_attrter` WHERE `attr_id` = 14 AND `attr_value` = '架构师' LIMIT 1   [ RunTime:0.0020s ]
SQL: SELECT * FROM `moban_attrter` WHERE `attr_id` = 15 AND `attr_value` = 'C++基础' LIMIT 1   [ RunTime:0.0010s ]
SQL: SELECT * FROM `moban_attrter` WHERE `attr_id` = 16 AND `attr_value` = '.net基础' LIMIT 1   [ RunTime:0.0010s ]
SQL: SELECT * FROM `moban_attrter` WHERE `attr_id` = 17 AND `attr_value` = 'Python基础' LIMIT 1   [ RunTime:0.0010s ]
SQL: SELECT * FROM `moban_attrter` WHERE `attr_id` = 18 AND `attr_value` = '安卓' LIMIT 1   [ RunTime:0.0020s ]
SQL: SELECT * FROM `moban_attrter` WHERE `attr_id` = 18 AND `attr_value` = 'IOS' LIMIT 1   [ RunTime:0.0030s ]
SQL: SELECT * FROM `moban_attrter` WHERE `attr_id` = 18 AND `attr_value` = 'webapp' LIMIT 1   [ RunTime:0.0010s ]
SQL: SELECT * FROM `moban_attrter` WHERE `attr_id` = 19 AND `attr_value` = 'MySql' LIMIT 1   [ RunTime:0.0000s ]
SQL: SELECT * FROM `moban_attrter` WHERE `attr_id` = 19 AND `attr_value` = 'Access' LIMIT 1   [ RunTime:0.0020s ]
SQL: SELECT * FROM `moban_attrter` WHERE `attr_id` = 19 AND `attr_value` = 'Oracle' LIMIT 1   [ RunTime:0.0030s ]
SQL: SELECT * FROM `moban_attrter` WHERE `attr_id` = 19 AND `attr_value` = 'mongodb' LIMIT 1   [ RunTime:0.0010s ]
SQL: SELECT * FROM `moban_attrter` WHERE `attr_id` = 19 AND `attr_value` = 'NoSQL' LIMIT 1   [ RunTime:0.0020s ]
SQL: SELECT * FROM `moban_attrter` WHERE `attr_id` = 20 AND `attr_value` = 'Linux' LIMIT 1   [ RunTime:0.0020s ]
SQL: SELECT * FROM `moban_attrter` WHERE `attr_id` = 20 AND `attr_value` = 'Nginx' LIMIT 1   [ RunTime:0.0040s ]
SQL: SELECT * FROM `moban_attrter` WHERE `attr_id` = 20 AND `attr_value` = 'Windows' LIMIT 1   [ RunTime:0.0010s ]
SQL: SELECT * FROM `moban_attrter` WHERE `attr_id` = 20 AND `attr_value` = '虚拟机' LIMIT 1   [ RunTime:0.0000s ]
SQL: SELECT * FROM `moban_attrter` WHERE `attr_id` = 21 AND `attr_value` = '微信营销' LIMIT 1   [ RunTime:0.0000s ]
SQL: SELECT * FROM `moban_attrter` WHERE `attr_id` = 21 AND `attr_value` = '软文营销' LIMIT 1   [ RunTime:0.0030s ]
SQL: SELECT * FROM `moban_attrter` WHERE `attr_id` = 21 AND `attr_value` = '微博营销' LIMIT 1   [ RunTime:0.0000s ]
SQL: SELECT * FROM `moban_attrter` WHERE `attr_id` = 21 AND `attr_value` = '博客营销' LIMIT 1   [ RunTime:0.0010s ]
SQL: SELECT * FROM `moban_attrter` WHERE `attr_id` = 21 AND `attr_value` = '百度推广' LIMIT 1   [ RunTime:0.0000s ]
SQL: SELECT * FROM `moban_attrter` WHERE `attr_id` = 21 AND `attr_value` = '论坛营销' LIMIT 1   [ RunTime:0.0030s ]
SQL: SELECT * FROM `moban_attrter` WHERE `attr_id` = 21 AND `attr_value` = 'SEM' LIMIT 1   [ RunTime:0.0030s ]
SQL: SELECT * FROM `moban_attrter` WHERE `attr_id` = 21 AND `attr_value` = '电子商务' LIMIT 1   [ RunTime:0.0020s ]
SQL: SELECT * FROM `moban_attrter` WHERE `attr_id` = 21 AND `attr_value` = '淘宝客' LIMIT 1   [ RunTime:0.0010s ]
SQL: SELECT * FROM `moban_attrter` WHERE `attr_id` = 22 AND `attr_value` = '公众号' LIMIT 1   [ RunTime:0.0030s ]
SQL: SELECT * FROM `moban_attrter` WHERE `attr_id` = 22 AND `attr_value` = '小程序' LIMIT 1   [ RunTime:0.0010s ]
SQL: SELECT * FROM `moban_attrter` WHERE `attr_id` = 23 AND `attr_value` = '设计' LIMIT 1   [ RunTime:0.0010s ]
SQL: SELECT * FROM `moban_attrter` WHERE `attr_id` = 23 AND `attr_value` = '工具' LIMIT 1   [ RunTime:0.0010s ]
SQL: SELECT * FROM `moban_attrter` WHERE `attr_id` = 23 AND `attr_value` = '游戏' LIMIT 1   [ RunTime:0.0020s ]
SQL: SELECT * FROM `moban_attrter` WHERE `attr_id` = 23 AND `attr_value` = '大数据' LIMIT 1   [ RunTime:0.0010s ]
SQL: SELECT * FROM `moban_attrter` WHERE `attr_id` = 23 AND `attr_value` = '运营' LIMIT 1   [ RunTime:0.0020s ]
SQL: SELECT * FROM `moban_attrter` WHERE `attr_id` = 23 AND `attr_value` = 'CMS' LIMIT 1   [ RunTime:0.0010s ]
SQL: SELECT * FROM `moban_attrter` WHERE `attr_id` = 23 AND `attr_value` = '产品' LIMIT 1   [ RunTime:0.0010s ]
SQL: SELECT * FROM `moban_attrter` WHERE `attr_id` = 23 AND `attr_value` = '其他' LIMIT 1   [ RunTime:0.0010s ]
SQL: SHOW COLUMNS FROM `moban_goods` [ RunTime:0.0100s ]
SQL: SELECT COUNT(*) AS tp_count FROM `moban_goods` WHERE `cate_id` = 1 LIMIT 1   [ RunTime:0.0060s ]
SQL: SELECT * FROM `moban_goods` WHERE `cate_id` = 1 LIMIT 0,5   [ RunTime:0.0010s ]
INFO: [ view_parse ] --START--
INFO: [ template_filter ] --START--
INFO: Run Behavior\ContentReplaceBehavior [ RunTime:0.002000s ]
INFO: [ template_filter ] --END-- [ RunTime:0.002000s ]
NOTIC: [8] Undefined variable: cur D:\wamp\www\moban\Application\Runtime\Cache\Home\2184d369169653fb20c4b94d57c7b280.php 第 182 行.
NOTIC: [8] Undefined variable: cur D:\wamp\www\moban\Application\Runtime\Cache\Home\2184d369169653fb20c4b94d57c7b280.php 第 182 行.
NOTIC: [8] Undefined variable: cur D:\wamp\www\moban\Application\Runtime\Cache\Home\2184d369169653fb20c4b94d57c7b280.php 第 182 行.
NOTIC: [8] Undefined variable: cur D:\wamp\www\moban\Application\Runtime\Cache\Home\2184d369169653fb20c4b94d57c7b280.php 第 182 行.
NOTIC: [8] Undefined variable: cur D:\wamp\www\moban\Application\Runtime\Cache\Home\2184d369169653fb20c4b94d57c7b280.php 第 182 行.
NOTIC: [8] Undefined variable: cur D:\wamp\www\moban\Application\Runtime\Cache\Home\2184d369169653fb20c4b94d57c7b280.php 第 182 行.
NOTIC: [8] Undefined variable: n D:\wamp\www\moban\Application\Runtime\Cache\Home\2184d369169653fb20c4b94d57c7b280.php 第 195 行.
NOTIC: [8] Undefined index: child D:\wamp\www\moban\Application\Runtime\Cache\Home\2184d369169653fb20c4b94d57c7b280.php 第 158 行.
NOTIC: [8] Undefined index: child D:\wamp\www\moban\Application\Runtime\Cache\Home\2184d369169653fb20c4b94d57c7b280.php 第 158 行.
NOTIC: [8] Undefined index: child D:\wamp\www\moban\Application\Runtime\Cache\Home\2184d369169653fb20c4b94d57c7b280.php 第 158 行.
NOTIC: [8] Undefined variable: L D:\wamp\www\moban\Application\Runtime\Cache\Home\2184d369169653fb20c4b94d57c7b280.php 第 311 行.
NOTIC: [8] Undefined variable: L D:\wamp\www\moban\Application\Runtime\Cache\Home\2184d369169653fb20c4b94d57c7b280.php 第 314 行.
NOTIC: [8] Undefined variable: pre D:\wamp\www\moban\Application\Runtime\Cache\Home\2184d369169653fb20c4b94d57c7b280.php 第 350 行.
INFO: Run Behavior\ParseTemplateBehavior [ RunTime:0.181010s ]
INFO: [ view_parse ] --END-- [ RunTime:0.181010s ]
INFO: [ view_filter ] --START--
INFO: Run Behavior\WriteHtmlCacheBehavior [ RunTime:0.001000s ]
INFO: [ view_filter ] --END-- [ RunTime:0.003000s ]
INFO: [ app_end ] --START--
INFO: Run Behavior\ShowPageTraceBehavior [ RunTime:0.004000s ]
INFO: [ app_end ] --END-- [ RunTime:0.004000s ]

