[ 2018-03-26T22:49:40+08:00 ] 127.0.0.1 /moban/index.php
INFO: [ app_init ] --START--
INFO: Run Behavior\BuildLiteBehavior [ RunTime:0.000000s ]
INFO: [ app_init ] --END-- [ RunTime:0.003001s ]
INFO: [ app_begin ] --START--
INFO: Run Behavior\ReadHtmlCacheBehavior [ RunTime:0.002000s ]
INFO: [ app_begin ] --END-- [ RunTime:0.004000s ]
SQL: SHOW COLUMNS FROM `moban_cate` [ RunTime:0.1060s ]
SQL: SELECT * FROM `moban_cate`  [ RunTime:0.0020s ]
SQL: SHOW COLUMNS FROM `moban_attrter` [ RunTime:0.0540s ]
SQL: SHOW COLUMNS FROM `moban_cate` [ RunTime:0.0160s ]
SQL: SELECT * FROM `moban_cate`  [ RunTime:0.0000s ]
SQL: SELECT * FROM `moban_attrter` WHERE `attr_id` = 5  [ RunTime:0.0020s ]
SQL: SELECT * FROM `moban_attrter` WHERE `attr_id` IN ('5','6','7','8','9')  [ RunTime:0.0020s ]
INFO: [ view_parse ] --START--
INFO: [ template_filter ] --START--
INFO: Run Behavior\ContentReplaceBehavior [ RunTime:0.002000s ]
INFO: [ template_filter ] --END-- [ RunTime:0.005000s ]
NOTIC: [8] Undefined index: userid D:\wamp\www\moban\Application\Runtime\Cache\Home\2a94b8bda04ff446dcedd42276fc99ee.php 第 21 行.
INFO: Run Behavior\ParseTemplateBehavior [ RunTime:0.107006s ]
INFO: [ view_parse ] --END-- [ RunTime:0.108006s ]
INFO: [ view_filter ] --START--
INFO: Run Behavior\WriteHtmlCacheBehavior [ RunTime:0.001000s ]
INFO: [ view_filter ] --END-- [ RunTime:0.002000s ]
INFO: [ app_end ] --START--
INFO: Run Behavior\ShowPageTraceBehavior [ RunTime:0.008001s ]
INFO: [ app_end ] --END-- [ RunTime:0.008001s ]

