[ 2018-02-23T12:59:57+08:00 ] 127.0.0.1 /moban/index.php/Home/Login/login
INFO: [ app_begin ] --START--
INFO: Run Behavior\ReadHtmlCacheBehavior [ RunTime:0.002000s ]
INFO: [ app_begin ] --END-- [ RunTime:0.002000s ]
SQL: SHOW COLUMNS FROM `moban_user` [ RunTime:0.0020s ]
SQL: SELECT * FROM `moban_user` WHERE `user_email` = '188818310@qq.com' LIMIT 1   [ RunTime:0.0040s ]
SQL: UPDATE `moban_user` SET `user_email`='188818310@qq.com',`user_password`='e10adc3949ba59abbe56e057f20f883e',`user_ip`='2130706433',`log_time`='1519361997' WHERE `id` = 10 [ RunTime:0.0040s ]
SQL: UPDATE `moban_user` SET `log_num`=log_num+1 WHERE `id` = 10 [ RunTime:0.0020s ]
INFO: [ app_end ] --START--
INFO: Run Behavior\ShowPageTraceBehavior [ RunTime:0.001000s ]
INFO: [ app_end ] --END-- [ RunTime:0.001000s ]

[ 2018-02-23T14:58:14+08:00 ] 127.0.0.1 /moban/index.php/Home/User/buy
ERR: 1146:Table 'moban.moban_vips' doesn't exist
 [ SQL语句 ] : SHOW COLUMNS FROM `moban_vips`

[ 2018-02-23T17:15:07+08:00 ] 127.0.0.1 /moban/index.php/Home/Login/login
INFO: [ app_begin ] --START--
INFO: Run Behavior\ReadHtmlCacheBehavior [ RunTime:0.000000s ]
INFO: [ app_begin ] --END-- [ RunTime:0.000000s ]
SQL: SHOW COLUMNS FROM `moban_user` [ RunTime:0.0020s ]
SQL: SELECT * FROM `moban_user` WHERE `user_email` = '188818310@qq.com' LIMIT 1   [ RunTime:0.0020s ]
SQL: UPDATE `moban_user` SET `user_email`='188818310@qq.com',`user_password`='e10adc3949ba59abbe56e057f20f883e',`user_ip`='2130706433',`log_time`='1519377307' WHERE `id` = 10 [ RunTime:0.0060s ]
SQL: UPDATE `moban_user` SET `log_num`=log_num+1 WHERE `id` = 10 [ RunTime:0.0020s ]
INFO: [ app_end ] --START--
INFO: Run Behavior\ShowPageTraceBehavior [ RunTime:0.000000s ]
INFO: [ app_end ] --END-- [ RunTime:0.000000s ]

