[ 2017-12-21T09:56:47+08:00 ] 127.0.0.1 /moban/index.php/Admin/Login/login
INFO: [ app_begin ] --START--
INFO: Run Behavior\ReadHtmlCacheBehavior [ RunTime:0.000000s ]
INFO: [ app_begin ] --END-- [ RunTime:0.000000s ]
NOTIC: [8] Use of undefined constant regex - assumed 'regex' D:\wamp\www\moban\ThinkPHP\Common\functions.php 第 588 行.
NOTIC: [8] Use of undefined constant regex - assumed 'regex' D:\wamp\www\moban\ThinkPHP\Common\functions.php 第 588 行.
SQL: SHOW COLUMNS FROM `muban_admin` [ RunTime:4.9140s ]
NOTIC: [8] Undefined index: validate D:\wamp\www\moban\ThinkPHP\Library\Think\Model.class.php 第 1185 行.
NOTIC: [8] Undefined index: auto D:\wamp\www\moban\ThinkPHP\Library\Think\Model.class.php 第 1128 行.
SQL: SELECT * FROM `muban_admin` WHERE `username` = 'admin' LIMIT 1   [ RunTime:0.1092s ]
SQL: UPDATE `muban_admin` SET `login_time`=NOW(),`login_ip`='2130706433' WHERE `username` = 'admin' [ RunTime:0.0780s ]

[ 2017-12-21T09:56:47+08:00 ] 127.0.0.1 /moban/index.php/Admin/Login/login
INFO: [ app_begin ] --START--
INFO: Run Behavior\ReadHtmlCacheBehavior [ RunTime:0.000000s ]
INFO: [ app_begin ] --END-- [ RunTime:0.000000s ]
NOTIC: [8] Use of undefined constant regex - assumed 'regex' D:\wamp\www\moban\ThinkPHP\Common\functions.php 第 588 行.
NOTIC: [8] Use of undefined constant regex - assumed 'regex' D:\wamp\www\moban\ThinkPHP\Common\functions.php 第 588 行.
SQL: SHOW COLUMNS FROM `muban_admin` [ RunTime:0.0000s ]

[ 2017-12-21T09:56:47+08:00 ] 127.0.0.1 /moban/index.php/Admin/Login/login
INFO: [ app_begin ] --START--
INFO: Run Behavior\ReadHtmlCacheBehavior [ RunTime:0.015600s ]
INFO: [ app_begin ] --END-- [ RunTime:0.015600s ]
NOTIC: [8] Use of undefined constant regex - assumed 'regex' D:\wamp\www\moban\ThinkPHP\Common\functions.php 第 588 行.
NOTIC: [8] Use of undefined constant regex - assumed 'regex' D:\wamp\www\moban\ThinkPHP\Common\functions.php 第 588 行.
SQL: SHOW COLUMNS FROM `muban_admin` [ RunTime:0.0000s ]

[ 2017-12-21T10:16:48+08:00 ] 127.0.0.1 /moban/index.php/Admin/Nav/navSort
INFO: [ app_begin ] --START--
INFO: Run Behavior\ReadHtmlCacheBehavior [ RunTime:0.000000s ]
INFO: [ app_begin ] --END-- [ RunTime:0.000000s ]
NOTIC: [8] Use of undefined constant regex - assumed 'regex' D:\wamp\www\moban\ThinkPHP\Common\functions.php 第 588 行.
NOTIC: [8] Use of undefined constant regex - assumed 'regex' D:\wamp\www\moban\ThinkPHP\Common\functions.php 第 588 行.
SQL: SHOW COLUMNS FROM `muban_nav` [ RunTime:0.0000s ]
INFO: [ app_end ] --START--
INFO: Run Behavior\ShowPageTraceBehavior [ RunTime:0.000000s ]
INFO: [ app_end ] --END-- [ RunTime:0.000000s ]

[ 2017-12-21T10:20:01+08:00 ] 127.0.0.1 /moban/index.php/Admin/Nav/navSort
INFO: [ app_begin ] --START--
INFO: Run Behavior\ReadHtmlCacheBehavior [ RunTime:0.000000s ]
INFO: [ app_begin ] --END-- [ RunTime:0.000000s ]
NOTIC: [8] Use of undefined constant regex - assumed 'regex' D:\wamp\www\moban\ThinkPHP\Common\functions.php 第 588 行.
NOTIC: [8] Use of undefined constant regex - assumed 'regex' D:\wamp\www\moban\ThinkPHP\Common\functions.php 第 588 行.
SQL: SHOW COLUMNS FROM `muban_nav` [ RunTime:0.0000s ]
INFO: [ app_end ] --START--
INFO: Run Behavior\ShowPageTraceBehavior [ RunTime:0.000000s ]
INFO: [ app_end ] --END-- [ RunTime:0.000000s ]

[ 2017-12-21T10:21:02+08:00 ] 127.0.0.1 /moban/index.php/Admin/Nav/navSort
INFO: [ app_begin ] --START--
INFO: Run Behavior\ReadHtmlCacheBehavior [ RunTime:0.000000s ]
INFO: [ app_begin ] --END-- [ RunTime:0.000000s ]
NOTIC: [8] Use of undefined constant regex - assumed 'regex' D:\wamp\www\moban\ThinkPHP\Common\functions.php 第 588 行.
NOTIC: [8] Use of undefined constant regex - assumed 'regex' D:\wamp\www\moban\ThinkPHP\Common\functions.php 第 588 行.
SQL: SHOW COLUMNS FROM `muban_nav` [ RunTime:0.0000s ]
INFO: [ app_end ] --START--
INFO: Run Behavior\ShowPageTraceBehavior [ RunTime:0.000000s ]
INFO: [ app_end ] --END-- [ RunTime:0.000000s ]

[ 2017-12-21T10:22:39+08:00 ] 127.0.0.1 /moban/index.php/Admin/Nav/navSort
INFO: [ app_begin ] --START--
INFO: Run Behavior\ReadHtmlCacheBehavior [ RunTime:0.015600s ]
INFO: [ app_begin ] --END-- [ RunTime:0.015600s ]
NOTIC: [8] Use of undefined constant regex - assumed 'regex' D:\wamp\www\moban\ThinkPHP\Common\functions.php 第 588 行.
NOTIC: [8] Use of undefined constant regex - assumed 'regex' D:\wamp\www\moban\ThinkPHP\Common\functions.php 第 588 行.
SQL: SHOW COLUMNS FROM `muban_nav` [ RunTime:0.0000s ]
INFO: [ app_end ] --START--
INFO: Run Behavior\ShowPageTraceBehavior [ RunTime:0.000000s ]
INFO: [ app_end ] --END-- [ RunTime:0.000000s ]

[ 2017-12-21T10:23:50+08:00 ] 127.0.0.1 /moban/index.php/Admin/Nav/navSort
INFO: [ app_begin ] --START--
INFO: Run Behavior\ReadHtmlCacheBehavior [ RunTime:0.000000s ]
INFO: [ app_begin ] --END-- [ RunTime:0.000000s ]
NOTIC: [8] Use of undefined constant regex - assumed 'regex' D:\wamp\www\moban\ThinkPHP\Common\functions.php 第 588 行.
NOTIC: [8] Use of undefined constant regex - assumed 'regex' D:\wamp\www\moban\ThinkPHP\Common\functions.php 第 588 行.
SQL: SHOW COLUMNS FROM `muban_nav` [ RunTime:0.0312s ]
INFO: [ app_end ] --START--
INFO: Run Behavior\ShowPageTraceBehavior [ RunTime:0.015600s ]
INFO: [ app_end ] --END-- [ RunTime:0.015600s ]

[ 2017-12-21T10:24:25+08:00 ] 127.0.0.1 /moban/index.php/Admin/Nav/navSort
INFO: [ app_begin ] --START--
INFO: Run Behavior\ReadHtmlCacheBehavior [ RunTime:0.000000s ]
INFO: [ app_begin ] --END-- [ RunTime:0.000000s ]
NOTIC: [8] Use of undefined constant regex - assumed 'regex' D:\wamp\www\moban\ThinkPHP\Common\functions.php 第 588 行.
NOTIC: [8] Use of undefined constant regex - assumed 'regex' D:\wamp\www\moban\ThinkPHP\Common\functions.php 第 588 行.
SQL: SHOW COLUMNS FROM `muban_nav` [ RunTime:0.0000s ]
INFO: [ app_end ] --START--
INFO: Run Behavior\ShowPageTraceBehavior [ RunTime:0.000000s ]
INFO: [ app_end ] --END-- [ RunTime:0.000000s ]

[ 2017-12-21T10:24:38+08:00 ] 127.0.0.1 /moban/index.php/Admin/Nav/navSort
INFO: [ app_begin ] --START--
INFO: Run Behavior\ReadHtmlCacheBehavior [ RunTime:0.000000s ]
INFO: [ app_begin ] --END-- [ RunTime:0.000000s ]
NOTIC: [8] Use of undefined constant regex - assumed 'regex' D:\wamp\www\moban\ThinkPHP\Common\functions.php 第 588 行.
NOTIC: [8] Use of undefined constant regex - assumed 'regex' D:\wamp\www\moban\ThinkPHP\Common\functions.php 第 588 行.
SQL: SHOW COLUMNS FROM `muban_nav` [ RunTime:0.0156s ]
INFO: [ app_end ] --START--
INFO: Run Behavior\ShowPageTraceBehavior [ RunTime:0.000000s ]
INFO: [ app_end ] --END-- [ RunTime:0.000000s ]

[ 2017-12-21T10:25:46+08:00 ] 127.0.0.1 /moban/index.php/Admin/Nav/navSort
INFO: [ app_begin ] --START--
INFO: Run Behavior\ReadHtmlCacheBehavior [ RunTime:0.015600s ]
INFO: [ app_begin ] --END-- [ RunTime:0.015600s ]
NOTIC: [8] Use of undefined constant regex - assumed 'regex' D:\wamp\www\moban\ThinkPHP\Common\functions.php 第 588 行.
NOTIC: [8] Use of undefined constant regex - assumed 'regex' D:\wamp\www\moban\ThinkPHP\Common\functions.php 第 588 行.
SQL: SHOW COLUMNS FROM `muban_nav` [ RunTime:0.0000s ]
INFO: [ app_end ] --START--
INFO: Run Behavior\ShowPageTraceBehavior [ RunTime:0.000000s ]
INFO: [ app_end ] --END-- [ RunTime:0.000000s ]

[ 2017-12-21T10:28:31+08:00 ] 127.0.0.1 /moban/index.php/Admin/Nav/navSort
INFO: [ app_begin ] --START--
INFO: Run Behavior\ReadHtmlCacheBehavior [ RunTime:0.000000s ]
INFO: [ app_begin ] --END-- [ RunTime:0.000000s ]
NOTIC: [8] Use of undefined constant regex - assumed 'regex' D:\wamp\www\moban\ThinkPHP\Common\functions.php 第 588 行.
NOTIC: [8] Use of undefined constant regex - assumed 'regex' D:\wamp\www\moban\ThinkPHP\Common\functions.php 第 588 行.
SQL: SHOW COLUMNS FROM `muban_nav` [ RunTime:0.0000s ]
INFO: [ app_end ] --START--
INFO: Run Behavior\ShowPageTraceBehavior [ RunTime:0.000000s ]
INFO: [ app_end ] --END-- [ RunTime:0.000000s ]

[ 2017-12-21T10:29:04+08:00 ] 127.0.0.1 /moban/index.php/Admin/Nav/navSort
INFO: [ app_begin ] --START--
INFO: Run Behavior\ReadHtmlCacheBehavior [ RunTime:0.000000s ]
INFO: [ app_begin ] --END-- [ RunTime:0.000000s ]
NOTIC: [8] Use of undefined constant regex - assumed 'regex' D:\wamp\www\moban\ThinkPHP\Common\functions.php 第 588 行.
NOTIC: [8] Use of undefined constant regex - assumed 'regex' D:\wamp\www\moban\ThinkPHP\Common\functions.php 第 588 行.
SQL: SHOW COLUMNS FROM `muban_nav` [ RunTime:0.0156s ]
INFO: [ app_end ] --START--
INFO: Run Behavior\ShowPageTraceBehavior [ RunTime:0.000000s ]
INFO: [ app_end ] --END-- [ RunTime:0.000000s ]

[ 2017-12-21T10:30:53+08:00 ] 127.0.0.1 /moban/index.php/Admin/Nav/navSort
INFO: [ app_begin ] --START--
INFO: Run Behavior\ReadHtmlCacheBehavior [ RunTime:0.000000s ]
INFO: [ app_begin ] --END-- [ RunTime:0.000000s ]
NOTIC: [8] Use of undefined constant regex - assumed 'regex' D:\wamp\www\moban\ThinkPHP\Common\functions.php 第 588 行.
NOTIC: [8] Use of undefined constant regex - assumed 'regex' D:\wamp\www\moban\ThinkPHP\Common\functions.php 第 588 行.
SQL: SHOW COLUMNS FROM `muban_nav` [ RunTime:0.0156s ]
INFO: [ app_end ] --START--
INFO: Run Behavior\ShowPageTraceBehavior [ RunTime:0.000000s ]
INFO: [ app_end ] --END-- [ RunTime:0.000000s ]

[ 2017-12-21T10:31:16+08:00 ] 127.0.0.1 /moban/index.php/Admin/Nav/navSort
INFO: [ app_begin ] --START--
INFO: Run Behavior\ReadHtmlCacheBehavior [ RunTime:0.000000s ]
INFO: [ app_begin ] --END-- [ RunTime:0.000000s ]
NOTIC: [8] Use of undefined constant regex - assumed 'regex' D:\wamp\www\moban\ThinkPHP\Common\functions.php 第 588 行.
NOTIC: [8] Use of undefined constant regex - assumed 'regex' D:\wamp\www\moban\ThinkPHP\Common\functions.php 第 588 行.
SQL: SHOW COLUMNS FROM `muban_nav` [ RunTime:0.0000s ]
INFO: [ app_end ] --START--
INFO: Run Behavior\ShowPageTraceBehavior [ RunTime:0.000000s ]
INFO: [ app_end ] --END-- [ RunTime:0.000000s ]

[ 2017-12-21T10:31:31+08:00 ] 127.0.0.1 /moban/index.php/Admin/Nav/navSort
INFO: [ app_begin ] --START--
INFO: Run Behavior\ReadHtmlCacheBehavior [ RunTime:0.000000s ]
INFO: [ app_begin ] --END-- [ RunTime:0.000000s ]
NOTIC: [8] Use of undefined constant regex - assumed 'regex' D:\wamp\www\moban\ThinkPHP\Common\functions.php 第 588 行.
NOTIC: [8] Use of undefined constant regex - assumed 'regex' D:\wamp\www\moban\ThinkPHP\Common\functions.php 第 588 行.
SQL: SHOW COLUMNS FROM `muban_nav` [ RunTime:0.0000s ]
INFO: [ app_end ] --START--
INFO: Run Behavior\ShowPageTraceBehavior [ RunTime:0.000000s ]
INFO: [ app_end ] --END-- [ RunTime:0.000000s ]

[ 2017-12-21T10:33:31+08:00 ] 127.0.0.1 /moban/index.php/Admin/Nav/navSort
INFO: [ app_begin ] --START--
INFO: Run Behavior\ReadHtmlCacheBehavior [ RunTime:0.000000s ]
INFO: [ app_begin ] --END-- [ RunTime:0.000000s ]
NOTIC: [8] Use of undefined constant regex - assumed 'regex' D:\wamp\www\moban\ThinkPHP\Common\functions.php 第 588 行.
NOTIC: [8] Use of undefined constant regex - assumed 'regex' D:\wamp\www\moban\ThinkPHP\Common\functions.php 第 588 行.
SQL: SHOW COLUMNS FROM `muban_nav` [ RunTime:0.0000s ]
INFO: [ app_end ] --START--
INFO: Run Behavior\ShowPageTraceBehavior [ RunTime:0.000000s ]
INFO: [ app_end ] --END-- [ RunTime:0.000000s ]

[ 2017-12-21T10:33:50+08:00 ] 127.0.0.1 /moban/index.php/Admin/Nav/navSort
INFO: [ app_begin ] --START--
INFO: Run Behavior\ReadHtmlCacheBehavior [ RunTime:0.000000s ]
INFO: [ app_begin ] --END-- [ RunTime:0.000000s ]
NOTIC: [8] Use of undefined constant regex - assumed 'regex' D:\wamp\www\moban\ThinkPHP\Common\functions.php 第 588 行.
NOTIC: [8] Use of undefined constant regex - assumed 'regex' D:\wamp\www\moban\ThinkPHP\Common\functions.php 第 588 行.
SQL: SHOW COLUMNS FROM `muban_nav` [ RunTime:0.0000s ]
INFO: [ app_end ] --START--
INFO: Run Behavior\ShowPageTraceBehavior [ RunTime:0.000000s ]
INFO: [ app_end ] --END-- [ RunTime:0.000000s ]

[ 2017-12-21T10:37:15+08:00 ] 127.0.0.1 /moban/index.php/Admin/Nav/navSort
INFO: [ app_begin ] --START--
INFO: Run Behavior\ReadHtmlCacheBehavior [ RunTime:0.000000s ]
INFO: [ app_begin ] --END-- [ RunTime:0.000000s ]
NOTIC: [8] Use of undefined constant regex - assumed 'regex' D:\wamp\www\moban\ThinkPHP\Common\functions.php 第 588 行.
NOTIC: [8] Use of undefined constant regex - assumed 'regex' D:\wamp\www\moban\ThinkPHP\Common\functions.php 第 588 行.
SQL: SHOW COLUMNS FROM `muban_nav` [ RunTime:0.0000s ]
INFO: [ app_end ] --START--
INFO: Run Behavior\ShowPageTraceBehavior [ RunTime:0.000000s ]
INFO: [ app_end ] --END-- [ RunTime:0.000000s ]

[ 2017-12-21T10:37:59+08:00 ] 127.0.0.1 /moban/index.php/Admin/Nav/navSort
INFO: [ app_begin ] --START--
INFO: Run Behavior\ReadHtmlCacheBehavior [ RunTime:0.000000s ]
INFO: [ app_begin ] --END-- [ RunTime:0.000000s ]
NOTIC: [8] Use of undefined constant regex - assumed 'regex' D:\wamp\www\moban\ThinkPHP\Common\functions.php 第 588 行.
NOTIC: [8] Use of undefined constant regex - assumed 'regex' D:\wamp\www\moban\ThinkPHP\Common\functions.php 第 588 行.
SQL: SHOW COLUMNS FROM `muban_nav` [ RunTime:0.0000s ]
INFO: [ app_end ] --START--
INFO: Run Behavior\ShowPageTraceBehavior [ RunTime:0.000000s ]
INFO: [ app_end ] --END-- [ RunTime:0.000000s ]

[ 2017-12-21T10:39:21+08:00 ] 127.0.0.1 /moban/index.php/Admin/Nav/navSort
INFO: [ app_begin ] --START--
INFO: Run Behavior\ReadHtmlCacheBehavior [ RunTime:0.000000s ]
INFO: [ app_begin ] --END-- [ RunTime:0.000000s ]
NOTIC: [8] Use of undefined constant regex - assumed 'regex' D:\wamp\www\moban\ThinkPHP\Common\functions.php 第 588 行.
NOTIC: [8] Use of undefined constant regex - assumed 'regex' D:\wamp\www\moban\ThinkPHP\Common\functions.php 第 588 行.
SQL: SHOW COLUMNS FROM `muban_nav` [ RunTime:0.0000s ]
NOTIC: [8] Uninitialized string offset: 4 D:\wamp\www\moban\Application\Admin\Controller\NavController.class.php 第 139 行.
NOTIC: [8] Uninitialized string offset: 5 D:\wamp\www\moban\Application\Admin\Controller\NavController.class.php 第 139 行.
INFO: [ app_end ] --START--
INFO: Run Behavior\ShowPageTraceBehavior [ RunTime:0.000000s ]
INFO: [ app_end ] --END-- [ RunTime:0.000000s ]

[ 2017-12-21T10:39:55+08:00 ] 127.0.0.1 /moban/index.php/Admin/Nav/navSort
INFO: [ app_begin ] --START--
INFO: Run Behavior\ReadHtmlCacheBehavior [ RunTime:0.000000s ]
INFO: [ app_begin ] --END-- [ RunTime:0.000000s ]
NOTIC: [8] Use of undefined constant regex - assumed 'regex' D:\wamp\www\moban\ThinkPHP\Common\functions.php 第 588 行.
NOTIC: [8] Use of undefined constant regex - assumed 'regex' D:\wamp\www\moban\ThinkPHP\Common\functions.php 第 588 行.
SQL: SHOW COLUMNS FROM `muban_nav` [ RunTime:0.0000s ]
NOTIC: [8] Uninitialized string offset: 4 D:\wamp\www\moban\Application\Admin\Controller\NavController.class.php 第 139 行.
NOTIC: [8] Uninitialized string offset: 5 D:\wamp\www\moban\Application\Admin\Controller\NavController.class.php 第 139 行.
INFO: [ app_end ] --START--
INFO: Run Behavior\ShowPageTraceBehavior [ RunTime:0.000000s ]
INFO: [ app_end ] --END-- [ RunTime:0.000000s ]

[ 2017-12-21T10:40:18+08:00 ] 127.0.0.1 /moban/index.php/Admin/Nav/navSort
INFO: [ app_begin ] --START--
INFO: Run Behavior\ReadHtmlCacheBehavior [ RunTime:0.000000s ]
INFO: [ app_begin ] --END-- [ RunTime:0.000000s ]
NOTIC: [8] Use of undefined constant regex - assumed 'regex' D:\wamp\www\moban\ThinkPHP\Common\functions.php 第 588 行.
NOTIC: [8] Use of undefined constant regex - assumed 'regex' D:\wamp\www\moban\ThinkPHP\Common\functions.php 第 588 行.
SQL: SHOW COLUMNS FROM `muban_nav` [ RunTime:0.0000s ]
INFO: [ app_end ] --START--
INFO: Run Behavior\ShowPageTraceBehavior [ RunTime:0.000000s ]
INFO: [ app_end ] --END-- [ RunTime:0.000000s ]

[ 2017-12-21T10:41:26+08:00 ] 127.0.0.1 /moban/index.php/Admin/Nav/navSort
INFO: [ app_begin ] --START--
INFO: Run Behavior\ReadHtmlCacheBehavior [ RunTime:0.000000s ]
INFO: [ app_begin ] --END-- [ RunTime:0.000000s ]
NOTIC: [8] Use of undefined constant regex - assumed 'regex' D:\wamp\www\moban\ThinkPHP\Common\functions.php 第 588 行.
NOTIC: [8] Use of undefined constant regex - assumed 'regex' D:\wamp\www\moban\ThinkPHP\Common\functions.php 第 588 行.
SQL: SHOW COLUMNS FROM `muban_nav` [ RunTime:0.0000s ]

[ 2017-12-21T10:45:14+08:00 ] 127.0.0.1 /moban/index.php/Admin/Nav/navSort
INFO: [ app_begin ] --START--
INFO: Run Behavior\ReadHtmlCacheBehavior [ RunTime:0.000000s ]
INFO: [ app_begin ] --END-- [ RunTime:0.000000s ]
NOTIC: [8] Use of undefined constant regex - assumed 'regex' D:\wamp\www\moban\ThinkPHP\Common\functions.php 第 588 行.
NOTIC: [8] Use of undefined constant regex - assumed 'regex' D:\wamp\www\moban\ThinkPHP\Common\functions.php 第 588 行.
SQL: SHOW COLUMNS FROM `muban_nav` [ RunTime:0.0000s ]
INFO: [ app_end ] --START--
INFO: Run Behavior\ShowPageTraceBehavior [ RunTime:0.000000s ]
INFO: [ app_end ] --END-- [ RunTime:0.000000s ]

[ 2017-12-21T10:45:59+08:00 ] 127.0.0.1 /moban/index.php/Admin/Nav/navSort
INFO: [ app_begin ] --START--
INFO: Run Behavior\ReadHtmlCacheBehavior [ RunTime:0.000000s ]
INFO: [ app_begin ] --END-- [ RunTime:0.000000s ]
NOTIC: [8] Use of undefined constant regex - assumed 'regex' D:\wamp\www\moban\ThinkPHP\Common\functions.php 第 588 行.
NOTIC: [8] Use of undefined constant regex - assumed 'regex' D:\wamp\www\moban\ThinkPHP\Common\functions.php 第 588 行.
SQL: SHOW COLUMNS FROM `muban_nav` [ RunTime:0.0000s ]
INFO: [ app_end ] --START--
INFO: Run Behavior\ShowPageTraceBehavior [ RunTime:0.000000s ]
INFO: [ app_end ] --END-- [ RunTime:0.000000s ]

[ 2017-12-21T10:47:27+08:00 ] 127.0.0.1 /moban/index.php/Admin/Nav/navSort
INFO: [ app_begin ] --START--
INFO: Run Behavior\ReadHtmlCacheBehavior [ RunTime:0.000000s ]
INFO: [ app_begin ] --END-- [ RunTime:0.000000s ]
NOTIC: [8] Use of undefined constant regex - assumed 'regex' D:\wamp\www\moban\ThinkPHP\Common\functions.php 第 588 行.
NOTIC: [8] Use of undefined constant regex - assumed 'regex' D:\wamp\www\moban\ThinkPHP\Common\functions.php 第 588 行.
SQL: SHOW COLUMNS FROM `muban_nav` [ RunTime:0.0000s ]
INFO: [ app_end ] --START--
INFO: Run Behavior\ShowPageTraceBehavior [ RunTime:0.015600s ]
INFO: [ app_end ] --END-- [ RunTime:0.015600s ]

[ 2017-12-21T10:47:51+08:00 ] 127.0.0.1 /moban/index.php/Admin/Nav/navSort
INFO: [ app_begin ] --START--
INFO: Run Behavior\ReadHtmlCacheBehavior [ RunTime:0.000000s ]
INFO: [ app_begin ] --END-- [ RunTime:0.000000s ]
NOTIC: [8] Use of undefined constant regex - assumed 'regex' D:\wamp\www\moban\ThinkPHP\Common\functions.php 第 588 行.
NOTIC: [8] Use of undefined constant regex - assumed 'regex' D:\wamp\www\moban\ThinkPHP\Common\functions.php 第 588 行.
SQL: SHOW COLUMNS FROM `muban_nav` [ RunTime:0.0000s ]
INFO: [ app_end ] --START--
INFO: Run Behavior\ShowPageTraceBehavior [ RunTime:0.000000s ]
INFO: [ app_end ] --END-- [ RunTime:0.000000s ]

[ 2017-12-21T10:49:10+08:00 ] 127.0.0.1 /moban/index.php/Admin/Nav/navSort
INFO: [ app_begin ] --START--
INFO: Run Behavior\ReadHtmlCacheBehavior [ RunTime:0.015600s ]
INFO: [ app_begin ] --END-- [ RunTime:0.015600s ]
NOTIC: [8] Use of undefined constant regex - assumed 'regex' D:\wamp\www\moban\ThinkPHP\Common\functions.php 第 588 行.
NOTIC: [8] Use of undefined constant regex - assumed 'regex' D:\wamp\www\moban\ThinkPHP\Common\functions.php 第 588 行.
SQL: SHOW COLUMNS FROM `muban_nav` [ RunTime:0.0000s ]
NOTIC: [8] Array to string conversion D:\wamp\www\moban\Application\Admin\Controller\NavController.class.php 第 137 行.
NOTIC: [8] Array to string conversion D:\wamp\www\moban\Application\Admin\Controller\NavController.class.php 第 137 行.
NOTIC: [8] Array to string conversion D:\wamp\www\moban\Application\Admin\Controller\NavController.class.php 第 137 行.
NOTIC: [8] Array to string conversion D:\wamp\www\moban\Application\Admin\Controller\NavController.class.php 第 137 行.
NOTIC: [8] Array to string conversion D:\wamp\www\moban\Application\Admin\Controller\NavController.class.php 第 137 行.
NOTIC: [8] Array to string conversion D:\wamp\www\moban\Application\Admin\Controller\NavController.class.php 第 137 行.
INFO: [ app_end ] --START--
INFO: Run Behavior\ShowPageTraceBehavior [ RunTime:0.000000s ]
INFO: [ app_end ] --END-- [ RunTime:0.000000s ]

[ 2017-12-21T10:50:36+08:00 ] 127.0.0.1 /moban/index.php/Admin/Nav/navSort
INFO: [ app_begin ] --START--
INFO: Run Behavior\ReadHtmlCacheBehavior [ RunTime:0.000000s ]
INFO: [ app_begin ] --END-- [ RunTime:0.000000s ]
NOTIC: [8] Use of undefined constant regex - assumed 'regex' D:\wamp\www\moban\ThinkPHP\Common\functions.php 第 588 行.
NOTIC: [8] Use of undefined constant regex - assumed 'regex' D:\wamp\www\moban\ThinkPHP\Common\functions.php 第 588 行.
SQL: SHOW COLUMNS FROM `muban_nav` [ RunTime:0.0000s ]
NOTIC: [2] array_push() expects parameter 1 to be array, null given D:\wamp\www\moban\Application\Admin\Controller\NavController.class.php 第 137 行.
NOTIC: [8] Array to string conversion D:\wamp\www\moban\Application\Admin\Controller\NavController.class.php 第 138 行.
NOTIC: [2] array_push() expects parameter 1 to be array, null given D:\wamp\www\moban\Application\Admin\Controller\NavController.class.php 第 137 行.
NOTIC: [8] Array to string conversion D:\wamp\www\moban\Application\Admin\Controller\NavController.class.php 第 138 行.
NOTIC: [2] array_push() expects parameter 1 to be array, null given D:\wamp\www\moban\Application\Admin\Controller\NavController.class.php 第 137 行.
NOTIC: [8] Array to string conversion D:\wamp\www\moban\Application\Admin\Controller\NavController.class.php 第 138 行.
NOTIC: [2] array_push() expects parameter 1 to be array, null given D:\wamp\www\moban\Application\Admin\Controller\NavController.class.php 第 137 行.
NOTIC: [8] Array to string conversion D:\wamp\www\moban\Application\Admin\Controller\NavController.class.php 第 138 行.
NOTIC: [2] array_push() expects parameter 1 to be array, null given D:\wamp\www\moban\Application\Admin\Controller\NavController.class.php 第 137 行.
NOTIC: [8] Array to string conversion D:\wamp\www\moban\Application\Admin\Controller\NavController.class.php 第 138 行.
NOTIC: [2] array_push() expects parameter 1 to be array, null given D:\wamp\www\moban\Application\Admin\Controller\NavController.class.php 第 137 行.
NOTIC: [8] Array to string conversion D:\wamp\www\moban\Application\Admin\Controller\NavController.class.php 第 138 行.
INFO: [ app_end ] --START--
INFO: Run Behavior\ShowPageTraceBehavior [ RunTime:0.000000s ]
INFO: [ app_end ] --END-- [ RunTime:0.000000s ]

[ 2017-12-21T10:50:51+08:00 ] 127.0.0.1 /moban/index.php/Admin/Nav/navSort
INFO: [ app_begin ] --START--
INFO: Run Behavior\ReadHtmlCacheBehavior [ RunTime:0.000000s ]
INFO: [ app_begin ] --END-- [ RunTime:0.000000s ]
NOTIC: [8] Use of undefined constant regex - assumed 'regex' D:\wamp\www\moban\ThinkPHP\Common\functions.php 第 588 行.
NOTIC: [8] Use of undefined constant regex - assumed 'regex' D:\wamp\www\moban\ThinkPHP\Common\functions.php 第 588 行.
SQL: SHOW COLUMNS FROM `muban_nav` [ RunTime:0.0000s ]
NOTIC: [2] array_push() expects parameter 1 to be array, null given D:\wamp\www\moban\Application\Admin\Controller\NavController.class.php 第 137 行.
NOTIC: [2] array_push() expects parameter 1 to be array, null given D:\wamp\www\moban\Application\Admin\Controller\NavController.class.php 第 137 行.
NOTIC: [2] array_push() expects parameter 1 to be array, null given D:\wamp\www\moban\Application\Admin\Controller\NavController.class.php 第 137 行.
NOTIC: [2] array_push() expects parameter 1 to be array, null given D:\wamp\www\moban\Application\Admin\Controller\NavController.class.php 第 137 行.
NOTIC: [2] array_push() expects parameter 1 to be array, null given D:\wamp\www\moban\Application\Admin\Controller\NavController.class.php 第 137 行.
NOTIC: [2] array_push() expects parameter 1 to be array, null given D:\wamp\www\moban\Application\Admin\Controller\NavController.class.php 第 137 行.
INFO: [ app_end ] --START--
INFO: Run Behavior\ShowPageTraceBehavior [ RunTime:0.000000s ]
INFO: [ app_end ] --END-- [ RunTime:0.000000s ]

[ 2017-12-21T10:51:20+08:00 ] 127.0.0.1 /moban/index.php/Admin/Nav/navSort
INFO: [ app_begin ] --START--
INFO: Run Behavior\ReadHtmlCacheBehavior [ RunTime:0.000000s ]
INFO: [ app_begin ] --END-- [ RunTime:0.000000s ]
NOTIC: [8] Use of undefined constant regex - assumed 'regex' D:\wamp\www\moban\ThinkPHP\Common\functions.php 第 588 行.
NOTIC: [8] Use of undefined constant regex - assumed 'regex' D:\wamp\www\moban\ThinkPHP\Common\functions.php 第 588 行.
SQL: SHOW COLUMNS FROM `muban_nav` [ RunTime:0.0000s ]
INFO: [ app_end ] --START--
INFO: Run Behavior\ShowPageTraceBehavior [ RunTime:0.000000s ]
INFO: [ app_end ] --END-- [ RunTime:0.000000s ]

[ 2017-12-21T10:52:37+08:00 ] 127.0.0.1 /moban/index.php/Admin/Nav/navSort
INFO: [ app_begin ] --START--
INFO: Run Behavior\ReadHtmlCacheBehavior [ RunTime:0.000000s ]
INFO: [ app_begin ] --END-- [ RunTime:0.000000s ]
NOTIC: [8] Use of undefined constant regex - assumed 'regex' D:\wamp\www\moban\ThinkPHP\Common\functions.php 第 588 行.
NOTIC: [8] Use of undefined constant regex - assumed 'regex' D:\wamp\www\moban\ThinkPHP\Common\functions.php 第 588 行.
SQL: SHOW COLUMNS FROM `muban_nav` [ RunTime:0.0000s ]
NOTIC: [8] Array to string conversion D:\wamp\www\moban\Application\Admin\Model\NavModel.class.php 第 16 行.
NOTIC: [8] Array to string conversion D:\wamp\www\moban\Application\Admin\Model\NavModel.class.php 第 16 行.
NOTIC: [8] Array to string conversion D:\wamp\www\moban\Application\Admin\Model\NavModel.class.php 第 16 行.
NOTIC: [8] Array to string conversion D:\wamp\www\moban\Application\Admin\Model\NavModel.class.php 第 16 行.
NOTIC: [8] Array to string conversion D:\wamp\www\moban\Application\Admin\Model\NavModel.class.php 第 16 行.
NOTIC: [8] Array to string conversion D:\wamp\www\moban\Application\Admin\Model\NavModel.class.php 第 16 行.
INFO: [ app_end ] --START--
INFO: Run Behavior\ShowPageTraceBehavior [ RunTime:0.000000s ]
INFO: [ app_end ] --END-- [ RunTime:0.000000s ]

[ 2017-12-21T10:53:12+08:00 ] 127.0.0.1 /moban/index.php/Admin/Nav/navSort
INFO: [ app_begin ] --START--
INFO: Run Behavior\ReadHtmlCacheBehavior [ RunTime:0.000000s ]
INFO: [ app_begin ] --END-- [ RunTime:0.000000s ]
NOTIC: [8] Use of undefined constant regex - assumed 'regex' D:\wamp\www\moban\ThinkPHP\Common\functions.php 第 588 行.
NOTIC: [8] Use of undefined constant regex - assumed 'regex' D:\wamp\www\moban\ThinkPHP\Common\functions.php 第 588 行.
SQL: SHOW COLUMNS FROM `muban_nav` [ RunTime:0.0000s ]
INFO: [ app_end ] --START--
INFO: Run Behavior\ShowPageTraceBehavior [ RunTime:0.000000s ]
INFO: [ app_end ] --END-- [ RunTime:0.000000s ]

[ 2017-12-21T10:53:50+08:00 ] 127.0.0.1 /moban/index.php/Admin/Nav/navSort
INFO: [ app_begin ] --START--
INFO: Run Behavior\ReadHtmlCacheBehavior [ RunTime:0.000000s ]
INFO: [ app_begin ] --END-- [ RunTime:0.000000s ]
NOTIC: [8] Use of undefined constant regex - assumed 'regex' D:\wamp\www\moban\ThinkPHP\Common\functions.php 第 588 行.
NOTIC: [8] Use of undefined constant regex - assumed 'regex' D:\wamp\www\moban\ThinkPHP\Common\functions.php 第 588 行.
SQL: SHOW COLUMNS FROM `muban_nav` [ RunTime:0.0000s ]
INFO: [ app_end ] --START--
INFO: Run Behavior\ShowPageTraceBehavior [ RunTime:0.000000s ]
INFO: [ app_end ] --END-- [ RunTime:0.000000s ]

[ 2017-12-21T10:54:21+08:00 ] 127.0.0.1 /moban/index.php/Admin/Nav/navSort
INFO: [ app_begin ] --START--
INFO: Run Behavior\ReadHtmlCacheBehavior [ RunTime:0.000000s ]
INFO: [ app_begin ] --END-- [ RunTime:0.000000s ]
NOTIC: [8] Use of undefined constant regex - assumed 'regex' D:\wamp\www\moban\ThinkPHP\Common\functions.php 第 588 行.
NOTIC: [8] Use of undefined constant regex - assumed 'regex' D:\wamp\www\moban\ThinkPHP\Common\functions.php 第 588 行.
SQL: SHOW COLUMNS FROM `muban_nav` [ RunTime:0.0000s ]

[ 2017-12-21T11:00:28+08:00 ] 127.0.0.1 /moban/index.php/Admin/Nav/navSort
INFO: [ app_begin ] --START--
INFO: Run Behavior\ReadHtmlCacheBehavior [ RunTime:0.000000s ]
INFO: [ app_begin ] --END-- [ RunTime:0.000000s ]
NOTIC: [8] Use of undefined constant regex - assumed 'regex' D:\wamp\www\moban\ThinkPHP\Common\functions.php 第 588 行.
NOTIC: [8] Use of undefined constant regex - assumed 'regex' D:\wamp\www\moban\ThinkPHP\Common\functions.php 第 588 行.
SQL: SHOW COLUMNS FROM `muban_nav` [ RunTime:0.0156s ]

[ 2017-12-21T11:02:05+08:00 ] 127.0.0.1 /moban/index.php/Admin/Nav/navSort
INFO: [ app_begin ] --START--
INFO: Run Behavior\ReadHtmlCacheBehavior [ RunTime:0.000000s ]
INFO: [ app_begin ] --END-- [ RunTime:0.000000s ]
NOTIC: [8] Use of undefined constant regex - assumed 'regex' D:\wamp\www\moban\ThinkPHP\Common\functions.php 第 588 行.
NOTIC: [8] Use of undefined constant regex - assumed 'regex' D:\wamp\www\moban\ThinkPHP\Common\functions.php 第 588 行.
SQL: SHOW COLUMNS FROM `muban_nav` [ RunTime:0.0000s ]

[ 2017-12-21T11:03:16+08:00 ] 127.0.0.1 /moban/index.php/Admin/Nav/navSort
INFO: [ app_begin ] --START--
INFO: Run Behavior\ReadHtmlCacheBehavior [ RunTime:0.001000s ]
INFO: [ app_begin ] --END-- [ RunTime:0.001000s ]
NOTIC: [8] Use of undefined constant regex - assumed 'regex' D:\wamp\www\moban\ThinkPHP\Common\functions.php 第 588 行.
NOTIC: [8] Use of undefined constant regex - assumed 'regex' D:\wamp\www\moban\ThinkPHP\Common\functions.php 第 588 行.
SQL: SHOW COLUMNS FROM `muban_nav` [ RunTime:0.0020s ]

[ 2017-12-21T11:03:47+08:00 ] 127.0.0.1 /moban/index.php/Admin/Nav/navSort
INFO: [ app_begin ] --START--
INFO: Run Behavior\ReadHtmlCacheBehavior [ RunTime:0.000000s ]
INFO: [ app_begin ] --END-- [ RunTime:0.000000s ]
NOTIC: [8] Use of undefined constant regex - assumed 'regex' D:\wamp\www\moban\ThinkPHP\Common\functions.php 第 588 行.
NOTIC: [8] Use of undefined constant regex - assumed 'regex' D:\wamp\www\moban\ThinkPHP\Common\functions.php 第 588 行.
SQL: SHOW COLUMNS FROM `muban_nav` [ RunTime:0.0040s ]

[ 2017-12-21T11:05:54+08:00 ] 127.0.0.1 /moban/index.php/Admin/Nav/navSort
INFO: [ app_begin ] --START--
INFO: Run Behavior\ReadHtmlCacheBehavior [ RunTime:0.000000s ]
INFO: [ app_begin ] --END-- [ RunTime:0.001000s ]
NOTIC: [8] Use of undefined constant regex - assumed 'regex' D:\wamp\www\moban\ThinkPHP\Common\functions.php 第 588 行.
NOTIC: [8] Use of undefined constant regex - assumed 'regex' D:\wamp\www\moban\ThinkPHP\Common\functions.php 第 588 行.
SQL: SHOW COLUMNS FROM `muban_nav` [ RunTime:0.0020s ]

[ 2017-12-21T11:07:13+08:00 ] 127.0.0.1 /moban/index.php/Admin/Nav/navSort
INFO: [ app_begin ] --START--
INFO: Run Behavior\ReadHtmlCacheBehavior [ RunTime:0.000000s ]
INFO: [ app_begin ] --END-- [ RunTime:0.010000s ]
NOTIC: [8] Use of undefined constant regex - assumed 'regex' D:\wamp\www\moban\ThinkPHP\Common\functions.php 第 588 行.
NOTIC: [8] Use of undefined constant regex - assumed 'regex' D:\wamp\www\moban\ThinkPHP\Common\functions.php 第 588 行.
SQL: SHOW COLUMNS FROM `muban_nav` [ RunTime:0.0010s ]

[ 2017-12-21T11:08:24+08:00 ] 127.0.0.1 /moban/index.php/Admin/Nav/navSort
INFO: [ app_begin ] --START--
INFO: Run Behavior\ReadHtmlCacheBehavior [ RunTime:0.008000s ]
INFO: [ app_begin ] --END-- [ RunTime:0.008000s ]
NOTIC: [8] Use of undefined constant regex - assumed 'regex' D:\wamp\www\moban\ThinkPHP\Common\functions.php 第 588 行.
NOTIC: [8] Use of undefined constant regex - assumed 'regex' D:\wamp\www\moban\ThinkPHP\Common\functions.php 第 588 行.
SQL: SHOW COLUMNS FROM `muban_nav` [ RunTime:0.0020s ]

[ 2017-12-21T11:12:27+08:00 ] 127.0.0.1 /moban/index.php/Admin/Nav/navSort
INFO: [ app_begin ] --START--
INFO: Run Behavior\ReadHtmlCacheBehavior [ RunTime:0.001000s ]
INFO: [ app_begin ] --END-- [ RunTime:0.001000s ]
NOTIC: [8] Use of undefined constant regex - assumed 'regex' D:\wamp\www\moban\ThinkPHP\Common\functions.php 第 588 行.
NOTIC: [8] Use of undefined constant regex - assumed 'regex' D:\wamp\www\moban\ThinkPHP\Common\functions.php 第 588 行.
SQL: SHOW COLUMNS FROM `muban_nav` [ RunTime:0.0000s ]

[ 2017-12-21T11:13:40+08:00 ] 127.0.0.1 /moban/index.php/Admin/Nav/navSort
INFO: [ app_begin ] --START--
INFO: Run Behavior\ReadHtmlCacheBehavior [ RunTime:0.000000s ]
INFO: [ app_begin ] --END-- [ RunTime:0.000000s ]
NOTIC: [8] Use of undefined constant regex - assumed 'regex' D:\wamp\www\moban\ThinkPHP\Common\functions.php 第 588 行.
NOTIC: [8] Use of undefined constant regex - assumed 'regex' D:\wamp\www\moban\ThinkPHP\Common\functions.php 第 588 行.
SQL: SHOW COLUMNS FROM `muban_nav` [ RunTime:0.0020s ]
INFO: [ app_end ] --START--
INFO: Run Behavior\ShowPageTraceBehavior [ RunTime:0.000000s ]
INFO: [ app_end ] --END-- [ RunTime:0.001000s ]

[ 2017-12-21T11:28:51+08:00 ] 127.0.0.1 /moban/index.php/Admin/Nav/navSort
INFO: [ app_begin ] --START--
INFO: Run Behavior\ReadHtmlCacheBehavior [ RunTime:0.000000s ]
INFO: [ app_begin ] --END-- [ RunTime:0.000000s ]
NOTIC: [8] Use of undefined constant regex - assumed 'regex' D:\wamp\www\moban\ThinkPHP\Common\functions.php 第 588 行.
NOTIC: [8] Use of undefined constant regex - assumed 'regex' D:\wamp\www\moban\ThinkPHP\Common\functions.php 第 588 行.
SQL: SHOW COLUMNS FROM `muban_nav` [ RunTime:0.0030s ]
INFO: [ app_end ] --START--
INFO: Run Behavior\ShowPageTraceBehavior [ RunTime:0.000000s ]
INFO: [ app_end ] --END-- [ RunTime:0.000000s ]

[ 2017-12-21T11:31:48+08:00 ] 127.0.0.1 /moban/index.php/Admin/Nav/navSort
INFO: [ app_begin ] --START--
INFO: Run Behavior\ReadHtmlCacheBehavior [ RunTime:0.000000s ]
INFO: [ app_begin ] --END-- [ RunTime:0.001001s ]
NOTIC: [8] Use of undefined constant regex - assumed 'regex' D:\wamp\www\moban\ThinkPHP\Common\functions.php 第 588 行.
NOTIC: [8] Use of undefined constant regex - assumed 'regex' D:\wamp\www\moban\ThinkPHP\Common\functions.php 第 588 行.
SQL: SHOW COLUMNS FROM `muban_nav` [ RunTime:0.0020s ]

[ 2017-12-21T11:32:21+08:00 ] 127.0.0.1 /moban/index.php/Admin/Nav/navSort
INFO: [ app_begin ] --START--
INFO: Run Behavior\ReadHtmlCacheBehavior [ RunTime:0.000000s ]
INFO: [ app_begin ] --END-- [ RunTime:0.000000s ]
NOTIC: [8] Use of undefined constant regex - assumed 'regex' D:\wamp\www\moban\ThinkPHP\Common\functions.php 第 588 行.
NOTIC: [8] Use of undefined constant regex - assumed 'regex' D:\wamp\www\moban\ThinkPHP\Common\functions.php 第 588 行.
SQL: SHOW COLUMNS FROM `muban_nav` [ RunTime:0.0040s ]
INFO: [ app_end ] --START--
INFO: Run Behavior\ShowPageTraceBehavior [ RunTime:0.001001s ]
INFO: [ app_end ] --END-- [ RunTime:0.001001s ]

[ 2017-12-21T11:32:36+08:00 ] 127.0.0.1 /moban/index.php/Admin/Nav/navSort
INFO: [ app_begin ] --START--
INFO: Run Behavior\ReadHtmlCacheBehavior [ RunTime:0.000000s ]
INFO: [ app_begin ] --END-- [ RunTime:0.002000s ]
NOTIC: [8] Use of undefined constant regex - assumed 'regex' D:\wamp\www\moban\ThinkPHP\Common\functions.php 第 588 行.
NOTIC: [8] Use of undefined constant regex - assumed 'regex' D:\wamp\www\moban\ThinkPHP\Common\functions.php 第 588 行.
SQL: SHOW COLUMNS FROM `muban_nav` [ RunTime:0.0010s ]
INFO: [ app_end ] --START--
INFO: Run Behavior\ShowPageTraceBehavior [ RunTime:0.000000s ]
INFO: [ app_end ] --END-- [ RunTime:0.000000s ]

[ 2017-12-21T11:33:23+08:00 ] 127.0.0.1 /moban/index.php/Admin/Nav/navSort
INFO: [ app_begin ] --START--
INFO: Run Behavior\ReadHtmlCacheBehavior [ RunTime:0.001001s ]
INFO: [ app_begin ] --END-- [ RunTime:0.001001s ]
NOTIC: [8] Use of undefined constant regex - assumed 'regex' D:\wamp\www\moban\ThinkPHP\Common\functions.php 第 588 行.
NOTIC: [8] Use of undefined constant regex - assumed 'regex' D:\wamp\www\moban\ThinkPHP\Common\functions.php 第 588 行.
SQL: SHOW COLUMNS FROM `muban_nav` [ RunTime:0.0020s ]
INFO: [ app_end ] --START--
INFO: Run Behavior\ShowPageTraceBehavior [ RunTime:0.002001s ]
INFO: [ app_end ] --END-- [ RunTime:0.002001s ]

[ 2017-12-21T11:33:41+08:00 ] 127.0.0.1 /moban/index.php/Admin/Nav/navSort
INFO: [ app_begin ] --START--
INFO: Run Behavior\ReadHtmlCacheBehavior [ RunTime:0.001000s ]
INFO: [ app_begin ] --END-- [ RunTime:0.001000s ]
NOTIC: [8] Use of undefined constant regex - assumed 'regex' D:\wamp\www\moban\ThinkPHP\Common\functions.php 第 588 行.
NOTIC: [8] Use of undefined constant regex - assumed 'regex' D:\wamp\www\moban\ThinkPHP\Common\functions.php 第 588 行.
SQL: SHOW COLUMNS FROM `muban_nav` [ RunTime:0.0210s ]
INFO: [ app_end ] --START--
INFO: Run Behavior\ShowPageTraceBehavior [ RunTime:0.001000s ]
INFO: [ app_end ] --END-- [ RunTime:0.002000s ]

[ 2017-12-21T11:33:56+08:00 ] 127.0.0.1 /moban/index.php/Admin/Nav/navSort
INFO: [ app_begin ] --START--
INFO: Run Behavior\ReadHtmlCacheBehavior [ RunTime:0.000000s ]
INFO: [ app_begin ] --END-- [ RunTime:0.002000s ]
NOTIC: [8] Use of undefined constant regex - assumed 'regex' D:\wamp\www\moban\ThinkPHP\Common\functions.php 第 588 行.
NOTIC: [8] Use of undefined constant regex - assumed 'regex' D:\wamp\www\moban\ThinkPHP\Common\functions.php 第 588 行.
SQL: SHOW COLUMNS FROM `muban_nav` [ RunTime:0.0020s ]
NOTIC: [8] Undefined variable: srt3 D:\wamp\www\moban\Application\Admin\Controller\NavController.class.php 第 129 行.

[ 2017-12-21T11:37:49+08:00 ] 127.0.0.1 /moban/index.php/Admin/Nav/navSort
INFO: [ app_begin ] --START--
INFO: Run Behavior\ReadHtmlCacheBehavior [ RunTime:0.001000s ]
INFO: [ app_begin ] --END-- [ RunTime:0.002000s ]
NOTIC: [8] Use of undefined constant regex - assumed 'regex' D:\wamp\www\moban\ThinkPHP\Common\functions.php 第 588 行.
NOTIC: [8] Use of undefined constant regex - assumed 'regex' D:\wamp\www\moban\ThinkPHP\Common\functions.php 第 588 行.
SQL: SHOW COLUMNS FROM `muban_nav` [ RunTime:0.0030s ]
INFO: [ app_end ] --START--
INFO: Run Behavior\ShowPageTraceBehavior [ RunTime:0.001000s ]
INFO: [ app_end ] --END-- [ RunTime:0.001000s ]

[ 2017-12-21T11:38:08+08:00 ] 127.0.0.1 /moban/index.php/Admin/Nav/navSort
INFO: [ app_begin ] --START--
INFO: Run Behavior\ReadHtmlCacheBehavior [ RunTime:0.001001s ]
INFO: [ app_begin ] --END-- [ RunTime:0.001001s ]
NOTIC: [8] Use of undefined constant regex - assumed 'regex' D:\wamp\www\moban\ThinkPHP\Common\functions.php 第 588 行.
NOTIC: [8] Use of undefined constant regex - assumed 'regex' D:\wamp\www\moban\ThinkPHP\Common\functions.php 第 588 行.
SQL: SHOW COLUMNS FROM `muban_nav` [ RunTime:0.0030s ]
INFO: [ app_end ] --START--
INFO: Run Behavior\ShowPageTraceBehavior [ RunTime:0.002000s ]
INFO: [ app_end ] --END-- [ RunTime:0.002000s ]

[ 2017-12-21T11:38:21+08:00 ] 127.0.0.1 /moban/index.php/Admin/Nav/navSort
INFO: [ app_begin ] --START--
INFO: Run Behavior\ReadHtmlCacheBehavior [ RunTime:0.001000s ]
INFO: [ app_begin ] --END-- [ RunTime:0.021001s ]
NOTIC: [8] Use of undefined constant regex - assumed 'regex' D:\wamp\www\moban\ThinkPHP\Common\functions.php 第 588 行.
NOTIC: [8] Use of undefined constant regex - assumed 'regex' D:\wamp\www\moban\ThinkPHP\Common\functions.php 第 588 行.
SQL: SHOW COLUMNS FROM `muban_nav` [ RunTime:0.0030s ]
INFO: [ app_end ] --START--
INFO: Run Behavior\ShowPageTraceBehavior [ RunTime:0.002000s ]
INFO: [ app_end ] --END-- [ RunTime:0.002000s ]

[ 2017-12-21T11:38:58+08:00 ] 127.0.0.1 /moban/index.php/Admin/Nav/navSort
INFO: [ app_begin ] --START--
INFO: Run Behavior\ReadHtmlCacheBehavior [ RunTime:0.002000s ]
INFO: [ app_begin ] --END-- [ RunTime:0.002000s ]
NOTIC: [8] Use of undefined constant regex - assumed 'regex' D:\wamp\www\moban\ThinkPHP\Common\functions.php 第 588 行.
NOTIC: [8] Use of undefined constant regex - assumed 'regex' D:\wamp\www\moban\ThinkPHP\Common\functions.php 第 588 行.
SQL: SHOW COLUMNS FROM `muban_nav` [ RunTime:0.0160s ]
INFO: [ app_end ] --START--
INFO: Run Behavior\ShowPageTraceBehavior [ RunTime:0.000000s ]
INFO: [ app_end ] --END-- [ RunTime:0.000000s ]

[ 2017-12-21T11:39:49+08:00 ] 127.0.0.1 /moban/index.php/Admin/Nav/navSort
INFO: [ app_begin ] --START--
INFO: Run Behavior\ReadHtmlCacheBehavior [ RunTime:0.001000s ]
INFO: [ app_begin ] --END-- [ RunTime:0.002000s ]
NOTIC: [8] Use of undefined constant regex - assumed 'regex' D:\wamp\www\moban\ThinkPHP\Common\functions.php 第 588 行.
NOTIC: [8] Use of undefined constant regex - assumed 'regex' D:\wamp\www\moban\ThinkPHP\Common\functions.php 第 588 行.
SQL: SHOW COLUMNS FROM `muban_nav` [ RunTime:0.0030s ]
INFO: [ app_end ] --START--
INFO: Run Behavior\ShowPageTraceBehavior [ RunTime:0.002000s ]
INFO: [ app_end ] --END-- [ RunTime:0.002000s ]

[ 2017-12-21T11:40:36+08:00 ] 127.0.0.1 /moban/index.php/Admin/Nav/navSort
INFO: [ app_begin ] --START--
INFO: Run Behavior\ReadHtmlCacheBehavior [ RunTime:0.001000s ]
INFO: [ app_begin ] --END-- [ RunTime:0.002000s ]
NOTIC: [8] Use of undefined constant regex - assumed 'regex' D:\wamp\www\moban\ThinkPHP\Common\functions.php 第 588 行.
NOTIC: [8] Use of undefined constant regex - assumed 'regex' D:\wamp\www\moban\ThinkPHP\Common\functions.php 第 588 行.
SQL: SHOW COLUMNS FROM `muban_nav` [ RunTime:0.0020s ]
NOTIC: [8] Undefined offset: 2 D:\wamp\www\moban\Application\Admin\Controller\NavController.class.php 第 132 行.
NOTIC: [8] Undefined offset: 2 D:\wamp\www\moban\Application\Admin\Controller\NavController.class.php 第 132 行.
NOTIC: [8] Undefined offset: 2 D:\wamp\www\moban\Application\Admin\Controller\NavController.class.php 第 132 行.
NOTIC: [8] Undefined offset: 2 D:\wamp\www\moban\Application\Admin\Controller\NavController.class.php 第 132 行.
NOTIC: [8] Undefined offset: 2 D:\wamp\www\moban\Application\Admin\Controller\NavController.class.php 第 132 行.
NOTIC: [8] Undefined offset: 2 D:\wamp\www\moban\Application\Admin\Controller\NavController.class.php 第 132 行.
INFO: [ app_end ] --START--
INFO: Run Behavior\ShowPageTraceBehavior [ RunTime:0.001000s ]
INFO: [ app_end ] --END-- [ RunTime:0.001000s ]

[ 2017-12-21T11:40:46+08:00 ] 127.0.0.1 /moban/index.php/Admin/Nav/navSort
INFO: [ app_begin ] --START--
INFO: Run Behavior\ReadHtmlCacheBehavior [ RunTime:0.001000s ]
INFO: [ app_begin ] --END-- [ RunTime:0.001000s ]
NOTIC: [8] Use of undefined constant regex - assumed 'regex' D:\wamp\www\moban\ThinkPHP\Common\functions.php 第 588 行.
NOTIC: [8] Use of undefined constant regex - assumed 'regex' D:\wamp\www\moban\ThinkPHP\Common\functions.php 第 588 行.
SQL: SHOW COLUMNS FROM `muban_nav` [ RunTime:0.0020s ]
INFO: [ app_end ] --START--
INFO: Run Behavior\ShowPageTraceBehavior [ RunTime:0.001000s ]
INFO: [ app_end ] --END-- [ RunTime:0.001000s ]

[ 2017-12-21T11:43:35+08:00 ] 127.0.0.1 /moban/index.php/Admin/Nav/navSort
INFO: [ app_begin ] --START--
INFO: Run Behavior\ReadHtmlCacheBehavior [ RunTime:0.001000s ]
INFO: [ app_begin ] --END-- [ RunTime:0.001000s ]
NOTIC: [8] Use of undefined constant regex - assumed 'regex' D:\wamp\www\moban\ThinkPHP\Common\functions.php 第 588 行.
NOTIC: [8] Use of undefined constant regex - assumed 'regex' D:\wamp\www\moban\ThinkPHP\Common\functions.php 第 588 行.
SQL: SHOW COLUMNS FROM `muban_nav` [ RunTime:0.0010s ]

[ 2017-12-21T11:45:12+08:00 ] 127.0.0.1 /moban/index.php/Admin/Nav/navSort
INFO: [ app_begin ] --START--
INFO: Run Behavior\ReadHtmlCacheBehavior [ RunTime:0.001000s ]
INFO: [ app_begin ] --END-- [ RunTime:0.001000s ]
NOTIC: [8] Use of undefined constant regex - assumed 'regex' D:\wamp\www\moban\ThinkPHP\Common\functions.php 第 588 行.
NOTIC: [8] Use of undefined constant regex - assumed 'regex' D:\wamp\www\moban\ThinkPHP\Common\functions.php 第 588 行.
SQL: SHOW COLUMNS FROM `muban_nav` [ RunTime:0.0070s ]

[ 2017-12-21T11:45:51+08:00 ] 127.0.0.1 /moban/index.php/Admin/Nav/navSort
INFO: [ app_begin ] --START--
INFO: Run Behavior\ReadHtmlCacheBehavior [ RunTime:0.001000s ]
INFO: [ app_begin ] --END-- [ RunTime:0.002000s ]
NOTIC: [8] Use of undefined constant regex - assumed 'regex' D:\wamp\www\moban\ThinkPHP\Common\functions.php 第 588 行.
NOTIC: [8] Use of undefined constant regex - assumed 'regex' D:\wamp\www\moban\ThinkPHP\Common\functions.php 第 588 行.
SQL: SHOW COLUMNS FROM `muban_nav` [ RunTime:0.0020s ]

[ 2017-12-21T11:58:56+08:00 ] 127.0.0.1 /moban/index.php/Admin/Nav/navSort
INFO: [ app_begin ] --START--
INFO: Run Behavior\ReadHtmlCacheBehavior [ RunTime:0.002000s ]
INFO: [ app_begin ] --END-- [ RunTime:0.002000s ]
NOTIC: [8] Use of undefined constant regex - assumed 'regex' D:\wamp\www\moban\ThinkPHP\Common\functions.php 第 588 行.
NOTIC: [8] Use of undefined constant regex - assumed 'regex' D:\wamp\www\moban\ThinkPHP\Common\functions.php 第 588 行.
SQL: SHOW COLUMNS FROM `muban_nav` [ RunTime:0.0130s ]
NOTIC: [8] Use of undefined constant i - assumed 'i' D:\wamp\www\moban\Application\Admin\Controller\NavController.class.php 第 137 行.
NOTIC: [8] Undefined index: i D:\wamp\www\moban\Application\Admin\Controller\NavController.class.php 第 137 行.
NOTIC: [8] Use of undefined constant i - assumed 'i' D:\wamp\www\moban\Application\Admin\Controller\NavController.class.php 第 137 行.
NOTIC: [8] Undefined index: i D:\wamp\www\moban\Application\Admin\Controller\NavController.class.php 第 137 行.
NOTIC: [8] Use of undefined constant i - assumed 'i' D:\wamp\www\moban\Application\Admin\Controller\NavController.class.php 第 137 行.
NOTIC: [8] Undefined index: i D:\wamp\www\moban\Application\Admin\Controller\NavController.class.php 第 137 行.
NOTIC: [8] Use of undefined constant i - assumed 'i' D:\wamp\www\moban\Application\Admin\Controller\NavController.class.php 第 137 行.
NOTIC: [8] Undefined index: i D:\wamp\www\moban\Application\Admin\Controller\NavController.class.php 第 137 行.
NOTIC: [8] Use of undefined constant i - assumed 'i' D:\wamp\www\moban\Application\Admin\Controller\NavController.class.php 第 137 行.
NOTIC: [8] Undefined index: i D:\wamp\www\moban\Application\Admin\Controller\NavController.class.php 第 137 行.
INFO: [ app_end ] --START--
INFO: Run Behavior\ShowPageTraceBehavior [ RunTime:0.000000s ]
INFO: [ app_end ] --END-- [ RunTime:0.000000s ]

[ 2017-12-21T11:59:53+08:00 ] 127.0.0.1 /moban/index.php/Admin/Nav/navSort
INFO: [ app_begin ] --START--
INFO: Run Behavior\ReadHtmlCacheBehavior [ RunTime:0.000000s ]
INFO: [ app_begin ] --END-- [ RunTime:0.002000s ]
NOTIC: [8] Use of undefined constant regex - assumed 'regex' D:\wamp\www\moban\ThinkPHP\Common\functions.php 第 588 行.
NOTIC: [8] Use of undefined constant regex - assumed 'regex' D:\wamp\www\moban\ThinkPHP\Common\functions.php 第 588 行.
SQL: SHOW COLUMNS FROM `muban_nav` [ RunTime:0.0020s ]
INFO: [ app_end ] --START--
INFO: Run Behavior\ShowPageTraceBehavior [ RunTime:0.001000s ]
INFO: [ app_end ] --END-- [ RunTime:0.001000s ]

[ 2017-12-21T12:00:10+08:00 ] 127.0.0.1 /moban/index.php/Admin/Nav/navSort
INFO: [ app_begin ] --START--
INFO: Run Behavior\ReadHtmlCacheBehavior [ RunTime:0.000000s ]
INFO: [ app_begin ] --END-- [ RunTime:0.000000s ]
NOTIC: [8] Use of undefined constant regex - assumed 'regex' D:\wamp\www\moban\ThinkPHP\Common\functions.php 第 588 行.
NOTIC: [8] Use of undefined constant regex - assumed 'regex' D:\wamp\www\moban\ThinkPHP\Common\functions.php 第 588 行.
SQL: SHOW COLUMNS FROM `muban_nav` [ RunTime:0.0040s ]
NOTIC: [8] Use of undefined constant i - assumed 'i' D:\wamp\www\moban\Application\Admin\Controller\NavController.class.php 第 137 行.
NOTIC: [8] Undefined index: i D:\wamp\www\moban\Application\Admin\Controller\NavController.class.php 第 137 行.
NOTIC: [8] Use of undefined constant i - assumed 'i' D:\wamp\www\moban\Application\Admin\Controller\NavController.class.php 第 137 行.
NOTIC: [8] Undefined index: i D:\wamp\www\moban\Application\Admin\Controller\NavController.class.php 第 137 行.
NOTIC: [8] Use of undefined constant i - assumed 'i' D:\wamp\www\moban\Application\Admin\Controller\NavController.class.php 第 137 行.
NOTIC: [8] Undefined index: i D:\wamp\www\moban\Application\Admin\Controller\NavController.class.php 第 137 行.
NOTIC: [8] Use of undefined constant i - assumed 'i' D:\wamp\www\moban\Application\Admin\Controller\NavController.class.php 第 137 行.
NOTIC: [8] Undefined index: i D:\wamp\www\moban\Application\Admin\Controller\NavController.class.php 第 137 行.
NOTIC: [8] Use of undefined constant i - assumed 'i' D:\wamp\www\moban\Application\Admin\Controller\NavController.class.php 第 137 行.
NOTIC: [8] Undefined index: i D:\wamp\www\moban\Application\Admin\Controller\NavController.class.php 第 137 行.
INFO: [ app_end ] --START--
INFO: Run Behavior\ShowPageTraceBehavior [ RunTime:0.001000s ]
INFO: [ app_end ] --END-- [ RunTime:0.001000s ]

[ 2017-12-21T12:01:04+08:00 ] 127.0.0.1 /moban/index.php/Admin/Nav/navSort
INFO: [ app_begin ] --START--
INFO: Run Behavior\ReadHtmlCacheBehavior [ RunTime:0.000000s ]
INFO: [ app_begin ] --END-- [ RunTime:0.000000s ]
NOTIC: [8] Use of undefined constant regex - assumed 'regex' D:\wamp\www\moban\ThinkPHP\Common\functions.php 第 588 行.
NOTIC: [8] Use of undefined constant regex - assumed 'regex' D:\wamp\www\moban\ThinkPHP\Common\functions.php 第 588 行.
SQL: SHOW COLUMNS FROM `muban_nav` [ RunTime:0.0030s ]
NOTIC: [8] Undefined offset: 6 D:\wamp\www\moban\Application\Admin\Controller\NavController.class.php 第 137 行.
INFO: [ app_end ] --START--
INFO: Run Behavior\ShowPageTraceBehavior [ RunTime:0.000000s ]
INFO: [ app_end ] --END-- [ RunTime:0.000000s ]

[ 2017-12-21T12:01:20+08:00 ] 127.0.0.1 /moban/index.php/Admin/Nav/navSort
INFO: [ app_begin ] --START--
INFO: Run Behavior\ReadHtmlCacheBehavior [ RunTime:0.000000s ]
INFO: [ app_begin ] --END-- [ RunTime:0.000000s ]
NOTIC: [8] Use of undefined constant regex - assumed 'regex' D:\wamp\www\moban\ThinkPHP\Common\functions.php 第 588 行.
NOTIC: [8] Use of undefined constant regex - assumed 'regex' D:\wamp\www\moban\ThinkPHP\Common\functions.php 第 588 行.
SQL: SHOW COLUMNS FROM `muban_nav` [ RunTime:0.0040s ]
NOTIC: [8] Undefined offset: 6 D:\wamp\www\moban\Application\Admin\Controller\NavController.class.php 第 138 行.
INFO: [ app_end ] --START--
INFO: Run Behavior\ShowPageTraceBehavior [ RunTime:0.001000s ]
INFO: [ app_end ] --END-- [ RunTime:0.001000s ]

[ 2017-12-21T12:01:51+08:00 ] 127.0.0.1 /moban/index.php/Admin/Nav/navSort
INFO: [ app_begin ] --START--
INFO: Run Behavior\ReadHtmlCacheBehavior [ RunTime:0.000000s ]
INFO: [ app_begin ] --END-- [ RunTime:0.000000s ]
NOTIC: [8] Use of undefined constant regex - assumed 'regex' D:\wamp\www\moban\ThinkPHP\Common\functions.php 第 588 行.
NOTIC: [8] Use of undefined constant regex - assumed 'regex' D:\wamp\www\moban\ThinkPHP\Common\functions.php 第 588 行.
SQL: SHOW COLUMNS FROM `muban_nav` [ RunTime:0.0010s ]
NOTIC: [8] Undefined offset: 6 D:\wamp\www\moban\Application\Admin\Controller\NavController.class.php 第 137 行.
INFO: [ app_end ] --START--
INFO: Run Behavior\ShowPageTraceBehavior [ RunTime:0.001000s ]
INFO: [ app_end ] --END-- [ RunTime:0.001000s ]

[ 2017-12-21T12:02:09+08:00 ] 127.0.0.1 /moban/index.php/Admin/Nav/navSort
INFO: [ app_begin ] --START--
INFO: Run Behavior\ReadHtmlCacheBehavior [ RunTime:0.001000s ]
INFO: [ app_begin ] --END-- [ RunTime:0.001000s ]
NOTIC: [8] Use of undefined constant regex - assumed 'regex' D:\wamp\www\moban\ThinkPHP\Common\functions.php 第 588 行.
NOTIC: [8] Use of undefined constant regex - assumed 'regex' D:\wamp\www\moban\ThinkPHP\Common\functions.php 第 588 行.
SQL: SHOW COLUMNS FROM `muban_nav` [ RunTime:0.0020s ]

[ 2017-12-21T12:03:50+08:00 ] 127.0.0.1 /moban/index.php/Admin/Nav/navSort
INFO: [ app_begin ] --START--
INFO: Run Behavior\ReadHtmlCacheBehavior [ RunTime:0.000000s ]
INFO: [ app_begin ] --END-- [ RunTime:0.001000s ]
NOTIC: [8] Use of undefined constant regex - assumed 'regex' D:\wamp\www\moban\ThinkPHP\Common\functions.php 第 588 行.
NOTIC: [8] Use of undefined constant regex - assumed 'regex' D:\wamp\www\moban\ThinkPHP\Common\functions.php 第 588 行.
SQL: SHOW COLUMNS FROM `muban_nav` [ RunTime:0.0150s ]

[ 2017-12-21T12:08:32+08:00 ] 127.0.0.1 /moban/index.php/Admin/Nav/navSort
INFO: [ app_begin ] --START--
INFO: Run Behavior\ReadHtmlCacheBehavior [ RunTime:0.000000s ]
INFO: [ app_begin ] --END-- [ RunTime:0.000000s ]
NOTIC: [8] Use of undefined constant regex - assumed 'regex' D:\wamp\www\moban\ThinkPHP\Common\functions.php 第 588 行.
NOTIC: [8] Use of undefined constant regex - assumed 'regex' D:\wamp\www\moban\ThinkPHP\Common\functions.php 第 588 行.
SQL: SHOW COLUMNS FROM `muban_nav` [ RunTime:0.0080s ]
INFO: [ app_end ] --START--
INFO: Run Behavior\ShowPageTraceBehavior [ RunTime:0.001000s ]
INFO: [ app_end ] --END-- [ RunTime:0.001000s ]

[ 2017-12-21T12:09:02+08:00 ] 127.0.0.1 /moban/index.php/Admin/Nav/navSort
INFO: [ app_begin ] --START--
INFO: Run Behavior\ReadHtmlCacheBehavior [ RunTime:0.000000s ]
INFO: [ app_begin ] --END-- [ RunTime:0.002000s ]
NOTIC: [8] Use of undefined constant regex - assumed 'regex' D:\wamp\www\moban\ThinkPHP\Common\functions.php 第 588 行.
NOTIC: [8] Use of undefined constant regex - assumed 'regex' D:\wamp\www\moban\ThinkPHP\Common\functions.php 第 588 行.
SQL: SHOW COLUMNS FROM `muban_nav` [ RunTime:0.0350s ]
INFO: [ app_end ] --START--
INFO: Run Behavior\ShowPageTraceBehavior [ RunTime:0.000000s ]
INFO: [ app_end ] --END-- [ RunTime:0.001000s ]

[ 2017-12-21T12:09:32+08:00 ] 127.0.0.1 /moban/index.php/Admin/Nav/navSort
INFO: [ app_begin ] --START--
INFO: Run Behavior\ReadHtmlCacheBehavior [ RunTime:0.001000s ]
INFO: [ app_begin ] --END-- [ RunTime:0.001000s ]
NOTIC: [8] Use of undefined constant regex - assumed 'regex' D:\wamp\www\moban\ThinkPHP\Common\functions.php 第 588 行.
NOTIC: [8] Use of undefined constant regex - assumed 'regex' D:\wamp\www\moban\ThinkPHP\Common\functions.php 第 588 行.
SQL: SHOW COLUMNS FROM `muban_nav` [ RunTime:0.0020s ]
NOTIC: [8] Undefined offset: 1 D:\wamp\www\moban\Application\Admin\Controller\NavController.class.php 第 133 行.
NOTIC: [8] Undefined offset: 1 D:\wamp\www\moban\Application\Admin\Controller\NavController.class.php 第 133 行.
NOTIC: [8] Undefined offset: 1 D:\wamp\www\moban\Application\Admin\Controller\NavController.class.php 第 133 行.
NOTIC: [8] Undefined offset: 1 D:\wamp\www\moban\Application\Admin\Controller\NavController.class.php 第 133 行.
NOTIC: [8] Undefined offset: 1 D:\wamp\www\moban\Application\Admin\Controller\NavController.class.php 第 133 行.
NOTIC: [8] Undefined offset: 1 D:\wamp\www\moban\Application\Admin\Controller\NavController.class.php 第 133 行.
INFO: [ app_end ] --START--
INFO: Run Behavior\ShowPageTraceBehavior [ RunTime:0.002000s ]
INFO: [ app_end ] --END-- [ RunTime:0.002000s ]

[ 2017-12-21T12:10:01+08:00 ] 127.0.0.1 /moban/index.php/Admin/Nav/navSort
INFO: [ app_begin ] --START--
INFO: Run Behavior\ReadHtmlCacheBehavior [ RunTime:0.000000s ]
INFO: [ app_begin ] --END-- [ RunTime:0.002000s ]
NOTIC: [8] Use of undefined constant regex - assumed 'regex' D:\wamp\www\moban\ThinkPHP\Common\functions.php 第 588 行.
NOTIC: [8] Use of undefined constant regex - assumed 'regex' D:\wamp\www\moban\ThinkPHP\Common\functions.php 第 588 行.
SQL: SHOW COLUMNS FROM `muban_nav` [ RunTime:0.0020s ]
INFO: [ app_end ] --START--
INFO: Run Behavior\ShowPageTraceBehavior [ RunTime:0.004000s ]
INFO: [ app_end ] --END-- [ RunTime:0.004000s ]

[ 2017-12-21T12:10:40+08:00 ] 127.0.0.1 /moban/index.php/Admin/Nav/navSort
INFO: [ app_begin ] --START--
INFO: Run Behavior\ReadHtmlCacheBehavior [ RunTime:0.001000s ]
INFO: [ app_begin ] --END-- [ RunTime:0.001000s ]
NOTIC: [8] Use of undefined constant regex - assumed 'regex' D:\wamp\www\moban\ThinkPHP\Common\functions.php 第 588 行.
NOTIC: [8] Use of undefined constant regex - assumed 'regex' D:\wamp\www\moban\ThinkPHP\Common\functions.php 第 588 行.
SQL: SHOW COLUMNS FROM `muban_nav` [ RunTime:0.0010s ]
SQL: UPDATE muban_nav SET sort=50 WHERE id=1 [ RunTime:0.0100s ]
SQL: UPDATE muban_nav SET sort=51 WHERE id=2 [ RunTime:0.0040s ]
SQL: UPDATE muban_nav SET sort=52 WHERE id=3 [ RunTime:0.0020s ]
SQL: UPDATE muban_nav SET sort=53 WHERE id=4 [ RunTime:0.0000s ]
SQL: UPDATE muban_nav SET sort=54 WHERE id=5 [ RunTime:0.0020s ]
SQL: UPDATE muban_nav SET sort=55 WHERE id=6 [ RunTime:0.0010s ]
INFO: [ app_end ] --START--
INFO: Run Behavior\ShowPageTraceBehavior [ RunTime:0.000000s ]
INFO: [ app_end ] --END-- [ RunTime:0.000000s ]

[ 2017-12-21T12:14:50+08:00 ] 127.0.0.1 /moban/index.php/Admin/Nav/navSort
INFO: [ app_begin ] --START--
INFO: Run Behavior\ReadHtmlCacheBehavior [ RunTime:0.001000s ]
INFO: [ app_begin ] --END-- [ RunTime:0.001000s ]
NOTIC: [8] Use of undefined constant regex - assumed 'regex' D:\wamp\www\moban\ThinkPHP\Common\functions.php 第 588 行.
NOTIC: [8] Use of undefined constant regex - assumed 'regex' D:\wamp\www\moban\ThinkPHP\Common\functions.php 第 588 行.
SQL: SHOW COLUMNS FROM `muban_nav` [ RunTime:0.0010s ]
SQL: UPDATE muban_nav SET sort=55 WHERE id=1 [ RunTime:0.0040s ]
NOTIC: [8] Undefined variable: data D:\wamp\www\moban\Application\Admin\Controller\NavController.class.php 第 136 行.

[ 2017-12-21T12:16:14+08:00 ] 127.0.0.1 /moban/index.php/Admin/Nav/navSort
INFO: [ app_begin ] --START--
INFO: Run Behavior\ReadHtmlCacheBehavior [ RunTime:0.000000s ]
INFO: [ app_begin ] --END-- [ RunTime:0.000000s ]
NOTIC: [8] Use of undefined constant regex - assumed 'regex' D:\wamp\www\moban\ThinkPHP\Common\functions.php 第 588 行.
NOTIC: [8] Use of undefined constant regex - assumed 'regex' D:\wamp\www\moban\ThinkPHP\Common\functions.php 第 588 行.
SQL: SHOW COLUMNS FROM `muban_nav` [ RunTime:0.0010s ]
INFO: [ app_end ] --START--
INFO: Run Behavior\ShowPageTraceBehavior [ RunTime:0.001000s ]
INFO: [ app_end ] --END-- [ RunTime:0.001000s ]

[ 2017-12-21T12:16:14+08:00 ] 127.0.0.1 /moban/index.php/Admin/Nav/undefined
ERR: 非法操作:undefined

[ 2017-12-21T12:16:16+08:00 ] 127.0.0.1 /moban/index.php/Admin/Nav/undefined
ERR: 非法操作:undefined

[ 2017-12-21T12:17:00+08:00 ] 127.0.0.1 /moban/index.php/Admin/Nav/navSort
INFO: [ app_begin ] --START--
INFO: Run Behavior\ReadHtmlCacheBehavior [ RunTime:0.001001s ]
INFO: [ app_begin ] --END-- [ RunTime:0.001001s ]
NOTIC: [8] Use of undefined constant regex - assumed 'regex' D:\wamp\www\moban\ThinkPHP\Common\functions.php 第 588 行.
NOTIC: [8] Use of undefined constant regex - assumed 'regex' D:\wamp\www\moban\ThinkPHP\Common\functions.php 第 588 行.
SQL: SHOW COLUMNS FROM `muban_nav` [ RunTime:0.0010s ]
SQL: UPDATE muban_nav SET sort=55 WHERE id=1 [ RunTime:0.0010s ]
SQL: UPDATE muban_nav SET sort=55 WHERE id=2 [ RunTime:0.0010s ]
SQL: UPDATE muban_nav SET sort=55 WHERE id=3 [ RunTime:0.0000s ]
SQL: UPDATE muban_nav SET sort=55 WHERE id=4 [ RunTime:0.0010s ]
SQL: UPDATE muban_nav SET sort=55 WHERE id=5 [ RunTime:0.0020s ]
SQL: UPDATE muban_nav SET sort=55 WHERE id=6 [ RunTime:0.0010s ]
INFO: [ app_end ] --START--
INFO: Run Behavior\ShowPageTraceBehavior [ RunTime:0.000000s ]
INFO: [ app_end ] --END-- [ RunTime:0.001000s ]

[ 2017-12-21T12:17:48+08:00 ] 127.0.0.1 /moban/index.php/Admin/Nav/navSort
INFO: [ app_begin ] --START--
INFO: Run Behavior\ReadHtmlCacheBehavior [ RunTime:0.001000s ]
INFO: [ app_begin ] --END-- [ RunTime:0.001000s ]
NOTIC: [8] Use of undefined constant regex - assumed 'regex' D:\wamp\www\moban\ThinkPHP\Common\functions.php 第 588 行.
NOTIC: [8] Use of undefined constant regex - assumed 'regex' D:\wamp\www\moban\ThinkPHP\Common\functions.php 第 588 行.
SQL: SHOW COLUMNS FROM `muban_nav` [ RunTime:0.0020s ]
SQL: UPDATE muban_nav SET sort=50 WHERE id=1 [ RunTime:0.0030s ]
SQL: UPDATE muban_nav SET sort=51 WHERE id=2 [ RunTime:0.0050s ]
SQL: UPDATE muban_nav SET sort=52 WHERE id=3 [ RunTime:0.0010s ]
SQL: UPDATE muban_nav SET sort=53 WHERE id=4 [ RunTime:0.0010s ]
SQL: UPDATE muban_nav SET sort=54 WHERE id=5 [ RunTime:0.0020s ]
SQL: UPDATE muban_nav SET sort=55 WHERE id=6 [ RunTime:0.0010s ]

[ 2017-12-21T12:28:02+08:00 ] 127.0.0.1 /moban/index.php/Admin/Nav/add
INFO: [ app_begin ] --START--
INFO: Run Behavior\ReadHtmlCacheBehavior [ RunTime:0.001000s ]
INFO: [ app_begin ] --END-- [ RunTime:0.001000s ]
NOTIC: [8] Use of undefined constant regex - assumed 'regex' D:\wamp\www\moban\ThinkPHP\Common\functions.php 第 588 行.
NOTIC: [8] Use of undefined constant regex - assumed 'regex' D:\wamp\www\moban\ThinkPHP\Common\functions.php 第 588 行.
SQL: SHOW COLUMNS FROM `muban_nav` [ RunTime:0.0040s ]
NOTIC: [8] Undefined index: validate D:\wamp\www\moban\ThinkPHP\Library\Think\Model.class.php 第 1185 行.
NOTIC: [8] Undefined index: auto D:\wamp\www\moban\ThinkPHP\Library\Think\Model.class.php 第 1128 行.
SQL: INSERT INTO `muban_nav` (`title`,`url`,`sort`) VALUES ('免费模板','Free/index','55') [ RunTime:0.0060s ]

[ 2017-12-21T12:29:13+08:00 ] 127.0.0.1 /moban/index.php/Admin/Nav/add
INFO: [ app_begin ] --START--
INFO: Run Behavior\ReadHtmlCacheBehavior [ RunTime:0.000000s ]
INFO: [ app_begin ] --END-- [ RunTime:0.000000s ]
NOTIC: [8] Use of undefined constant regex - assumed 'regex' D:\wamp\www\moban\ThinkPHP\Common\functions.php 第 588 行.
NOTIC: [8] Use of undefined constant regex - assumed 'regex' D:\wamp\www\moban\ThinkPHP\Common\functions.php 第 588 行.
SQL: SHOW COLUMNS FROM `muban_nav` [ RunTime:0.0020s ]
NOTIC: [8] Undefined index: validate D:\wamp\www\moban\ThinkPHP\Library\Think\Model.class.php 第 1185 行.
NOTIC: [8] Undefined index: auto D:\wamp\www\moban\ThinkPHP\Library\Think\Model.class.php 第 1128 行.
SQL: INSERT INTO `muban_nav` (`title`,`url`,`sort`) VALUES ('加入VIP','Jvip/index','55') [ RunTime:0.0030s ]

