[ 2017-12-29T10:04:32+08:00 ] 127.0.0.1 /moban/index.php/Admin/Login/login
INFO: [ app_begin ] --START--
INFO: Run Behavior\ReadHtmlCacheBehavior [ RunTime:0.001000s ]
INFO: [ app_begin ] --END-- [ RunTime:0.002000s ]
NOTIC: [8] Use of undefined constant regex - assumed 'regex' D:\wamp\www\moban\ThinkPHP\Common\functions.php 第 588 行.
NOTIC: [8] Use of undefined constant regex - assumed 'regex' D:\wamp\www\moban\ThinkPHP\Common\functions.php 第 588 行.
SQL: SHOW COLUMNS FROM `muban_admin` [ RunTime:0.0060s ]
NOTIC: [8] Undefined index: validate D:\wamp\www\moban\ThinkPHP\Library\Think\Model.class.php 第 1185 行.
NOTIC: [8] Undefined index: auto D:\wamp\www\moban\ThinkPHP\Library\Think\Model.class.php 第 1128 行.
SQL: SELECT * FROM `muban_admin` WHERE `username` = 'admin' LIMIT 1   [ RunTime:0.0030s ]
SQL: UPDATE `muban_admin` SET `login_time`=NOW(),`login_ip`='2130706433' WHERE `username` = 'admin' [ RunTime:0.0140s ]

[ 2017-12-29T10:17:53+08:00 ] 127.0.0.1 /moban/index.php/Admin/Login/login
INFO: [ app_begin ] --START--
INFO: Run Behavior\ReadHtmlCacheBehavior [ RunTime:0.000000s ]
INFO: [ app_begin ] --END-- [ RunTime:0.001000s ]
NOTIC: [8] Use of undefined constant regex - assumed 'regex' D:\wamp\www\moban\ThinkPHP\Common\functions.php 第 588 行.
NOTIC: [8] Use of undefined constant regex - assumed 'regex' D:\wamp\www\moban\ThinkPHP\Common\functions.php 第 588 行.
SQL: SHOW COLUMNS FROM `muban_admin` [ RunTime:0.0020s ]
NOTIC: [8] Undefined index: validate D:\wamp\www\moban\ThinkPHP\Library\Think\Model.class.php 第 1185 行.
NOTIC: [8] Undefined index: auto D:\wamp\www\moban\ThinkPHP\Library\Think\Model.class.php 第 1128 行.
SQL: SELECT * FROM `muban_admin` WHERE `username` = 'admin' LIMIT 1   [ RunTime:0.0010s ]
SQL: UPDATE `muban_admin` SET `login_time`=NOW(),`login_ip`='2130706433' WHERE `username` = 'admin' [ RunTime:0.0030s ]

[ 2017-12-29T10:19:07+08:00 ] 127.0.0.1 /moban/index.php/Admin/Login/login
INFO: [ app_begin ] --START--
INFO: Run Behavior\ReadHtmlCacheBehavior [ RunTime:0.000000s ]
INFO: [ app_begin ] --END-- [ RunTime:0.000000s ]
NOTIC: [8] Use of undefined constant regex - assumed 'regex' D:\wamp\www\moban\ThinkPHP\Common\functions.php 第 588 行.
NOTIC: [8] Use of undefined constant regex - assumed 'regex' D:\wamp\www\moban\ThinkPHP\Common\functions.php 第 588 行.
SQL: SHOW COLUMNS FROM `muban_admin` [ RunTime:0.0010s ]
NOTIC: [8] Undefined index: validate D:\wamp\www\moban\ThinkPHP\Library\Think\Model.class.php 第 1185 行.
NOTIC: [8] Undefined index: auto D:\wamp\www\moban\ThinkPHP\Library\Think\Model.class.php 第 1128 行.
SQL: SELECT * FROM `muban_admin` WHERE `username` = 'admin' LIMIT 1   [ RunTime:0.0010s ]
SQL: UPDATE `muban_admin` SET `login_time`=NOW(),`login_ip`='2130706433' WHERE `username` = 'admin' [ RunTime:0.0030s ]

[ 2017-12-29T10:21:28+08:00 ] 127.0.0.1 /moban/index.php/Admin/Login/login
INFO: [ app_begin ] --START--
INFO: Run Behavior\ReadHtmlCacheBehavior [ RunTime:0.000000s ]
INFO: [ app_begin ] --END-- [ RunTime:0.000000s ]
NOTIC: [8] Use of undefined constant regex - assumed 'regex' D:\wamp\www\moban\ThinkPHP\Common\functions.php 第 588 行.
NOTIC: [8] Use of undefined constant regex - assumed 'regex' D:\wamp\www\moban\ThinkPHP\Common\functions.php 第 588 行.
SQL: SHOW COLUMNS FROM `muban_admin` [ RunTime:0.0050s ]
NOTIC: [8] Undefined index: validate D:\wamp\www\moban\ThinkPHP\Library\Think\Model.class.php 第 1185 行.
NOTIC: [8] Undefined index: auto D:\wamp\www\moban\ThinkPHP\Library\Think\Model.class.php 第 1128 行.
SQL: SELECT * FROM `muban_admin` WHERE `username` = 'admin' LIMIT 1   [ RunTime:0.0000s ]
SQL: UPDATE `muban_admin` SET `login_time`=NOW(),`login_ip`='2130706433' WHERE `username` = 'admin' [ RunTime:0.0040s ]

[ 2017-12-29T10:21:38+08:00 ] 127.0.0.1 /moban/index.php/Admin/Member/adjust_funding.html
ERR: 非法操作:adjust_funding

[ 2017-12-29T10:21:41+08:00 ] 127.0.0.1 /moban/index.php/Admin/Member/order_list.html
ERR: 非法操作:order_list

[ 2017-12-29T10:21:48+08:00 ] 127.0.0.1 /moban/index.php/Admin/Nav/recycle_bin.html
ERR: 非法操作:recycle_bin

[ 2017-12-29T10:21:58+08:00 ] 127.0.0.1 /moban/index.php/Admin/Nav/order_list.html
ERR: 非法操作:order_list

[ 2017-12-29T10:42:54+08:00 ] 127.0.0.1 /moban/index.php/Admin/GoodsIndustry/add
ERR: 1146:Table 'muban.muban_goods_industry' doesn't exist
 [ SQL语句 ] : SHOW COLUMNS FROM `muban_goods_industry`

[ 2017-12-29T11:10:19+08:00 ] 127.0.0.1 /moban/index.php/Admin/GoodsIndutry/index.html
ERR: 无法加载控制器:GoodsIndutry

[ 2017-12-29T11:10:49+08:00 ] 127.0.0.1 /moban/index.php/Admin/GoodsIndutry/index.html
ERR: 无法加载控制器:GoodsIndutry

[ 2017-12-29T11:10:51+08:00 ] 127.0.0.1 /moban/index.php/Admin/GoodsIndutry/index.html
ERR: 无法加载控制器:GoodsIndutry

[ 2017-12-29T11:10:59+08:00 ] 127.0.0.1 /moban/index.php/Admin/GoodsIndsutry/index.html
ERR: 无法加载控制器:GoodsIndsutry

