[ 2018-03-22T16:05:11+08:00 ] 127.0.0.1 /moban/index.php/Admin/Attr/getAttr
INFO: [ app_begin ] --START--
INFO: Run Behavior\ReadHtmlCacheBehavior [ RunTime:0.001000s ]
INFO: [ app_begin ] --END-- [ RunTime:0.004001s ]
SQL: SHOW COLUMNS FROM `moban_attr` [ RunTime:0.0120s ]
SQL: SELECT * FROM `moban_attr` WHERE `attrtype_id` = 2  [ RunTime:0.0010s ]
INFO: [ app_end ] --START--
INFO: Run Behavior\ShowPageTraceBehavior [ RunTime:0.001000s ]
INFO: [ app_end ] --END-- [ RunTime:0.003000s ]

[ 2018-03-22T16:30:57+08:00 ] 127.0.0.1 /moban/index.php/Admin/Lun/UPLODIFY/jquery.uploadify.min.js
ERR: 非法操作:UPLODIFY

[ 2018-03-22T16:30:57+08:00 ] 127.0.0.1 /moban/index.php/Admin/Lun/UPLODIFY/jquery.uploadify.min.js
ERR: 非法操作:UPLODIFY

[ 2018-03-22T18:30:22+08:00 ] 127.0.0.1 /moban/index.php/Admin/Lun/add
INFO: [ app_init ] --START--
INFO: Run Behavior\BuildLiteBehavior [ RunTime:0.000000s ]
INFO: [ app_init ] --END-- [ RunTime:0.001000s ]
INFO: [ app_begin ] --START--
INFO: Run Behavior\ReadHtmlCacheBehavior [ RunTime:0.002000s ]
INFO: [ app_begin ] --END-- [ RunTime:0.008001s ]
INFO: [ view_parse ] --START--
INFO: [ template_filter ] --START--
INFO: Run Behavior\ContentReplaceBehavior [ RunTime:0.001000s ]
INFO: [ template_filter ] --END-- [ RunTime:0.002000s ]
NOTIC: [8] Undefined variable: ac D:\wamp\www\moban\Application\Runtime\Cache\Admin\5401bc9030fd45b35fba00e7e59b51bc.php 第 103 行.
NOTIC: [8] Undefined variable: ac D:\wamp\www\moban\Application\Runtime\Cache\Admin\5401bc9030fd45b35fba00e7e59b51bc.php 第 103 行.
NOTIC: [8] Undefined variable: ac D:\wamp\www\moban\Application\Runtime\Cache\Admin\5401bc9030fd45b35fba00e7e59b51bc.php 第 103 行.
NOTIC: [8] Undefined variable: ac D:\wamp\www\moban\Application\Runtime\Cache\Admin\5401bc9030fd45b35fba00e7e59b51bc.php 第 103 行.
NOTIC: [8] Undefined variable: ac D:\wamp\www\moban\Application\Runtime\Cache\Admin\5401bc9030fd45b35fba00e7e59b51bc.php 第 134 行.
NOTIC: [8] Undefined variable: ac D:\wamp\www\moban\Application\Runtime\Cache\Admin\5401bc9030fd45b35fba00e7e59b51bc.php 第 134 行.
NOTIC: [8] Undefined variable: ac D:\wamp\www\moban\Application\Runtime\Cache\Admin\5401bc9030fd45b35fba00e7e59b51bc.php 第 134 行.
NOTIC: [8] Undefined variable: ac D:\wamp\www\moban\Application\Runtime\Cache\Admin\5401bc9030fd45b35fba00e7e59b51bc.php 第 134 行.
NOTIC: [8] Undefined variable: ac D:\wamp\www\moban\Application\Runtime\Cache\Admin\5401bc9030fd45b35fba00e7e59b51bc.php 第 134 行.
NOTIC: [8] Undefined variable: ac D:\wamp\www\moban\Application\Runtime\Cache\Admin\5401bc9030fd45b35fba00e7e59b51bc.php 第 172 行.
INFO: Run Behavior\ParseTemplateBehavior [ RunTime:0.040002s ]
INFO: [ view_parse ] --END-- [ RunTime:0.041002s ]
INFO: [ view_filter ] --START--
INFO: Run Behavior\WriteHtmlCacheBehavior [ RunTime:0.001000s ]
INFO: [ view_filter ] --END-- [ RunTime:0.002000s ]
INFO: [ app_end ] --START--
INFO: Run Behavior\ShowPageTraceBehavior [ RunTime:0.004000s ]
INFO: [ app_end ] --END-- [ RunTime:0.004000s ]

[ 2018-03-22T18:30:25+08:00 ] 127.0.0.1 /moban/index.php/Admin/Lun/
INFO: [ app_init ] --START--
INFO: Run Behavior\BuildLiteBehavior [ RunTime:0.000000s ]
INFO: [ app_init ] --END-- [ RunTime:0.002000s ]
INFO: [ app_begin ] --START--
INFO: Run Behavior\ReadHtmlCacheBehavior [ RunTime:0.002001s ]
INFO: [ app_begin ] --END-- [ RunTime:0.002001s ]
INFO: [ view_parse ] --START--
INFO: [ template_filter ] --START--
INFO: Run Behavior\ContentReplaceBehavior [ RunTime:0.001000s ]
INFO: [ template_filter ] --END-- [ RunTime:0.002000s ]
NOTIC: [8] Undefined variable: users D:\wamp\www\moban\Application\Runtime\Cache\Admin\9a0c1983ba1f6b29d28c425543780237.php 第 292 行.
NOTIC: [8] Undefined variable: page D:\wamp\www\moban\Application\Runtime\Cache\Admin\9a0c1983ba1f6b29d28c425543780237.php 第 325 行.
INFO: Run Behavior\ParseTemplateBehavior [ RunTime:0.092005s ]
INFO: [ view_parse ] --END-- [ RunTime:0.093005s ]
INFO: [ view_filter ] --START--
INFO: Run Behavior\WriteHtmlCacheBehavior [ RunTime:0.002000s ]
INFO: [ view_filter ] --END-- [ RunTime:0.002000s ]
INFO: [ app_end ] --START--
INFO: Run Behavior\ShowPageTraceBehavior [ RunTime:0.009001s ]
INFO: [ app_end ] --END-- [ RunTime:0.010001s ]

[ 2018-03-22T18:30:30+08:00 ] 127.0.0.1 /moban/index.php/Admin/Lun/uploadify
INFO: [ app_init ] --START--
INFO: Run Behavior\BuildLiteBehavior [ RunTime:0.000000s ]
INFO: [ app_init ] --END-- [ RunTime:0.001001s ]
INFO: [ app_begin ] --START--
INFO: Run Behavior\ReadHtmlCacheBehavior [ RunTime:0.013000s ]
INFO: [ app_begin ] --END-- [ RunTime:0.013000s ]
NOTIC: [2] call_user_func() expects parameter 1 to be a valid callback, no array or string given D:\wamp\www\moban\ThinkPHP\Library\Think\Upload.class.php 第 170 行.
INFO: [ app_end ] --START--
INFO: Run Behavior\ShowPageTraceBehavior [ RunTime:0.002000s ]
INFO: [ app_end ] --END-- [ RunTime:0.002000s ]

[ 2018-03-22T18:31:24+08:00 ] 127.0.0.1 /moban/index.php/Admin/Lun/add
INFO: [ app_init ] --START--
INFO: Run Behavior\BuildLiteBehavior [ RunTime:0.000000s ]
INFO: [ app_init ] --END-- [ RunTime:0.001000s ]
INFO: [ app_begin ] --START--
INFO: Run Behavior\ReadHtmlCacheBehavior [ RunTime:0.002001s ]
INFO: [ app_begin ] --END-- [ RunTime:0.003001s ]
INFO: [ view_parse ] --START--
INFO: [ template_filter ] --START--
INFO: Run Behavior\ContentReplaceBehavior [ RunTime:0.001000s ]
INFO: [ template_filter ] --END-- [ RunTime:0.002000s ]
NOTIC: [8] Undefined variable: ac D:\wamp\www\moban\Application\Runtime\Cache\Admin\5401bc9030fd45b35fba00e7e59b51bc.php 第 103 行.
NOTIC: [8] Undefined variable: ac D:\wamp\www\moban\Application\Runtime\Cache\Admin\5401bc9030fd45b35fba00e7e59b51bc.php 第 103 行.
NOTIC: [8] Undefined variable: ac D:\wamp\www\moban\Application\Runtime\Cache\Admin\5401bc9030fd45b35fba00e7e59b51bc.php 第 103 行.
NOTIC: [8] Undefined variable: ac D:\wamp\www\moban\Application\Runtime\Cache\Admin\5401bc9030fd45b35fba00e7e59b51bc.php 第 103 行.
NOTIC: [8] Undefined variable: ac D:\wamp\www\moban\Application\Runtime\Cache\Admin\5401bc9030fd45b35fba00e7e59b51bc.php 第 134 行.
NOTIC: [8] Undefined variable: ac D:\wamp\www\moban\Application\Runtime\Cache\Admin\5401bc9030fd45b35fba00e7e59b51bc.php 第 134 行.
NOTIC: [8] Undefined variable: ac D:\wamp\www\moban\Application\Runtime\Cache\Admin\5401bc9030fd45b35fba00e7e59b51bc.php 第 134 行.
NOTIC: [8] Undefined variable: ac D:\wamp\www\moban\Application\Runtime\Cache\Admin\5401bc9030fd45b35fba00e7e59b51bc.php 第 134 行.
NOTIC: [8] Undefined variable: ac D:\wamp\www\moban\Application\Runtime\Cache\Admin\5401bc9030fd45b35fba00e7e59b51bc.php 第 134 行.
NOTIC: [8] Undefined variable: ac D:\wamp\www\moban\Application\Runtime\Cache\Admin\5401bc9030fd45b35fba00e7e59b51bc.php 第 172 行.
INFO: Run Behavior\ParseTemplateBehavior [ RunTime:0.039003s ]
INFO: [ view_parse ] --END-- [ RunTime:0.039003s ]
INFO: [ view_filter ] --START--
INFO: Run Behavior\WriteHtmlCacheBehavior [ RunTime:0.001000s ]
INFO: [ view_filter ] --END-- [ RunTime:0.002000s ]
INFO: [ app_end ] --START--
INFO: Run Behavior\ShowPageTraceBehavior [ RunTime:0.003000s ]
INFO: [ app_end ] --END-- [ RunTime:0.003000s ]

[ 2018-03-22T18:31:26+08:00 ] 127.0.0.1 /moban/index.php/Admin/Lun/
INFO: [ app_init ] --START--
INFO: Run Behavior\BuildLiteBehavior [ RunTime:0.000000s ]
INFO: [ app_init ] --END-- [ RunTime:0.001000s ]
INFO: [ app_begin ] --START--
INFO: Run Behavior\ReadHtmlCacheBehavior [ RunTime:0.003000s ]
INFO: [ app_begin ] --END-- [ RunTime:0.003000s ]
INFO: [ view_parse ] --START--
INFO: [ template_filter ] --START--
INFO: Run Behavior\ContentReplaceBehavior [ RunTime:0.001000s ]
INFO: [ template_filter ] --END-- [ RunTime:0.002000s ]
NOTIC: [8] Undefined variable: users D:\wamp\www\moban\Application\Runtime\Cache\Admin\9a0c1983ba1f6b29d28c425543780237.php 第 292 行.
NOTIC: [8] Undefined variable: page D:\wamp\www\moban\Application\Runtime\Cache\Admin\9a0c1983ba1f6b29d28c425543780237.php 第 325 行.
INFO: Run Behavior\ParseTemplateBehavior [ RunTime:0.084004s ]
INFO: [ view_parse ] --END-- [ RunTime:0.085004s ]
INFO: [ view_filter ] --START--
INFO: Run Behavior\WriteHtmlCacheBehavior [ RunTime:0.002001s ]
INFO: [ view_filter ] --END-- [ RunTime:0.002001s ]
INFO: [ app_end ] --START--
INFO: Run Behavior\ShowPageTraceBehavior [ RunTime:0.003000s ]
INFO: [ app_end ] --END-- [ RunTime:0.004000s ]

[ 2018-03-22T18:31:37+08:00 ] 127.0.0.1 /moban/index.php/Admin/Lun/uploadify
INFO: [ app_init ] --START--
INFO: Run Behavior\BuildLiteBehavior [ RunTime:0.000000s ]
INFO: [ app_init ] --END-- [ RunTime:0.001001s ]
INFO: [ app_begin ] --START--
INFO: Run Behavior\ReadHtmlCacheBehavior [ RunTime:0.001000s ]
INFO: [ app_begin ] --END-- [ RunTime:0.002000s ]
NOTIC: [2] call_user_func() expects parameter 1 to be a valid callback, no array or string given D:\wamp\www\moban\ThinkPHP\Library\Think\Upload.class.php 第 170 行.
INFO: [ app_end ] --START--
INFO: Run Behavior\ShowPageTraceBehavior [ RunTime:0.002000s ]
INFO: [ app_end ] --END-- [ RunTime:0.002000s ]

[ 2018-03-22T18:31:37+08:00 ] 127.0.0.1 /moban/index.php/Admin/Lun/[object%20Object]
INFO: [ app_init ] --START--
INFO: Run Behavior\BuildLiteBehavior [ RunTime:0.000000s ]
INFO: [ app_init ] --END-- [ RunTime:0.002000s ]
INFO: [ app_begin ] --START--
INFO: Run Behavior\ReadHtmlCacheBehavior [ RunTime:0.003000s ]
INFO: [ app_begin ] --END-- [ RunTime:0.005000s ]
ERR: 非法操作:[object Object]

[ 2018-03-22T18:32:42+08:00 ] 127.0.0.1 /moban/index.php/Admin/Lun/add
INFO: [ app_init ] --START--
INFO: Run Behavior\BuildLiteBehavior [ RunTime:0.000000s ]
INFO: [ app_init ] --END-- [ RunTime:0.002000s ]
INFO: [ app_begin ] --START--
INFO: Run Behavior\ReadHtmlCacheBehavior [ RunTime:0.002000s ]
INFO: [ app_begin ] --END-- [ RunTime:0.002000s ]
INFO: [ view_parse ] --START--
INFO: [ template_filter ] --START--
INFO: Run Behavior\ContentReplaceBehavior [ RunTime:0.001000s ]
INFO: [ template_filter ] --END-- [ RunTime:0.002000s ]
NOTIC: [8] Undefined variable: ac D:\wamp\www\moban\Application\Runtime\Cache\Admin\5401bc9030fd45b35fba00e7e59b51bc.php 第 103 行.
NOTIC: [8] Undefined variable: ac D:\wamp\www\moban\Application\Runtime\Cache\Admin\5401bc9030fd45b35fba00e7e59b51bc.php 第 103 行.
NOTIC: [8] Undefined variable: ac D:\wamp\www\moban\Application\Runtime\Cache\Admin\5401bc9030fd45b35fba00e7e59b51bc.php 第 103 行.
NOTIC: [8] Undefined variable: ac D:\wamp\www\moban\Application\Runtime\Cache\Admin\5401bc9030fd45b35fba00e7e59b51bc.php 第 103 行.
NOTIC: [8] Undefined variable: ac D:\wamp\www\moban\Application\Runtime\Cache\Admin\5401bc9030fd45b35fba00e7e59b51bc.php 第 134 行.
NOTIC: [8] Undefined variable: ac D:\wamp\www\moban\Application\Runtime\Cache\Admin\5401bc9030fd45b35fba00e7e59b51bc.php 第 134 行.
NOTIC: [8] Undefined variable: ac D:\wamp\www\moban\Application\Runtime\Cache\Admin\5401bc9030fd45b35fba00e7e59b51bc.php 第 134 行.
NOTIC: [8] Undefined variable: ac D:\wamp\www\moban\Application\Runtime\Cache\Admin\5401bc9030fd45b35fba00e7e59b51bc.php 第 134 行.
NOTIC: [8] Undefined variable: ac D:\wamp\www\moban\Application\Runtime\Cache\Admin\5401bc9030fd45b35fba00e7e59b51bc.php 第 134 行.
NOTIC: [8] Undefined variable: ac D:\wamp\www\moban\Application\Runtime\Cache\Admin\5401bc9030fd45b35fba00e7e59b51bc.php 第 172 行.
INFO: Run Behavior\ParseTemplateBehavior [ RunTime:0.040003s ]
INFO: [ view_parse ] --END-- [ RunTime:0.040003s ]
INFO: [ view_filter ] --START--
INFO: Run Behavior\WriteHtmlCacheBehavior [ RunTime:0.001000s ]
INFO: [ view_filter ] --END-- [ RunTime:0.002000s ]
INFO: [ app_end ] --START--
INFO: Run Behavior\ShowPageTraceBehavior [ RunTime:0.002000s ]
INFO: [ app_end ] --END-- [ RunTime:0.002000s ]

[ 2018-03-22T18:32:45+08:00 ] 127.0.0.1 /moban/index.php/Admin/Lun/
INFO: [ app_init ] --START--
INFO: Run Behavior\BuildLiteBehavior [ RunTime:0.000000s ]
INFO: [ app_init ] --END-- [ RunTime:0.003000s ]
INFO: [ app_begin ] --START--
INFO: Run Behavior\ReadHtmlCacheBehavior [ RunTime:0.002000s ]
INFO: [ app_begin ] --END-- [ RunTime:0.002000s ]
INFO: [ view_parse ] --START--
INFO: [ template_filter ] --START--
INFO: Run Behavior\ContentReplaceBehavior [ RunTime:0.001001s ]
INFO: [ template_filter ] --END-- [ RunTime:0.002001s ]
NOTIC: [8] Undefined variable: users D:\wamp\www\moban\Application\Runtime\Cache\Admin\9a0c1983ba1f6b29d28c425543780237.php 第 292 行.
NOTIC: [8] Undefined variable: page D:\wamp\www\moban\Application\Runtime\Cache\Admin\9a0c1983ba1f6b29d28c425543780237.php 第 325 行.
INFO: Run Behavior\ParseTemplateBehavior [ RunTime:0.187011s ]
INFO: [ view_parse ] --END-- [ RunTime:0.188011s ]
INFO: [ view_filter ] --START--
INFO: Run Behavior\WriteHtmlCacheBehavior [ RunTime:0.001000s ]
INFO: [ view_filter ] --END-- [ RunTime:0.002000s ]
INFO: [ app_end ] --START--
INFO: Run Behavior\ShowPageTraceBehavior [ RunTime:0.002000s ]
INFO: [ app_end ] --END-- [ RunTime:0.002000s ]

[ 2018-03-22T18:32:55+08:00 ] 127.0.0.1 /moban/index.php/Admin/Lun/uploadify
INFO: [ app_init ] --START--
INFO: Run Behavior\BuildLiteBehavior [ RunTime:0.000000s ]
INFO: [ app_init ] --END-- [ RunTime:0.003000s ]
INFO: [ app_begin ] --START--
INFO: Run Behavior\ReadHtmlCacheBehavior [ RunTime:0.001000s ]
INFO: [ app_begin ] --END-- [ RunTime:0.003000s ]
NOTIC: [2] call_user_func() expects parameter 1 to be a valid callback, no array or string given D:\wamp\www\moban\ThinkPHP\Library\Think\Upload.class.php 第 170 行.
INFO: [ app_end ] --START--
INFO: Run Behavior\ShowPageTraceBehavior [ RunTime:0.002000s ]
INFO: [ app_end ] --END-- [ RunTime:0.003000s ]

[ 2018-03-22T18:33:30+08:00 ] 127.0.0.1 /moban/index.php/Admin/Lun/add
INFO: [ app_init ] --START--
INFO: Run Behavior\BuildLiteBehavior [ RunTime:0.001000s ]
INFO: [ app_init ] --END-- [ RunTime:0.002000s ]
INFO: [ app_begin ] --START--
INFO: Run Behavior\ReadHtmlCacheBehavior [ RunTime:0.002000s ]
INFO: [ app_begin ] --END-- [ RunTime:0.002000s ]
INFO: [ view_parse ] --START--
INFO: [ template_filter ] --START--
INFO: Run Behavior\ContentReplaceBehavior [ RunTime:0.001000s ]
INFO: [ template_filter ] --END-- [ RunTime:0.002000s ]
NOTIC: [8] Undefined variable: ac D:\wamp\www\moban\Application\Runtime\Cache\Admin\5401bc9030fd45b35fba00e7e59b51bc.php 第 103 行.
NOTIC: [8] Undefined variable: ac D:\wamp\www\moban\Application\Runtime\Cache\Admin\5401bc9030fd45b35fba00e7e59b51bc.php 第 103 行.
NOTIC: [8] Undefined variable: ac D:\wamp\www\moban\Application\Runtime\Cache\Admin\5401bc9030fd45b35fba00e7e59b51bc.php 第 103 行.
NOTIC: [8] Undefined variable: ac D:\wamp\www\moban\Application\Runtime\Cache\Admin\5401bc9030fd45b35fba00e7e59b51bc.php 第 103 行.
NOTIC: [8] Undefined variable: ac D:\wamp\www\moban\Application\Runtime\Cache\Admin\5401bc9030fd45b35fba00e7e59b51bc.php 第 134 行.
NOTIC: [8] Undefined variable: ac D:\wamp\www\moban\Application\Runtime\Cache\Admin\5401bc9030fd45b35fba00e7e59b51bc.php 第 134 行.
NOTIC: [8] Undefined variable: ac D:\wamp\www\moban\Application\Runtime\Cache\Admin\5401bc9030fd45b35fba00e7e59b51bc.php 第 134 行.
NOTIC: [8] Undefined variable: ac D:\wamp\www\moban\Application\Runtime\Cache\Admin\5401bc9030fd45b35fba00e7e59b51bc.php 第 134 行.
NOTIC: [8] Undefined variable: ac D:\wamp\www\moban\Application\Runtime\Cache\Admin\5401bc9030fd45b35fba00e7e59b51bc.php 第 134 行.
NOTIC: [8] Undefined variable: ac D:\wamp\www\moban\Application\Runtime\Cache\Admin\5401bc9030fd45b35fba00e7e59b51bc.php 第 172 行.
INFO: Run Behavior\ParseTemplateBehavior [ RunTime:0.038002s ]
INFO: [ view_parse ] --END-- [ RunTime:0.039002s ]
INFO: [ view_filter ] --START--
INFO: Run Behavior\WriteHtmlCacheBehavior [ RunTime:0.001000s ]
INFO: [ view_filter ] --END-- [ RunTime:0.002000s ]
INFO: [ app_end ] --START--
INFO: Run Behavior\ShowPageTraceBehavior [ RunTime:0.003001s ]
INFO: [ app_end ] --END-- [ RunTime:0.003001s ]

[ 2018-03-22T18:33:36+08:00 ] 127.0.0.1 /moban/index.php/Admin/Lun/
INFO: [ app_init ] --START--
INFO: Run Behavior\BuildLiteBehavior [ RunTime:0.000000s ]
INFO: [ app_init ] --END-- [ RunTime:0.001000s ]
INFO: [ app_begin ] --START--
INFO: Run Behavior\ReadHtmlCacheBehavior [ RunTime:0.003001s ]
INFO: [ app_begin ] --END-- [ RunTime:0.004001s ]
INFO: [ view_parse ] --START--
INFO: [ template_filter ] --START--
INFO: Run Behavior\ContentReplaceBehavior [ RunTime:0.001000s ]
INFO: [ template_filter ] --END-- [ RunTime:0.002000s ]
NOTIC: [8] Undefined variable: users D:\wamp\www\moban\Application\Runtime\Cache\Admin\9a0c1983ba1f6b29d28c425543780237.php 第 292 行.
NOTIC: [8] Undefined variable: page D:\wamp\www\moban\Application\Runtime\Cache\Admin\9a0c1983ba1f6b29d28c425543780237.php 第 325 行.
INFO: Run Behavior\ParseTemplateBehavior [ RunTime:0.049003s ]
INFO: [ view_parse ] --END-- [ RunTime:0.050003s ]
INFO: [ view_filter ] --START--
INFO: Run Behavior\WriteHtmlCacheBehavior [ RunTime:0.001000s ]
INFO: [ view_filter ] --END-- [ RunTime:0.003000s ]
INFO: [ app_end ] --START--
INFO: Run Behavior\ShowPageTraceBehavior [ RunTime:0.002000s ]
INFO: [ app_end ] --END-- [ RunTime:0.003000s ]

[ 2018-03-22T18:33:44+08:00 ] 127.0.0.1 /moban/index.php/Admin/Lun/uploadify
INFO: [ app_init ] --START--
INFO: Run Behavior\BuildLiteBehavior [ RunTime:0.000000s ]
INFO: [ app_init ] --END-- [ RunTime:0.002001s ]
INFO: [ app_begin ] --START--
INFO: Run Behavior\ReadHtmlCacheBehavior [ RunTime:0.001000s ]
INFO: [ app_begin ] --END-- [ RunTime:0.003000s ]
NOTIC: [2] call_user_func() expects parameter 1 to be a valid callback, no array or string given D:\wamp\www\moban\ThinkPHP\Library\Think\Upload.class.php 第 170 行.

[ 2018-03-22T18:34:17+08:00 ] 127.0.0.1 /moban/index.php/Admin/Lun/add
INFO: [ app_init ] --START--
INFO: Run Behavior\BuildLiteBehavior [ RunTime:0.000000s ]
INFO: [ app_init ] --END-- [ RunTime:0.002000s ]
INFO: [ app_begin ] --START--
INFO: Run Behavior\ReadHtmlCacheBehavior [ RunTime:0.006001s ]
INFO: [ app_begin ] --END-- [ RunTime:0.008001s ]
INFO: [ view_parse ] --START--
INFO: [ template_filter ] --START--
INFO: Run Behavior\ContentReplaceBehavior [ RunTime:0.001000s ]
INFO: [ template_filter ] --END-- [ RunTime:0.001000s ]
NOTIC: [8] Undefined variable: ac D:\wamp\www\moban\Application\Runtime\Cache\Admin\5401bc9030fd45b35fba00e7e59b51bc.php 第 103 行.
NOTIC: [8] Undefined variable: ac D:\wamp\www\moban\Application\Runtime\Cache\Admin\5401bc9030fd45b35fba00e7e59b51bc.php 第 103 行.
NOTIC: [8] Undefined variable: ac D:\wamp\www\moban\Application\Runtime\Cache\Admin\5401bc9030fd45b35fba00e7e59b51bc.php 第 103 行.
NOTIC: [8] Undefined variable: ac D:\wamp\www\moban\Application\Runtime\Cache\Admin\5401bc9030fd45b35fba00e7e59b51bc.php 第 103 行.
NOTIC: [8] Undefined variable: ac D:\wamp\www\moban\Application\Runtime\Cache\Admin\5401bc9030fd45b35fba00e7e59b51bc.php 第 134 行.
NOTIC: [8] Undefined variable: ac D:\wamp\www\moban\Application\Runtime\Cache\Admin\5401bc9030fd45b35fba00e7e59b51bc.php 第 134 行.
NOTIC: [8] Undefined variable: ac D:\wamp\www\moban\Application\Runtime\Cache\Admin\5401bc9030fd45b35fba00e7e59b51bc.php 第 134 行.
NOTIC: [8] Undefined variable: ac D:\wamp\www\moban\Application\Runtime\Cache\Admin\5401bc9030fd45b35fba00e7e59b51bc.php 第 134 行.
NOTIC: [8] Undefined variable: ac D:\wamp\www\moban\Application\Runtime\Cache\Admin\5401bc9030fd45b35fba00e7e59b51bc.php 第 134 行.
NOTIC: [8] Undefined variable: ac D:\wamp\www\moban\Application\Runtime\Cache\Admin\5401bc9030fd45b35fba00e7e59b51bc.php 第 172 行.
INFO: Run Behavior\ParseTemplateBehavior [ RunTime:0.041002s ]
INFO: [ view_parse ] --END-- [ RunTime:0.042002s ]
INFO: [ view_filter ] --START--
INFO: Run Behavior\WriteHtmlCacheBehavior [ RunTime:0.001000s ]
INFO: [ view_filter ] --END-- [ RunTime:0.008000s ]
INFO: [ app_end ] --START--
INFO: Run Behavior\ShowPageTraceBehavior [ RunTime:0.001000s ]
INFO: [ app_end ] --END-- [ RunTime:0.003000s ]

[ 2018-03-22T18:34:23+08:00 ] 127.0.0.1 /moban/index.php/Admin/Lun/
INFO: [ app_init ] --START--
INFO: Run Behavior\BuildLiteBehavior [ RunTime:0.000000s ]
INFO: [ app_init ] --END-- [ RunTime:0.002000s ]
INFO: [ app_begin ] --START--
INFO: Run Behavior\ReadHtmlCacheBehavior [ RunTime:0.001000s ]
INFO: [ app_begin ] --END-- [ RunTime:0.002000s ]
INFO: [ view_parse ] --START--
INFO: [ template_filter ] --START--
INFO: Run Behavior\ContentReplaceBehavior [ RunTime:0.001000s ]
INFO: [ template_filter ] --END-- [ RunTime:0.002000s ]
NOTIC: [8] Undefined variable: users D:\wamp\www\moban\Application\Runtime\Cache\Admin\9a0c1983ba1f6b29d28c425543780237.php 第 292 行.
NOTIC: [8] Undefined variable: page D:\wamp\www\moban\Application\Runtime\Cache\Admin\9a0c1983ba1f6b29d28c425543780237.php 第 325 行.
INFO: Run Behavior\ParseTemplateBehavior [ RunTime:0.067003s ]
INFO: [ view_parse ] --END-- [ RunTime:0.067003s ]
INFO: [ view_filter ] --START--
INFO: Run Behavior\WriteHtmlCacheBehavior [ RunTime:0.001000s ]
INFO: [ view_filter ] --END-- [ RunTime:0.002000s ]
INFO: [ app_end ] --START--
INFO: Run Behavior\ShowPageTraceBehavior [ RunTime:0.002000s ]
INFO: [ app_end ] --END-- [ RunTime:0.002000s ]

[ 2018-03-22T18:34:26+08:00 ] 127.0.0.1 /moban/index.php/Admin/Lun/uploadify
INFO: [ app_init ] --START--
INFO: Run Behavior\BuildLiteBehavior [ RunTime:0.000000s ]
INFO: [ app_init ] --END-- [ RunTime:0.002000s ]
INFO: [ app_begin ] --START--
INFO: Run Behavior\ReadHtmlCacheBehavior [ RunTime:0.003000s ]
INFO: [ app_begin ] --END-- [ RunTime:0.004000s ]
NOTIC: [2] call_user_func() expects parameter 1 to be a valid callback, no array or string given D:\wamp\www\moban\ThinkPHP\Library\Think\Upload.class.php 第 170 行.

[ 2018-03-22T18:34:46+08:00 ] 127.0.0.1 /moban/index.php/Admin/Lun/add
INFO: [ app_init ] --START--
INFO: Run Behavior\BuildLiteBehavior [ RunTime:0.000000s ]
INFO: [ app_init ] --END-- [ RunTime:0.003000s ]
INFO: [ app_begin ] --START--
INFO: Run Behavior\ReadHtmlCacheBehavior [ RunTime:0.002000s ]
INFO: [ app_begin ] --END-- [ RunTime:0.002000s ]
INFO: [ view_parse ] --START--
INFO: [ template_filter ] --START--
INFO: Run Behavior\ContentReplaceBehavior [ RunTime:0.001000s ]
INFO: [ template_filter ] --END-- [ RunTime:0.002000s ]
NOTIC: [8] Undefined variable: ac D:\wamp\www\moban\Application\Runtime\Cache\Admin\5401bc9030fd45b35fba00e7e59b51bc.php 第 103 行.
NOTIC: [8] Undefined variable: ac D:\wamp\www\moban\Application\Runtime\Cache\Admin\5401bc9030fd45b35fba00e7e59b51bc.php 第 103 行.
NOTIC: [8] Undefined variable: ac D:\wamp\www\moban\Application\Runtime\Cache\Admin\5401bc9030fd45b35fba00e7e59b51bc.php 第 103 行.
NOTIC: [8] Undefined variable: ac D:\wamp\www\moban\Application\Runtime\Cache\Admin\5401bc9030fd45b35fba00e7e59b51bc.php 第 103 行.
NOTIC: [8] Undefined variable: ac D:\wamp\www\moban\Application\Runtime\Cache\Admin\5401bc9030fd45b35fba00e7e59b51bc.php 第 134 行.
NOTIC: [8] Undefined variable: ac D:\wamp\www\moban\Application\Runtime\Cache\Admin\5401bc9030fd45b35fba00e7e59b51bc.php 第 134 行.
NOTIC: [8] Undefined variable: ac D:\wamp\www\moban\Application\Runtime\Cache\Admin\5401bc9030fd45b35fba00e7e59b51bc.php 第 134 行.
NOTIC: [8] Undefined variable: ac D:\wamp\www\moban\Application\Runtime\Cache\Admin\5401bc9030fd45b35fba00e7e59b51bc.php 第 134 行.
NOTIC: [8] Undefined variable: ac D:\wamp\www\moban\Application\Runtime\Cache\Admin\5401bc9030fd45b35fba00e7e59b51bc.php 第 134 行.
NOTIC: [8] Undefined variable: ac D:\wamp\www\moban\Application\Runtime\Cache\Admin\5401bc9030fd45b35fba00e7e59b51bc.php 第 172 行.
INFO: Run Behavior\ParseTemplateBehavior [ RunTime:0.044003s ]
INFO: [ view_parse ] --END-- [ RunTime:0.044003s ]
INFO: [ view_filter ] --START--
INFO: Run Behavior\WriteHtmlCacheBehavior [ RunTime:0.001000s ]
INFO: [ view_filter ] --END-- [ RunTime:0.002000s ]
INFO: [ app_end ] --START--
INFO: Run Behavior\ShowPageTraceBehavior [ RunTime:0.003000s ]
INFO: [ app_end ] --END-- [ RunTime:0.003000s ]

[ 2018-03-22T18:34:52+08:00 ] 127.0.0.1 /moban/index.php/Admin/Lun/
INFO: [ app_init ] --START--
INFO: Run Behavior\BuildLiteBehavior [ RunTime:0.001000s ]
INFO: [ app_init ] --END-- [ RunTime:0.002000s ]
INFO: [ app_begin ] --START--
INFO: Run Behavior\ReadHtmlCacheBehavior [ RunTime:0.002000s ]
INFO: [ app_begin ] --END-- [ RunTime:0.003000s ]
INFO: [ view_parse ] --START--
INFO: [ template_filter ] --START--
INFO: Run Behavior\ContentReplaceBehavior [ RunTime:0.005000s ]
INFO: [ template_filter ] --END-- [ RunTime:0.005000s ]
NOTIC: [8] Undefined variable: users D:\wamp\www\moban\Application\Runtime\Cache\Admin\9a0c1983ba1f6b29d28c425543780237.php 第 292 行.
NOTIC: [8] Undefined variable: page D:\wamp\www\moban\Application\Runtime\Cache\Admin\9a0c1983ba1f6b29d28c425543780237.php 第 325 行.
INFO: Run Behavior\ParseTemplateBehavior [ RunTime:0.150008s ]
INFO: [ view_parse ] --END-- [ RunTime:0.152008s ]
INFO: [ view_filter ] --START--
INFO: Run Behavior\WriteHtmlCacheBehavior [ RunTime:0.001000s ]
INFO: [ view_filter ] --END-- [ RunTime:0.002000s ]
INFO: [ app_end ] --START--
INFO: Run Behavior\ShowPageTraceBehavior [ RunTime:0.001000s ]
INFO: [ app_end ] --END-- [ RunTime:0.002001s ]

[ 2018-03-22T18:35:04+08:00 ] 127.0.0.1 /moban/index.php/Admin/Lun/uploadify
INFO: [ app_init ] --START--
INFO: Run Behavior\BuildLiteBehavior [ RunTime:0.001000s ]
INFO: [ app_init ] --END-- [ RunTime:0.002000s ]
INFO: [ app_begin ] --START--
INFO: Run Behavior\ReadHtmlCacheBehavior [ RunTime:0.002000s ]
INFO: [ app_begin ] --END-- [ RunTime:0.002000s ]
NOTIC: [2] call_user_func() expects parameter 1 to be a valid callback, no array or string given D:\wamp\www\moban\ThinkPHP\Library\Think\Upload.class.php 第 170 行.

[ 2018-03-22T18:35:35+08:00 ] 127.0.0.1 /moban/index.php/Admin/Lun/add
INFO: [ app_init ] --START--
INFO: Run Behavior\BuildLiteBehavior [ RunTime:0.000000s ]
INFO: [ app_init ] --END-- [ RunTime:0.005001s ]
INFO: [ app_begin ] --START--
INFO: Run Behavior\ReadHtmlCacheBehavior [ RunTime:0.001000s ]
INFO: [ app_begin ] --END-- [ RunTime:0.002000s ]
INFO: [ view_parse ] --START--
INFO: [ template_filter ] --START--
INFO: Run Behavior\ContentReplaceBehavior [ RunTime:0.001000s ]
INFO: [ template_filter ] --END-- [ RunTime:0.002000s ]
NOTIC: [8] Undefined variable: ac D:\wamp\www\moban\Application\Runtime\Cache\Admin\5401bc9030fd45b35fba00e7e59b51bc.php 第 103 行.
NOTIC: [8] Undefined variable: ac D:\wamp\www\moban\Application\Runtime\Cache\Admin\5401bc9030fd45b35fba00e7e59b51bc.php 第 103 行.
NOTIC: [8] Undefined variable: ac D:\wamp\www\moban\Application\Runtime\Cache\Admin\5401bc9030fd45b35fba00e7e59b51bc.php 第 103 行.
NOTIC: [8] Undefined variable: ac D:\wamp\www\moban\Application\Runtime\Cache\Admin\5401bc9030fd45b35fba00e7e59b51bc.php 第 103 行.
NOTIC: [8] Undefined variable: ac D:\wamp\www\moban\Application\Runtime\Cache\Admin\5401bc9030fd45b35fba00e7e59b51bc.php 第 134 行.
NOTIC: [8] Undefined variable: ac D:\wamp\www\moban\Application\Runtime\Cache\Admin\5401bc9030fd45b35fba00e7e59b51bc.php 第 134 行.
NOTIC: [8] Undefined variable: ac D:\wamp\www\moban\Application\Runtime\Cache\Admin\5401bc9030fd45b35fba00e7e59b51bc.php 第 134 行.
NOTIC: [8] Undefined variable: ac D:\wamp\www\moban\Application\Runtime\Cache\Admin\5401bc9030fd45b35fba00e7e59b51bc.php 第 134 行.
NOTIC: [8] Undefined variable: ac D:\wamp\www\moban\Application\Runtime\Cache\Admin\5401bc9030fd45b35fba00e7e59b51bc.php 第 134 行.
NOTIC: [8] Undefined variable: ac D:\wamp\www\moban\Application\Runtime\Cache\Admin\5401bc9030fd45b35fba00e7e59b51bc.php 第 172 行.
INFO: Run Behavior\ParseTemplateBehavior [ RunTime:0.047003s ]
INFO: [ view_parse ] --END-- [ RunTime:0.047003s ]
INFO: [ view_filter ] --START--
INFO: Run Behavior\WriteHtmlCacheBehavior [ RunTime:0.001000s ]
INFO: [ view_filter ] --END-- [ RunTime:0.001000s ]
INFO: [ app_end ] --START--
INFO: Run Behavior\ShowPageTraceBehavior [ RunTime:0.003000s ]
INFO: [ app_end ] --END-- [ RunTime:0.005000s ]

[ 2018-03-22T18:35:42+08:00 ] 127.0.0.1 /moban/index.php/Admin/Lun/
INFO: [ app_init ] --START--
INFO: Run Behavior\BuildLiteBehavior [ RunTime:0.000000s ]
INFO: [ app_init ] --END-- [ RunTime:0.002000s ]
INFO: [ app_begin ] --START--
INFO: Run Behavior\ReadHtmlCacheBehavior [ RunTime:0.002000s ]
INFO: [ app_begin ] --END-- [ RunTime:0.002000s ]
INFO: [ view_parse ] --START--
INFO: [ template_filter ] --START--
INFO: Run Behavior\ContentReplaceBehavior [ RunTime:0.001000s ]
INFO: [ template_filter ] --END-- [ RunTime:0.002000s ]
NOTIC: [8] Undefined variable: users D:\wamp\www\moban\Application\Runtime\Cache\Admin\9a0c1983ba1f6b29d28c425543780237.php 第 292 行.
NOTIC: [8] Undefined variable: page D:\wamp\www\moban\Application\Runtime\Cache\Admin\9a0c1983ba1f6b29d28c425543780237.php 第 325 行.
INFO: Run Behavior\ParseTemplateBehavior [ RunTime:0.056003s ]
INFO: [ view_parse ] --END-- [ RunTime:0.057003s ]
INFO: [ view_filter ] --START--
INFO: Run Behavior\WriteHtmlCacheBehavior [ RunTime:0.001000s ]
INFO: [ view_filter ] --END-- [ RunTime:0.002000s ]
INFO: [ app_end ] --START--
INFO: Run Behavior\ShowPageTraceBehavior [ RunTime:0.002000s ]
INFO: [ app_end ] --END-- [ RunTime:0.002000s ]

[ 2018-03-22T18:35:46+08:00 ] 127.0.0.1 /moban/index.php/Admin/Lun/uploadify
INFO: [ app_init ] --START--
INFO: Run Behavior\BuildLiteBehavior [ RunTime:0.000000s ]
INFO: [ app_init ] --END-- [ RunTime:0.006000s ]
INFO: [ app_begin ] --START--
INFO: Run Behavior\ReadHtmlCacheBehavior [ RunTime:0.001000s ]
INFO: [ app_begin ] --END-- [ RunTime:0.003001s ]
NOTIC: [2] call_user_func() expects parameter 1 to be a valid callback, no array or string given D:\wamp\www\moban\ThinkPHP\Library\Think\Upload.class.php 第 170 行.

[ 2018-03-22T18:36:20+08:00 ] 127.0.0.1 /moban/index.php/Admin/Lun/uploadify
INFO: [ app_init ] --START--
INFO: Run Behavior\BuildLiteBehavior [ RunTime:0.000000s ]
INFO: [ app_init ] --END-- [ RunTime:0.002001s ]
INFO: [ app_begin ] --START--
INFO: Run Behavior\ReadHtmlCacheBehavior [ RunTime:0.002000s ]
INFO: [ app_begin ] --END-- [ RunTime:0.002000s ]
NOTIC: [2] call_user_func() expects parameter 1 to be a valid callback, no array or string given D:\wamp\www\moban\ThinkPHP\Library\Think\Upload.class.php 第 170 行.

[ 2018-03-22T18:36:48+08:00 ] 127.0.0.1 /moban/index.php/Admin/Lun/add
INFO: [ app_init ] --START--
INFO: Run Behavior\BuildLiteBehavior [ RunTime:0.000000s ]
INFO: [ app_init ] --END-- [ RunTime:0.002000s ]
INFO: [ app_begin ] --START--
INFO: Run Behavior\ReadHtmlCacheBehavior [ RunTime:0.002000s ]
INFO: [ app_begin ] --END-- [ RunTime:0.005000s ]
INFO: [ view_parse ] --START--
INFO: [ template_filter ] --START--
INFO: Run Behavior\ContentReplaceBehavior [ RunTime:0.002000s ]
INFO: [ template_filter ] --END-- [ RunTime:0.003000s ]
NOTIC: [8] Undefined variable: ac D:\wamp\www\moban\Application\Runtime\Cache\Admin\5401bc9030fd45b35fba00e7e59b51bc.php 第 103 行.
NOTIC: [8] Undefined variable: ac D:\wamp\www\moban\Application\Runtime\Cache\Admin\5401bc9030fd45b35fba00e7e59b51bc.php 第 103 行.
NOTIC: [8] Undefined variable: ac D:\wamp\www\moban\Application\Runtime\Cache\Admin\5401bc9030fd45b35fba00e7e59b51bc.php 第 103 行.
NOTIC: [8] Undefined variable: ac D:\wamp\www\moban\Application\Runtime\Cache\Admin\5401bc9030fd45b35fba00e7e59b51bc.php 第 103 行.
NOTIC: [8] Undefined variable: ac D:\wamp\www\moban\Application\Runtime\Cache\Admin\5401bc9030fd45b35fba00e7e59b51bc.php 第 134 行.
NOTIC: [8] Undefined variable: ac D:\wamp\www\moban\Application\Runtime\Cache\Admin\5401bc9030fd45b35fba00e7e59b51bc.php 第 134 行.
NOTIC: [8] Undefined variable: ac D:\wamp\www\moban\Application\Runtime\Cache\Admin\5401bc9030fd45b35fba00e7e59b51bc.php 第 134 行.
NOTIC: [8] Undefined variable: ac D:\wamp\www\moban\Application\Runtime\Cache\Admin\5401bc9030fd45b35fba00e7e59b51bc.php 第 134 行.
NOTIC: [8] Undefined variable: ac D:\wamp\www\moban\Application\Runtime\Cache\Admin\5401bc9030fd45b35fba00e7e59b51bc.php 第 134 行.
NOTIC: [8] Undefined variable: ac D:\wamp\www\moban\Application\Runtime\Cache\Admin\5401bc9030fd45b35fba00e7e59b51bc.php 第 172 行.
INFO: Run Behavior\ParseTemplateBehavior [ RunTime:0.046002s ]
INFO: [ view_parse ] --END-- [ RunTime:0.046002s ]
INFO: [ view_filter ] --START--
INFO: Run Behavior\WriteHtmlCacheBehavior [ RunTime:0.001000s ]
INFO: [ view_filter ] --END-- [ RunTime:0.002000s ]
INFO: [ app_end ] --START--
INFO: Run Behavior\ShowPageTraceBehavior [ RunTime:0.001000s ]
INFO: [ app_end ] --END-- [ RunTime:0.003000s ]

[ 2018-03-22T18:36:54+08:00 ] 127.0.0.1 /moban/index.php/Admin/Lun/
INFO: [ app_init ] --START--
INFO: Run Behavior\BuildLiteBehavior [ RunTime:0.000000s ]
INFO: [ app_init ] --END-- [ RunTime:0.001000s ]
INFO: [ app_begin ] --START--
INFO: Run Behavior\ReadHtmlCacheBehavior [ RunTime:0.008000s ]
INFO: [ app_begin ] --END-- [ RunTime:0.008000s ]
INFO: [ view_parse ] --START--
INFO: [ template_filter ] --START--
INFO: Run Behavior\ContentReplaceBehavior [ RunTime:0.001000s ]
INFO: [ template_filter ] --END-- [ RunTime:0.002000s ]
NOTIC: [8] Undefined variable: users D:\wamp\www\moban\Application\Runtime\Cache\Admin\9a0c1983ba1f6b29d28c425543780237.php 第 292 行.
NOTIC: [8] Undefined variable: page D:\wamp\www\moban\Application\Runtime\Cache\Admin\9a0c1983ba1f6b29d28c425543780237.php 第 325 行.
INFO: Run Behavior\ParseTemplateBehavior [ RunTime:0.090005s ]
INFO: [ view_parse ] --END-- [ RunTime:0.090005s ]
INFO: [ view_filter ] --START--
INFO: Run Behavior\WriteHtmlCacheBehavior [ RunTime:0.009000s ]
INFO: [ view_filter ] --END-- [ RunTime:0.010000s ]
INFO: [ app_end ] --START--
INFO: Run Behavior\ShowPageTraceBehavior [ RunTime:0.043003s ]
INFO: [ app_end ] --END-- [ RunTime:0.044003s ]

[ 2018-03-22T18:36:56+08:00 ] 127.0.0.1 /moban/index.php/Admin/Lun/uploadify
INFO: [ app_init ] --START--
INFO: Run Behavior\BuildLiteBehavior [ RunTime:0.000000s ]
INFO: [ app_init ] --END-- [ RunTime:0.002000s ]
INFO: [ app_begin ] --START--
INFO: Run Behavior\ReadHtmlCacheBehavior [ RunTime:0.001000s ]
INFO: [ app_begin ] --END-- [ RunTime:0.003000s ]
NOTIC: [2] call_user_func() expects parameter 1 to be a valid callback, no array or string given D:\wamp\www\moban\ThinkPHP\Library\Think\Upload.class.php 第 170 行.

[ 2018-03-22T18:37:03+08:00 ] 127.0.0.1 /moban/index.php/Admin/Lun/add
INFO: [ app_init ] --START--
INFO: Run Behavior\BuildLiteBehavior [ RunTime:0.000000s ]
INFO: [ app_init ] --END-- [ RunTime:0.002000s ]
INFO: [ app_begin ] --START--
INFO: Run Behavior\ReadHtmlCacheBehavior [ RunTime:0.002001s ]
INFO: [ app_begin ] --END-- [ RunTime:0.002001s ]
INFO: [ view_parse ] --START--
INFO: [ template_filter ] --START--
INFO: Run Behavior\ContentReplaceBehavior [ RunTime:0.001000s ]
INFO: [ template_filter ] --END-- [ RunTime:0.001000s ]
NOTIC: [8] Undefined variable: ac D:\wamp\www\moban\Application\Runtime\Cache\Admin\5401bc9030fd45b35fba00e7e59b51bc.php 第 103 行.
NOTIC: [8] Undefined variable: ac D:\wamp\www\moban\Application\Runtime\Cache\Admin\5401bc9030fd45b35fba00e7e59b51bc.php 第 103 行.
NOTIC: [8] Undefined variable: ac D:\wamp\www\moban\Application\Runtime\Cache\Admin\5401bc9030fd45b35fba00e7e59b51bc.php 第 103 行.
NOTIC: [8] Undefined variable: ac D:\wamp\www\moban\Application\Runtime\Cache\Admin\5401bc9030fd45b35fba00e7e59b51bc.php 第 103 行.
NOTIC: [8] Undefined variable: ac D:\wamp\www\moban\Application\Runtime\Cache\Admin\5401bc9030fd45b35fba00e7e59b51bc.php 第 134 行.
NOTIC: [8] Undefined variable: ac D:\wamp\www\moban\Application\Runtime\Cache\Admin\5401bc9030fd45b35fba00e7e59b51bc.php 第 134 行.
NOTIC: [8] Undefined variable: ac D:\wamp\www\moban\Application\Runtime\Cache\Admin\5401bc9030fd45b35fba00e7e59b51bc.php 第 134 行.
NOTIC: [8] Undefined variable: ac D:\wamp\www\moban\Application\Runtime\Cache\Admin\5401bc9030fd45b35fba00e7e59b51bc.php 第 134 行.
NOTIC: [8] Undefined variable: ac D:\wamp\www\moban\Application\Runtime\Cache\Admin\5401bc9030fd45b35fba00e7e59b51bc.php 第 134 行.
NOTIC: [8] Undefined variable: ac D:\wamp\www\moban\Application\Runtime\Cache\Admin\5401bc9030fd45b35fba00e7e59b51bc.php 第 172 行.
INFO: Run Behavior\ParseTemplateBehavior [ RunTime:0.041002s ]
INFO: [ view_parse ] --END-- [ RunTime:0.041002s ]
INFO: [ view_filter ] --START--
INFO: Run Behavior\WriteHtmlCacheBehavior [ RunTime:0.001001s ]
INFO: [ view_filter ] --END-- [ RunTime:0.002001s ]
INFO: [ app_end ] --START--
INFO: Run Behavior\ShowPageTraceBehavior [ RunTime:0.001000s ]
INFO: [ app_end ] --END-- [ RunTime:0.002000s ]

[ 2018-03-22T18:37:09+08:00 ] 127.0.0.1 /moban/index.php/Admin/Lun/
INFO: [ app_init ] --START--
INFO: Run Behavior\BuildLiteBehavior [ RunTime:0.000000s ]
INFO: [ app_init ] --END-- [ RunTime:0.001001s ]
INFO: [ app_begin ] --START--
INFO: Run Behavior\ReadHtmlCacheBehavior [ RunTime:0.002001s ]
INFO: [ app_begin ] --END-- [ RunTime:0.002001s ]
INFO: [ view_parse ] --START--
INFO: [ template_filter ] --START--
INFO: Run Behavior\ContentReplaceBehavior [ RunTime:0.005001s ]
INFO: [ template_filter ] --END-- [ RunTime:0.007001s ]
NOTIC: [8] Undefined variable: users D:\wamp\www\moban\Application\Runtime\Cache\Admin\9a0c1983ba1f6b29d28c425543780237.php 第 292 行.
NOTIC: [8] Undefined variable: page D:\wamp\www\moban\Application\Runtime\Cache\Admin\9a0c1983ba1f6b29d28c425543780237.php 第 325 行.
INFO: Run Behavior\ParseTemplateBehavior [ RunTime:0.080005s ]
INFO: [ view_parse ] --END-- [ RunTime:0.080005s ]
INFO: [ view_filter ] --START--
INFO: Run Behavior\WriteHtmlCacheBehavior [ RunTime:0.002000s ]
INFO: [ view_filter ] --END-- [ RunTime:0.003000s ]
INFO: [ app_end ] --START--
INFO: Run Behavior\ShowPageTraceBehavior [ RunTime:0.002001s ]
INFO: [ app_end ] --END-- [ RunTime:0.003001s ]

[ 2018-03-22T18:37:12+08:00 ] 127.0.0.1 /moban/index.php/Admin/Lun/add
INFO: [ app_init ] --START--
INFO: Run Behavior\BuildLiteBehavior [ RunTime:0.001000s ]
INFO: [ app_init ] --END-- [ RunTime:0.004000s ]
INFO: [ app_begin ] --START--
INFO: Run Behavior\ReadHtmlCacheBehavior [ RunTime:0.002000s ]
INFO: [ app_begin ] --END-- [ RunTime:0.002000s ]
INFO: [ view_parse ] --START--
INFO: [ template_filter ] --START--
INFO: Run Behavior\ContentReplaceBehavior [ RunTime:0.001000s ]
INFO: [ template_filter ] --END-- [ RunTime:0.001000s ]
NOTIC: [8] Undefined variable: ac D:\wamp\www\moban\Application\Runtime\Cache\Admin\5401bc9030fd45b35fba00e7e59b51bc.php 第 103 行.
NOTIC: [8] Undefined variable: ac D:\wamp\www\moban\Application\Runtime\Cache\Admin\5401bc9030fd45b35fba00e7e59b51bc.php 第 103 行.
NOTIC: [8] Undefined variable: ac D:\wamp\www\moban\Application\Runtime\Cache\Admin\5401bc9030fd45b35fba00e7e59b51bc.php 第 103 行.
NOTIC: [8] Undefined variable: ac D:\wamp\www\moban\Application\Runtime\Cache\Admin\5401bc9030fd45b35fba00e7e59b51bc.php 第 103 行.
NOTIC: [8] Undefined variable: ac D:\wamp\www\moban\Application\Runtime\Cache\Admin\5401bc9030fd45b35fba00e7e59b51bc.php 第 134 行.
NOTIC: [8] Undefined variable: ac D:\wamp\www\moban\Application\Runtime\Cache\Admin\5401bc9030fd45b35fba00e7e59b51bc.php 第 134 行.
NOTIC: [8] Undefined variable: ac D:\wamp\www\moban\Application\Runtime\Cache\Admin\5401bc9030fd45b35fba00e7e59b51bc.php 第 134 行.
NOTIC: [8] Undefined variable: ac D:\wamp\www\moban\Application\Runtime\Cache\Admin\5401bc9030fd45b35fba00e7e59b51bc.php 第 134 行.
NOTIC: [8] Undefined variable: ac D:\wamp\www\moban\Application\Runtime\Cache\Admin\5401bc9030fd45b35fba00e7e59b51bc.php 第 134 行.
NOTIC: [8] Undefined variable: ac D:\wamp\www\moban\Application\Runtime\Cache\Admin\5401bc9030fd45b35fba00e7e59b51bc.php 第 172 行.
INFO: Run Behavior\ParseTemplateBehavior [ RunTime:0.038002s ]
INFO: [ view_parse ] --END-- [ RunTime:0.040002s ]
INFO: [ view_filter ] --START--
INFO: Run Behavior\WriteHtmlCacheBehavior [ RunTime:0.002001s ]
INFO: [ view_filter ] --END-- [ RunTime:0.002001s ]
INFO: [ app_end ] --START--
INFO: Run Behavior\ShowPageTraceBehavior [ RunTime:0.003000s ]
INFO: [ app_end ] --END-- [ RunTime:0.003000s ]

[ 2018-03-22T18:37:17+08:00 ] 127.0.0.1 /moban/index.php/Admin/Lun/
INFO: [ app_init ] --START--
INFO: Run Behavior\BuildLiteBehavior [ RunTime:0.000000s ]
INFO: [ app_init ] --END-- [ RunTime:0.007001s ]
INFO: [ app_begin ] --START--
INFO: Run Behavior\ReadHtmlCacheBehavior [ RunTime:0.002000s ]
INFO: [ app_begin ] --END-- [ RunTime:0.003000s ]
INFO: [ view_parse ] --START--
INFO: [ template_filter ] --START--
INFO: Run Behavior\ContentReplaceBehavior [ RunTime:0.001000s ]
INFO: [ template_filter ] --END-- [ RunTime:0.002000s ]
NOTIC: [8] Undefined variable: users D:\wamp\www\moban\Application\Runtime\Cache\Admin\9a0c1983ba1f6b29d28c425543780237.php 第 292 行.
NOTIC: [8] Undefined variable: page D:\wamp\www\moban\Application\Runtime\Cache\Admin\9a0c1983ba1f6b29d28c425543780237.php 第 325 行.
INFO: Run Behavior\ParseTemplateBehavior [ RunTime:0.075004s ]
INFO: [ view_parse ] --END-- [ RunTime:0.076004s ]
INFO: [ view_filter ] --START--
INFO: Run Behavior\WriteHtmlCacheBehavior [ RunTime:0.001000s ]
INFO: [ view_filter ] --END-- [ RunTime:0.003000s ]
INFO: [ app_end ] --START--
INFO: Run Behavior\ShowPageTraceBehavior [ RunTime:0.002000s ]
INFO: [ app_end ] --END-- [ RunTime:0.002000s ]

[ 2018-03-22T18:37:24+08:00 ] 127.0.0.1 /moban/index.php/Admin/Lun/add
INFO: [ app_init ] --START--
INFO: Run Behavior\BuildLiteBehavior [ RunTime:0.000000s ]
INFO: [ app_init ] --END-- [ RunTime:0.002000s ]
INFO: [ app_begin ] --START--
INFO: Run Behavior\ReadHtmlCacheBehavior [ RunTime:0.002000s ]
INFO: [ app_begin ] --END-- [ RunTime:0.003000s ]
INFO: [ view_parse ] --START--
INFO: [ template_filter ] --START--
INFO: Run Behavior\ContentReplaceBehavior [ RunTime:0.001000s ]
INFO: [ template_filter ] --END-- [ RunTime:0.002000s ]
NOTIC: [8] Undefined variable: ac D:\wamp\www\moban\Application\Runtime\Cache\Admin\5401bc9030fd45b35fba00e7e59b51bc.php 第 103 行.
NOTIC: [8] Undefined variable: ac D:\wamp\www\moban\Application\Runtime\Cache\Admin\5401bc9030fd45b35fba00e7e59b51bc.php 第 103 行.
NOTIC: [8] Undefined variable: ac D:\wamp\www\moban\Application\Runtime\Cache\Admin\5401bc9030fd45b35fba00e7e59b51bc.php 第 103 行.
NOTIC: [8] Undefined variable: ac D:\wamp\www\moban\Application\Runtime\Cache\Admin\5401bc9030fd45b35fba00e7e59b51bc.php 第 103 行.
NOTIC: [8] Undefined variable: ac D:\wamp\www\moban\Application\Runtime\Cache\Admin\5401bc9030fd45b35fba00e7e59b51bc.php 第 134 行.
NOTIC: [8] Undefined variable: ac D:\wamp\www\moban\Application\Runtime\Cache\Admin\5401bc9030fd45b35fba00e7e59b51bc.php 第 134 行.
NOTIC: [8] Undefined variable: ac D:\wamp\www\moban\Application\Runtime\Cache\Admin\5401bc9030fd45b35fba00e7e59b51bc.php 第 134 行.
NOTIC: [8] Undefined variable: ac D:\wamp\www\moban\Application\Runtime\Cache\Admin\5401bc9030fd45b35fba00e7e59b51bc.php 第 134 行.
NOTIC: [8] Undefined variable: ac D:\wamp\www\moban\Application\Runtime\Cache\Admin\5401bc9030fd45b35fba00e7e59b51bc.php 第 134 行.
NOTIC: [8] Undefined variable: ac D:\wamp\www\moban\Application\Runtime\Cache\Admin\5401bc9030fd45b35fba00e7e59b51bc.php 第 172 行.
INFO: Run Behavior\ParseTemplateBehavior [ RunTime:0.044003s ]
INFO: [ view_parse ] --END-- [ RunTime:0.044003s ]
INFO: [ view_filter ] --START--
INFO: Run Behavior\WriteHtmlCacheBehavior [ RunTime:0.002000s ]
INFO: [ view_filter ] --END-- [ RunTime:0.002000s ]
INFO: [ app_end ] --START--
INFO: Run Behavior\ShowPageTraceBehavior [ RunTime:0.003000s ]
INFO: [ app_end ] --END-- [ RunTime:0.003000s ]

[ 2018-03-22T18:37:29+08:00 ] 127.0.0.1 /moban/index.php/Admin/Lun/
INFO: [ app_init ] --START--
INFO: Run Behavior\BuildLiteBehavior [ RunTime:0.000000s ]
INFO: [ app_init ] --END-- [ RunTime:0.001000s ]
INFO: [ app_begin ] --START--
INFO: Run Behavior\ReadHtmlCacheBehavior [ RunTime:0.002000s ]
INFO: [ app_begin ] --END-- [ RunTime:0.002000s ]
INFO: [ view_parse ] --START--
INFO: [ template_filter ] --START--
INFO: Run Behavior\ContentReplaceBehavior [ RunTime:0.001000s ]
INFO: [ template_filter ] --END-- [ RunTime:0.001000s ]
NOTIC: [8] Undefined variable: users D:\wamp\www\moban\Application\Runtime\Cache\Admin\9a0c1983ba1f6b29d28c425543780237.php 第 292 行.
NOTIC: [8] Undefined variable: page D:\wamp\www\moban\Application\Runtime\Cache\Admin\9a0c1983ba1f6b29d28c425543780237.php 第 325 行.
INFO: Run Behavior\ParseTemplateBehavior [ RunTime:0.049002s ]
INFO: [ view_parse ] --END-- [ RunTime:0.051003s ]
INFO: [ view_filter ] --START--
INFO: Run Behavior\WriteHtmlCacheBehavior [ RunTime:0.001000s ]
INFO: [ view_filter ] --END-- [ RunTime:0.002000s ]
INFO: [ app_end ] --START--
INFO: Run Behavior\ShowPageTraceBehavior [ RunTime:0.004000s ]
INFO: [ app_end ] --END-- [ RunTime:0.012000s ]

[ 2018-03-22T18:37:32+08:00 ] 127.0.0.1 /moban/index.php/Admin/Lun/uploadify
INFO: [ app_init ] --START--
INFO: Run Behavior\BuildLiteBehavior [ RunTime:0.000000s ]
INFO: [ app_init ] --END-- [ RunTime:0.001000s ]
INFO: [ app_begin ] --START--
INFO: Run Behavior\ReadHtmlCacheBehavior [ RunTime:0.001000s ]
INFO: [ app_begin ] --END-- [ RunTime:0.002000s ]
NOTIC: [2] call_user_func() expects parameter 1 to be a valid callback, no array or string given D:\wamp\www\moban\ThinkPHP\Library\Think\Upload.class.php 第 170 行.

[ 2018-03-22T18:38:51+08:00 ] 127.0.0.1 /moban/index.php/Admin/Lun/add
INFO: [ app_init ] --START--
INFO: Run Behavior\BuildLiteBehavior [ RunTime:0.000000s ]
INFO: [ app_init ] --END-- [ RunTime:0.002001s ]
INFO: [ app_begin ] --START--
INFO: Run Behavior\ReadHtmlCacheBehavior [ RunTime:0.002000s ]
INFO: [ app_begin ] --END-- [ RunTime:0.002000s ]
INFO: [ view_parse ] --START--
INFO: [ template_filter ] --START--
INFO: Run Behavior\ContentReplaceBehavior [ RunTime:0.001000s ]
INFO: [ template_filter ] --END-- [ RunTime:0.001000s ]
NOTIC: [8] Undefined variable: ac D:\wamp\www\moban\Application\Runtime\Cache\Admin\5401bc9030fd45b35fba00e7e59b51bc.php 第 103 行.
NOTIC: [8] Undefined variable: ac D:\wamp\www\moban\Application\Runtime\Cache\Admin\5401bc9030fd45b35fba00e7e59b51bc.php 第 103 行.
NOTIC: [8] Undefined variable: ac D:\wamp\www\moban\Application\Runtime\Cache\Admin\5401bc9030fd45b35fba00e7e59b51bc.php 第 103 行.
NOTIC: [8] Undefined variable: ac D:\wamp\www\moban\Application\Runtime\Cache\Admin\5401bc9030fd45b35fba00e7e59b51bc.php 第 103 行.
NOTIC: [8] Undefined variable: ac D:\wamp\www\moban\Application\Runtime\Cache\Admin\5401bc9030fd45b35fba00e7e59b51bc.php 第 134 行.
NOTIC: [8] Undefined variable: ac D:\wamp\www\moban\Application\Runtime\Cache\Admin\5401bc9030fd45b35fba00e7e59b51bc.php 第 134 行.
NOTIC: [8] Undefined variable: ac D:\wamp\www\moban\Application\Runtime\Cache\Admin\5401bc9030fd45b35fba00e7e59b51bc.php 第 134 行.
NOTIC: [8] Undefined variable: ac D:\wamp\www\moban\Application\Runtime\Cache\Admin\5401bc9030fd45b35fba00e7e59b51bc.php 第 134 行.
NOTIC: [8] Undefined variable: ac D:\wamp\www\moban\Application\Runtime\Cache\Admin\5401bc9030fd45b35fba00e7e59b51bc.php 第 134 行.
NOTIC: [8] Undefined variable: ac D:\wamp\www\moban\Application\Runtime\Cache\Admin\5401bc9030fd45b35fba00e7e59b51bc.php 第 172 行.
INFO: Run Behavior\ParseTemplateBehavior [ RunTime:0.038002s ]
INFO: [ view_parse ] --END-- [ RunTime:0.038002s ]
INFO: [ view_filter ] --START--
INFO: Run Behavior\WriteHtmlCacheBehavior [ RunTime:0.001000s ]
INFO: [ view_filter ] --END-- [ RunTime:0.001000s ]
INFO: [ app_end ] --START--
INFO: Run Behavior\ShowPageTraceBehavior [ RunTime:0.001000s ]
INFO: [ app_end ] --END-- [ RunTime:0.003000s ]

[ 2018-03-22T18:38:57+08:00 ] 127.0.0.1 /moban/index.php/Admin/Lun/
INFO: [ app_init ] --START--
INFO: Run Behavior\BuildLiteBehavior [ RunTime:0.000000s ]
INFO: [ app_init ] --END-- [ RunTime:0.001000s ]
INFO: [ app_begin ] --START--
INFO: Run Behavior\ReadHtmlCacheBehavior [ RunTime:0.006000s ]
INFO: [ app_begin ] --END-- [ RunTime:0.006000s ]
INFO: [ view_parse ] --START--
INFO: [ template_filter ] --START--
INFO: Run Behavior\ContentReplaceBehavior [ RunTime:0.001000s ]
INFO: [ template_filter ] --END-- [ RunTime:0.002000s ]
NOTIC: [8] Undefined variable: users D:\wamp\www\moban\Application\Runtime\Cache\Admin\9a0c1983ba1f6b29d28c425543780237.php 第 292 行.
NOTIC: [8] Undefined variable: page D:\wamp\www\moban\Application\Runtime\Cache\Admin\9a0c1983ba1f6b29d28c425543780237.php 第 325 行.
INFO: Run Behavior\ParseTemplateBehavior [ RunTime:0.064004s ]
INFO: [ view_parse ] --END-- [ RunTime:0.065004s ]
INFO: [ view_filter ] --START--
INFO: Run Behavior\WriteHtmlCacheBehavior [ RunTime:0.001000s ]
INFO: [ view_filter ] --END-- [ RunTime:0.002000s ]
INFO: [ app_end ] --START--
INFO: Run Behavior\ShowPageTraceBehavior [ RunTime:0.011001s ]
INFO: [ app_end ] --END-- [ RunTime:0.011001s ]

[ 2018-03-22T18:39:00+08:00 ] 127.0.0.1 /moban/index.php/Admin/Lun/uploadify
INFO: [ app_init ] --START--
INFO: Run Behavior\BuildLiteBehavior [ RunTime:0.000000s ]
INFO: [ app_init ] --END-- [ RunTime:0.001000s ]
INFO: [ app_begin ] --START--
INFO: Run Behavior\ReadHtmlCacheBehavior [ RunTime:0.001000s ]
INFO: [ app_begin ] --END-- [ RunTime:0.003000s ]
NOTIC: [2] call_user_func() expects parameter 1 to be a valid callback, no array or string given D:\wamp\www\moban\ThinkPHP\Library\Think\Upload.class.php 第 170 行.
INFO: [ app_end ] --START--
INFO: Run Behavior\ShowPageTraceBehavior [ RunTime:0.001001s ]
INFO: [ app_end ] --END-- [ RunTime:0.003001s ]

[ 2018-03-22T18:39:26+08:00 ] 127.0.0.1 /moban/index.php/Admin/Lun/add
INFO: [ app_init ] --START--
INFO: Run Behavior\BuildLiteBehavior [ RunTime:0.000000s ]
INFO: [ app_init ] --END-- [ RunTime:0.002000s ]
INFO: [ app_begin ] --START--
INFO: Run Behavior\ReadHtmlCacheBehavior [ RunTime:0.002000s ]
INFO: [ app_begin ] --END-- [ RunTime:0.002000s ]
INFO: [ view_parse ] --START--
INFO: [ template_filter ] --START--
INFO: Run Behavior\ContentReplaceBehavior [ RunTime:0.001000s ]
INFO: [ template_filter ] --END-- [ RunTime:0.002000s ]
NOTIC: [8] Undefined variable: ac D:\wamp\www\moban\Application\Runtime\Cache\Admin\5401bc9030fd45b35fba00e7e59b51bc.php 第 103 行.
NOTIC: [8] Undefined variable: ac D:\wamp\www\moban\Application\Runtime\Cache\Admin\5401bc9030fd45b35fba00e7e59b51bc.php 第 103 行.
NOTIC: [8] Undefined variable: ac D:\wamp\www\moban\Application\Runtime\Cache\Admin\5401bc9030fd45b35fba00e7e59b51bc.php 第 103 行.
NOTIC: [8] Undefined variable: ac D:\wamp\www\moban\Application\Runtime\Cache\Admin\5401bc9030fd45b35fba00e7e59b51bc.php 第 103 行.
NOTIC: [8] Undefined variable: ac D:\wamp\www\moban\Application\Runtime\Cache\Admin\5401bc9030fd45b35fba00e7e59b51bc.php 第 134 行.
NOTIC: [8] Undefined variable: ac D:\wamp\www\moban\Application\Runtime\Cache\Admin\5401bc9030fd45b35fba00e7e59b51bc.php 第 134 行.
NOTIC: [8] Undefined variable: ac D:\wamp\www\moban\Application\Runtime\Cache\Admin\5401bc9030fd45b35fba00e7e59b51bc.php 第 134 行.
NOTIC: [8] Undefined variable: ac D:\wamp\www\moban\Application\Runtime\Cache\Admin\5401bc9030fd45b35fba00e7e59b51bc.php 第 134 行.
NOTIC: [8] Undefined variable: ac D:\wamp\www\moban\Application\Runtime\Cache\Admin\5401bc9030fd45b35fba00e7e59b51bc.php 第 134 行.
NOTIC: [8] Undefined variable: ac D:\wamp\www\moban\Application\Runtime\Cache\Admin\5401bc9030fd45b35fba00e7e59b51bc.php 第 172 行.
INFO: Run Behavior\ParseTemplateBehavior [ RunTime:0.038002s ]
INFO: [ view_parse ] --END-- [ RunTime:0.039002s ]
INFO: [ view_filter ] --START--
INFO: Run Behavior\WriteHtmlCacheBehavior [ RunTime:0.001000s ]
INFO: [ view_filter ] --END-- [ RunTime:0.002000s ]
INFO: [ app_end ] --START--
INFO: Run Behavior\ShowPageTraceBehavior [ RunTime:0.004000s ]
INFO: [ app_end ] --END-- [ RunTime:0.005000s ]

[ 2018-03-22T18:39:31+08:00 ] 127.0.0.1 /moban/index.php/Admin/Lun/
INFO: [ app_init ] --START--
INFO: Run Behavior\BuildLiteBehavior [ RunTime:0.000000s ]
INFO: [ app_init ] --END-- [ RunTime:0.001000s ]
INFO: [ app_begin ] --START--
INFO: Run Behavior\ReadHtmlCacheBehavior [ RunTime:0.002000s ]
INFO: [ app_begin ] --END-- [ RunTime:0.003000s ]
INFO: [ view_parse ] --START--
INFO: [ template_filter ] --START--
INFO: Run Behavior\ContentReplaceBehavior [ RunTime:0.001000s ]
INFO: [ template_filter ] --END-- [ RunTime:0.001000s ]
NOTIC: [8] Undefined variable: users D:\wamp\www\moban\Application\Runtime\Cache\Admin\9a0c1983ba1f6b29d28c425543780237.php 第 292 行.
NOTIC: [8] Undefined variable: page D:\wamp\www\moban\Application\Runtime\Cache\Admin\9a0c1983ba1f6b29d28c425543780237.php 第 325 行.
INFO: Run Behavior\ParseTemplateBehavior [ RunTime:0.050003s ]
INFO: [ view_parse ] --END-- [ RunTime:0.051003s ]
INFO: [ view_filter ] --START--
INFO: Run Behavior\WriteHtmlCacheBehavior [ RunTime:0.001000s ]
INFO: [ view_filter ] --END-- [ RunTime:0.001000s ]
INFO: [ app_end ] --START--
INFO: Run Behavior\ShowPageTraceBehavior [ RunTime:0.011001s ]
INFO: [ app_end ] --END-- [ RunTime:0.012001s ]

[ 2018-03-22T18:39:36+08:00 ] 127.0.0.1 /moban/index.php/Admin/Lun/uploadify
INFO: [ app_init ] --START--
INFO: Run Behavior\BuildLiteBehavior [ RunTime:0.000000s ]
INFO: [ app_init ] --END-- [ RunTime:0.002001s ]
INFO: [ app_begin ] --START--
INFO: Run Behavior\ReadHtmlCacheBehavior [ RunTime:0.001000s ]
INFO: [ app_begin ] --END-- [ RunTime:0.002000s ]
NOTIC: [2] call_user_func() expects parameter 1 to be a valid callback, no array or string given D:\wamp\www\moban\ThinkPHP\Library\Think\Upload.class.php 第 170 行.

[ 2018-03-22T18:40:37+08:00 ] 127.0.0.1 /moban/index.php/Admin/Lun/add
INFO: [ app_init ] --START--
INFO: Run Behavior\BuildLiteBehavior [ RunTime:0.000000s ]
INFO: [ app_init ] --END-- [ RunTime:0.003000s ]
INFO: [ app_begin ] --START--
INFO: Run Behavior\ReadHtmlCacheBehavior [ RunTime:0.002000s ]
INFO: [ app_begin ] --END-- [ RunTime:0.003000s ]
INFO: [ view_parse ] --START--
INFO: [ template_filter ] --START--
INFO: Run Behavior\ContentReplaceBehavior [ RunTime:0.008001s ]
INFO: [ template_filter ] --END-- [ RunTime:0.012001s ]
NOTIC: [8] Undefined variable: ac D:\wamp\www\moban\Application\Runtime\Cache\Admin\5401bc9030fd45b35fba00e7e59b51bc.php 第 103 行.
NOTIC: [8] Undefined variable: ac D:\wamp\www\moban\Application\Runtime\Cache\Admin\5401bc9030fd45b35fba00e7e59b51bc.php 第 103 行.
NOTIC: [8] Undefined variable: ac D:\wamp\www\moban\Application\Runtime\Cache\Admin\5401bc9030fd45b35fba00e7e59b51bc.php 第 103 行.
NOTIC: [8] Undefined variable: ac D:\wamp\www\moban\Application\Runtime\Cache\Admin\5401bc9030fd45b35fba00e7e59b51bc.php 第 103 行.
NOTIC: [8] Undefined variable: ac D:\wamp\www\moban\Application\Runtime\Cache\Admin\5401bc9030fd45b35fba00e7e59b51bc.php 第 134 行.
NOTIC: [8] Undefined variable: ac D:\wamp\www\moban\Application\Runtime\Cache\Admin\5401bc9030fd45b35fba00e7e59b51bc.php 第 134 行.
NOTIC: [8] Undefined variable: ac D:\wamp\www\moban\Application\Runtime\Cache\Admin\5401bc9030fd45b35fba00e7e59b51bc.php 第 134 行.
NOTIC: [8] Undefined variable: ac D:\wamp\www\moban\Application\Runtime\Cache\Admin\5401bc9030fd45b35fba00e7e59b51bc.php 第 134 行.
NOTIC: [8] Undefined variable: ac D:\wamp\www\moban\Application\Runtime\Cache\Admin\5401bc9030fd45b35fba00e7e59b51bc.php 第 134 行.
NOTIC: [8] Undefined variable: ac D:\wamp\www\moban\Application\Runtime\Cache\Admin\5401bc9030fd45b35fba00e7e59b51bc.php 第 172 行.
INFO: Run Behavior\ParseTemplateBehavior [ RunTime:0.080004s ]
INFO: [ view_parse ] --END-- [ RunTime:0.081005s ]
INFO: [ view_filter ] --START--
INFO: Run Behavior\WriteHtmlCacheBehavior [ RunTime:0.004000s ]
INFO: [ view_filter ] --END-- [ RunTime:0.004000s ]
INFO: [ app_end ] --START--
INFO: Run Behavior\ShowPageTraceBehavior [ RunTime:0.022002s ]
INFO: [ app_end ] --END-- [ RunTime:0.023002s ]

[ 2018-03-22T18:40:42+08:00 ] 127.0.0.1 /moban/index.php/Admin/Lun/
INFO: [ app_init ] --START--
INFO: Run Behavior\BuildLiteBehavior [ RunTime:0.000000s ]
INFO: [ app_init ] --END-- [ RunTime:0.002000s ]
INFO: [ app_begin ] --START--
INFO: Run Behavior\ReadHtmlCacheBehavior [ RunTime:0.006001s ]
INFO: [ app_begin ] --END-- [ RunTime:0.006001s ]
INFO: [ view_parse ] --START--
INFO: [ template_filter ] --START--
INFO: Run Behavior\ContentReplaceBehavior [ RunTime:0.001000s ]
INFO: [ template_filter ] --END-- [ RunTime:0.002000s ]
NOTIC: [8] Undefined variable: users D:\wamp\www\moban\Application\Runtime\Cache\Admin\9a0c1983ba1f6b29d28c425543780237.php 第 292 行.
NOTIC: [8] Undefined variable: page D:\wamp\www\moban\Application\Runtime\Cache\Admin\9a0c1983ba1f6b29d28c425543780237.php 第 325 行.
INFO: Run Behavior\ParseTemplateBehavior [ RunTime:0.058003s ]
INFO: [ view_parse ] --END-- [ RunTime:0.058003s ]
INFO: [ view_filter ] --START--
INFO: Run Behavior\WriteHtmlCacheBehavior [ RunTime:0.001000s ]
INFO: [ view_filter ] --END-- [ RunTime:0.001000s ]
INFO: [ app_end ] --START--
INFO: Run Behavior\ShowPageTraceBehavior [ RunTime:0.002001s ]
INFO: [ app_end ] --END-- [ RunTime:0.002001s ]

[ 2018-03-22T18:40:45+08:00 ] 127.0.0.1 /moban/index.php/Admin/Lun/uploadify
INFO: [ app_init ] --START--
INFO: Run Behavior\BuildLiteBehavior [ RunTime:0.001000s ]
INFO: [ app_init ] --END-- [ RunTime:0.002000s ]
INFO: [ app_begin ] --START--
INFO: Run Behavior\ReadHtmlCacheBehavior [ RunTime:0.002000s ]
INFO: [ app_begin ] --END-- [ RunTime:0.003000s ]
NOTIC: [2] call_user_func() expects parameter 1 to be a valid callback, no array or string given D:\wamp\www\moban\ThinkPHP\Library\Think\Upload.class.php 第 170 行.

[ 2018-03-22T18:41:01+08:00 ] 127.0.0.1 /moban/index.php/Admin/Lun/add
INFO: [ app_init ] --START--
INFO: Run Behavior\BuildLiteBehavior [ RunTime:0.000000s ]
INFO: [ app_init ] --END-- [ RunTime:0.001000s ]
INFO: [ app_begin ] --START--
INFO: Run Behavior\ReadHtmlCacheBehavior [ RunTime:0.001000s ]
INFO: [ app_begin ] --END-- [ RunTime:0.003000s ]
INFO: [ view_parse ] --START--
INFO: [ template_filter ] --START--
INFO: Run Behavior\ContentReplaceBehavior [ RunTime:0.001000s ]
INFO: [ template_filter ] --END-- [ RunTime:0.001000s ]
NOTIC: [8] Undefined variable: ac D:\wamp\www\moban\Application\Runtime\Cache\Admin\5401bc9030fd45b35fba00e7e59b51bc.php 第 103 行.
NOTIC: [8] Undefined variable: ac D:\wamp\www\moban\Application\Runtime\Cache\Admin\5401bc9030fd45b35fba00e7e59b51bc.php 第 103 行.
NOTIC: [8] Undefined variable: ac D:\wamp\www\moban\Application\Runtime\Cache\Admin\5401bc9030fd45b35fba00e7e59b51bc.php 第 103 行.
NOTIC: [8] Undefined variable: ac D:\wamp\www\moban\Application\Runtime\Cache\Admin\5401bc9030fd45b35fba00e7e59b51bc.php 第 103 行.
NOTIC: [8] Undefined variable: ac D:\wamp\www\moban\Application\Runtime\Cache\Admin\5401bc9030fd45b35fba00e7e59b51bc.php 第 134 行.
NOTIC: [8] Undefined variable: ac D:\wamp\www\moban\Application\Runtime\Cache\Admin\5401bc9030fd45b35fba00e7e59b51bc.php 第 134 行.
NOTIC: [8] Undefined variable: ac D:\wamp\www\moban\Application\Runtime\Cache\Admin\5401bc9030fd45b35fba00e7e59b51bc.php 第 134 行.
NOTIC: [8] Undefined variable: ac D:\wamp\www\moban\Application\Runtime\Cache\Admin\5401bc9030fd45b35fba00e7e59b51bc.php 第 134 行.
NOTIC: [8] Undefined variable: ac D:\wamp\www\moban\Application\Runtime\Cache\Admin\5401bc9030fd45b35fba00e7e59b51bc.php 第 134 行.
NOTIC: [8] Undefined variable: ac D:\wamp\www\moban\Application\Runtime\Cache\Admin\5401bc9030fd45b35fba00e7e59b51bc.php 第 172 行.
INFO: Run Behavior\ParseTemplateBehavior [ RunTime:0.039002s ]
INFO: [ view_parse ] --END-- [ RunTime:0.039002s ]
INFO: [ view_filter ] --START--
INFO: Run Behavior\WriteHtmlCacheBehavior [ RunTime:0.001000s ]
INFO: [ view_filter ] --END-- [ RunTime:0.002000s ]
INFO: [ app_end ] --START--
INFO: Run Behavior\ShowPageTraceBehavior [ RunTime:0.002000s ]
INFO: [ app_end ] --END-- [ RunTime:0.005000s ]

[ 2018-03-22T18:41:06+08:00 ] 127.0.0.1 /moban/index.php/Admin/Lun/
INFO: [ app_init ] --START--
INFO: Run Behavior\BuildLiteBehavior [ RunTime:0.000000s ]
INFO: [ app_init ] --END-- [ RunTime:0.002000s ]
INFO: [ app_begin ] --START--
INFO: Run Behavior\ReadHtmlCacheBehavior [ RunTime:0.001000s ]
INFO: [ app_begin ] --END-- [ RunTime:0.002001s ]
INFO: [ view_parse ] --START--
INFO: [ template_filter ] --START--
INFO: Run Behavior\ContentReplaceBehavior [ RunTime:0.002000s ]
INFO: [ template_filter ] --END-- [ RunTime:0.002000s ]
NOTIC: [8] Undefined variable: users D:\wamp\www\moban\Application\Runtime\Cache\Admin\9a0c1983ba1f6b29d28c425543780237.php 第 292 行.
NOTIC: [8] Undefined variable: page D:\wamp\www\moban\Application\Runtime\Cache\Admin\9a0c1983ba1f6b29d28c425543780237.php 第 325 行.
INFO: Run Behavior\ParseTemplateBehavior [ RunTime:0.050003s ]
INFO: [ view_parse ] --END-- [ RunTime:0.050003s ]
INFO: [ view_filter ] --START--
INFO: Run Behavior\WriteHtmlCacheBehavior [ RunTime:0.002000s ]
INFO: [ view_filter ] --END-- [ RunTime:0.002000s ]
INFO: [ app_end ] --START--
INFO: Run Behavior\ShowPageTraceBehavior [ RunTime:0.008001s ]
INFO: [ app_end ] --END-- [ RunTime:0.009001s ]

[ 2018-03-22T18:41:09+08:00 ] 127.0.0.1 /moban/index.php/Admin/Lun/uploadify
INFO: [ app_init ] --START--
INFO: Run Behavior\BuildLiteBehavior [ RunTime:0.000000s ]
INFO: [ app_init ] --END-- [ RunTime:0.002000s ]
INFO: [ app_begin ] --START--
INFO: Run Behavior\ReadHtmlCacheBehavior [ RunTime:0.002000s ]
INFO: [ app_begin ] --END-- [ RunTime:0.002000s ]
NOTIC: [2] call_user_func() expects parameter 1 to be a valid callback, no array or string given D:\wamp\www\moban\ThinkPHP\Library\Think\Upload.class.php 第 170 行.
INFO: [ app_end ] --START--
INFO: Run Behavior\ShowPageTraceBehavior [ RunTime:0.003001s ]
INFO: [ app_end ] --END-- [ RunTime:0.004001s ]

[ 2018-03-22T18:41:43+08:00 ] 127.0.0.1 /moban/index.php/Admin/Lun/add
INFO: [ app_init ] --START--
INFO: Run Behavior\BuildLiteBehavior [ RunTime:0.000000s ]
INFO: [ app_init ] --END-- [ RunTime:0.002000s ]
INFO: [ app_begin ] --START--
INFO: Run Behavior\ReadHtmlCacheBehavior [ RunTime:0.002000s ]
INFO: [ app_begin ] --END-- [ RunTime:0.003000s ]
INFO: [ view_parse ] --START--
INFO: [ template_filter ] --START--
INFO: Run Behavior\ContentReplaceBehavior [ RunTime:0.004000s ]
INFO: [ template_filter ] --END-- [ RunTime:0.004000s ]
NOTIC: [8] Undefined variable: ac D:\wamp\www\moban\Application\Runtime\Cache\Admin\5401bc9030fd45b35fba00e7e59b51bc.php 第 103 行.
NOTIC: [8] Undefined variable: ac D:\wamp\www\moban\Application\Runtime\Cache\Admin\5401bc9030fd45b35fba00e7e59b51bc.php 第 103 行.
NOTIC: [8] Undefined variable: ac D:\wamp\www\moban\Application\Runtime\Cache\Admin\5401bc9030fd45b35fba00e7e59b51bc.php 第 103 行.
NOTIC: [8] Undefined variable: ac D:\wamp\www\moban\Application\Runtime\Cache\Admin\5401bc9030fd45b35fba00e7e59b51bc.php 第 103 行.
NOTIC: [8] Undefined variable: ac D:\wamp\www\moban\Application\Runtime\Cache\Admin\5401bc9030fd45b35fba00e7e59b51bc.php 第 134 行.
NOTIC: [8] Undefined variable: ac D:\wamp\www\moban\Application\Runtime\Cache\Admin\5401bc9030fd45b35fba00e7e59b51bc.php 第 134 行.
NOTIC: [8] Undefined variable: ac D:\wamp\www\moban\Application\Runtime\Cache\Admin\5401bc9030fd45b35fba00e7e59b51bc.php 第 134 行.
NOTIC: [8] Undefined variable: ac D:\wamp\www\moban\Application\Runtime\Cache\Admin\5401bc9030fd45b35fba00e7e59b51bc.php 第 134 行.
NOTIC: [8] Undefined variable: ac D:\wamp\www\moban\Application\Runtime\Cache\Admin\5401bc9030fd45b35fba00e7e59b51bc.php 第 134 行.
NOTIC: [8] Undefined variable: ac D:\wamp\www\moban\Application\Runtime\Cache\Admin\5401bc9030fd45b35fba00e7e59b51bc.php 第 172 行.
INFO: Run Behavior\ParseTemplateBehavior [ RunTime:0.077004s ]
INFO: [ view_parse ] --END-- [ RunTime:0.077004s ]
INFO: [ view_filter ] --START--
INFO: Run Behavior\WriteHtmlCacheBehavior [ RunTime:0.002000s ]
INFO: [ view_filter ] --END-- [ RunTime:0.002000s ]
INFO: [ app_end ] --START--
INFO: Run Behavior\ShowPageTraceBehavior [ RunTime:0.002001s ]
INFO: [ app_end ] --END-- [ RunTime:0.002001s ]

[ 2018-03-22T18:41:48+08:00 ] 127.0.0.1 /moban/index.php/Admin/Lun/
INFO: [ app_init ] --START--
INFO: Run Behavior\BuildLiteBehavior [ RunTime:0.000000s ]
INFO: [ app_init ] --END-- [ RunTime:0.002001s ]
INFO: [ app_begin ] --START--
INFO: Run Behavior\ReadHtmlCacheBehavior [ RunTime:0.002000s ]
INFO: [ app_begin ] --END-- [ RunTime:0.002000s ]
INFO: [ view_parse ] --START--
INFO: [ template_filter ] --START--
INFO: Run Behavior\ContentReplaceBehavior [ RunTime:0.001000s ]
INFO: [ template_filter ] --END-- [ RunTime:0.002000s ]
NOTIC: [8] Undefined variable: users D:\wamp\www\moban\Application\Runtime\Cache\Admin\9a0c1983ba1f6b29d28c425543780237.php 第 292 行.
NOTIC: [8] Undefined variable: page D:\wamp\www\moban\Application\Runtime\Cache\Admin\9a0c1983ba1f6b29d28c425543780237.php 第 325 行.
INFO: Run Behavior\ParseTemplateBehavior [ RunTime:0.117006s ]
INFO: [ view_parse ] --END-- [ RunTime:0.118006s ]
INFO: [ view_filter ] --START--
INFO: Run Behavior\WriteHtmlCacheBehavior [ RunTime:0.002001s ]
INFO: [ view_filter ] --END-- [ RunTime:0.003001s ]
INFO: [ app_end ] --START--
INFO: Run Behavior\ShowPageTraceBehavior [ RunTime:0.003000s ]
INFO: [ app_end ] --END-- [ RunTime:0.003000s ]

[ 2018-03-22T18:41:51+08:00 ] 127.0.0.1 /moban/index.php/Admin/Lun/uploadify
INFO: [ app_init ] --START--
INFO: Run Behavior\BuildLiteBehavior [ RunTime:0.000000s ]
INFO: [ app_init ] --END-- [ RunTime:0.001000s ]
INFO: [ app_begin ] --START--
INFO: Run Behavior\ReadHtmlCacheBehavior [ RunTime:0.002000s ]
INFO: [ app_begin ] --END-- [ RunTime:0.003000s ]
NOTIC: [2] call_user_func() expects parameter 1 to be a valid callback, no array or string given D:\wamp\www\moban\ThinkPHP\Library\Think\Upload.class.php 第 170 行.
INFO: [ app_end ] --START--
INFO: Run Behavior\ShowPageTraceBehavior [ RunTime:0.002000s ]
INFO: [ app_end ] --END-- [ RunTime:0.003000s ]

[ 2018-03-22T18:42:46+08:00 ] 127.0.0.1 /moban/index.php/Admin/Lun/add
INFO: [ app_init ] --START--
INFO: Run Behavior\BuildLiteBehavior [ RunTime:0.000000s ]
INFO: [ app_init ] --END-- [ RunTime:0.002000s ]
INFO: [ app_begin ] --START--
INFO: Run Behavior\ReadHtmlCacheBehavior [ RunTime:0.002000s ]
INFO: [ app_begin ] --END-- [ RunTime:0.002000s ]
INFO: [ view_parse ] --START--
INFO: [ template_filter ] --START--
INFO: Run Behavior\ContentReplaceBehavior [ RunTime:0.001000s ]
INFO: [ template_filter ] --END-- [ RunTime:0.002000s ]
NOTIC: [8] Undefined variable: ac D:\wamp\www\moban\Application\Runtime\Cache\Admin\5401bc9030fd45b35fba00e7e59b51bc.php 第 103 行.
NOTIC: [8] Undefined variable: ac D:\wamp\www\moban\Application\Runtime\Cache\Admin\5401bc9030fd45b35fba00e7e59b51bc.php 第 103 行.
NOTIC: [8] Undefined variable: ac D:\wamp\www\moban\Application\Runtime\Cache\Admin\5401bc9030fd45b35fba00e7e59b51bc.php 第 103 行.
NOTIC: [8] Undefined variable: ac D:\wamp\www\moban\Application\Runtime\Cache\Admin\5401bc9030fd45b35fba00e7e59b51bc.php 第 103 行.
NOTIC: [8] Undefined variable: ac D:\wamp\www\moban\Application\Runtime\Cache\Admin\5401bc9030fd45b35fba00e7e59b51bc.php 第 134 行.
NOTIC: [8] Undefined variable: ac D:\wamp\www\moban\Application\Runtime\Cache\Admin\5401bc9030fd45b35fba00e7e59b51bc.php 第 134 行.
NOTIC: [8] Undefined variable: ac D:\wamp\www\moban\Application\Runtime\Cache\Admin\5401bc9030fd45b35fba00e7e59b51bc.php 第 134 行.
NOTIC: [8] Undefined variable: ac D:\wamp\www\moban\Application\Runtime\Cache\Admin\5401bc9030fd45b35fba00e7e59b51bc.php 第 134 行.
NOTIC: [8] Undefined variable: ac D:\wamp\www\moban\Application\Runtime\Cache\Admin\5401bc9030fd45b35fba00e7e59b51bc.php 第 134 行.
NOTIC: [8] Undefined variable: ac D:\wamp\www\moban\Application\Runtime\Cache\Admin\5401bc9030fd45b35fba00e7e59b51bc.php 第 172 行.
INFO: Run Behavior\ParseTemplateBehavior [ RunTime:0.062003s ]
INFO: [ view_parse ] --END-- [ RunTime:0.064003s ]
INFO: [ view_filter ] --START--
INFO: Run Behavior\WriteHtmlCacheBehavior [ RunTime:0.002001s ]
INFO: [ view_filter ] --END-- [ RunTime:0.002001s ]
INFO: [ app_end ] --START--
INFO: Run Behavior\ShowPageTraceBehavior [ RunTime:0.004000s ]
INFO: [ app_end ] --END-- [ RunTime:0.005000s ]

[ 2018-03-22T18:42:53+08:00 ] 127.0.0.1 /moban/index.php/Admin/Lun/
INFO: [ app_init ] --START--
INFO: Run Behavior\BuildLiteBehavior [ RunTime:0.000000s ]
INFO: [ app_init ] --END-- [ RunTime:0.002000s ]
INFO: [ app_begin ] --START--
INFO: Run Behavior\ReadHtmlCacheBehavior [ RunTime:0.002001s ]
INFO: [ app_begin ] --END-- [ RunTime:0.003001s ]
INFO: [ view_parse ] --START--
INFO: [ template_filter ] --START--
INFO: Run Behavior\ContentReplaceBehavior [ RunTime:0.000000s ]
INFO: [ template_filter ] --END-- [ RunTime:0.002001s ]
NOTIC: [8] Undefined variable: users D:\wamp\www\moban\Application\Runtime\Cache\Admin\9a0c1983ba1f6b29d28c425543780237.php 第 292 行.
NOTIC: [8] Undefined variable: page D:\wamp\www\moban\Application\Runtime\Cache\Admin\9a0c1983ba1f6b29d28c425543780237.php 第 325 行.
INFO: Run Behavior\ParseTemplateBehavior [ RunTime:0.059003s ]
INFO: [ view_parse ] --END-- [ RunTime:0.059003s ]
INFO: [ view_filter ] --START--
INFO: Run Behavior\WriteHtmlCacheBehavior [ RunTime:0.001000s ]
INFO: [ view_filter ] --END-- [ RunTime:0.002000s ]
INFO: [ app_end ] --START--
INFO: Run Behavior\ShowPageTraceBehavior [ RunTime:0.010000s ]
INFO: [ app_end ] --END-- [ RunTime:0.011000s ]

[ 2018-03-22T18:42:56+08:00 ] 127.0.0.1 /moban/index.php/Admin/Lun/uploadify
INFO: [ app_init ] --START--
INFO: Run Behavior\BuildLiteBehavior [ RunTime:0.000000s ]
INFO: [ app_init ] --END-- [ RunTime:0.004000s ]
INFO: [ app_begin ] --START--
INFO: Run Behavior\ReadHtmlCacheBehavior [ RunTime:0.002001s ]
INFO: [ app_begin ] --END-- [ RunTime:0.003001s ]
NOTIC: [2] call_user_func() expects parameter 1 to be a valid callback, no array or string given D:\wamp\www\moban\ThinkPHP\Library\Think\Upload.class.php 第 170 行.
INFO: [ app_end ] --START--
INFO: Run Behavior\ShowPageTraceBehavior [ RunTime:0.002000s ]
INFO: [ app_end ] --END-- [ RunTime:0.003000s ]

[ 2018-03-22T18:42:56+08:00 ] 127.0.0.1 /moban/index.php/Admin/Lun/Public/Uploads/2018-03-22/5ab388b04abad.png
INFO: [ app_init ] --START--
INFO: Run Behavior\BuildLiteBehavior [ RunTime:0.000000s ]
INFO: [ app_init ] --END-- [ RunTime:0.004000s ]

[ 2018-03-22T18:43:29+08:00 ] 127.0.0.1 /moban/index.php/Admin/Lun/add
INFO: [ app_init ] --START--
INFO: Run Behavior\BuildLiteBehavior [ RunTime:0.000000s ]
INFO: [ app_init ] --END-- [ RunTime:0.002000s ]
INFO: [ app_begin ] --START--
INFO: Run Behavior\ReadHtmlCacheBehavior [ RunTime:0.001000s ]
INFO: [ app_begin ] --END-- [ RunTime:0.002000s ]
INFO: [ view_parse ] --START--
INFO: [ template_filter ] --START--
INFO: Run Behavior\ContentReplaceBehavior [ RunTime:0.001000s ]
INFO: [ template_filter ] --END-- [ RunTime:0.002000s ]
NOTIC: [8] Undefined variable: ac D:\wamp\www\moban\Application\Runtime\Cache\Admin\5401bc9030fd45b35fba00e7e59b51bc.php 第 103 行.
NOTIC: [8] Undefined variable: ac D:\wamp\www\moban\Application\Runtime\Cache\Admin\5401bc9030fd45b35fba00e7e59b51bc.php 第 103 行.
NOTIC: [8] Undefined variable: ac D:\wamp\www\moban\Application\Runtime\Cache\Admin\5401bc9030fd45b35fba00e7e59b51bc.php 第 103 行.
NOTIC: [8] Undefined variable: ac D:\wamp\www\moban\Application\Runtime\Cache\Admin\5401bc9030fd45b35fba00e7e59b51bc.php 第 103 行.
NOTIC: [8] Undefined variable: ac D:\wamp\www\moban\Application\Runtime\Cache\Admin\5401bc9030fd45b35fba00e7e59b51bc.php 第 134 行.
NOTIC: [8] Undefined variable: ac D:\wamp\www\moban\Application\Runtime\Cache\Admin\5401bc9030fd45b35fba00e7e59b51bc.php 第 134 行.
NOTIC: [8] Undefined variable: ac D:\wamp\www\moban\Application\Runtime\Cache\Admin\5401bc9030fd45b35fba00e7e59b51bc.php 第 134 行.
NOTIC: [8] Undefined variable: ac D:\wamp\www\moban\Application\Runtime\Cache\Admin\5401bc9030fd45b35fba00e7e59b51bc.php 第 134 行.
NOTIC: [8] Undefined variable: ac D:\wamp\www\moban\Application\Runtime\Cache\Admin\5401bc9030fd45b35fba00e7e59b51bc.php 第 134 行.
NOTIC: [8] Undefined variable: ac D:\wamp\www\moban\Application\Runtime\Cache\Admin\5401bc9030fd45b35fba00e7e59b51bc.php 第 172 行.
INFO: Run Behavior\ParseTemplateBehavior [ RunTime:0.043003s ]
INFO: [ view_parse ] --END-- [ RunTime:0.044003s ]
INFO: [ view_filter ] --START--
INFO: Run Behavior\WriteHtmlCacheBehavior [ RunTime:0.001000s ]
INFO: [ view_filter ] --END-- [ RunTime:0.002000s ]
INFO: [ app_end ] --START--
INFO: Run Behavior\ShowPageTraceBehavior [ RunTime:0.001000s ]
INFO: [ app_end ] --END-- [ RunTime:0.002000s ]

[ 2018-03-22T18:43:32+08:00 ] 127.0.0.1 /moban/index.php/Admin/Lun/
INFO: [ app_init ] --START--
INFO: Run Behavior\BuildLiteBehavior [ RunTime:0.000000s ]
INFO: [ app_init ] --END-- [ RunTime:0.007001s ]
INFO: [ app_begin ] --START--
INFO: Run Behavior\ReadHtmlCacheBehavior [ RunTime:0.002000s ]
INFO: [ app_begin ] --END-- [ RunTime:0.002000s ]
INFO: [ view_parse ] --START--
INFO: [ template_filter ] --START--
INFO: Run Behavior\ContentReplaceBehavior [ RunTime:0.001000s ]
INFO: [ template_filter ] --END-- [ RunTime:0.002000s ]
NOTIC: [8] Undefined variable: users D:\wamp\www\moban\Application\Runtime\Cache\Admin\9a0c1983ba1f6b29d28c425543780237.php 第 292 行.
NOTIC: [8] Undefined variable: page D:\wamp\www\moban\Application\Runtime\Cache\Admin\9a0c1983ba1f6b29d28c425543780237.php 第 325 行.
INFO: Run Behavior\ParseTemplateBehavior [ RunTime:0.051003s ]
INFO: [ view_parse ] --END-- [ RunTime:0.051003s ]
INFO: [ view_filter ] --START--
INFO: Run Behavior\WriteHtmlCacheBehavior [ RunTime:0.001000s ]
INFO: [ view_filter ] --END-- [ RunTime:0.002000s ]
INFO: [ app_end ] --START--
INFO: Run Behavior\ShowPageTraceBehavior [ RunTime:0.002000s ]
INFO: [ app_end ] --END-- [ RunTime:0.002000s ]

[ 2018-03-22T18:43:35+08:00 ] 127.0.0.1 /moban/index.php/Admin/Lun/uploadify
INFO: [ app_init ] --START--
INFO: Run Behavior\BuildLiteBehavior [ RunTime:0.000000s ]
INFO: [ app_init ] --END-- [ RunTime:0.001000s ]
INFO: [ app_begin ] --START--
INFO: Run Behavior\ReadHtmlCacheBehavior [ RunTime:0.002000s ]
INFO: [ app_begin ] --END-- [ RunTime:0.002000s ]
NOTIC: [2] call_user_func() expects parameter 1 to be a valid callback, no array or string given D:\wamp\www\moban\ThinkPHP\Library\Think\Upload.class.php 第 170 行.
INFO: [ app_end ] --START--
INFO: Run Behavior\ShowPageTraceBehavior [ RunTime:0.001000s ]
INFO: [ app_end ] --END-- [ RunTime:0.002001s ]

[ 2018-03-22T18:44:13+08:00 ] 127.0.0.1 /moban/index.php/Admin/Lun/add
INFO: [ app_init ] --START--
INFO: Run Behavior\BuildLiteBehavior [ RunTime:0.000000s ]
INFO: [ app_init ] --END-- [ RunTime:0.002000s ]
INFO: [ app_begin ] --START--
INFO: Run Behavior\ReadHtmlCacheBehavior [ RunTime:0.002000s ]
INFO: [ app_begin ] --END-- [ RunTime:0.002000s ]
INFO: [ view_parse ] --START--
INFO: [ template_filter ] --START--
INFO: Run Behavior\ContentReplaceBehavior [ RunTime:0.001000s ]
INFO: [ template_filter ] --END-- [ RunTime:0.003001s ]
NOTIC: [8] Undefined variable: ac D:\wamp\www\moban\Application\Runtime\Cache\Admin\5401bc9030fd45b35fba00e7e59b51bc.php 第 103 行.
NOTIC: [8] Undefined variable: ac D:\wamp\www\moban\Application\Runtime\Cache\Admin\5401bc9030fd45b35fba00e7e59b51bc.php 第 103 行.
NOTIC: [8] Undefined variable: ac D:\wamp\www\moban\Application\Runtime\Cache\Admin\5401bc9030fd45b35fba00e7e59b51bc.php 第 103 行.
NOTIC: [8] Undefined variable: ac D:\wamp\www\moban\Application\Runtime\Cache\Admin\5401bc9030fd45b35fba00e7e59b51bc.php 第 103 行.
NOTIC: [8] Undefined variable: ac D:\wamp\www\moban\Application\Runtime\Cache\Admin\5401bc9030fd45b35fba00e7e59b51bc.php 第 134 行.
NOTIC: [8] Undefined variable: ac D:\wamp\www\moban\Application\Runtime\Cache\Admin\5401bc9030fd45b35fba00e7e59b51bc.php 第 134 行.
NOTIC: [8] Undefined variable: ac D:\wamp\www\moban\Application\Runtime\Cache\Admin\5401bc9030fd45b35fba00e7e59b51bc.php 第 134 行.
NOTIC: [8] Undefined variable: ac D:\wamp\www\moban\Application\Runtime\Cache\Admin\5401bc9030fd45b35fba00e7e59b51bc.php 第 134 行.
NOTIC: [8] Undefined variable: ac D:\wamp\www\moban\Application\Runtime\Cache\Admin\5401bc9030fd45b35fba00e7e59b51bc.php 第 134 行.
NOTIC: [8] Undefined variable: ac D:\wamp\www\moban\Application\Runtime\Cache\Admin\5401bc9030fd45b35fba00e7e59b51bc.php 第 172 行.
INFO: Run Behavior\ParseTemplateBehavior [ RunTime:0.078004s ]
INFO: [ view_parse ] --END-- [ RunTime:0.079005s ]
INFO: [ view_filter ] --START--
INFO: Run Behavior\WriteHtmlCacheBehavior [ RunTime:0.005000s ]
INFO: [ view_filter ] --END-- [ RunTime:0.005000s ]
INFO: [ app_end ] --START--
INFO: Run Behavior\ShowPageTraceBehavior [ RunTime:0.002000s ]
INFO: [ app_end ] --END-- [ RunTime:0.003000s ]

[ 2018-03-22T18:44:16+08:00 ] 127.0.0.1 /moban/index.php/Admin/Lun/
INFO: [ app_init ] --START--
INFO: Run Behavior\BuildLiteBehavior [ RunTime:0.000000s ]
INFO: [ app_init ] --END-- [ RunTime:0.002000s ]
INFO: [ app_begin ] --START--
INFO: Run Behavior\ReadHtmlCacheBehavior [ RunTime:0.001000s ]
INFO: [ app_begin ] --END-- [ RunTime:0.003000s ]
INFO: [ view_parse ] --START--
INFO: [ template_filter ] --START--
INFO: Run Behavior\ContentReplaceBehavior [ RunTime:0.001000s ]
INFO: [ template_filter ] --END-- [ RunTime:0.002000s ]
NOTIC: [8] Undefined variable: users D:\wamp\www\moban\Application\Runtime\Cache\Admin\9a0c1983ba1f6b29d28c425543780237.php 第 292 行.
NOTIC: [8] Undefined variable: page D:\wamp\www\moban\Application\Runtime\Cache\Admin\9a0c1983ba1f6b29d28c425543780237.php 第 325 行.
INFO: Run Behavior\ParseTemplateBehavior [ RunTime:0.067004s ]
INFO: [ view_parse ] --END-- [ RunTime:0.067004s ]
INFO: [ view_filter ] --START--
INFO: Run Behavior\WriteHtmlCacheBehavior [ RunTime:0.001000s ]
INFO: [ view_filter ] --END-- [ RunTime:0.001000s ]
INFO: [ app_end ] --START--
INFO: Run Behavior\ShowPageTraceBehavior [ RunTime:0.002000s ]
INFO: [ app_end ] --END-- [ RunTime:0.002000s ]

[ 2018-03-22T18:44:19+08:00 ] 127.0.0.1 /moban/index.php/Admin/Lun/uploadify
INFO: [ app_init ] --START--
INFO: Run Behavior\BuildLiteBehavior [ RunTime:0.000000s ]
INFO: [ app_init ] --END-- [ RunTime:0.002000s ]
INFO: [ app_begin ] --START--
INFO: Run Behavior\ReadHtmlCacheBehavior [ RunTime:0.002000s ]
INFO: [ app_begin ] --END-- [ RunTime:0.002000s ]
NOTIC: [2] call_user_func() expects parameter 1 to be a valid callback, no array or string given D:\wamp\www\moban\ThinkPHP\Library\Think\Upload.class.php 第 170 行.
INFO: [ app_end ] --START--
INFO: Run Behavior\ShowPageTraceBehavior [ RunTime:0.002000s ]
INFO: [ app_end ] --END-- [ RunTime:0.002000s ]

[ 2018-03-22T18:45:27+08:00 ] 127.0.0.1 /moban/index.php/Admin/Lun/add
INFO: [ app_init ] --START--
INFO: Run Behavior\BuildLiteBehavior [ RunTime:0.002001s ]
INFO: [ app_init ] --END-- [ RunTime:0.004001s ]
INFO: [ app_begin ] --START--
INFO: Run Behavior\ReadHtmlCacheBehavior [ RunTime:0.002000s ]
INFO: [ app_begin ] --END-- [ RunTime:0.002000s ]
INFO: [ view_parse ] --START--
INFO: [ template_filter ] --START--
INFO: Run Behavior\ContentReplaceBehavior [ RunTime:0.000000s ]
INFO: [ template_filter ] --END-- [ RunTime:0.002000s ]
NOTIC: [8] Undefined variable: ac D:\wamp\www\moban\Application\Runtime\Cache\Admin\5401bc9030fd45b35fba00e7e59b51bc.php 第 103 行.
NOTIC: [8] Undefined variable: ac D:\wamp\www\moban\Application\Runtime\Cache\Admin\5401bc9030fd45b35fba00e7e59b51bc.php 第 103 行.
NOTIC: [8] Undefined variable: ac D:\wamp\www\moban\Application\Runtime\Cache\Admin\5401bc9030fd45b35fba00e7e59b51bc.php 第 103 行.
NOTIC: [8] Undefined variable: ac D:\wamp\www\moban\Application\Runtime\Cache\Admin\5401bc9030fd45b35fba00e7e59b51bc.php 第 103 行.
NOTIC: [8] Undefined variable: ac D:\wamp\www\moban\Application\Runtime\Cache\Admin\5401bc9030fd45b35fba00e7e59b51bc.php 第 134 行.
NOTIC: [8] Undefined variable: ac D:\wamp\www\moban\Application\Runtime\Cache\Admin\5401bc9030fd45b35fba00e7e59b51bc.php 第 134 行.
NOTIC: [8] Undefined variable: ac D:\wamp\www\moban\Application\Runtime\Cache\Admin\5401bc9030fd45b35fba00e7e59b51bc.php 第 134 行.
NOTIC: [8] Undefined variable: ac D:\wamp\www\moban\Application\Runtime\Cache\Admin\5401bc9030fd45b35fba00e7e59b51bc.php 第 134 行.
NOTIC: [8] Undefined variable: ac D:\wamp\www\moban\Application\Runtime\Cache\Admin\5401bc9030fd45b35fba00e7e59b51bc.php 第 134 行.
NOTIC: [8] Undefined variable: ac D:\wamp\www\moban\Application\Runtime\Cache\Admin\5401bc9030fd45b35fba00e7e59b51bc.php 第 172 行.
INFO: Run Behavior\ParseTemplateBehavior [ RunTime:0.038002s ]
INFO: [ view_parse ] --END-- [ RunTime:0.039002s ]
INFO: [ view_filter ] --START--
INFO: Run Behavior\WriteHtmlCacheBehavior [ RunTime:0.001000s ]
INFO: [ view_filter ] --END-- [ RunTime:0.002000s ]
INFO: [ app_end ] --START--
INFO: Run Behavior\ShowPageTraceBehavior [ RunTime:0.004000s ]
INFO: [ app_end ] --END-- [ RunTime:0.005000s ]

[ 2018-03-22T18:45:29+08:00 ] 127.0.0.1 /moban/index.php/Admin/Lun/
INFO: [ app_init ] --START--
INFO: Run Behavior\BuildLiteBehavior [ RunTime:0.000000s ]
INFO: [ app_init ] --END-- [ RunTime:0.002000s ]
INFO: [ app_begin ] --START--
INFO: Run Behavior\ReadHtmlCacheBehavior [ RunTime:0.001000s ]
INFO: [ app_begin ] --END-- [ RunTime:0.003000s ]
INFO: [ view_parse ] --START--
INFO: [ template_filter ] --START--
INFO: Run Behavior\ContentReplaceBehavior [ RunTime:0.001000s ]
INFO: [ template_filter ] --END-- [ RunTime:0.001000s ]
NOTIC: [8] Undefined variable: users D:\wamp\www\moban\Application\Runtime\Cache\Admin\9a0c1983ba1f6b29d28c425543780237.php 第 292 行.
NOTIC: [8] Undefined variable: page D:\wamp\www\moban\Application\Runtime\Cache\Admin\9a0c1983ba1f6b29d28c425543780237.php 第 325 行.
INFO: Run Behavior\ParseTemplateBehavior [ RunTime:0.070004s ]
INFO: [ view_parse ] --END-- [ RunTime:0.074005s ]
INFO: [ view_filter ] --START--
INFO: Run Behavior\WriteHtmlCacheBehavior [ RunTime:0.001000s ]
INFO: [ view_filter ] --END-- [ RunTime:0.002000s ]
INFO: [ app_end ] --START--
INFO: Run Behavior\ShowPageTraceBehavior [ RunTime:0.012000s ]
INFO: [ app_end ] --END-- [ RunTime:0.012000s ]

[ 2018-03-22T18:45:33+08:00 ] 127.0.0.1 /moban/index.php/Admin/Lun/uploadify
INFO: [ app_init ] --START--
INFO: Run Behavior\BuildLiteBehavior [ RunTime:0.000000s ]
INFO: [ app_init ] --END-- [ RunTime:0.001001s ]
INFO: [ app_begin ] --START--
INFO: Run Behavior\ReadHtmlCacheBehavior [ RunTime:0.002000s ]
INFO: [ app_begin ] --END-- [ RunTime:0.002000s ]
NOTIC: [2] call_user_func() expects parameter 1 to be a valid callback, no array or string given D:\wamp\www\moban\ThinkPHP\Library\Think\Upload.class.php 第 170 行.
INFO: [ app_end ] --START--
INFO: Run Behavior\ShowPageTraceBehavior [ RunTime:0.002000s ]
INFO: [ app_end ] --END-- [ RunTime:0.002000s ]

