[ 2018-01-16T10:07:23+08:00 ] 127.0.0.1 /moban/index.php/Admin/Login/login
INFO: [ app_begin ] --START--
INFO: Run Behavior\ReadHtmlCacheBehavior [ RunTime:0.001000s ]
INFO: [ app_begin ] --END-- [ RunTime:0.001000s ]
NOTIC: [8] Use of undefined constant regex - assumed 'regex' D:\wamp\www\moban\ThinkPHP\Common\functions.php 第 588 行.
NOTIC: [8] Use of undefined constant regex - assumed 'regex' D:\wamp\www\moban\ThinkPHP\Common\functions.php 第 588 行.
SQL: SHOW COLUMNS FROM `muban_admin` [ RunTime:0.0100s ]
NOTIC: [8] Undefined index: validate D:\wamp\www\moban\ThinkPHP\Library\Think\Model.class.php 第 1185 行.
NOTIC: [8] Undefined index: auto D:\wamp\www\moban\ThinkPHP\Library\Think\Model.class.php 第 1128 行.
SQL: SELECT * FROM `muban_admin` WHERE `username` = 'admin' LIMIT 1   [ RunTime:0.0030s ]
SQL: UPDATE `muban_admin` SET `login_time`=NOW(),`login_ip`='2130706433' WHERE `username` = 'admin' [ RunTime:0.0240s ]

[ 2018-01-16T10:18:21+08:00 ] 127.0.0.1 /moban/index.php/Admin/Good/getAttrtype/nav_id/1
INFO: [ app_begin ] --START--
INFO: Run Behavior\ReadHtmlCacheBehavior [ RunTime:0.000000s ]
INFO: [ app_begin ] --END-- [ RunTime:0.001000s ]
SQL: SHOW COLUMNS FROM `muban_attrtype` [ RunTime:0.0050s ]
SQL: SELECT * FROM `muban_attrtype` WHERE `nav_id` = 1  [ RunTime:0.0010s ]
INFO: [ app_end ] --START--
INFO: Run Behavior\ShowPageTraceBehavior [ RunTime:0.001000s ]
INFO: [ app_end ] --END-- [ RunTime:0.001000s ]

[ 2018-01-16T10:22:00+08:00 ] 127.0.0.1 /moban/index.php/Admin/Good/getAttrtype/nav_id/1
INFO: [ app_begin ] --START--
INFO: Run Behavior\ReadHtmlCacheBehavior [ RunTime:0.000000s ]
INFO: [ app_begin ] --END-- [ RunTime:0.000000s ]
SQL: SHOW COLUMNS FROM `muban_attrtype` [ RunTime:0.0040s ]
SQL: SELECT * FROM `muban_attrtype` WHERE `nav_id` = 1  [ RunTime:0.0000s ]
INFO: [ app_end ] --START--
INFO: Run Behavior\ShowPageTraceBehavior [ RunTime:0.001000s ]
INFO: [ app_end ] --END-- [ RunTime:0.001000s ]

[ 2018-01-16T10:48:37+08:00 ] 127.0.0.1 /moban/index.php/Admin/Good/getAttrtype/nav_id/1
INFO: [ app_begin ] --START--
INFO: Run Behavior\ReadHtmlCacheBehavior [ RunTime:0.000000s ]
INFO: [ app_begin ] --END-- [ RunTime:0.001000s ]
SQL: SHOW COLUMNS FROM `muban_attrtype` [ RunTime:0.0030s ]
SQL: SELECT * FROM `muban_attrtype` WHERE `nav_id` = 1  [ RunTime:0.0030s ]
INFO: [ app_end ] --START--
INFO: Run Behavior\ShowPageTraceBehavior [ RunTime:0.000000s ]
INFO: [ app_end ] --END-- [ RunTime:0.000000s ]

[ 2018-01-16T11:00:18+08:00 ] 127.0.0.1 /moban/index.php/Admin/Good/getAttrtype
ERR: 参数错误或者未定义:nav_id

[ 2018-01-16T11:59:27+08:00 ] 127.0.0.1 /moban/index.php/Admin/Good/getAttrtype
ERR: 参数错误或者未定义:nav_id

[ 2018-01-16T11:59:35+08:00 ] 127.0.0.1 /moban/index.php/Admin/Good/getAttrtype/nav_id/1
INFO: [ app_begin ] --START--
INFO: Run Behavior\ReadHtmlCacheBehavior [ RunTime:0.001001s ]
INFO: [ app_begin ] --END-- [ RunTime:0.002001s ]
SQL: SHOW COLUMNS FROM `muban_attrtype` [ RunTime:0.0020s ]
SQL: SELECT * FROM `muban_attrtype` WHERE `nav_id` = 1  [ RunTime:0.0000s ]
INFO: [ app_end ] --START--
INFO: Run Behavior\ShowPageTraceBehavior [ RunTime:0.000000s ]
INFO: [ app_end ] --END-- [ RunTime:0.002000s ]

[ 2018-01-16T11:59:41+08:00 ] 127.0.0.1 /moban/index.php/Admin/Good/getAttrtype/nav_id/%E9%80%89%E6%8B%A9%E6%A0%8F%E7%9B%AE
INFO: [ app_begin ] --START--
INFO: Run Behavior\ReadHtmlCacheBehavior [ RunTime:0.000000s ]
INFO: [ app_begin ] --END-- [ RunTime:0.000000s ]
SQL: SHOW COLUMNS FROM `muban_attrtype` [ RunTime:0.0110s ]
SQL: SELECT * FROM `muban_attrtype` WHERE `nav_id` = 0  [ RunTime:0.0000s ]
INFO: [ app_end ] --START--
INFO: Run Behavior\ShowPageTraceBehavior [ RunTime:0.000000s ]
INFO: [ app_end ] --END-- [ RunTime:0.000000s ]

[ 2018-01-16T11:59:42+08:00 ] 127.0.0.1 /moban/index.php/Admin/Good/getAttrtype/nav_id/1
INFO: [ app_begin ] --START--
INFO: Run Behavior\ReadHtmlCacheBehavior [ RunTime:0.001000s ]
INFO: [ app_begin ] --END-- [ RunTime:0.001000s ]
SQL: SHOW COLUMNS FROM `muban_attrtype` [ RunTime:0.0010s ]
SQL: SELECT * FROM `muban_attrtype` WHERE `nav_id` = 1  [ RunTime:0.0000s ]
INFO: [ app_end ] --START--
INFO: Run Behavior\ShowPageTraceBehavior [ RunTime:0.001000s ]
INFO: [ app_end ] --END-- [ RunTime:0.001000s ]

[ 2018-01-16T12:00:31+08:00 ] 127.0.0.1 /moban/index.php/Admin/Good/getAttrtype/nav_id/1
INFO: [ app_begin ] --START--
INFO: Run Behavior\ReadHtmlCacheBehavior [ RunTime:0.001000s ]
INFO: [ app_begin ] --END-- [ RunTime:0.001000s ]
SQL: SHOW COLUMNS FROM `muban_attrtype` [ RunTime:0.0030s ]
SQL: SELECT * FROM `muban_attrtype` WHERE `nav_id` = 1  [ RunTime:0.0020s ]
INFO: [ app_end ] --START--
INFO: Run Behavior\ShowPageTraceBehavior [ RunTime:0.000000s ]
INFO: [ app_end ] --END-- [ RunTime:0.001000s ]

[ 2018-01-16T12:02:38+08:00 ] 127.0.0.1 /moban/index.php/Admin/Good/getAttrtype/nav_id/1
INFO: [ app_begin ] --START--
INFO: Run Behavior\ReadHtmlCacheBehavior [ RunTime:0.000000s ]
INFO: [ app_begin ] --END-- [ RunTime:0.000000s ]
SQL: SHOW COLUMNS FROM `muban_attrtype` [ RunTime:0.0020s ]
SQL: SELECT * FROM `muban_attrtype` WHERE `nav_id` = 1  [ RunTime:0.0000s ]
INFO: [ app_end ] --START--
INFO: Run Behavior\ShowPageTraceBehavior [ RunTime:0.002000s ]
INFO: [ app_end ] --END-- [ RunTime:0.002000s ]

[ 2018-01-16T12:02:40+08:00 ] 127.0.0.1 /moban/index.php/Admin/Good/getAttrtype/nav_id/%E9%80%89%E6%8B%A9%E6%A0%8F%E7%9B%AE
INFO: [ app_begin ] --START--
INFO: Run Behavior\ReadHtmlCacheBehavior [ RunTime:0.001000s ]
INFO: [ app_begin ] --END-- [ RunTime:0.001000s ]
SQL: SHOW COLUMNS FROM `muban_attrtype` [ RunTime:0.0190s ]
SQL: SELECT * FROM `muban_attrtype` WHERE `nav_id` = 0  [ RunTime:0.0170s ]
INFO: [ app_end ] --START--
INFO: Run Behavior\ShowPageTraceBehavior [ RunTime:0.001000s ]
INFO: [ app_end ] --END-- [ RunTime:0.001000s ]

[ 2018-01-16T12:02:41+08:00 ] 127.0.0.1 /moban/index.php/Admin/Good/getAttrtype/nav_id/1
INFO: [ app_begin ] --START--
INFO: Run Behavior\ReadHtmlCacheBehavior [ RunTime:0.000000s ]
INFO: [ app_begin ] --END-- [ RunTime:0.001000s ]
SQL: SHOW COLUMNS FROM `muban_attrtype` [ RunTime:0.0020s ]
SQL: SELECT * FROM `muban_attrtype` WHERE `nav_id` = 1  [ RunTime:0.0010s ]
INFO: [ app_end ] --START--
INFO: Run Behavior\ShowPageTraceBehavior [ RunTime:0.001000s ]
INFO: [ app_end ] --END-- [ RunTime:0.001000s ]

[ 2018-01-16T12:02:45+08:00 ] 127.0.0.1 /moban/index.php/Admin/Good/getAttrtype/nav_id/%E9%80%89%E6%8B%A9%E6%A0%8F%E7%9B%AE
INFO: [ app_begin ] --START--
INFO: Run Behavior\ReadHtmlCacheBehavior [ RunTime:0.000000s ]
INFO: [ app_begin ] --END-- [ RunTime:0.000000s ]
SQL: SHOW COLUMNS FROM `muban_attrtype` [ RunTime:0.0050s ]
SQL: SELECT * FROM `muban_attrtype` WHERE `nav_id` = 0  [ RunTime:0.0000s ]
INFO: [ app_end ] --START--
INFO: Run Behavior\ShowPageTraceBehavior [ RunTime:0.000000s ]
INFO: [ app_end ] --END-- [ RunTime:0.001000s ]

[ 2018-01-16T12:02:48+08:00 ] 127.0.0.1 /moban/index.php/Admin/Good/getAttrtype/nav_id/1
INFO: [ app_begin ] --START--
INFO: Run Behavior\ReadHtmlCacheBehavior [ RunTime:0.001000s ]
INFO: [ app_begin ] --END-- [ RunTime:0.001000s ]
SQL: SHOW COLUMNS FROM `muban_attrtype` [ RunTime:0.0020s ]
SQL: SELECT * FROM `muban_attrtype` WHERE `nav_id` = 1  [ RunTime:0.0030s ]
INFO: [ app_end ] --START--
INFO: Run Behavior\ShowPageTraceBehavior [ RunTime:0.000000s ]
INFO: [ app_end ] --END-- [ RunTime:0.000000s ]

[ 2018-01-16T12:12:29+08:00 ] 127.0.0.1 /moban/index.php/Admin/Good/getAttrtype/nav_id/1
INFO: [ app_begin ] --START--
INFO: Run Behavior\ReadHtmlCacheBehavior [ RunTime:0.000000s ]
INFO: [ app_begin ] --END-- [ RunTime:0.001000s ]
SQL: SHOW COLUMNS FROM `muban_attrtype` [ RunTime:0.0020s ]
SQL: SELECT * FROM `muban_attrtype` WHERE `nav_id` = 1  [ RunTime:0.0010s ]
INFO: [ app_end ] --START--
INFO: Run Behavior\ShowPageTraceBehavior [ RunTime:0.000000s ]
INFO: [ app_end ] --END-- [ RunTime:0.001000s ]

[ 2018-01-16T12:15:22+08:00 ] 127.0.0.1 /moban/index.php/Admin/Good/getAttrtype/nav_id/1
INFO: [ app_begin ] --START--
INFO: Run Behavior\ReadHtmlCacheBehavior [ RunTime:0.000000s ]
INFO: [ app_begin ] --END-- [ RunTime:0.000000s ]
SQL: SHOW COLUMNS FROM `muban_attrtype` [ RunTime:0.0010s ]
SQL: SELECT * FROM `muban_attrtype` WHERE `nav_id` = 1  [ RunTime:0.0000s ]
INFO: [ app_end ] --START--
INFO: Run Behavior\ShowPageTraceBehavior [ RunTime:0.001000s ]
INFO: [ app_end ] --END-- [ RunTime:0.001000s ]

[ 2018-01-16T12:15:55+08:00 ] 127.0.0.1 /moban/index.php/Admin/Good/getAttrtype/nav_id/1
INFO: [ app_begin ] --START--
INFO: Run Behavior\ReadHtmlCacheBehavior [ RunTime:0.001000s ]
INFO: [ app_begin ] --END-- [ RunTime:0.001000s ]
SQL: SHOW COLUMNS FROM `muban_attrtype` [ RunTime:0.0200s ]
SQL: SELECT * FROM `muban_attrtype` WHERE `nav_id` = 1  [ RunTime:0.0000s ]
INFO: [ app_end ] --START--
INFO: Run Behavior\ShowPageTraceBehavior [ RunTime:0.000000s ]
INFO: [ app_end ] --END-- [ RunTime:0.000000s ]

[ 2018-01-16T12:17:09+08:00 ] 127.0.0.1 /moban/index.php/Admin/Good/getAttrtype/nav_id/1
INFO: [ app_begin ] --START--
INFO: Run Behavior\ReadHtmlCacheBehavior [ RunTime:0.001000s ]
INFO: [ app_begin ] --END-- [ RunTime:0.001000s ]
SQL: SHOW COLUMNS FROM `muban_attrtype` [ RunTime:0.0010s ]
SQL: SELECT * FROM `muban_attrtype` WHERE `nav_id` = 1  [ RunTime:0.0010s ]
INFO: [ app_end ] --START--
INFO: Run Behavior\ShowPageTraceBehavior [ RunTime:0.001000s ]
INFO: [ app_end ] --END-- [ RunTime:0.001000s ]

[ 2018-01-16T12:18:07+08:00 ] 127.0.0.1 /moban/index.php/Admin/Good/getAttrtype/nav_id/1
INFO: [ app_begin ] --START--
INFO: Run Behavior\ReadHtmlCacheBehavior [ RunTime:0.000000s ]
INFO: [ app_begin ] --END-- [ RunTime:0.001000s ]
SQL: SHOW COLUMNS FROM `muban_attrtype` [ RunTime:0.0010s ]
SQL: SELECT * FROM `muban_attrtype` WHERE `nav_id` = 1  [ RunTime:0.0000s ]
INFO: [ app_end ] --START--
INFO: Run Behavior\ShowPageTraceBehavior [ RunTime:0.001001s ]
INFO: [ app_end ] --END-- [ RunTime:0.001001s ]

[ 2018-01-16T12:25:37+08:00 ] 127.0.0.1 /moban/index.php/Admin/Good/getAttrtype/nav_id/1
INFO: [ app_begin ] --START--
INFO: Run Behavior\ReadHtmlCacheBehavior [ RunTime:0.000000s ]
INFO: [ app_begin ] --END-- [ RunTime:0.000000s ]
SQL: SHOW COLUMNS FROM `muban_attrtype` [ RunTime:0.0070s ]
SQL: SELECT * FROM `muban_attrtype` WHERE `nav_id` = 1  [ RunTime:0.0000s ]
INFO: [ app_end ] --START--
INFO: Run Behavior\ShowPageTraceBehavior [ RunTime:0.001000s ]
INFO: [ app_end ] --END-- [ RunTime:0.001000s ]

[ 2018-01-16T12:27:30+08:00 ] 127.0.0.1 /moban/index.php/Admin/Good/getAttrtype/nav_id/1
INFO: [ app_begin ] --START--
INFO: Run Behavior\ReadHtmlCacheBehavior [ RunTime:0.000000s ]
INFO: [ app_begin ] --END-- [ RunTime:0.001000s ]
SQL: SHOW COLUMNS FROM `muban_attrtype` [ RunTime:0.0020s ]
SQL: SELECT * FROM `muban_attrtype` WHERE `nav_id` = 1  [ RunTime:0.0010s ]
INFO: [ app_end ] --START--
INFO: Run Behavior\ShowPageTraceBehavior [ RunTime:0.000000s ]
INFO: [ app_end ] --END-- [ RunTime:0.000000s ]

[ 2018-01-16T12:30:50+08:00 ] 127.0.0.1 /moban/index.php/Admin/Good/getAttrtype/nav_id/1
INFO: [ app_begin ] --START--
INFO: Run Behavior\ReadHtmlCacheBehavior [ RunTime:0.001000s ]
INFO: [ app_begin ] --END-- [ RunTime:0.001000s ]
SQL: SHOW COLUMNS FROM `muban_attrtype` [ RunTime:0.0010s ]
SQL: SELECT * FROM `muban_attrtype` WHERE `nav_id` = 1  [ RunTime:0.0000s ]
INFO: [ app_end ] --START--
INFO: Run Behavior\ShowPageTraceBehavior [ RunTime:0.000000s ]
INFO: [ app_end ] --END-- [ RunTime:0.000000s ]

[ 2018-01-16T12:31:28+08:00 ] 127.0.0.1 /moban/index.php/Admin/Good/getAttrtype/nav_id/1
INFO: [ app_begin ] --START--
INFO: Run Behavior\ReadHtmlCacheBehavior [ RunTime:0.000000s ]
INFO: [ app_begin ] --END-- [ RunTime:0.001000s ]
SQL: SHOW COLUMNS FROM `muban_attrtype` [ RunTime:0.0020s ]
SQL: SELECT * FROM `muban_attrtype` WHERE `nav_id` = 1  [ RunTime:0.0010s ]
INFO: [ app_end ] --START--
INFO: Run Behavior\ShowPageTraceBehavior [ RunTime:0.000000s ]
INFO: [ app_end ] --END-- [ RunTime:0.000000s ]

[ 2018-01-16T12:35:37+08:00 ] 127.0.0.1 /moban/index.php/Admin/Good/getAttrtype/nav_id/1
INFO: [ app_begin ] --START--
INFO: Run Behavior\ReadHtmlCacheBehavior [ RunTime:0.001000s ]
INFO: [ app_begin ] --END-- [ RunTime:0.001000s ]
SQL: SHOW COLUMNS FROM `muban_attrtype` [ RunTime:0.0020s ]
SQL: SELECT * FROM `muban_attrtype` WHERE `nav_id` = 1  [ RunTime:0.0000s ]
INFO: [ app_end ] --START--
INFO: Run Behavior\ShowPageTraceBehavior [ RunTime:0.001001s ]
INFO: [ app_end ] --END-- [ RunTime:0.001001s ]

[ 2018-01-16T12:36:41+08:00 ] 127.0.0.1 /moban/index.php/Admin/Good/getAttrtype/nav_id/1
INFO: [ app_begin ] --START--
INFO: Run Behavior\ReadHtmlCacheBehavior [ RunTime:0.001000s ]
INFO: [ app_begin ] --END-- [ RunTime:0.001000s ]
SQL: SHOW COLUMNS FROM `muban_attrtype` [ RunTime:0.0020s ]
SQL: SELECT * FROM `muban_attrtype` WHERE `nav_id` = 1  [ RunTime:0.0010s ]
INFO: [ app_end ] --START--
INFO: Run Behavior\ShowPageTraceBehavior [ RunTime:0.000000s ]
INFO: [ app_end ] --END-- [ RunTime:0.000000s ]

[ 2018-01-16T12:37:02+08:00 ] 127.0.0.1 /moban/index.php/Admin/Good/getAttrtype/nav_id/1
INFO: [ app_begin ] --START--
INFO: Run Behavior\ReadHtmlCacheBehavior [ RunTime:0.000000s ]
INFO: [ app_begin ] --END-- [ RunTime:0.001000s ]
SQL: SHOW COLUMNS FROM `muban_attrtype` [ RunTime:0.0020s ]
SQL: SELECT * FROM `muban_attrtype` WHERE `nav_id` = 1  [ RunTime:0.0010s ]
INFO: [ app_end ] --START--
INFO: Run Behavior\ShowPageTraceBehavior [ RunTime:0.000000s ]
INFO: [ app_end ] --END-- [ RunTime:0.000000s ]

[ 2018-01-16T12:37:34+08:00 ] 127.0.0.1 /moban/index.php/Admin/Good/getAttrtype/nav_id/1
INFO: [ app_begin ] --START--
INFO: Run Behavior\ReadHtmlCacheBehavior [ RunTime:0.000000s ]
INFO: [ app_begin ] --END-- [ RunTime:0.001000s ]
SQL: SHOW COLUMNS FROM `muban_attrtype` [ RunTime:0.0010s ]
SQL: SELECT * FROM `muban_attrtype` WHERE `nav_id` = 1  [ RunTime:0.0010s ]
INFO: [ app_end ] --START--
INFO: Run Behavior\ShowPageTraceBehavior [ RunTime:0.000000s ]
INFO: [ app_end ] --END-- [ RunTime:0.000000s ]

[ 2018-01-16T12:44:51+08:00 ] 127.0.0.1 /moban/index.php/Admin/Good/getAttrtype/nav_id/1
INFO: [ app_begin ] --START--
INFO: Run Behavior\ReadHtmlCacheBehavior [ RunTime:0.000000s ]
INFO: [ app_begin ] --END-- [ RunTime:0.001001s ]
SQL: SHOW COLUMNS FROM `muban_attrtype` [ RunTime:0.0020s ]
SQL: SELECT * FROM `muban_attrtype` WHERE `nav_id` = 1  [ RunTime:0.0000s ]
INFO: [ app_end ] --START--
INFO: Run Behavior\ShowPageTraceBehavior [ RunTime:0.002000s ]
INFO: [ app_end ] --END-- [ RunTime:0.002000s ]

[ 2018-01-16T12:45:26+08:00 ] 127.0.0.1 /moban/index.php/Admin/Good/getAttrtype/nav_id/1
INFO: [ app_begin ] --START--
INFO: Run Behavior\ReadHtmlCacheBehavior [ RunTime:0.000000s ]
INFO: [ app_begin ] --END-- [ RunTime:0.001000s ]
SQL: SHOW COLUMNS FROM `muban_attrtype` [ RunTime:0.0010s ]
SQL: SELECT * FROM `muban_attrtype` WHERE `nav_id` = 1  [ RunTime:0.0000s ]
INFO: [ app_end ] --START--
INFO: Run Behavior\ShowPageTraceBehavior [ RunTime:0.001000s ]
INFO: [ app_end ] --END-- [ RunTime:0.001000s ]

[ 2018-01-16T12:47:36+08:00 ] 127.0.0.1 /moban/index.php/Admin/Good/getAttrtype/nav_id/1
INFO: [ app_begin ] --START--
INFO: Run Behavior\ReadHtmlCacheBehavior [ RunTime:0.001000s ]
INFO: [ app_begin ] --END-- [ RunTime:0.001000s ]
SQL: SHOW COLUMNS FROM `muban_attrtype` [ RunTime:0.0010s ]
SQL: SELECT * FROM `muban_attrtype` WHERE `nav_id` = 1  [ RunTime:0.0010s ]
INFO: [ app_end ] --START--
INFO: Run Behavior\ShowPageTraceBehavior [ RunTime:0.000000s ]
INFO: [ app_end ] --END-- [ RunTime:0.000000s ]

[ 2018-01-16T12:48:50+08:00 ] 127.0.0.1 /moban/index.php/Admin/Good/getAttrtype/nav_id/1
INFO: [ app_begin ] --START--
INFO: Run Behavior\ReadHtmlCacheBehavior [ RunTime:0.001000s ]
INFO: [ app_begin ] --END-- [ RunTime:0.001000s ]
SQL: SHOW COLUMNS FROM `muban_attrtype` [ RunTime:0.0020s ]
SQL: SELECT * FROM `muban_attrtype` WHERE `nav_id` = 1  [ RunTime:0.0010s ]
INFO: [ app_end ] --START--
INFO: Run Behavior\ShowPageTraceBehavior [ RunTime:0.000000s ]
INFO: [ app_end ] --END-- [ RunTime:0.000000s ]

[ 2018-01-16T12:53:40+08:00 ] 127.0.0.1 /moban/index.php/Admin/Good/getAttrtype/nav_id/1
INFO: [ app_begin ] --START--
INFO: Run Behavior\ReadHtmlCacheBehavior [ RunTime:0.000000s ]
INFO: [ app_begin ] --END-- [ RunTime:0.001001s ]
SQL: SHOW COLUMNS FROM `muban_attrtype` [ RunTime:0.0010s ]
SQL: SELECT * FROM `muban_attrtype` WHERE `nav_id` = 1  [ RunTime:0.0010s ]
INFO: [ app_end ] --START--
INFO: Run Behavior\ShowPageTraceBehavior [ RunTime:0.000000s ]
INFO: [ app_end ] --END-- [ RunTime:0.000000s ]

[ 2018-01-16T12:53:43+08:00 ] 127.0.0.1 /moban/index.php/Admin/Good/getAttrtype/nav_id/3
INFO: [ app_begin ] --START--
INFO: Run Behavior\ReadHtmlCacheBehavior [ RunTime:0.001000s ]
INFO: [ app_begin ] --END-- [ RunTime:0.001000s ]
SQL: SHOW COLUMNS FROM `muban_attrtype` [ RunTime:0.0030s ]
SQL: SELECT * FROM `muban_attrtype` WHERE `nav_id` = 3  [ RunTime:0.0010s ]
INFO: [ app_end ] --START--
INFO: Run Behavior\ShowPageTraceBehavior [ RunTime:0.001000s ]
INFO: [ app_end ] --END-- [ RunTime:0.001000s ]

[ 2018-01-16T12:53:45+08:00 ] 127.0.0.1 /moban/index.php/Admin/Good/getAttrtype/nav_id/%E9%80%89%E6%8B%A9%E6%A0%8F%E7%9B%AE
INFO: [ app_begin ] --START--
INFO: Run Behavior\ReadHtmlCacheBehavior [ RunTime:0.000000s ]
INFO: [ app_begin ] --END-- [ RunTime:0.001000s ]
SQL: SHOW COLUMNS FROM `muban_attrtype` [ RunTime:0.0010s ]
SQL: SELECT * FROM `muban_attrtype` WHERE `nav_id` = 0  [ RunTime:0.0000s ]
INFO: [ app_end ] --START--
INFO: Run Behavior\ShowPageTraceBehavior [ RunTime:0.001000s ]
INFO: [ app_end ] --END-- [ RunTime:0.001000s ]

[ 2018-01-16T12:53:46+08:00 ] 127.0.0.1 /moban/index.php/Admin/Good/getAttrtype/nav_id/1
INFO: [ app_begin ] --START--
INFO: Run Behavior\ReadHtmlCacheBehavior [ RunTime:0.000000s ]
INFO: [ app_begin ] --END-- [ RunTime:0.001000s ]
SQL: SHOW COLUMNS FROM `muban_attrtype` [ RunTime:0.0010s ]
SQL: SELECT * FROM `muban_attrtype` WHERE `nav_id` = 1  [ RunTime:0.0000s ]
INFO: [ app_end ] --START--
INFO: Run Behavior\ShowPageTraceBehavior [ RunTime:0.000000s ]
INFO: [ app_end ] --END-- [ RunTime:0.000000s ]

[ 2018-01-16T12:57:44+08:00 ] 127.0.0.1 /moban/index.php/Admin/Good/getAttrtype/nav_id/1
INFO: [ app_begin ] --START--
INFO: Run Behavior\ReadHtmlCacheBehavior [ RunTime:0.000000s ]
INFO: [ app_begin ] --END-- [ RunTime:0.000000s ]
SQL: SHOW COLUMNS FROM `muban_attrtype` [ RunTime:0.0020s ]
SQL: SELECT * FROM `muban_attrtype` WHERE `nav_id` = 1  [ RunTime:0.0000s ]
INFO: [ app_end ] --START--
INFO: Run Behavior\ShowPageTraceBehavior [ RunTime:0.001000s ]
INFO: [ app_end ] --END-- [ RunTime:0.001000s ]

[ 2018-01-16T14:02:41+08:00 ] 127.0.0.1 /moban/index.php/Admin/Good/getAttrtype/nav_id/1
INFO: [ app_begin ] --START--
INFO: Run Behavior\ReadHtmlCacheBehavior [ RunTime:0.001000s ]
INFO: [ app_begin ] --END-- [ RunTime:0.001000s ]
SQL: SHOW COLUMNS FROM `muban_attrtype` [ RunTime:0.0040s ]
SQL: SELECT * FROM `muban_attrtype` WHERE `nav_id` = 1  [ RunTime:0.0020s ]
INFO: [ app_end ] --START--
INFO: Run Behavior\ShowPageTraceBehavior [ RunTime:0.000000s ]
INFO: [ app_end ] --END-- [ RunTime:0.000000s ]

[ 2018-01-16T14:03:31+08:00 ] 127.0.0.1 /moban/index.php/Admin/Good/getAttrtype/nav_id/1
INFO: [ app_begin ] --START--
INFO: Run Behavior\ReadHtmlCacheBehavior [ RunTime:0.000000s ]
INFO: [ app_begin ] --END-- [ RunTime:0.000000s ]
SQL: SHOW COLUMNS FROM `muban_attrtype` [ RunTime:0.0300s ]
SQL: SELECT * FROM `muban_attrtype` WHERE `nav_id` = 1  [ RunTime:0.0010s ]
INFO: [ app_end ] --START--
INFO: Run Behavior\ShowPageTraceBehavior [ RunTime:0.001001s ]
INFO: [ app_end ] --END-- [ RunTime:0.001001s ]

[ 2018-01-16T14:04:16+08:00 ] 127.0.0.1 /moban/index.php/Admin/Good/getAttrtype/nav_id/1
INFO: [ app_begin ] --START--
INFO: Run Behavior\ReadHtmlCacheBehavior [ RunTime:0.000000s ]
INFO: [ app_begin ] --END-- [ RunTime:0.000000s ]
SQL: SHOW COLUMNS FROM `muban_attrtype` [ RunTime:0.0010s ]
SQL: SELECT * FROM `muban_attrtype` WHERE `nav_id` = 1  [ RunTime:0.0000s ]
INFO: [ app_end ] --START--
INFO: Run Behavior\ShowPageTraceBehavior [ RunTime:0.001000s ]
INFO: [ app_end ] --END-- [ RunTime:0.001000s ]

[ 2018-01-16T14:07:44+08:00 ] 127.0.0.1 /moban/index.php/Admin/Good/getAttrtype/nav_id/1
INFO: [ app_begin ] --START--
INFO: Run Behavior\ReadHtmlCacheBehavior [ RunTime:0.000000s ]
INFO: [ app_begin ] --END-- [ RunTime:0.001000s ]
SQL: SHOW COLUMNS FROM `muban_attrtype` [ RunTime:0.0020s ]
SQL: SELECT * FROM `muban_attrtype` WHERE `nav_id` = 1  [ RunTime:0.0020s ]
INFO: [ app_end ] --START--
INFO: Run Behavior\ShowPageTraceBehavior [ RunTime:0.000000s ]
INFO: [ app_end ] --END-- [ RunTime:0.000000s ]

[ 2018-01-16T14:07:48+08:00 ] 127.0.0.1 /moban/index.php/Admin/Good/getAttrs/attrname/%E8%A1%8C%E4%B8%9A
INFO: [ app_begin ] --START--
INFO: Run Behavior\ReadHtmlCacheBehavior [ RunTime:0.000000s ]
INFO: [ app_begin ] --END-- [ RunTime:0.000000s ]
INFO: [ app_end ] --START--
INFO: Run Behavior\ShowPageTraceBehavior [ RunTime:0.000000s ]
INFO: [ app_end ] --END-- [ RunTime:0.000000s ]

[ 2018-01-16T14:08:58+08:00 ] 127.0.0.1 /moban/index.php/Admin/Good/getAttrtype/nav_id/1
INFO: [ app_begin ] --START--
INFO: Run Behavior\ReadHtmlCacheBehavior [ RunTime:0.001000s ]
INFO: [ app_begin ] --END-- [ RunTime:0.001000s ]
SQL: SHOW COLUMNS FROM `muban_attrtype` [ RunTime:0.0020s ]
SQL: SELECT * FROM `muban_attrtype` WHERE `nav_id` = 1  [ RunTime:0.0010s ]
INFO: [ app_end ] --START--
INFO: Run Behavior\ShowPageTraceBehavior [ RunTime:0.000000s ]
INFO: [ app_end ] --END-- [ RunTime:0.001000s ]

[ 2018-01-16T14:08:59+08:00 ] 127.0.0.1 /moban/index.php/Admin/Good/getAttrs/attrname/%E5%85%B6%E4%BB%96
INFO: [ app_begin ] --START--
INFO: Run Behavior\ReadHtmlCacheBehavior [ RunTime:0.000000s ]
INFO: [ app_begin ] --END-- [ RunTime:0.000000s ]
INFO: [ app_end ] --START--
INFO: Run Behavior\ShowPageTraceBehavior [ RunTime:0.000000s ]
INFO: [ app_end ] --END-- [ RunTime:0.000000s ]

[ 2018-01-16T14:09:21+08:00 ] 127.0.0.1 /moban/index.php/Admin/Good/getAttrs/attrname/%E5%A4%9A%E8%89%B2
INFO: [ app_begin ] --START--
INFO: Run Behavior\ReadHtmlCacheBehavior [ RunTime:0.000000s ]
INFO: [ app_begin ] --END-- [ RunTime:0.000000s ]
INFO: [ app_end ] --START--
INFO: Run Behavior\ShowPageTraceBehavior [ RunTime:0.000000s ]
INFO: [ app_end ] --END-- [ RunTime:0.000000s ]

[ 2018-01-16T14:11:10+08:00 ] 127.0.0.1 /moban/index.php/Admin/Good/getAttrtype/nav_id/1
INFO: [ app_begin ] --START--
INFO: Run Behavior\ReadHtmlCacheBehavior [ RunTime:0.000000s ]
INFO: [ app_begin ] --END-- [ RunTime:0.001000s ]
SQL: SHOW COLUMNS FROM `muban_attrtype` [ RunTime:0.0040s ]
SQL: SELECT * FROM `muban_attrtype` WHERE `nav_id` = 1  [ RunTime:0.0010s ]
INFO: [ app_end ] --START--
INFO: Run Behavior\ShowPageTraceBehavior [ RunTime:0.001000s ]
INFO: [ app_end ] --END-- [ RunTime:0.001000s ]

[ 2018-01-16T14:11:13+08:00 ] 127.0.0.1 /moban/index.php/Admin/Good/getAttrs/attrname/%E8%A1%8C%E4%B8%9A
INFO: [ app_begin ] --START--
INFO: Run Behavior\ReadHtmlCacheBehavior [ RunTime:0.000000s ]
INFO: [ app_begin ] --END-- [ RunTime:0.000000s ]
SQL: SHOW COLUMNS FROM `muban_attr` [ RunTime:0.0020s ]
SQL: SELECT * FROM `muban_attr` WHERE `attrname` = '行业'  [ RunTime:0.0010s ]
INFO: [ app_end ] --START--
INFO: Run Behavior\ShowPageTraceBehavior [ RunTime:0.000000s ]
INFO: [ app_end ] --END-- [ RunTime:0.000000s ]

[ 2018-01-16T14:11:43+08:00 ] 127.0.0.1 /moban/index.php/Admin/Good/getAttrtype/nav_id/1
INFO: [ app_begin ] --START--
INFO: Run Behavior\ReadHtmlCacheBehavior [ RunTime:0.000000s ]
INFO: [ app_begin ] --END-- [ RunTime:0.001000s ]
SQL: SHOW COLUMNS FROM `muban_attrtype` [ RunTime:0.0020s ]
SQL: SELECT * FROM `muban_attrtype` WHERE `nav_id` = 1  [ RunTime:0.0000s ]
INFO: [ app_end ] --START--
INFO: Run Behavior\ShowPageTraceBehavior [ RunTime:0.001000s ]
INFO: [ app_end ] --END-- [ RunTime:0.001000s ]

[ 2018-01-16T14:11:45+08:00 ] 127.0.0.1 /moban/index.php/Admin/Good/getAttrs/attrname/%E8%A1%8C%E4%B8%9A
INFO: [ app_begin ] --START--
INFO: Run Behavior\ReadHtmlCacheBehavior [ RunTime:0.000000s ]
INFO: [ app_begin ] --END-- [ RunTime:0.001000s ]
SQL: SHOW COLUMNS FROM `muban_attr` [ RunTime:0.0020s ]
SQL: SELECT * FROM `muban_attr` WHERE `attrname` = '行业'  [ RunTime:0.0010s ]
INFO: [ app_end ] --START--
INFO: Run Behavior\ShowPageTraceBehavior [ RunTime:0.000000s ]
INFO: [ app_end ] --END-- [ RunTime:0.000000s ]

[ 2018-01-16T14:13:40+08:00 ] 127.0.0.1 /moban/index.php/Admin/Good/getAttrtype/nav_id/1
INFO: [ app_begin ] --START--
INFO: Run Behavior\ReadHtmlCacheBehavior [ RunTime:0.000000s ]
INFO: [ app_begin ] --END-- [ RunTime:0.001000s ]
SQL: SHOW COLUMNS FROM `muban_attrtype` [ RunTime:0.0040s ]
SQL: SELECT * FROM `muban_attrtype` WHERE `nav_id` = 1  [ RunTime:0.0010s ]
INFO: [ app_end ] --START--
INFO: Run Behavior\ShowPageTraceBehavior [ RunTime:0.001000s ]
INFO: [ app_end ] --END-- [ RunTime:0.001000s ]

[ 2018-01-16T14:13:42+08:00 ] 127.0.0.1 /moban/index.php/Admin/Good/getAttrs/attrname/%E8%A1%8C%E4%B8%9A
INFO: [ app_begin ] --START--
INFO: Run Behavior\ReadHtmlCacheBehavior [ RunTime:0.002000s ]
INFO: [ app_begin ] --END-- [ RunTime:0.002000s ]
SQL: SHOW COLUMNS FROM `muban_attr` [ RunTime:0.0070s ]
SQL: SELECT * FROM `muban_attr` WHERE `attrname` = '行业'  [ RunTime:0.0010s ]
INFO: [ app_end ] --START--
INFO: Run Behavior\ShowPageTraceBehavior [ RunTime:0.001000s ]
INFO: [ app_end ] --END-- [ RunTime:0.001000s ]

[ 2018-01-16T14:15:17+08:00 ] 127.0.0.1 /moban/index.php/Admin/Good/getAttrtype/nav_id/1
INFO: [ app_begin ] --START--
INFO: Run Behavior\ReadHtmlCacheBehavior [ RunTime:0.001000s ]
INFO: [ app_begin ] --END-- [ RunTime:0.001000s ]
SQL: SHOW COLUMNS FROM `muban_attrtype` [ RunTime:0.0020s ]
SQL: SELECT * FROM `muban_attrtype` WHERE `nav_id` = 1  [ RunTime:0.0010s ]
INFO: [ app_end ] --START--
INFO: Run Behavior\ShowPageTraceBehavior [ RunTime:0.000000s ]
INFO: [ app_end ] --END-- [ RunTime:0.001000s ]

[ 2018-01-16T14:15:23+08:00 ] 127.0.0.1 /moban/index.php/Admin/Good/getAttrs/attrname/%E8%A1%8C%E4%B8%9A
INFO: [ app_begin ] --START--
INFO: Run Behavior\ReadHtmlCacheBehavior [ RunTime:0.001000s ]
INFO: [ app_begin ] --END-- [ RunTime:0.001000s ]
SQL: SHOW COLUMNS FROM `muban_attr` [ RunTime:0.0020s ]
SQL: SELECT * FROM `muban_attr` WHERE `attrname` = '行业'  [ RunTime:0.0000s ]
INFO: [ app_end ] --START--
INFO: Run Behavior\ShowPageTraceBehavior [ RunTime:0.001000s ]
INFO: [ app_end ] --END-- [ RunTime:0.001000s ]

[ 2018-01-16T14:16:01+08:00 ] 127.0.0.1 /moban/index.php/Admin/Good/getAttrtype/nav_id/1
INFO: [ app_begin ] --START--
INFO: Run Behavior\ReadHtmlCacheBehavior [ RunTime:0.000000s ]
INFO: [ app_begin ] --END-- [ RunTime:0.001000s ]
SQL: SHOW COLUMNS FROM `muban_attrtype` [ RunTime:0.0010s ]
SQL: SELECT * FROM `muban_attrtype` WHERE `nav_id` = 1  [ RunTime:0.0000s ]
INFO: [ app_end ] --START--
INFO: Run Behavior\ShowPageTraceBehavior [ RunTime:0.001000s ]
INFO: [ app_end ] --END-- [ RunTime:0.001000s ]

[ 2018-01-16T14:16:07+08:00 ] 127.0.0.1 /moban/index.php/Admin/Good/getAttrs/attrname/%E8%A1%8C%E4%B8%9A
INFO: [ app_begin ] --START--
INFO: Run Behavior\ReadHtmlCacheBehavior [ RunTime:0.001000s ]
INFO: [ app_begin ] --END-- [ RunTime:0.001000s ]
SQL: SHOW COLUMNS FROM `muban_attr` [ RunTime:0.0020s ]
SQL: SELECT * FROM `muban_attr` WHERE `attrname` = '行业'  [ RunTime:0.0000s ]
INFO: [ app_end ] --START--
INFO: Run Behavior\ShowPageTraceBehavior [ RunTime:0.001000s ]
INFO: [ app_end ] --END-- [ RunTime:0.001000s ]

[ 2018-01-16T14:16:41+08:00 ] 127.0.0.1 /moban/index.php/Admin/Good/getAttrtype/nav_id/1
INFO: [ app_begin ] --START--
INFO: Run Behavior\ReadHtmlCacheBehavior [ RunTime:0.000000s ]
INFO: [ app_begin ] --END-- [ RunTime:0.001000s ]
SQL: SHOW COLUMNS FROM `muban_attrtype` [ RunTime:0.0050s ]
SQL: SELECT * FROM `muban_attrtype` WHERE `nav_id` = 1  [ RunTime:0.0030s ]
INFO: [ app_end ] --START--
INFO: Run Behavior\ShowPageTraceBehavior [ RunTime:0.001000s ]
INFO: [ app_end ] --END-- [ RunTime:0.001000s ]

[ 2018-01-16T14:16:46+08:00 ] 127.0.0.1 /moban/index.php/Admin/Good/getAttrs/attrname/%E8%A1%8C%E4%B8%9A
INFO: [ app_begin ] --START--
INFO: Run Behavior\ReadHtmlCacheBehavior [ RunTime:0.000000s ]
INFO: [ app_begin ] --END-- [ RunTime:0.001000s ]
SQL: SHOW COLUMNS FROM `muban_attr` [ RunTime:0.0260s ]
SQL: SELECT * FROM `muban_attr` WHERE `attrname` = '行业'  [ RunTime:0.0030s ]
INFO: [ app_end ] --START--
INFO: Run Behavior\ShowPageTraceBehavior [ RunTime:0.001000s ]
INFO: [ app_end ] --END-- [ RunTime:0.001000s ]

[ 2018-01-16T14:18:11+08:00 ] 127.0.0.1 /moban/index.php/Admin/Good/getAttrtype/nav_id/1
INFO: [ app_begin ] --START--
INFO: Run Behavior\ReadHtmlCacheBehavior [ RunTime:0.000000s ]
INFO: [ app_begin ] --END-- [ RunTime:0.000000s ]
SQL: SHOW COLUMNS FROM `muban_attrtype` [ RunTime:0.0040s ]
SQL: SELECT * FROM `muban_attrtype` WHERE `nav_id` = 1  [ RunTime:0.0020s ]
INFO: [ app_end ] --START--
INFO: Run Behavior\ShowPageTraceBehavior [ RunTime:0.001000s ]
INFO: [ app_end ] --END-- [ RunTime:0.001000s ]

[ 2018-01-16T14:18:19+08:00 ] 127.0.0.1 /moban/index.php/Admin/Good/getAttrs/attrname/%E8%A1%8C%E4%B8%9A
INFO: [ app_begin ] --START--
INFO: Run Behavior\ReadHtmlCacheBehavior [ RunTime:0.001000s ]
INFO: [ app_begin ] --END-- [ RunTime:0.001000s ]
SQL: SHOW COLUMNS FROM `muban_attr` [ RunTime:0.0110s ]
SQL: SELECT * FROM `muban_attr` WHERE `attrname` = '行业'  [ RunTime:0.0170s ]
INFO: [ app_end ] --START--
INFO: Run Behavior\ShowPageTraceBehavior [ RunTime:0.001000s ]
INFO: [ app_end ] --END-- [ RunTime:0.001000s ]

[ 2018-01-16T14:19:33+08:00 ] 127.0.0.1 /moban/index.php/Admin/Good/getAttrtype/nav_id/1
INFO: [ app_begin ] --START--
INFO: Run Behavior\ReadHtmlCacheBehavior [ RunTime:0.000000s ]
INFO: [ app_begin ] --END-- [ RunTime:0.000000s ]
SQL: SHOW COLUMNS FROM `muban_attrtype` [ RunTime:0.0030s ]
SQL: SELECT * FROM `muban_attrtype` WHERE `nav_id` = 1  [ RunTime:0.0070s ]
INFO: [ app_end ] --START--
INFO: Run Behavior\ShowPageTraceBehavior [ RunTime:0.000000s ]
INFO: [ app_end ] --END-- [ RunTime:0.000000s ]

[ 2018-01-16T14:19:38+08:00 ] 127.0.0.1 /moban/index.php/Admin/Good/getAttrs/attrname/%E8%A1%8C%E4%B8%9A
INFO: [ app_begin ] --START--
INFO: Run Behavior\ReadHtmlCacheBehavior [ RunTime:0.000000s ]
INFO: [ app_begin ] --END-- [ RunTime:0.001000s ]
SQL: SHOW COLUMNS FROM `muban_attr` [ RunTime:0.0020s ]
SQL: SELECT * FROM `muban_attr` WHERE `attrname` = '行业'  [ RunTime:0.0000s ]
INFO: [ app_end ] --START--
INFO: Run Behavior\ShowPageTraceBehavior [ RunTime:0.002001s ]
INFO: [ app_end ] --END-- [ RunTime:0.002001s ]

[ 2018-01-16T14:20:05+08:00 ] 127.0.0.1 /moban/index.php/Admin/Good/getAttrtype/nav_id/1
INFO: [ app_begin ] --START--
INFO: Run Behavior\ReadHtmlCacheBehavior [ RunTime:0.001000s ]
INFO: [ app_begin ] --END-- [ RunTime:0.001000s ]
SQL: SHOW COLUMNS FROM `muban_attrtype` [ RunTime:0.0020s ]
SQL: SELECT * FROM `muban_attrtype` WHERE `nav_id` = 1  [ RunTime:0.0000s ]
INFO: [ app_end ] --START--
INFO: Run Behavior\ShowPageTraceBehavior [ RunTime:0.001000s ]
INFO: [ app_end ] --END-- [ RunTime:0.001000s ]

[ 2018-01-16T14:20:07+08:00 ] 127.0.0.1 /moban/index.php/Admin/Good/getAttrs/attrname/%E8%A1%8C%E4%B8%9A
INFO: [ app_begin ] --START--
INFO: Run Behavior\ReadHtmlCacheBehavior [ RunTime:0.001000s ]
INFO: [ app_begin ] --END-- [ RunTime:0.001000s ]
SQL: SHOW COLUMNS FROM `muban_attr` [ RunTime:0.0010s ]
SQL: SELECT * FROM `muban_attr` WHERE `attrname` = '行业'  [ RunTime:0.0010s ]
INFO: [ app_end ] --START--
INFO: Run Behavior\ShowPageTraceBehavior [ RunTime:0.001000s ]
INFO: [ app_end ] --END-- [ RunTime:0.001000s ]

[ 2018-01-16T14:21:06+08:00 ] 127.0.0.1 /moban/index.php/Admin/Good/getAttrtype/nav_id/1
INFO: [ app_begin ] --START--
INFO: Run Behavior\ReadHtmlCacheBehavior [ RunTime:0.002000s ]
INFO: [ app_begin ] --END-- [ RunTime:0.002000s ]
SQL: SHOW COLUMNS FROM `muban_attrtype` [ RunTime:0.0030s ]
SQL: SELECT * FROM `muban_attrtype` WHERE `nav_id` = 1  [ RunTime:0.0000s ]
INFO: [ app_end ] --START--
INFO: Run Behavior\ShowPageTraceBehavior [ RunTime:0.000000s ]
INFO: [ app_end ] --END-- [ RunTime:0.000000s ]

[ 2018-01-16T14:21:08+08:00 ] 127.0.0.1 /moban/index.php/Admin/Good/getAttrs/attrname/%E8%A1%8C%E4%B8%9A
INFO: [ app_begin ] --START--
INFO: Run Behavior\ReadHtmlCacheBehavior [ RunTime:0.000000s ]
INFO: [ app_begin ] --END-- [ RunTime:0.000000s ]
SQL: SHOW COLUMNS FROM `muban_attr` [ RunTime:0.0180s ]
SQL: SELECT * FROM `muban_attr` WHERE `attrname` = '行业' LIMIT 1   [ RunTime:0.0120s ]
INFO: [ app_end ] --START--
INFO: Run Behavior\ShowPageTraceBehavior [ RunTime:0.000000s ]
INFO: [ app_end ] --END-- [ RunTime:0.000000s ]

[ 2018-01-16T14:21:31+08:00 ] 127.0.0.1 /moban/index.php/Admin/Good/getAttrtype/nav_id/1
INFO: [ app_begin ] --START--
INFO: Run Behavior\ReadHtmlCacheBehavior [ RunTime:0.000000s ]
INFO: [ app_begin ] --END-- [ RunTime:0.000000s ]
SQL: SHOW COLUMNS FROM `muban_attrtype` [ RunTime:0.0010s ]
SQL: SELECT * FROM `muban_attrtype` WHERE `nav_id` = 1  [ RunTime:0.0000s ]
INFO: [ app_end ] --START--
INFO: Run Behavior\ShowPageTraceBehavior [ RunTime:0.001000s ]
INFO: [ app_end ] --END-- [ RunTime:0.001000s ]

[ 2018-01-16T14:21:34+08:00 ] 127.0.0.1 /moban/index.php/Admin/Good/getAttrs/attrname/%E8%A1%8C%E4%B8%9A
INFO: [ app_begin ] --START--
INFO: Run Behavior\ReadHtmlCacheBehavior [ RunTime:0.000000s ]
INFO: [ app_begin ] --END-- [ RunTime:0.000000s ]
SQL: SHOW COLUMNS FROM `muban_attr` [ RunTime:0.0070s ]
SQL: SELECT * FROM `muban_attr` WHERE `attrname` = '行业' LIMIT 1   [ RunTime:0.0000s ]
INFO: [ app_end ] --START--
INFO: Run Behavior\ShowPageTraceBehavior [ RunTime:0.000000s ]
INFO: [ app_end ] --END-- [ RunTime:0.000000s ]

[ 2018-01-16T14:22:11+08:00 ] 127.0.0.1 /moban/index.php/Admin/Good/getAttrtype/nav_id/1
INFO: [ app_begin ] --START--
INFO: Run Behavior\ReadHtmlCacheBehavior [ RunTime:0.000000s ]
INFO: [ app_begin ] --END-- [ RunTime:0.002000s ]
SQL: SHOW COLUMNS FROM `muban_attrtype` [ RunTime:0.0010s ]
SQL: SELECT * FROM `muban_attrtype` WHERE `nav_id` = 1  [ RunTime:0.0010s ]
INFO: [ app_end ] --START--
INFO: Run Behavior\ShowPageTraceBehavior [ RunTime:0.001000s ]
INFO: [ app_end ] --END-- [ RunTime:0.001000s ]

[ 2018-01-16T14:22:13+08:00 ] 127.0.0.1 /moban/index.php/Admin/Good/getAttrs/attrname/%E8%A1%8C%E4%B8%9A
INFO: [ app_begin ] --START--
INFO: Run Behavior\ReadHtmlCacheBehavior [ RunTime:0.001000s ]
INFO: [ app_begin ] --END-- [ RunTime:0.001000s ]
SQL: SHOW COLUMNS FROM `muban_attr` [ RunTime:0.0570s ]
SQL: SELECT * FROM `muban_attr` WHERE `attrname` = '行业' LIMIT 1   [ RunTime:0.0000s ]
INFO: [ app_end ] --START--
INFO: Run Behavior\ShowPageTraceBehavior [ RunTime:0.001000s ]
INFO: [ app_end ] --END-- [ RunTime:0.001000s ]

[ 2018-01-16T14:22:49+08:00 ] 127.0.0.1 /moban/index.php/Admin/Good/getAttrtype/nav_id/1
INFO: [ app_begin ] --START--
INFO: Run Behavior\ReadHtmlCacheBehavior [ RunTime:0.001000s ]
INFO: [ app_begin ] --END-- [ RunTime:0.001000s ]
SQL: SHOW COLUMNS FROM `muban_attrtype` [ RunTime:0.0030s ]
SQL: SELECT * FROM `muban_attrtype` WHERE `nav_id` = 1  [ RunTime:0.0000s ]
INFO: [ app_end ] --START--
INFO: Run Behavior\ShowPageTraceBehavior [ RunTime:0.001000s ]
INFO: [ app_end ] --END-- [ RunTime:0.001000s ]

[ 2018-01-16T14:22:51+08:00 ] 127.0.0.1 /moban/index.php/Admin/Good/getAttrs/attrname/%E8%A1%8C%E4%B8%9A
INFO: [ app_begin ] --START--
INFO: Run Behavior\ReadHtmlCacheBehavior [ RunTime:0.001000s ]
INFO: [ app_begin ] --END-- [ RunTime:0.001000s ]
SQL: SHOW COLUMNS FROM `muban_attr` [ RunTime:0.0070s ]
SQL: SELECT * FROM `muban_attr` WHERE `attrname` = '行业' LIMIT 1   [ RunTime:0.0010s ]
INFO: [ app_end ] --START--
INFO: Run Behavior\ShowPageTraceBehavior [ RunTime:0.002000s ]
INFO: [ app_end ] --END-- [ RunTime:0.002000s ]

[ 2018-01-16T14:23:23+08:00 ] 127.0.0.1 /moban/index.php/Admin/Good/getAttrs/attrname/%E5%85%B6%E4%BB%96
INFO: [ app_begin ] --START--
INFO: Run Behavior\ReadHtmlCacheBehavior [ RunTime:0.000000s ]
INFO: [ app_begin ] --END-- [ RunTime:0.000000s ]
SQL: SHOW COLUMNS FROM `muban_attr` [ RunTime:0.0020s ]
SQL: SELECT * FROM `muban_attr` WHERE `attrname` = '其他' LIMIT 1   [ RunTime:0.0010s ]
INFO: [ app_end ] --START--
INFO: Run Behavior\ShowPageTraceBehavior [ RunTime:0.000000s ]
INFO: [ app_end ] --END-- [ RunTime:0.000000s ]

[ 2018-01-16T14:23:37+08:00 ] 127.0.0.1 /moban/index.php/Admin/Good/getAttrs/attrname/%E8%A1%8C%E4%B8%9A
INFO: [ app_begin ] --START--
INFO: Run Behavior\ReadHtmlCacheBehavior [ RunTime:0.000000s ]
INFO: [ app_begin ] --END-- [ RunTime:0.001000s ]
SQL: SHOW COLUMNS FROM `muban_attr` [ RunTime:0.0010s ]
SQL: SELECT * FROM `muban_attr` WHERE `attrname` = '行业' LIMIT 1   [ RunTime:0.0000s ]
INFO: [ app_end ] --START--
INFO: Run Behavior\ShowPageTraceBehavior [ RunTime:0.001000s ]
INFO: [ app_end ] --END-- [ RunTime:0.001000s ]

[ 2018-01-16T14:24:11+08:00 ] 127.0.0.1 /moban/index.php/Admin/Good/getAttrtype/nav_id/1
INFO: [ app_begin ] --START--
INFO: Run Behavior\ReadHtmlCacheBehavior [ RunTime:0.000000s ]
INFO: [ app_begin ] --END-- [ RunTime:0.000000s ]
SQL: SHOW COLUMNS FROM `muban_attrtype` [ RunTime:0.0010s ]
SQL: SELECT * FROM `muban_attrtype` WHERE `nav_id` = 1  [ RunTime:0.0000s ]
INFO: [ app_end ] --START--
INFO: Run Behavior\ShowPageTraceBehavior [ RunTime:0.001000s ]
INFO: [ app_end ] --END-- [ RunTime:0.001000s ]

[ 2018-01-16T14:24:12+08:00 ] 127.0.0.1 /moban/index.php/Admin/Good/getAttrs/attrname/%E8%A1%8C%E4%B8%9A
INFO: [ app_begin ] --START--
INFO: Run Behavior\ReadHtmlCacheBehavior [ RunTime:0.000000s ]
INFO: [ app_begin ] --END-- [ RunTime:0.001000s ]
SQL: SHOW COLUMNS FROM `muban_attr` [ RunTime:0.0010s ]
SQL: SELECT * FROM `muban_attr` WHERE `attrname` = '行业' LIMIT 1   [ RunTime:0.0030s ]
INFO: [ app_end ] --START--
INFO: Run Behavior\ShowPageTraceBehavior [ RunTime:0.000000s ]
INFO: [ app_end ] --END-- [ RunTime:0.000000s ]

[ 2018-01-16T14:24:24+08:00 ] 127.0.0.1 /moban/index.php/Admin/Good/getAttrs/attrname/%E5%85%B6%E4%BB%96
INFO: [ app_begin ] --START--
INFO: Run Behavior\ReadHtmlCacheBehavior [ RunTime:0.000000s ]
INFO: [ app_begin ] --END-- [ RunTime:0.001000s ]
SQL: SHOW COLUMNS FROM `muban_attr` [ RunTime:0.0010s ]
SQL: SELECT * FROM `muban_attr` WHERE `attrname` = '其他' LIMIT 1   [ RunTime:0.0040s ]
INFO: [ app_end ] --START--
INFO: Run Behavior\ShowPageTraceBehavior [ RunTime:0.000000s ]
INFO: [ app_end ] --END-- [ RunTime:0.000000s ]

[ 2018-01-16T14:24:34+08:00 ] 127.0.0.1 /moban/index.php/Admin/Good/getAttrs/attrname/%E8%A1%8C%E4%B8%9A
INFO: [ app_begin ] --START--
INFO: Run Behavior\ReadHtmlCacheBehavior [ RunTime:0.000000s ]
INFO: [ app_begin ] --END-- [ RunTime:0.000000s ]
SQL: SHOW COLUMNS FROM `muban_attr` [ RunTime:0.0010s ]
SQL: SELECT * FROM `muban_attr` WHERE `attrname` = '行业' LIMIT 1   [ RunTime:0.0000s ]
INFO: [ app_end ] --START--
INFO: Run Behavior\ShowPageTraceBehavior [ RunTime:0.001000s ]
INFO: [ app_end ] --END-- [ RunTime:0.001000s ]

[ 2018-01-16T14:25:24+08:00 ] 127.0.0.1 /moban/index.php/Admin/Good/getAttrtype/nav_id/1
INFO: [ app_begin ] --START--
INFO: Run Behavior\ReadHtmlCacheBehavior [ RunTime:0.000000s ]
INFO: [ app_begin ] --END-- [ RunTime:0.001000s ]
SQL: SHOW COLUMNS FROM `muban_attrtype` [ RunTime:0.0010s ]
SQL: SELECT * FROM `muban_attrtype` WHERE `nav_id` = 1  [ RunTime:0.0010s ]
INFO: [ app_end ] --START--
INFO: Run Behavior\ShowPageTraceBehavior [ RunTime:0.001000s ]
INFO: [ app_end ] --END-- [ RunTime:0.001000s ]

[ 2018-01-16T14:25:29+08:00 ] 127.0.0.1 /moban/index.php/Admin/Good/getAttrs/attrname/%E8%A1%8C%E4%B8%9A
INFO: [ app_begin ] --START--
INFO: Run Behavior\ReadHtmlCacheBehavior [ RunTime:0.000000s ]
INFO: [ app_begin ] --END-- [ RunTime:0.001000s ]
SQL: SHOW COLUMNS FROM `muban_attr` [ RunTime:0.0070s ]
SQL: SELECT * FROM `muban_attr` WHERE `attrname` = '行业' LIMIT 1   [ RunTime:0.0000s ]
INFO: [ app_end ] --START--
INFO: Run Behavior\ShowPageTraceBehavior [ RunTime:0.001000s ]
INFO: [ app_end ] --END-- [ RunTime:0.001000s ]

[ 2018-01-16T14:26:04+08:00 ] 127.0.0.1 /moban/index.php/Admin/Good/getAttrtype/nav_id/1
INFO: [ app_begin ] --START--
INFO: Run Behavior\ReadHtmlCacheBehavior [ RunTime:0.001000s ]
INFO: [ app_begin ] --END-- [ RunTime:0.001000s ]
SQL: SHOW COLUMNS FROM `muban_attrtype` [ RunTime:0.0020s ]
SQL: SELECT * FROM `muban_attrtype` WHERE `nav_id` = 1  [ RunTime:0.0010s ]
INFO: [ app_end ] --START--
INFO: Run Behavior\ShowPageTraceBehavior [ RunTime:0.000000s ]
INFO: [ app_end ] --END-- [ RunTime:0.000000s ]

[ 2018-01-16T14:26:06+08:00 ] 127.0.0.1 /moban/index.php/Admin/Good/getAttrs/attrname/%E8%A1%8C%E4%B8%9A
INFO: [ app_begin ] --START--
INFO: Run Behavior\ReadHtmlCacheBehavior [ RunTime:0.000000s ]
INFO: [ app_begin ] --END-- [ RunTime:0.001000s ]
SQL: SHOW COLUMNS FROM `muban_attr` [ RunTime:0.0080s ]
SQL: SELECT * FROM `muban_attr` WHERE `attrname` = '行业' LIMIT 1   [ RunTime:0.0040s ]
INFO: [ app_end ] --START--
INFO: Run Behavior\ShowPageTraceBehavior [ RunTime:0.000000s ]
INFO: [ app_end ] --END-- [ RunTime:0.000000s ]

[ 2018-01-16T14:27:57+08:00 ] 127.0.0.1 /moban/index.php/Admin/Good/getAttrtype/nav_id/1
INFO: [ app_begin ] --START--
INFO: Run Behavior\ReadHtmlCacheBehavior [ RunTime:0.000000s ]
INFO: [ app_begin ] --END-- [ RunTime:0.001000s ]
SQL: SHOW COLUMNS FROM `muban_attrtype` [ RunTime:0.0020s ]
SQL: SELECT * FROM `muban_attrtype` WHERE `nav_id` = 1  [ RunTime:0.0020s ]
INFO: [ app_end ] --START--
INFO: Run Behavior\ShowPageTraceBehavior [ RunTime:0.001000s ]
INFO: [ app_end ] --END-- [ RunTime:0.001000s ]

[ 2018-01-16T14:28:04+08:00 ] 127.0.0.1 /moban/index.php/Admin/Good/getAttrs/attrname/%E8%A1%8C%E4%B8%9A
INFO: [ app_begin ] --START--
INFO: Run Behavior\ReadHtmlCacheBehavior [ RunTime:0.002001s ]
INFO: [ app_begin ] --END-- [ RunTime:0.002001s ]
SQL: SHOW COLUMNS FROM `muban_attr` [ RunTime:0.0170s ]
SQL: SELECT * FROM `muban_attr` WHERE `attrname` = '行业' LIMIT 1   [ RunTime:0.0010s ]
INFO: [ app_end ] --START--
INFO: Run Behavior\ShowPageTraceBehavior [ RunTime:0.002000s ]
INFO: [ app_end ] --END-- [ RunTime:0.002000s ]

[ 2018-01-16T14:29:10+08:00 ] 127.0.0.1 /moban/index.php/Admin/Good/getAttrtype/nav_id/1
INFO: [ app_begin ] --START--
INFO: Run Behavior\ReadHtmlCacheBehavior [ RunTime:0.000000s ]
INFO: [ app_begin ] --END-- [ RunTime:0.001000s ]
SQL: SHOW COLUMNS FROM `muban_attrtype` [ RunTime:0.0010s ]
SQL: SELECT * FROM `muban_attrtype` WHERE `nav_id` = 1  [ RunTime:0.0000s ]
INFO: [ app_end ] --START--
INFO: Run Behavior\ShowPageTraceBehavior [ RunTime:0.000000s ]
INFO: [ app_end ] --END-- [ RunTime:0.002000s ]

[ 2018-01-16T14:29:14+08:00 ] 127.0.0.1 /moban/index.php/Admin/Good/getAttrs/attrname/%E8%A1%8C%E4%B8%9A
INFO: [ app_begin ] --START--
INFO: Run Behavior\ReadHtmlCacheBehavior [ RunTime:0.000000s ]
INFO: [ app_begin ] --END-- [ RunTime:0.000000s ]
SQL: SHOW COLUMNS FROM `muban_attr` [ RunTime:0.0090s ]
SQL: SELECT * FROM `muban_attr` WHERE `attrname` = '行业' LIMIT 1   [ RunTime:0.0000s ]
INFO: [ app_end ] --START--
INFO: Run Behavior\ShowPageTraceBehavior [ RunTime:0.000000s ]
INFO: [ app_end ] --END-- [ RunTime:0.001000s ]

[ 2018-01-16T14:29:39+08:00 ] 127.0.0.1 /moban/index.php/Admin/Good/getAttrtype/nav_id/1
INFO: [ app_begin ] --START--
INFO: Run Behavior\ReadHtmlCacheBehavior [ RunTime:0.000000s ]
INFO: [ app_begin ] --END-- [ RunTime:0.000000s ]
SQL: SHOW COLUMNS FROM `muban_attrtype` [ RunTime:0.0030s ]
SQL: SELECT * FROM `muban_attrtype` WHERE `nav_id` = 1  [ RunTime:0.0000s ]
INFO: [ app_end ] --START--
INFO: Run Behavior\ShowPageTraceBehavior [ RunTime:0.000000s ]
INFO: [ app_end ] --END-- [ RunTime:0.000000s ]

[ 2018-01-16T14:29:40+08:00 ] 127.0.0.1 /moban/index.php/Admin/Good/getAttrs/attrname/%E8%A1%8C%E4%B8%9A
INFO: [ app_begin ] --START--
INFO: Run Behavior\ReadHtmlCacheBehavior [ RunTime:0.000000s ]
INFO: [ app_begin ] --END-- [ RunTime:0.001000s ]
SQL: SHOW COLUMNS FROM `muban_attr` [ RunTime:0.0030s ]
SQL: SELECT * FROM `muban_attr` WHERE `attrname` = '行业' LIMIT 1   [ RunTime:0.0000s ]
INFO: [ app_end ] --START--
INFO: Run Behavior\ShowPageTraceBehavior [ RunTime:0.001000s ]
INFO: [ app_end ] --END-- [ RunTime:0.001000s ]

[ 2018-01-16T14:30:27+08:00 ] 127.0.0.1 /moban/index.php/Admin/Good/getAttrtype/nav_id/1
INFO: [ app_begin ] --START--
INFO: Run Behavior\ReadHtmlCacheBehavior [ RunTime:0.000000s ]
INFO: [ app_begin ] --END-- [ RunTime:0.001000s ]
SQL: SHOW COLUMNS FROM `muban_attrtype` [ RunTime:0.0630s ]
SQL: SELECT * FROM `muban_attrtype` WHERE `nav_id` = 1  [ RunTime:0.0010s ]
INFO: [ app_end ] --START--
INFO: Run Behavior\ShowPageTraceBehavior [ RunTime:0.001000s ]
INFO: [ app_end ] --END-- [ RunTime:0.001000s ]

[ 2018-01-16T14:30:29+08:00 ] 127.0.0.1 /moban/index.php/Admin/Good/getAttrs/attrname/%E8%A1%8C%E4%B8%9A
INFO: [ app_begin ] --START--
INFO: Run Behavior\ReadHtmlCacheBehavior [ RunTime:0.000000s ]
INFO: [ app_begin ] --END-- [ RunTime:0.001000s ]
SQL: SHOW COLUMNS FROM `muban_attr` [ RunTime:0.0030s ]
SQL: SELECT * FROM `muban_attr` WHERE `attrname` = '行业' LIMIT 1   [ RunTime:0.0000s ]
INFO: [ app_end ] --START--
INFO: Run Behavior\ShowPageTraceBehavior [ RunTime:0.001000s ]
INFO: [ app_end ] --END-- [ RunTime:0.001000s ]

[ 2018-01-16T14:31:47+08:00 ] 127.0.0.1 /moban/index.php/Admin/Good/getAttrtype/nav_id/1
INFO: [ app_begin ] --START--
INFO: Run Behavior\ReadHtmlCacheBehavior [ RunTime:0.000000s ]
INFO: [ app_begin ] --END-- [ RunTime:0.001000s ]
SQL: SHOW COLUMNS FROM `muban_attrtype` [ RunTime:0.0010s ]
SQL: SELECT * FROM `muban_attrtype` WHERE `nav_id` = 1  [ RunTime:0.0010s ]
INFO: [ app_end ] --START--
INFO: Run Behavior\ShowPageTraceBehavior [ RunTime:0.000000s ]
INFO: [ app_end ] --END-- [ RunTime:0.000000s ]

[ 2018-01-16T14:31:52+08:00 ] 127.0.0.1 /moban/index.php/Admin/Good/getAttrs/attrname/%E8%A1%8C%E4%B8%9A
INFO: [ app_begin ] --START--
INFO: Run Behavior\ReadHtmlCacheBehavior [ RunTime:0.001000s ]
INFO: [ app_begin ] --END-- [ RunTime:0.001000s ]
SQL: SHOW COLUMNS FROM `muban_attr` [ RunTime:0.0050s ]
SQL: SELECT * FROM `muban_attr` WHERE `attrname` = '行业' LIMIT 1   [ RunTime:0.0000s ]
INFO: [ app_end ] --START--
INFO: Run Behavior\ShowPageTraceBehavior [ RunTime:0.001000s ]
INFO: [ app_end ] --END-- [ RunTime:0.001000s ]

[ 2018-01-16T14:32:20+08:00 ] 127.0.0.1 /moban/index.php/Admin/Good/getAttrtype/nav_id/1
INFO: [ app_begin ] --START--
INFO: Run Behavior\ReadHtmlCacheBehavior [ RunTime:0.000000s ]
INFO: [ app_begin ] --END-- [ RunTime:0.000000s ]
SQL: SHOW COLUMNS FROM `muban_attrtype` [ RunTime:0.0010s ]
SQL: SELECT * FROM `muban_attrtype` WHERE `nav_id` = 1  [ RunTime:0.0010s ]
INFO: [ app_end ] --START--
INFO: Run Behavior\ShowPageTraceBehavior [ RunTime:0.000000s ]
INFO: [ app_end ] --END-- [ RunTime:0.000000s ]

[ 2018-01-16T14:32:24+08:00 ] 127.0.0.1 /moban/index.php/Admin/Good/getAttrs/attrname/%E8%A1%8C%E4%B8%9A
INFO: [ app_begin ] --START--
INFO: Run Behavior\ReadHtmlCacheBehavior [ RunTime:0.000000s ]
INFO: [ app_begin ] --END-- [ RunTime:0.000000s ]
SQL: SHOW COLUMNS FROM `muban_attr` [ RunTime:0.0010s ]
SQL: SELECT * FROM `muban_attr` WHERE `attrname` = '行业' LIMIT 1   [ RunTime:0.0000s ]
INFO: [ app_end ] --START--
INFO: Run Behavior\ShowPageTraceBehavior [ RunTime:0.000000s ]
INFO: [ app_end ] --END-- [ RunTime:0.000000s ]

[ 2018-01-16T14:33:13+08:00 ] 127.0.0.1 /moban/index.php/Admin/Good/getAttrtype/nav_id/1
INFO: [ app_begin ] --START--
INFO: Run Behavior\ReadHtmlCacheBehavior [ RunTime:0.000000s ]
INFO: [ app_begin ] --END-- [ RunTime:0.001000s ]
SQL: SHOW COLUMNS FROM `muban_attrtype` [ RunTime:0.0020s ]
SQL: SELECT * FROM `muban_attrtype` WHERE `nav_id` = 1  [ RunTime:0.0010s ]
INFO: [ app_end ] --START--
INFO: Run Behavior\ShowPageTraceBehavior [ RunTime:0.001001s ]
INFO: [ app_end ] --END-- [ RunTime:0.001001s ]

[ 2018-01-16T14:33:18+08:00 ] 127.0.0.1 /moban/index.php/Admin/Good/getAttrs/attrname/%E8%A1%8C%E4%B8%9A
INFO: [ app_begin ] --START--
INFO: Run Behavior\ReadHtmlCacheBehavior [ RunTime:0.001000s ]
INFO: [ app_begin ] --END-- [ RunTime:0.001000s ]
SQL: SHOW COLUMNS FROM `muban_attr` [ RunTime:0.0010s ]
SQL: SELECT * FROM `muban_attr` WHERE `attrname` = '行业' LIMIT 1   [ RunTime:0.0000s ]
INFO: [ app_end ] --START--
INFO: Run Behavior\ShowPageTraceBehavior [ RunTime:0.000000s ]
INFO: [ app_end ] --END-- [ RunTime:0.001000s ]

[ 2018-01-16T14:37:33+08:00 ] 127.0.0.1 /moban/index.php/Admin/Good/getAttrtype/nav_id/1
INFO: [ app_begin ] --START--
INFO: Run Behavior\ReadHtmlCacheBehavior [ RunTime:0.000000s ]
INFO: [ app_begin ] --END-- [ RunTime:0.000000s ]
SQL: SHOW COLUMNS FROM `muban_attrtype` [ RunTime:0.0030s ]
SQL: SELECT * FROM `muban_attrtype` WHERE `nav_id` = 1  [ RunTime:0.0000s ]
INFO: [ app_end ] --START--
INFO: Run Behavior\ShowPageTraceBehavior [ RunTime:0.002000s ]
INFO: [ app_end ] --END-- [ RunTime:0.002000s ]

[ 2018-01-16T14:37:35+08:00 ] 127.0.0.1 /moban/index.php/Admin/Good/getAttrs/attrname/%E8%A1%8C%E4%B8%9A
INFO: [ app_begin ] --START--
INFO: Run Behavior\ReadHtmlCacheBehavior [ RunTime:0.001000s ]
INFO: [ app_begin ] --END-- [ RunTime:0.001000s ]
SQL: SHOW COLUMNS FROM `muban_attr` [ RunTime:0.0190s ]
SQL: SELECT * FROM `muban_attr` WHERE `attrname` = '行业' LIMIT 1   [ RunTime:0.0000s ]
INFO: [ app_end ] --START--
INFO: Run Behavior\ShowPageTraceBehavior [ RunTime:0.001000s ]
INFO: [ app_end ] --END-- [ RunTime:0.001000s ]

[ 2018-01-16T14:38:34+08:00 ] 127.0.0.1 /moban/index.php/Admin/Good/getAttrtype/nav_id/1
INFO: [ app_begin ] --START--
INFO: Run Behavior\ReadHtmlCacheBehavior [ RunTime:0.001000s ]
INFO: [ app_begin ] --END-- [ RunTime:0.001000s ]
SQL: SHOW COLUMNS FROM `muban_attrtype` [ RunTime:0.0020s ]
SQL: SELECT * FROM `muban_attrtype` WHERE `nav_id` = 1  [ RunTime:0.0010s ]
INFO: [ app_end ] --START--
INFO: Run Behavior\ShowPageTraceBehavior [ RunTime:0.001000s ]
INFO: [ app_end ] --END-- [ RunTime:0.001000s ]

[ 2018-01-16T14:39:19+08:00 ] 127.0.0.1 /moban/index.php/Admin/Good/getAttrtype/nav_id/1
INFO: [ app_begin ] --START--
INFO: Run Behavior\ReadHtmlCacheBehavior [ RunTime:0.002000s ]
INFO: [ app_begin ] --END-- [ RunTime:0.002000s ]
SQL: SHOW COLUMNS FROM `muban_attrtype` [ RunTime:0.0010s ]
SQL: SELECT * FROM `muban_attrtype` WHERE `nav_id` = 1  [ RunTime:0.0000s ]
INFO: [ app_end ] --START--
INFO: Run Behavior\ShowPageTraceBehavior [ RunTime:0.001000s ]
INFO: [ app_end ] --END-- [ RunTime:0.001000s ]

[ 2018-01-16T14:39:22+08:00 ] 127.0.0.1 /moban/index.php/Admin/Good/getAttrs/attrname/%E8%A1%8C%E4%B8%9A
INFO: [ app_begin ] --START--
INFO: Run Behavior\ReadHtmlCacheBehavior [ RunTime:0.001000s ]
INFO: [ app_begin ] --END-- [ RunTime:0.001000s ]
SQL: SHOW COLUMNS FROM `muban_attr` [ RunTime:0.0010s ]
SQL: SELECT * FROM `muban_attr` WHERE `attrname` = '行业' LIMIT 1   [ RunTime:0.0000s ]
INFO: [ app_end ] --START--
INFO: Run Behavior\ShowPageTraceBehavior [ RunTime:0.001000s ]
INFO: [ app_end ] --END-- [ RunTime:0.001000s ]

[ 2018-01-16T14:39:51+08:00 ] 127.0.0.1 /moban/index.php/Admin/Good/getAttrtype/nav_id/1
INFO: [ app_begin ] --START--
INFO: Run Behavior\ReadHtmlCacheBehavior [ RunTime:0.000000s ]
INFO: [ app_begin ] --END-- [ RunTime:0.000000s ]
SQL: SHOW COLUMNS FROM `muban_attrtype` [ RunTime:0.0020s ]
SQL: SELECT * FROM `muban_attrtype` WHERE `nav_id` = 1  [ RunTime:0.0000s ]
INFO: [ app_end ] --START--
INFO: Run Behavior\ShowPageTraceBehavior [ RunTime:0.000000s ]
INFO: [ app_end ] --END-- [ RunTime:0.000000s ]

[ 2018-01-16T14:39:56+08:00 ] 127.0.0.1 /moban/index.php/Admin/Good/getAttrs/attrname/%E8%A1%8C%E4%B8%9A
INFO: [ app_begin ] --START--
INFO: Run Behavior\ReadHtmlCacheBehavior [ RunTime:0.000000s ]
INFO: [ app_begin ] --END-- [ RunTime:0.000000s ]
SQL: SHOW COLUMNS FROM `muban_attr` [ RunTime:0.0040s ]
SQL: SELECT * FROM `muban_attr` WHERE `attrname` = '行业' LIMIT 1   [ RunTime:0.0060s ]
INFO: [ app_end ] --START--
INFO: Run Behavior\ShowPageTraceBehavior [ RunTime:0.002000s ]
INFO: [ app_end ] --END-- [ RunTime:0.002000s ]

[ 2018-01-16T14:40:34+08:00 ] 127.0.0.1 /moban/index.php/Admin/Good/getAttrtype/nav_id/1
INFO: [ app_begin ] --START--
INFO: Run Behavior\ReadHtmlCacheBehavior [ RunTime:0.000000s ]
INFO: [ app_begin ] --END-- [ RunTime:0.001000s ]
SQL: SHOW COLUMNS FROM `muban_attrtype` [ RunTime:0.0050s ]
SQL: SELECT * FROM `muban_attrtype` WHERE `nav_id` = 1  [ RunTime:0.0010s ]
INFO: [ app_end ] --START--
INFO: Run Behavior\ShowPageTraceBehavior [ RunTime:0.001000s ]
INFO: [ app_end ] --END-- [ RunTime:0.001000s ]

[ 2018-01-16T14:40:40+08:00 ] 127.0.0.1 /moban/index.php/Admin/Good/getAttrs/attrname/%E8%A1%8C%E4%B8%9A
INFO: [ app_begin ] --START--
INFO: Run Behavior\ReadHtmlCacheBehavior [ RunTime:0.000000s ]
INFO: [ app_begin ] --END-- [ RunTime:0.001000s ]
SQL: SHOW COLUMNS FROM `muban_attr` [ RunTime:0.0010s ]
SQL: SELECT * FROM `muban_attr` WHERE `attrname` = '行业' LIMIT 1   [ RunTime:0.0000s ]
INFO: [ app_end ] --START--
INFO: Run Behavior\ShowPageTraceBehavior [ RunTime:0.001000s ]
INFO: [ app_end ] --END-- [ RunTime:0.001000s ]

[ 2018-01-16T14:41:46+08:00 ] 127.0.0.1 /moban/index.php/Admin/Good/getAttrtype/nav_id/1
INFO: [ app_begin ] --START--
INFO: Run Behavior\ReadHtmlCacheBehavior [ RunTime:0.001000s ]
INFO: [ app_begin ] --END-- [ RunTime:0.001000s ]
SQL: SHOW COLUMNS FROM `muban_attrtype` [ RunTime:0.0040s ]
SQL: SELECT * FROM `muban_attrtype` WHERE `nav_id` = 1  [ RunTime:0.0010s ]
INFO: [ app_end ] --START--
INFO: Run Behavior\ShowPageTraceBehavior [ RunTime:0.001000s ]
INFO: [ app_end ] --END-- [ RunTime:0.001000s ]

[ 2018-01-16T14:41:52+08:00 ] 127.0.0.1 /moban/index.php/Admin/Good/getAttrs/attrname/%E8%A1%8C%E4%B8%9A
INFO: [ app_begin ] --START--
INFO: Run Behavior\ReadHtmlCacheBehavior [ RunTime:0.001000s ]
INFO: [ app_begin ] --END-- [ RunTime:0.001000s ]
SQL: SHOW COLUMNS FROM `muban_attr` [ RunTime:0.0010s ]
SQL: SELECT * FROM `muban_attr` WHERE `attrname` = '行业' LIMIT 1   [ RunTime:0.0010s ]
INFO: [ app_end ] --START--
INFO: Run Behavior\ShowPageTraceBehavior [ RunTime:0.000000s ]
INFO: [ app_end ] --END-- [ RunTime:0.000000s ]

[ 2018-01-16T14:47:01+08:00 ] 127.0.0.1 /moban/index.php/Admin/Good/getAttrtype/nav_id/1
INFO: [ app_begin ] --START--
INFO: Run Behavior\ReadHtmlCacheBehavior [ RunTime:0.000000s ]
INFO: [ app_begin ] --END-- [ RunTime:0.001000s ]
SQL: SHOW COLUMNS FROM `muban_attrtype` [ RunTime:0.0380s ]
SQL: SELECT * FROM `muban_attrtype` WHERE `nav_id` = 1  [ RunTime:0.0000s ]
INFO: [ app_end ] --START--
INFO: Run Behavior\ShowPageTraceBehavior [ RunTime:0.001000s ]
INFO: [ app_end ] --END-- [ RunTime:0.001000s ]

[ 2018-01-16T14:52:42+08:00 ] 127.0.0.1 /moban/index.php/Admin/Good/getAttrtype/nav_id/1
INFO: [ app_begin ] --START--
INFO: Run Behavior\ReadHtmlCacheBehavior [ RunTime:0.001000s ]
INFO: [ app_begin ] --END-- [ RunTime:0.001000s ]
SQL: SHOW COLUMNS FROM `muban_attrtype` [ RunTime:0.0050s ]
SQL: SELECT * FROM `muban_attrtype` WHERE `nav_id` = 1  [ RunTime:0.0010s ]
INFO: [ app_end ] --START--
INFO: Run Behavior\ShowPageTraceBehavior [ RunTime:0.002000s ]
INFO: [ app_end ] --END-- [ RunTime:0.002000s ]

[ 2018-01-16T14:54:09+08:00 ] 127.0.0.1 /moban/index.php/Admin/Good/getAttrtype/nav_id/1
INFO: [ app_begin ] --START--
INFO: Run Behavior\ReadHtmlCacheBehavior [ RunTime:0.000000s ]
INFO: [ app_begin ] --END-- [ RunTime:0.000000s ]
SQL: SHOW COLUMNS FROM `muban_attrtype` [ RunTime:0.0020s ]
SQL: SELECT * FROM `muban_attrtype` WHERE `nav_id` = 1  [ RunTime:0.0020s ]
INFO: [ app_end ] --START--
INFO: Run Behavior\ShowPageTraceBehavior [ RunTime:0.001001s ]
INFO: [ app_end ] --END-- [ RunTime:0.001001s ]

[ 2018-01-16T14:54:33+08:00 ] 127.0.0.1 /moban/index.php/Admin/Good/getAttrtype/nav_id/1
INFO: [ app_begin ] --START--
INFO: Run Behavior\ReadHtmlCacheBehavior [ RunTime:0.001000s ]
INFO: [ app_begin ] --END-- [ RunTime:0.001000s ]
SQL: SHOW COLUMNS FROM `muban_attrtype` [ RunTime:0.0020s ]
SQL: SELECT * FROM `muban_attrtype` WHERE `nav_id` = 1  [ RunTime:0.0000s ]
INFO: [ app_end ] --START--
INFO: Run Behavior\ShowPageTraceBehavior [ RunTime:0.001000s ]
INFO: [ app_end ] --END-- [ RunTime:0.001000s ]

[ 2018-01-16T14:56:40+08:00 ] 127.0.0.1 /moban/index.php/Admin/Good/getAttrtype/nav_id/1
INFO: [ app_begin ] --START--
INFO: Run Behavior\ReadHtmlCacheBehavior [ RunTime:0.001000s ]
INFO: [ app_begin ] --END-- [ RunTime:0.001000s ]
SQL: SHOW COLUMNS FROM `muban_attrtype` [ RunTime:0.0040s ]
SQL: SELECT * FROM `muban_attrtype` WHERE `nav_id` = 1  [ RunTime:0.0010s ]
INFO: [ app_end ] --START--
INFO: Run Behavior\ShowPageTraceBehavior [ RunTime:0.000000s ]
INFO: [ app_end ] --END-- [ RunTime:0.000000s ]

[ 2018-01-16T14:57:15+08:00 ] 127.0.0.1 /moban/index.php/Admin/Good/getAttrtype/nav_id/1
INFO: [ app_begin ] --START--
INFO: Run Behavior\ReadHtmlCacheBehavior [ RunTime:0.000000s ]
INFO: [ app_begin ] --END-- [ RunTime:0.000000s ]
SQL: SHOW COLUMNS FROM `muban_attrtype` [ RunTime:0.0010s ]
SQL: SELECT * FROM `muban_attrtype` WHERE `nav_id` = 1  [ RunTime:0.0020s ]
INFO: [ app_end ] --START--
INFO: Run Behavior\ShowPageTraceBehavior [ RunTime:0.000000s ]
INFO: [ app_end ] --END-- [ RunTime:0.000000s ]

[ 2018-01-16T14:57:39+08:00 ] 127.0.0.1 /moban/index.php/Admin/Good/getAttrtype/nav_id/1
INFO: [ app_begin ] --START--
INFO: Run Behavior\ReadHtmlCacheBehavior [ RunTime:0.001000s ]
INFO: [ app_begin ] --END-- [ RunTime:0.001000s ]
SQL: SHOW COLUMNS FROM `muban_attrtype` [ RunTime:0.0030s ]
SQL: SELECT * FROM `muban_attrtype` WHERE `nav_id` = 1  [ RunTime:0.0000s ]
INFO: [ app_end ] --START--
INFO: Run Behavior\ShowPageTraceBehavior [ RunTime:0.001000s ]
INFO: [ app_end ] --END-- [ RunTime:0.001000s ]

[ 2018-01-16T14:58:09+08:00 ] 127.0.0.1 /moban/index.php/Admin/Good/getAttrtype/nav_id/1
INFO: [ app_begin ] --START--
INFO: Run Behavior\ReadHtmlCacheBehavior [ RunTime:0.001000s ]
INFO: [ app_begin ] --END-- [ RunTime:0.001000s ]
SQL: SHOW COLUMNS FROM `muban_attrtype` [ RunTime:0.0050s ]
SQL: SELECT * FROM `muban_attrtype` WHERE `nav_id` = 1  [ RunTime:0.0000s ]
INFO: [ app_end ] --START--
INFO: Run Behavior\ShowPageTraceBehavior [ RunTime:0.000000s ]
INFO: [ app_end ] --END-- [ RunTime:0.000000s ]

[ 2018-01-16T14:58:38+08:00 ] 127.0.0.1 /moban/index.php/Admin/Good/getAttrtype/nav_id/1
INFO: [ app_begin ] --START--
INFO: Run Behavior\ReadHtmlCacheBehavior [ RunTime:0.001000s ]
INFO: [ app_begin ] --END-- [ RunTime:0.001000s ]
SQL: SHOW COLUMNS FROM `muban_attrtype` [ RunTime:0.0030s ]
SQL: SELECT * FROM `muban_attrtype` WHERE `nav_id` = 1  [ RunTime:0.0000s ]
INFO: [ app_end ] --START--
INFO: Run Behavior\ShowPageTraceBehavior [ RunTime:0.001000s ]
INFO: [ app_end ] --END-- [ RunTime:0.001000s ]

[ 2018-01-16T14:58:41+08:00 ] 127.0.0.1 /moban/index.php/Admin/Good/getAttrs/attrname/%E8%A1%8C%E4%B8%9A
INFO: [ app_begin ] --START--
INFO: Run Behavior\ReadHtmlCacheBehavior [ RunTime:0.001000s ]
INFO: [ app_begin ] --END-- [ RunTime:0.001000s ]
SQL: SHOW COLUMNS FROM `muban_attr` [ RunTime:0.0020s ]
SQL: SELECT * FROM `muban_attr` WHERE `attrname` = '行业' LIMIT 1   [ RunTime:0.0010s ]
INFO: [ app_end ] --START--
INFO: Run Behavior\ShowPageTraceBehavior [ RunTime:0.000000s ]
INFO: [ app_end ] --END-- [ RunTime:0.000000s ]

[ 2018-01-16T14:59:20+08:00 ] 127.0.0.1 /moban/index.php/Admin/Good/getAttrs/attrname/%E5%95%86%E5%9F%8E
INFO: [ app_begin ] --START--
INFO: Run Behavior\ReadHtmlCacheBehavior [ RunTime:0.000000s ]
INFO: [ app_begin ] --END-- [ RunTime:0.001000s ]
SQL: SHOW COLUMNS FROM `muban_attr` [ RunTime:0.0020s ]
SQL: SELECT * FROM `muban_attr` WHERE `attrname` = '商城' LIMIT 1   [ RunTime:0.0000s ]
INFO: [ app_end ] --START--
INFO: Run Behavior\ShowPageTraceBehavior [ RunTime:0.001000s ]
INFO: [ app_end ] --END-- [ RunTime:0.001000s ]

[ 2018-01-16T14:59:38+08:00 ] 127.0.0.1 /moban/index.php/Admin/Good/getAttrtype/nav_id/1
INFO: [ app_begin ] --START--
INFO: Run Behavior\ReadHtmlCacheBehavior [ RunTime:0.001000s ]
INFO: [ app_begin ] --END-- [ RunTime:0.001000s ]
SQL: SHOW COLUMNS FROM `muban_attrtype` [ RunTime:0.0010s ]
SQL: SELECT * FROM `muban_attrtype` WHERE `nav_id` = 1  [ RunTime:0.0000s ]
INFO: [ app_end ] --START--
INFO: Run Behavior\ShowPageTraceBehavior [ RunTime:0.001000s ]
INFO: [ app_end ] --END-- [ RunTime:0.001000s ]

[ 2018-01-16T14:59:40+08:00 ] 127.0.0.1 /moban/index.php/Admin/Good/getAttrs/attrname/%E5%85%B6%E4%BB%96
INFO: [ app_begin ] --START--
INFO: Run Behavior\ReadHtmlCacheBehavior [ RunTime:0.001000s ]
INFO: [ app_begin ] --END-- [ RunTime:0.001000s ]
SQL: SHOW COLUMNS FROM `muban_attr` [ RunTime:0.0020s ]
SQL: SELECT * FROM `muban_attr` WHERE `attrname` = '其他' LIMIT 1   [ RunTime:0.0000s ]
INFO: [ app_end ] --START--
INFO: Run Behavior\ShowPageTraceBehavior [ RunTime:0.001000s ]
INFO: [ app_end ] --END-- [ RunTime:0.001000s ]

[ 2018-01-16T15:00:38+08:00 ] 127.0.0.1 /moban/index.php/Admin/Good/getAttrtype/nav_id/1
INFO: [ app_begin ] --START--
INFO: Run Behavior\ReadHtmlCacheBehavior [ RunTime:0.001000s ]
INFO: [ app_begin ] --END-- [ RunTime:0.001000s ]
SQL: SHOW COLUMNS FROM `muban_attrtype` [ RunTime:0.0020s ]
SQL: SELECT * FROM `muban_attrtype` WHERE `nav_id` = 1  [ RunTime:0.0010s ]
INFO: [ app_end ] --START--
INFO: Run Behavior\ShowPageTraceBehavior [ RunTime:0.000000s ]
INFO: [ app_end ] --END-- [ RunTime:0.000000s ]

[ 2018-01-16T15:00:40+08:00 ] 127.0.0.1 /moban/index.php/Admin/Good/getAttrs/attrname/%E8%A1%8C%E4%B8%9A
INFO: [ app_begin ] --START--
INFO: Run Behavior\ReadHtmlCacheBehavior [ RunTime:0.001000s ]
INFO: [ app_begin ] --END-- [ RunTime:0.001000s ]
SQL: SHOW COLUMNS FROM `muban_attr` [ RunTime:0.0110s ]
SQL: SELECT * FROM `muban_attr` WHERE `attrname` = '行业' LIMIT 1   [ RunTime:0.0020s ]
INFO: [ app_end ] --START--
INFO: Run Behavior\ShowPageTraceBehavior [ RunTime:0.000000s ]
INFO: [ app_end ] --END-- [ RunTime:0.001000s ]

[ 2018-01-16T15:00:47+08:00 ] 127.0.0.1 /moban/index.php/Admin/Good/getAttrs/attrname/%E8%93%9D%E8%89%B2
INFO: [ app_begin ] --START--
INFO: Run Behavior\ReadHtmlCacheBehavior [ RunTime:0.000000s ]
INFO: [ app_begin ] --END-- [ RunTime:0.000000s ]
SQL: SHOW COLUMNS FROM `muban_attr` [ RunTime:0.0010s ]
SQL: SELECT * FROM `muban_attr` WHERE `attrname` = '蓝色' LIMIT 1   [ RunTime:0.0000s ]
INFO: [ app_end ] --START--
INFO: Run Behavior\ShowPageTraceBehavior [ RunTime:0.001000s ]
INFO: [ app_end ] --END-- [ RunTime:0.001000s ]

[ 2018-01-16T15:00:49+08:00 ] 127.0.0.1 /moban/index.php/Admin/Good/getAttrs/attrname/%E5%B8%B8%E5%88%97
INFO: [ app_begin ] --START--
INFO: Run Behavior\ReadHtmlCacheBehavior [ RunTime:0.000000s ]
INFO: [ app_begin ] --END-- [ RunTime:0.001000s ]
SQL: SHOW COLUMNS FROM `muban_attr` [ RunTime:0.0020s ]
SQL: SELECT * FROM `muban_attr` WHERE `attrname` = '常列' LIMIT 1   [ RunTime:0.0010s ]
INFO: [ app_end ] --START--
INFO: Run Behavior\ShowPageTraceBehavior [ RunTime:0.001001s ]
INFO: [ app_end ] --END-- [ RunTime:0.001001s ]

[ 2018-01-16T15:00:50+08:00 ] 127.0.0.1 /moban/index.php/Admin/Good/getAttrs/attrname/Thinkphp
INFO: [ app_begin ] --START--
INFO: Run Behavior\ReadHtmlCacheBehavior [ RunTime:0.000000s ]
INFO: [ app_begin ] --END-- [ RunTime:0.000000s ]
SQL: SHOW COLUMNS FROM `muban_attr` [ RunTime:0.0020s ]
SQL: SELECT * FROM `muban_attr` WHERE `attrname` = 'Thinkphp' LIMIT 1   [ RunTime:0.0020s ]
INFO: [ app_end ] --START--
INFO: Run Behavior\ShowPageTraceBehavior [ RunTime:0.000000s ]
INFO: [ app_end ] --END-- [ RunTime:0.000000s ]

[ 2018-01-16T15:01:40+08:00 ] 127.0.0.1 /moban/index.php/Admin/Good/getAttrtype/nav_id/2
INFO: [ app_begin ] --START--
INFO: Run Behavior\ReadHtmlCacheBehavior [ RunTime:0.001000s ]
INFO: [ app_begin ] --END-- [ RunTime:0.001000s ]
SQL: SHOW COLUMNS FROM `muban_attrtype` [ RunTime:0.0010s ]
SQL: SELECT * FROM `muban_attrtype` WHERE `nav_id` = 2  [ RunTime:0.0010s ]
INFO: [ app_end ] --START--
INFO: Run Behavior\ShowPageTraceBehavior [ RunTime:0.000000s ]
INFO: [ app_end ] --END-- [ RunTime:0.000000s ]

[ 2018-01-16T15:01:44+08:00 ] 127.0.0.1 /moban/index.php/Admin/Good/getAttrtype/nav_id/1
INFO: [ app_begin ] --START--
INFO: Run Behavior\ReadHtmlCacheBehavior [ RunTime:0.000000s ]
INFO: [ app_begin ] --END-- [ RunTime:0.000000s ]
SQL: SHOW COLUMNS FROM `muban_attrtype` [ RunTime:0.0010s ]
SQL: SELECT * FROM `muban_attrtype` WHERE `nav_id` = 1  [ RunTime:0.0000s ]
INFO: [ app_end ] --START--
INFO: Run Behavior\ShowPageTraceBehavior [ RunTime:0.001000s ]
INFO: [ app_end ] --END-- [ RunTime:0.001000s ]

[ 2018-01-16T15:01:52+08:00 ] 127.0.0.1 /moban/index.php/Admin/Good/getAttrs/attrname/%E4%BC%81%E4%B8%9A
INFO: [ app_begin ] --START--
INFO: Run Behavior\ReadHtmlCacheBehavior [ RunTime:0.002000s ]
INFO: [ app_begin ] --END-- [ RunTime:0.002000s ]
SQL: SHOW COLUMNS FROM `muban_attr` [ RunTime:0.0030s ]
SQL: SELECT * FROM `muban_attr` WHERE `attrname` = '企业' LIMIT 1   [ RunTime:0.0010s ]
INFO: [ app_end ] --START--
INFO: Run Behavior\ShowPageTraceBehavior [ RunTime:0.001000s ]
INFO: [ app_end ] --END-- [ RunTime:0.001000s ]

[ 2018-01-16T15:05:56+08:00 ] 127.0.0.1 /moban/index.php/Admin/Good/getAttrtype/nav_id/1
INFO: [ app_begin ] --START--
INFO: Run Behavior\ReadHtmlCacheBehavior [ RunTime:0.001000s ]
INFO: [ app_begin ] --END-- [ RunTime:0.001000s ]
SQL: SHOW COLUMNS FROM `muban_attrtype` [ RunTime:0.0020s ]
SQL: SELECT * FROM `muban_attrtype` WHERE `nav_id` = 1  [ RunTime:0.0000s ]
INFO: [ app_end ] --START--
INFO: Run Behavior\ShowPageTraceBehavior [ RunTime:0.001000s ]
INFO: [ app_end ] --END-- [ RunTime:0.001000s ]

[ 2018-01-16T15:06:21+08:00 ] 127.0.0.1 /moban/index.php/Admin/Good/getAttrtype/nav_id/1
INFO: [ app_begin ] --START--
INFO: Run Behavior\ReadHtmlCacheBehavior [ RunTime:0.000000s ]
INFO: [ app_begin ] --END-- [ RunTime:0.001000s ]
SQL: SHOW COLUMNS FROM `muban_attrtype` [ RunTime:0.0030s ]
SQL: SELECT * FROM `muban_attrtype` WHERE `nav_id` = 1  [ RunTime:0.0010s ]
INFO: [ app_end ] --START--
INFO: Run Behavior\ShowPageTraceBehavior [ RunTime:0.001000s ]
INFO: [ app_end ] --END-- [ RunTime:0.001000s ]

[ 2018-01-16T15:07:02+08:00 ] 127.0.0.1 /moban/index.php/Admin/Good/getAttrtype/nav_id/1
INFO: [ app_begin ] --START--
INFO: Run Behavior\ReadHtmlCacheBehavior [ RunTime:0.000000s ]
INFO: [ app_begin ] --END-- [ RunTime:0.000000s ]
SQL: SHOW COLUMNS FROM `muban_attrtype` [ RunTime:0.0020s ]
SQL: SELECT * FROM `muban_attrtype` WHERE `nav_id` = 1  [ RunTime:0.0000s ]
INFO: [ app_end ] --START--
INFO: Run Behavior\ShowPageTraceBehavior [ RunTime:0.000000s ]
INFO: [ app_end ] --END-- [ RunTime:0.000000s ]

[ 2018-01-16T15:07:03+08:00 ] 127.0.0.1 /moban/index.php/Admin/Good/getAttrs/attrname/%E8%A1%8C%E4%B8%9A
INFO: [ app_begin ] --START--
INFO: Run Behavior\ReadHtmlCacheBehavior [ RunTime:0.000000s ]
INFO: [ app_begin ] --END-- [ RunTime:0.001000s ]
SQL: SHOW COLUMNS FROM `muban_attr` [ RunTime:0.0040s ]
SQL: SELECT * FROM `muban_attr` WHERE `attrname` = '行业' LIMIT 1   [ RunTime:0.0010s ]
INFO: [ app_end ] --START--
INFO: Run Behavior\ShowPageTraceBehavior [ RunTime:0.001000s ]
INFO: [ app_end ] --END-- [ RunTime:0.001000s ]

[ 2018-01-16T15:07:31+08:00 ] 127.0.0.1 /moban/index.php/Admin/Good/getAttrtype/nav_id/1
INFO: [ app_begin ] --START--
INFO: Run Behavior\ReadHtmlCacheBehavior [ RunTime:0.001000s ]
INFO: [ app_begin ] --END-- [ RunTime:0.001000s ]
SQL: SHOW COLUMNS FROM `muban_attrtype` [ RunTime:0.0030s ]
SQL: SELECT * FROM `muban_attrtype` WHERE `nav_id` = 1  [ RunTime:0.0010s ]
INFO: [ app_end ] --START--
INFO: Run Behavior\ShowPageTraceBehavior [ RunTime:0.000000s ]
INFO: [ app_end ] --END-- [ RunTime:0.001000s ]

[ 2018-01-16T15:07:33+08:00 ] 127.0.0.1 /moban/index.php/Admin/Good/getAttrs/attrname/%E8%A1%8C%E4%B8%9A
INFO: [ app_begin ] --START--
INFO: Run Behavior\ReadHtmlCacheBehavior [ RunTime:0.000000s ]
INFO: [ app_begin ] --END-- [ RunTime:0.001000s ]
SQL: SHOW COLUMNS FROM `muban_attr` [ RunTime:0.0040s ]
SQL: SELECT * FROM `muban_attr` WHERE `attrname` = '行业' LIMIT 1   [ RunTime:0.0010s ]
INFO: [ app_end ] --START--
INFO: Run Behavior\ShowPageTraceBehavior [ RunTime:0.001000s ]
INFO: [ app_end ] --END-- [ RunTime:0.001000s ]

[ 2018-01-16T15:08:10+08:00 ] 127.0.0.1 /moban/index.php/Admin/Good/getAttrtype/nav_id/1
INFO: [ app_begin ] --START--
INFO: Run Behavior\ReadHtmlCacheBehavior [ RunTime:0.001000s ]
INFO: [ app_begin ] --END-- [ RunTime:0.001000s ]
SQL: SHOW COLUMNS FROM `muban_attrtype` [ RunTime:0.0040s ]
SQL: SELECT * FROM `muban_attrtype` WHERE `nav_id` = 1  [ RunTime:0.0040s ]
INFO: [ app_end ] --START--
INFO: Run Behavior\ShowPageTraceBehavior [ RunTime:0.001000s ]
INFO: [ app_end ] --END-- [ RunTime:0.001000s ]

[ 2018-01-16T15:08:12+08:00 ] 127.0.0.1 /moban/index.php/Admin/Good/getAttrs/attrname/%E8%A1%8C%E4%B8%9A
INFO: [ app_begin ] --START--
INFO: Run Behavior\ReadHtmlCacheBehavior [ RunTime:0.001000s ]
INFO: [ app_begin ] --END-- [ RunTime:0.001000s ]
SQL: SHOW COLUMNS FROM `muban_attr` [ RunTime:0.0040s ]
SQL: SELECT * FROM `muban_attr` WHERE `attrname` = '行业' LIMIT 1   [ RunTime:0.0010s ]
INFO: [ app_end ] --START--
INFO: Run Behavior\ShowPageTraceBehavior [ RunTime:0.001000s ]
INFO: [ app_end ] --END-- [ RunTime:0.001000s ]

[ 2018-01-16T15:09:37+08:00 ] 127.0.0.1 /moban/index.php/Admin/Good/getAttrtype/nav_id/2
INFO: [ app_begin ] --START--
INFO: Run Behavior\ReadHtmlCacheBehavior [ RunTime:0.000000s ]
INFO: [ app_begin ] --END-- [ RunTime:0.001000s ]
SQL: SHOW COLUMNS FROM `muban_attrtype` [ RunTime:0.0020s ]
SQL: SELECT * FROM `muban_attrtype` WHERE `nav_id` = 2  [ RunTime:0.0000s ]
INFO: [ app_end ] --START--
INFO: Run Behavior\ShowPageTraceBehavior [ RunTime:0.001000s ]
INFO: [ app_end ] --END-- [ RunTime:0.002000s ]

[ 2018-01-16T15:09:39+08:00 ] 127.0.0.1 /moban/index.php/Admin/Good/getAttrtype/nav_id/3
INFO: [ app_begin ] --START--
INFO: Run Behavior\ReadHtmlCacheBehavior [ RunTime:0.000000s ]
INFO: [ app_begin ] --END-- [ RunTime:0.000000s ]
SQL: SHOW COLUMNS FROM `muban_attrtype` [ RunTime:0.0020s ]
SQL: SELECT * FROM `muban_attrtype` WHERE `nav_id` = 3  [ RunTime:0.0000s ]
INFO: [ app_end ] --START--
INFO: Run Behavior\ShowPageTraceBehavior [ RunTime:0.000000s ]
INFO: [ app_end ] --END-- [ RunTime:0.000000s ]

[ 2018-01-16T15:09:41+08:00 ] 127.0.0.1 /moban/index.php/Admin/Good/getAttrtype/nav_id/4
INFO: [ app_begin ] --START--
INFO: Run Behavior\ReadHtmlCacheBehavior [ RunTime:0.001000s ]
INFO: [ app_begin ] --END-- [ RunTime:0.001000s ]
SQL: SHOW COLUMNS FROM `muban_attrtype` [ RunTime:0.0010s ]
SQL: SELECT * FROM `muban_attrtype` WHERE `nav_id` = 4  [ RunTime:0.0000s ]
INFO: [ app_end ] --START--
INFO: Run Behavior\ShowPageTraceBehavior [ RunTime:0.001000s ]
INFO: [ app_end ] --END-- [ RunTime:0.001000s ]

[ 2018-01-16T15:09:42+08:00 ] 127.0.0.1 /moban/index.php/Admin/Good/getAttrtype/nav_id/6
INFO: [ app_begin ] --START--
INFO: Run Behavior\ReadHtmlCacheBehavior [ RunTime:0.000000s ]
INFO: [ app_begin ] --END-- [ RunTime:0.001000s ]
SQL: SHOW COLUMNS FROM `muban_attrtype` [ RunTime:0.0050s ]
SQL: SELECT * FROM `muban_attrtype` WHERE `nav_id` = 6  [ RunTime:0.0010s ]
INFO: [ app_end ] --START--
INFO: Run Behavior\ShowPageTraceBehavior [ RunTime:0.000000s ]
INFO: [ app_end ] --END-- [ RunTime:0.000000s ]

[ 2018-01-16T15:09:44+08:00 ] 127.0.0.1 /moban/index.php/Admin/Good/getAttrtype/nav_id/1
INFO: [ app_begin ] --START--
INFO: Run Behavior\ReadHtmlCacheBehavior [ RunTime:0.001000s ]
INFO: [ app_begin ] --END-- [ RunTime:0.001000s ]
SQL: SHOW COLUMNS FROM `muban_attrtype` [ RunTime:0.0010s ]
SQL: SELECT * FROM `muban_attrtype` WHERE `nav_id` = 1  [ RunTime:0.0000s ]
INFO: [ app_end ] --START--
INFO: Run Behavior\ShowPageTraceBehavior [ RunTime:0.001001s ]
INFO: [ app_end ] --END-- [ RunTime:0.001001s ]

[ 2018-01-16T15:10:03+08:00 ] 127.0.0.1 /moban/index.php/Admin/Good/getAttrs/attrname/%E8%A1%8C%E4%B8%9A
INFO: [ app_begin ] --START--
INFO: Run Behavior\ReadHtmlCacheBehavior [ RunTime:0.000000s ]
INFO: [ app_begin ] --END-- [ RunTime:0.000000s ]
SQL: SHOW COLUMNS FROM `muban_attr` [ RunTime:0.0020s ]
SQL: SELECT * FROM `muban_attr` WHERE `attrname` = '行业' LIMIT 1   [ RunTime:0.0000s ]
INFO: [ app_end ] --START--
INFO: Run Behavior\ShowPageTraceBehavior [ RunTime:0.001000s ]
INFO: [ app_end ] --END-- [ RunTime:0.001000s ]

[ 2018-01-16T15:10:05+08:00 ] 127.0.0.1 /moban/index.php/Admin/Good/getAttrs/attrname/%E5%95%86%E5%9F%8E
INFO: [ app_begin ] --START--
INFO: Run Behavior\ReadHtmlCacheBehavior [ RunTime:0.000000s ]
INFO: [ app_begin ] --END-- [ RunTime:0.000000s ]
SQL: SHOW COLUMNS FROM `muban_attr` [ RunTime:0.0020s ]
SQL: SELECT * FROM `muban_attr` WHERE `attrname` = '商城' LIMIT 1   [ RunTime:0.0000s ]
INFO: [ app_end ] --START--
INFO: Run Behavior\ShowPageTraceBehavior [ RunTime:0.000000s ]
INFO: [ app_end ] --END-- [ RunTime:0.000000s ]

[ 2018-01-16T15:10:34+08:00 ] 127.0.0.1 /moban/index.php/Admin/Good/getAttrtype/nav_id/1
INFO: [ app_begin ] --START--
INFO: Run Behavior\ReadHtmlCacheBehavior [ RunTime:0.000000s ]
INFO: [ app_begin ] --END-- [ RunTime:0.001000s ]
SQL: SHOW COLUMNS FROM `muban_attrtype` [ RunTime:0.0020s ]
SQL: SELECT * FROM `muban_attrtype` WHERE `nav_id` = 1  [ RunTime:0.0000s ]
INFO: [ app_end ] --START--
INFO: Run Behavior\ShowPageTraceBehavior [ RunTime:0.000000s ]
INFO: [ app_end ] --END-- [ RunTime:0.000000s ]

[ 2018-01-16T15:10:35+08:00 ] 127.0.0.1 /moban/index.php/Admin/Good/getAttrs/attrname/%E8%A1%8C%E4%B8%9A
INFO: [ app_begin ] --START--
INFO: Run Behavior\ReadHtmlCacheBehavior [ RunTime:0.000000s ]
INFO: [ app_begin ] --END-- [ RunTime:0.001001s ]
SQL: SHOW COLUMNS FROM `muban_attr` [ RunTime:0.0050s ]
SQL: SELECT * FROM `muban_attr` WHERE `attrname` = '行业' LIMIT 1   [ RunTime:0.0030s ]
INFO: [ app_end ] --START--
INFO: Run Behavior\ShowPageTraceBehavior [ RunTime:0.001000s ]
INFO: [ app_end ] --END-- [ RunTime:0.001000s ]

[ 2018-01-16T15:10:52+08:00 ] 127.0.0.1 /moban/index.php/Admin/Good/getAttrtype/nav_id/1
INFO: [ app_begin ] --START--
INFO: Run Behavior\ReadHtmlCacheBehavior [ RunTime:0.000000s ]
INFO: [ app_begin ] --END-- [ RunTime:0.000000s ]
SQL: SHOW COLUMNS FROM `muban_attrtype` [ RunTime:0.0020s ]
SQL: SELECT * FROM `muban_attrtype` WHERE `nav_id` = 1  [ RunTime:0.0000s ]
INFO: [ app_end ] --START--
INFO: Run Behavior\ShowPageTraceBehavior [ RunTime:0.001000s ]
INFO: [ app_end ] --END-- [ RunTime:0.001000s ]

[ 2018-01-16T15:10:54+08:00 ] 127.0.0.1 /moban/index.php/Admin/Good/getAttrs/attrname/%E8%A1%8C%E4%B8%9A
INFO: [ app_begin ] --START--
INFO: Run Behavior\ReadHtmlCacheBehavior [ RunTime:0.000000s ]
INFO: [ app_begin ] --END-- [ RunTime:0.001001s ]
SQL: SHOW COLUMNS FROM `muban_attr` [ RunTime:0.0040s ]
SQL: SELECT * FROM `muban_attr` WHERE `attrname` = '行业' LIMIT 1   [ RunTime:0.0020s ]
INFO: [ app_end ] --START--
INFO: Run Behavior\ShowPageTraceBehavior [ RunTime:0.001000s ]
INFO: [ app_end ] --END-- [ RunTime:0.001000s ]

[ 2018-01-16T15:10:56+08:00 ] 127.0.0.1 /moban/index.php/Admin/Good/getAttrs/attrname/%E5%95%86%E5%9F%8E
INFO: [ app_begin ] --START--
INFO: Run Behavior\ReadHtmlCacheBehavior [ RunTime:0.001000s ]
INFO: [ app_begin ] --END-- [ RunTime:0.001000s ]
SQL: SHOW COLUMNS FROM `muban_attr` [ RunTime:0.0040s ]
SQL: SELECT * FROM `muban_attr` WHERE `attrname` = '商城' LIMIT 1   [ RunTime:0.0040s ]
INFO: [ app_end ] --START--
INFO: Run Behavior\ShowPageTraceBehavior [ RunTime:0.001000s ]
INFO: [ app_end ] --END-- [ RunTime:0.001000s ]

[ 2018-01-16T15:11:01+08:00 ] 127.0.0.1 /moban/index.php/Admin/Good/getAttrs/attrname/%E4%BC%81%E4%B8%9A
INFO: [ app_begin ] --START--
INFO: Run Behavior\ReadHtmlCacheBehavior [ RunTime:0.001000s ]
INFO: [ app_begin ] --END-- [ RunTime:0.001000s ]
SQL: SHOW COLUMNS FROM `muban_attr` [ RunTime:0.0040s ]
SQL: SELECT * FROM `muban_attr` WHERE `attrname` = '企业' LIMIT 1   [ RunTime:0.0020s ]
INFO: [ app_end ] --START--
INFO: Run Behavior\ShowPageTraceBehavior [ RunTime:0.001000s ]
INFO: [ app_end ] --END-- [ RunTime:0.001000s ]

[ 2018-01-16T15:11:09+08:00 ] 127.0.0.1 /moban/index.php/Admin/Good/getAttrs/attrname/%E5%BE%AE%E4%BF%A1
INFO: [ app_begin ] --START--
INFO: Run Behavior\ReadHtmlCacheBehavior [ RunTime:0.001000s ]
INFO: [ app_begin ] --END-- [ RunTime:0.001000s ]
SQL: SHOW COLUMNS FROM `muban_attr` [ RunTime:0.0010s ]
SQL: SELECT * FROM `muban_attr` WHERE `attrname` = '微信' LIMIT 1   [ RunTime:0.0000s ]
INFO: [ app_end ] --START--
INFO: Run Behavior\ShowPageTraceBehavior [ RunTime:0.001000s ]
INFO: [ app_end ] --END-- [ RunTime:0.001000s ]

[ 2018-01-16T15:11:12+08:00 ] 127.0.0.1 /moban/index.php/Admin/Good/getAttrs/attrname/%E9%97%A8%E6%88%B7
INFO: [ app_begin ] --START--
INFO: Run Behavior\ReadHtmlCacheBehavior [ RunTime:0.001000s ]
INFO: [ app_begin ] --END-- [ RunTime:0.001000s ]
SQL: SHOW COLUMNS FROM `muban_attr` [ RunTime:0.0010s ]
SQL: SELECT * FROM `muban_attr` WHERE `attrname` = '门户' LIMIT 1   [ RunTime:0.0000s ]
INFO: [ app_end ] --START--
INFO: Run Behavior\ShowPageTraceBehavior [ RunTime:0.001000s ]
INFO: [ app_end ] --END-- [ RunTime:0.001000s ]

[ 2018-01-16T15:11:20+08:00 ] 127.0.0.1 /moban/index.php/Admin/Good/getAttrs/attrname/%E5%90%8E%E5%8F%B0
INFO: [ app_begin ] --START--
INFO: Run Behavior\ReadHtmlCacheBehavior [ RunTime:0.000000s ]
INFO: [ app_begin ] --END-- [ RunTime:0.001000s ]
SQL: SHOW COLUMNS FROM `muban_attr` [ RunTime:0.0020s ]
SQL: SELECT * FROM `muban_attr` WHERE `attrname` = '后台' LIMIT 1   [ RunTime:0.0000s ]
INFO: [ app_end ] --START--
INFO: Run Behavior\ShowPageTraceBehavior [ RunTime:0.000000s ]
INFO: [ app_end ] --END-- [ RunTime:0.000000s ]

[ 2018-01-16T15:11:21+08:00 ] 127.0.0.1 /moban/index.php/Admin/Good/getAttrs/attrname/OA/CRM/ERP
INFO: [ app_begin ] --START--
INFO: Run Behavior\ReadHtmlCacheBehavior [ RunTime:0.000000s ]
INFO: [ app_begin ] --END-- [ RunTime:0.000000s ]
SQL: SHOW COLUMNS FROM `muban_attr` [ RunTime:0.0010s ]
SQL: SELECT * FROM `muban_attr` WHERE `attrname` = 'OA' LIMIT 1   [ RunTime:0.0000s ]
INFO: [ app_end ] --START--
INFO: Run Behavior\ShowPageTraceBehavior [ RunTime:0.002000s ]
INFO: [ app_end ] --END-- [ RunTime:0.002000s ]

[ 2018-01-16T15:11:31+08:00 ] 127.0.0.1 /moban/index.php/Admin/Good/getAttrs/attrname/%E6%B8%B8%E6%88%8F
INFO: [ app_begin ] --START--
INFO: Run Behavior\ReadHtmlCacheBehavior [ RunTime:0.000000s ]
INFO: [ app_begin ] --END-- [ RunTime:0.000000s ]
SQL: SHOW COLUMNS FROM `muban_attr` [ RunTime:0.0020s ]
SQL: SELECT * FROM `muban_attr` WHERE `attrname` = '游戏' LIMIT 1   [ RunTime:0.0000s ]
INFO: [ app_end ] --START--
INFO: Run Behavior\ShowPageTraceBehavior [ RunTime:0.001000s ]
INFO: [ app_end ] --END-- [ RunTime:0.001000s ]

[ 2018-01-16T15:11:34+08:00 ] 127.0.0.1 /moban/index.php/Admin/Good/getAttrs/attrname/OA/CRM/ERP
INFO: [ app_begin ] --START--
INFO: Run Behavior\ReadHtmlCacheBehavior [ RunTime:0.001000s ]
INFO: [ app_begin ] --END-- [ RunTime:0.001000s ]
SQL: SHOW COLUMNS FROM `muban_attr` [ RunTime:0.0010s ]
SQL: SELECT * FROM `muban_attr` WHERE `attrname` = 'OA' LIMIT 1   [ RunTime:0.0000s ]
INFO: [ app_end ] --START--
INFO: Run Behavior\ShowPageTraceBehavior [ RunTime:0.001000s ]
INFO: [ app_end ] --END-- [ RunTime:0.001000s ]

[ 2018-01-16T15:11:45+08:00 ] 127.0.0.1 /moban/index.php/Admin/Good/getAttrs/attrname/%E5%85%B6%E4%BB%96
INFO: [ app_begin ] --START--
INFO: Run Behavior\ReadHtmlCacheBehavior [ RunTime:0.001000s ]
INFO: [ app_begin ] --END-- [ RunTime:0.001000s ]
SQL: SHOW COLUMNS FROM `muban_attr` [ RunTime:0.0020s ]
SQL: SELECT * FROM `muban_attr` WHERE `attrname` = '其他' LIMIT 1   [ RunTime:0.0000s ]
INFO: [ app_end ] --START--
INFO: Run Behavior\ShowPageTraceBehavior [ RunTime:0.000000s ]
INFO: [ app_end ] --END-- [ RunTime:0.000000s ]

