[ 2018-01-25T17:55:27+08:00 ] 127.0.0.1 /moban/index.php/Admin/Attrs/index
ERR: 无法加载控制器:Attrs

[ 2018-01-25T17:56:27+08:00 ] 127.0.0.1 /moban/index.php/Admin/Attrs/index
ERR: 无法加载控制器:Attrs

[ 2018-01-25T17:58:21+08:00 ] 127.0.0.1 /moban/index.php/Admin/Attrs/add
ERR: 无法加载控制器:Attrs

[ 2018-01-25T17:58:24+08:00 ] 127.0.0.1 /moban/index.php/Admin/Attrs/add
ERR: 无法加载控制器:Attrs

[ 2018-01-25T18:07:41+08:00 ] 127.0.0.1 /moban/index.php/Admin/Attrs/getAttr
INFO: [ app_begin ] --START--
INFO: Run Behavior\ReadHtmlCacheBehavior [ RunTime:0.000000s ]
INFO: [ app_begin ] --END-- [ RunTime:0.001000s ]
NOTIC: [8] Array to string conversion D:\wamp\www\moban\Application\Admin\Controller\AttrsController.class.php 第 105 行.
SQL: SHOW COLUMNS FROM `moban_attr` [ RunTime:0.0010s ]
INFO: [ app_end ] --START--
INFO: Run Behavior\ShowPageTraceBehavior [ RunTime:0.001000s ]
INFO: [ app_end ] --END-- [ RunTime:0.001000s ]

[ 2018-01-25T18:08:15+08:00 ] 127.0.0.1 /moban/index.php/Admin/Attrs/getAttr
INFO: [ app_begin ] --START--
INFO: Run Behavior\ReadHtmlCacheBehavior [ RunTime:0.000000s ]
INFO: [ app_begin ] --END-- [ RunTime:0.000000s ]
SQL: SHOW COLUMNS FROM `moban_attr` [ RunTime:0.0020s ]
INFO: [ app_end ] --START--
INFO: Run Behavior\ShowPageTraceBehavior [ RunTime:0.001000s ]
INFO: [ app_end ] --END-- [ RunTime:0.001000s ]

[ 2018-01-25T18:10:13+08:00 ] 127.0.0.1 /moban/index.php/Admin/Attrs/getAttr
INFO: [ app_begin ] --START--
INFO: Run Behavior\ReadHtmlCacheBehavior [ RunTime:0.000000s ]
INFO: [ app_begin ] --END-- [ RunTime:0.001000s ]
SQL: SHOW COLUMNS FROM `moban_attr` [ RunTime:0.0020s ]
SQL: SELECT * FROM `moban_attr` WHERE `attrtype_id` = 1  [ RunTime:0.0000s ]
INFO: [ app_end ] --START--
INFO: Run Behavior\ShowPageTraceBehavior [ RunTime:0.000000s ]
INFO: [ app_end ] --END-- [ RunTime:0.000000s ]

