[ 2018-04-27T15:20:37+08:00 ] 127.0.0.1 /moban/index.php/Admin/Login
INFO: [ app_init ] --START--
INFO: Run Behavior\BuildLiteBehavior [ RunTime:0.001000s ]
INFO: [ app_init ] --END-- [ RunTime:0.002000s ]
INFO: [ app_begin ] --START--
INFO: Run Behavior\ReadHtmlCacheBehavior [ RunTime:0.001000s ]
INFO: [ app_begin ] --END-- [ RunTime:0.002000s ]
INFO: [ view_parse ] --START--
INFO: [ template_filter ] --START--
INFO: Run Behavior\ContentReplaceBehavior [ RunTime:0.000000s ]
INFO: [ template_filter ] --END-- [ RunTime:0.001000s ]
INFO: Run Behavior\ParseTemplateBehavior [ RunTime:0.043002s ]
INFO: [ view_parse ] --END-- [ RunTime:0.043002s ]
INFO: [ view_filter ] --START--
INFO: Run Behavior\WriteHtmlCacheBehavior [ RunTime:0.002000s ]
INFO: [ view_filter ] --END-- [ RunTime:0.002000s ]
INFO: [ app_end ] --START--
INFO: Run Behavior\ShowPageTraceBehavior [ RunTime:0.003000s ]
INFO: [ app_end ] --END-- [ RunTime:0.004000s ]

[ 2018-04-27T15:20:41+08:00 ] 127.0.0.1 /moban/index.php/Admin/Login
INFO: [ app_init ] --START--
INFO: Run Behavior\BuildLiteBehavior [ RunTime:0.000000s ]
INFO: [ app_init ] --END-- [ RunTime:0.004001s ]
INFO: [ app_begin ] --START--
INFO: Run Behavior\ReadHtmlCacheBehavior [ RunTime:0.001000s ]
INFO: [ app_begin ] --END-- [ RunTime:0.003000s ]
SQL: SHOW COLUMNS FROM `moban_admin` [ RunTime:0.0750s ]
SQL: SELECT * FROM `moban_admin` WHERE `admin_name` = 'admin' LIMIT 1   [ RunTime:0.0010s ]

[ 2018-04-27T15:20:41+08:00 ] 127.0.0.1 /moban/index.php/Admin/Admin/index.html
INFO: [ app_init ] --START--
INFO: Run Behavior\BuildLiteBehavior [ RunTime:0.000000s ]
INFO: [ app_init ] --END-- [ RunTime:0.001000s ]
INFO: [ app_begin ] --START--
INFO: Run Behavior\ReadHtmlCacheBehavior [ RunTime:0.002000s ]
INFO: [ app_begin ] --END-- [ RunTime:0.002000s ]
SQL: SHOW COLUMNS FROM `moban_admin` [ RunTime:0.0200s ]
SQL: SELECT * FROM `moban_admin`  [ RunTime:0.0010s ]
INFO: [ view_parse ] --START--
INFO: [ template_filter ] --START--
INFO: Run Behavior\ContentReplaceBehavior [ RunTime:0.002000s ]
INFO: [ template_filter ] --END-- [ RunTime:0.002000s ]
INFO: Run Behavior\ParseTemplateBehavior [ RunTime:0.062004s ]
INFO: [ view_parse ] --END-- [ RunTime:0.063004s ]
INFO: [ view_filter ] --START--
INFO: Run Behavior\WriteHtmlCacheBehavior [ RunTime:0.001000s ]
INFO: [ view_filter ] --END-- [ RunTime:0.001000s ]
INFO: [ app_end ] --START--
INFO: Run Behavior\ShowPageTraceBehavior [ RunTime:0.009001s ]
INFO: [ app_end ] --END-- [ RunTime:0.011001s ]

[ 2018-04-27T15:20:46+08:00 ] 127.0.0.1 /moban/index.php/Admin/goods/index
INFO: [ app_init ] --START--
INFO: Run Behavior\BuildLiteBehavior [ RunTime:0.001000s ]
INFO: [ app_init ] --END-- [ RunTime:0.004000s ]
INFO: [ app_begin ] --START--
INFO: Run Behavior\ReadHtmlCacheBehavior [ RunTime:0.001001s ]
INFO: [ app_begin ] --END-- [ RunTime:0.002001s ]
SQL: SHOW COLUMNS FROM `moban_goods` [ RunTime:0.0280s ]
SQL: SELECT COUNT(*) AS tp_count FROM `moban_goods` LIMIT 1   [ RunTime:0.0120s ]
SQL: SELECT a.id,a.goods_name,a.goods_vips,a.goods_price,a.goods_photo,a.goods_comment,a.goods_store,a.goods_recommend,a.download_num,a.goods_search,a.goods_tuijian,b.cate_name FROM moban_goods a LEFT JOIN moban_cate b ON a.cate_id=b.id  ORDER BY goods_time desc LIMIT 0,15   [ RunTime:0.0080s ]
SQL: SHOW COLUMNS FROM `moban_vip` [ RunTime:0.0160s ]
SQL: SELECT `vip_name` FROM `moban_vip` WHERE `id` IN ('3','4')  [ RunTime:0.0020s ]
SQL: SELECT `vip_name` FROM `moban_vip` WHERE `id` IN ('3','4')  [ RunTime:0.0010s ]
SQL: SELECT `vip_name` FROM `moban_vip` WHERE `id` IN ('3','4')  [ RunTime:0.0010s ]
SQL: SELECT `vip_name` FROM `moban_vip` WHERE `id` IN ('3','4')  [ RunTime:0.0000s ]
SQL: SELECT `vip_name` FROM `moban_vip` WHERE `id` IN ('3','4')  [ RunTime:0.0010s ]
SQL: SELECT `vip_name` FROM `moban_vip` WHERE `id` IN ('3','4')  [ RunTime:0.0000s ]
SQL: SELECT `vip_name` FROM `moban_vip` WHERE `id` IN ('3','4')  [ RunTime:0.0000s ]
SQL: SELECT `vip_name` FROM `moban_vip` WHERE `id` IN ('3','4')  [ RunTime:0.0010s ]
SQL: SELECT `vip_name` FROM `moban_vip` WHERE `id` IN ('3','4')  [ RunTime:0.0010s ]
SQL: SELECT `vip_name` FROM `moban_vip` WHERE `id` IN ('3','4')  [ RunTime:0.0000s ]
SQL: SELECT `vip_name` FROM `moban_vip` WHERE `id` IN ('2','3')  [ RunTime:0.0000s ]
SQL: SELECT `vip_name` FROM `moban_vip` WHERE `id` IN ('2','3','4')  [ RunTime:0.0010s ]
SQL: SHOW COLUMNS FROM `moban_cate` [ RunTime:0.0130s ]
SQL: SELECT * FROM `moban_cate`  [ RunTime:0.0010s ]
INFO: [ view_parse ] --START--
INFO: [ template_filter ] --START--
INFO: Run Behavior\ContentReplaceBehavior [ RunTime:0.001000s ]
INFO: [ template_filter ] --END-- [ RunTime:0.002001s ]
INFO: Run Behavior\ParseTemplateBehavior [ RunTime:0.056003s ]
INFO: [ view_parse ] --END-- [ RunTime:0.056003s ]
INFO: [ view_filter ] --START--
INFO: Run Behavior\WriteHtmlCacheBehavior [ RunTime:0.001000s ]
INFO: [ view_filter ] --END-- [ RunTime:0.001000s ]
INFO: [ app_end ] --START--
INFO: Run Behavior\ShowPageTraceBehavior [ RunTime:0.002000s ]
INFO: [ app_end ] --END-- [ RunTime:0.010000s ]

[ 2018-04-27T15:20:48+08:00 ] 127.0.0.1 /moban/index.php/Admin/Goods/add
INFO: [ app_init ] --START--
INFO: Run Behavior\BuildLiteBehavior [ RunTime:0.000000s ]
INFO: [ app_init ] --END-- [ RunTime:0.001001s ]
INFO: [ app_begin ] --START--
INFO: Run Behavior\ReadHtmlCacheBehavior [ RunTime:0.001000s ]
INFO: [ app_begin ] --END-- [ RunTime:0.002000s ]
SQL: SHOW COLUMNS FROM `moban_goods` [ RunTime:0.0200s ]
SQL: SHOW COLUMNS FROM `moban_cate` [ RunTime:0.0250s ]
SQL: SELECT * FROM `moban_cate`  [ RunTime:0.0010s ]
SQL: SHOW COLUMNS FROM `moban_attrtype` [ RunTime:0.0120s ]
SQL: SELECT * FROM `moban_attrtype`  [ RunTime:0.0010s ]
INFO: [ view_parse ] --START--
INFO: [ template_filter ] --START--
INFO: Run Behavior\ContentReplaceBehavior [ RunTime:0.003000s ]
INFO: [ template_filter ] --END-- [ RunTime:0.005000s ]
INFO: Run Behavior\ParseTemplateBehavior [ RunTime:0.084005s ]
INFO: [ view_parse ] --END-- [ RunTime:0.084005s ]
INFO: [ view_filter ] --START--
INFO: Run Behavior\WriteHtmlCacheBehavior [ RunTime:0.000000s ]
INFO: [ view_filter ] --END-- [ RunTime:0.002000s ]
INFO: [ app_end ] --START--
INFO: Run Behavior\ShowPageTraceBehavior [ RunTime:0.002000s ]
INFO: [ app_end ] --END-- [ RunTime:0.002000s ]

