[ 2018-01-19T14:09:54+08:00 ] 127.0.0.1 /moban/index.php/Admin/Login/login
INFO: [ app_begin ] --START--
INFO: Run Behavior\ReadHtmlCacheBehavior [ RunTime:0.000000s ]
INFO: [ app_begin ] --END-- [ RunTime:0.001000s ]
NOTIC: [8] Use of undefined constant regex - assumed 'regex' D:\wamp\www\moban\ThinkPHP\Common\functions.php 第 588 行.
NOTIC: [8] Use of undefined constant regex - assumed 'regex' D:\wamp\www\moban\ThinkPHP\Common\functions.php 第 588 行.
SQL: SHOW COLUMNS FROM `muban_admin` [ RunTime:0.9048s ]
NOTIC: [8] Undefined index: validate D:\wamp\www\moban\ThinkPHP\Library\Think\Model.class.php 第 1185 行.
NOTIC: [8] Undefined index: auto D:\wamp\www\moban\ThinkPHP\Library\Think\Model.class.php 第 1128 行.
SQL: SELECT * FROM `muban_admin` WHERE `username` = 'admin' LIMIT 1   [ RunTime:0.1404s ]
SQL: UPDATE `muban_admin` SET `login_time`=NOW(),`login_ip`='2130706433' WHERE `username` = 'admin' [ RunTime:0.0156s ]

[ 2018-01-19T14:11:13+08:00 ] 127.0.0.1 /moban/index.php/Admin/Good/getAttrtype/nav_id/1
INFO: [ app_begin ] --START--
INFO: Run Behavior\ReadHtmlCacheBehavior [ RunTime:0.000000s ]
INFO: [ app_begin ] --END-- [ RunTime:0.000000s ]
SQL: SHOW COLUMNS FROM `muban_attrtype` [ RunTime:0.0000s ]
SQL: SELECT * FROM `muban_attrtype` WHERE `nav_id` = 1  [ RunTime:0.0000s ]
INFO: [ app_end ] --START--
INFO: Run Behavior\ShowPageTraceBehavior [ RunTime:0.000000s ]
INFO: [ app_end ] --END-- [ RunTime:0.000000s ]

[ 2018-01-19T14:11:15+08:00 ] 127.0.0.1 /moban/index.php/Admin/Good/getAttrs/attrname/%E8%A1%8C%E4%B8%9A
INFO: [ app_begin ] --START--
INFO: Run Behavior\ReadHtmlCacheBehavior [ RunTime:0.000000s ]
INFO: [ app_begin ] --END-- [ RunTime:0.000000s ]
SQL: SHOW COLUMNS FROM `muban_attr` [ RunTime:0.0156s ]
SQL: SELECT * FROM `muban_attr` WHERE `attrname` = '行业' LIMIT 1   [ RunTime:0.0000s ]
INFO: [ app_end ] --START--
INFO: Run Behavior\ShowPageTraceBehavior [ RunTime:0.000000s ]
INFO: [ app_end ] --END-- [ RunTime:0.000000s ]

[ 2018-01-19T14:13:14+08:00 ] 127.0.0.1 /moban/index.php/Admin/Good/getAttrs/attrname/%E8%93%9D%E8%89%B2
INFO: [ app_begin ] --START--
INFO: Run Behavior\ReadHtmlCacheBehavior [ RunTime:0.001000s ]
INFO: [ app_begin ] --END-- [ RunTime:0.002000s ]
SQL: SHOW COLUMNS FROM `muban_attr` [ RunTime:0.0100s ]
SQL: SELECT * FROM `muban_attr` WHERE `attrname` = '蓝色' LIMIT 1   [ RunTime:0.0020s ]
INFO: [ app_end ] --START--
INFO: Run Behavior\ShowPageTraceBehavior [ RunTime:0.001000s ]
INFO: [ app_end ] --END-- [ RunTime:0.001000s ]

[ 2018-01-19T14:22:00+08:00 ] 127.0.0.1 /moban/index.php/Admin/Good/getAttrtype/nav_id/1
INFO: [ app_begin ] --START--
INFO: Run Behavior\ReadHtmlCacheBehavior [ RunTime:0.000000s ]
INFO: [ app_begin ] --END-- [ RunTime:0.000000s ]
SQL: SHOW COLUMNS FROM `muban_attrtype` [ RunTime:0.0050s ]
SQL: SELECT * FROM `muban_attrtype` WHERE `nav_id` = 1  [ RunTime:0.0020s ]
INFO: [ app_end ] --START--
INFO: Run Behavior\ShowPageTraceBehavior [ RunTime:0.001000s ]
INFO: [ app_end ] --END-- [ RunTime:0.001000s ]

[ 2018-01-19T14:22:57+08:00 ] 127.0.0.1 /moban/index.php/Admin/Good/getAttrtype/nav_id/1
INFO: [ app_begin ] --START--
INFO: Run Behavior\ReadHtmlCacheBehavior [ RunTime:0.000000s ]
INFO: [ app_begin ] --END-- [ RunTime:0.000000s ]
SQL: SHOW COLUMNS FROM `muban_attrtype` [ RunTime:0.0010s ]
SQL: SELECT * FROM `muban_attrtype` WHERE `nav_id` = 1  [ RunTime:0.0000s ]
INFO: [ app_end ] --START--
INFO: Run Behavior\ShowPageTraceBehavior [ RunTime:0.000000s ]
INFO: [ app_end ] --END-- [ RunTime:0.000000s ]

[ 2018-01-19T14:23:31+08:00 ] 127.0.0.1 /moban/index.php/Admin/Good/getAttrtype/nav_id/1
INFO: [ app_begin ] --START--
INFO: Run Behavior\ReadHtmlCacheBehavior [ RunTime:0.000000s ]
INFO: [ app_begin ] --END-- [ RunTime:0.001000s ]
SQL: SHOW COLUMNS FROM `muban_attrtype` [ RunTime:0.0020s ]
SQL: SELECT * FROM `muban_attrtype` WHERE `nav_id` = 1  [ RunTime:0.0010s ]
INFO: [ app_end ] --START--
INFO: Run Behavior\ShowPageTraceBehavior [ RunTime:0.000000s ]
INFO: [ app_end ] --END-- [ RunTime:0.000000s ]

[ 2018-01-19T14:24:23+08:00 ] 127.0.0.1 /moban/index.php/Admin/Good/getAttrtype/nav_id/1
INFO: [ app_begin ] --START--
INFO: Run Behavior\ReadHtmlCacheBehavior [ RunTime:0.000000s ]
INFO: [ app_begin ] --END-- [ RunTime:0.000000s ]
SQL: SHOW COLUMNS FROM `muban_attrtype` [ RunTime:0.0100s ]
SQL: SELECT * FROM `muban_attrtype` WHERE `nav_id` = 1  [ RunTime:0.0010s ]
INFO: [ app_end ] --START--
INFO: Run Behavior\ShowPageTraceBehavior [ RunTime:0.000000s ]
INFO: [ app_end ] --END-- [ RunTime:0.000000s ]

[ 2018-01-19T14:25:04+08:00 ] 127.0.0.1 /moban/index.php/Admin/Good/getAttrs/attrname/OA/CRM/ERP
INFO: [ app_begin ] --START--
INFO: Run Behavior\ReadHtmlCacheBehavior [ RunTime:0.000000s ]
INFO: [ app_begin ] --END-- [ RunTime:0.001000s ]
SQL: SHOW COLUMNS FROM `muban_attr` [ RunTime:0.0020s ]
SQL: SELECT * FROM `muban_attr` WHERE `attrname` = 'OA' LIMIT 1   [ RunTime:0.0000s ]
INFO: [ app_end ] --START--
INFO: Run Behavior\ShowPageTraceBehavior [ RunTime:0.001000s ]
INFO: [ app_end ] --END-- [ RunTime:0.001000s ]

[ 2018-01-19T14:25:07+08:00 ] 127.0.0.1 /moban/index.php/Admin/Good/getAttrs/attrname/%E8%A1%8C%E4%B8%9A
INFO: [ app_begin ] --START--
INFO: Run Behavior\ReadHtmlCacheBehavior [ RunTime:0.000000s ]
INFO: [ app_begin ] --END-- [ RunTime:0.000000s ]
SQL: SHOW COLUMNS FROM `muban_attr` [ RunTime:0.0010s ]
SQL: SELECT * FROM `muban_attr` WHERE `attrname` = '行业' LIMIT 1   [ RunTime:0.0000s ]
INFO: [ app_end ] --START--
INFO: Run Behavior\ShowPageTraceBehavior [ RunTime:0.000000s ]
INFO: [ app_end ] --END-- [ RunTime:0.000000s ]

[ 2018-01-19T14:25:28+08:00 ] 127.0.0.1 /moban/index.php/Admin/Good/getAttrtype/nav_id/1
INFO: [ app_begin ] --START--
INFO: Run Behavior\ReadHtmlCacheBehavior [ RunTime:0.000000s ]
INFO: [ app_begin ] --END-- [ RunTime:0.000000s ]
SQL: SHOW COLUMNS FROM `muban_attrtype` [ RunTime:0.0010s ]
SQL: SELECT * FROM `muban_attrtype` WHERE `nav_id` = 1  [ RunTime:0.0000s ]
INFO: [ app_end ] --START--
INFO: Run Behavior\ShowPageTraceBehavior [ RunTime:0.001000s ]
INFO: [ app_end ] --END-- [ RunTime:0.001000s ]

[ 2018-01-19T14:25:42+08:00 ] 127.0.0.1 /moban/index.php/Admin/Good/getAttrtype/nav_id/1
INFO: [ app_begin ] --START--
INFO: Run Behavior\ReadHtmlCacheBehavior [ RunTime:0.000000s ]
INFO: [ app_begin ] --END-- [ RunTime:0.000000s ]
SQL: SHOW COLUMNS FROM `muban_attrtype` [ RunTime:0.0040s ]
SQL: SELECT * FROM `muban_attrtype` WHERE `nav_id` = 1  [ RunTime:0.0010s ]
INFO: [ app_end ] --START--
INFO: Run Behavior\ShowPageTraceBehavior [ RunTime:0.000000s ]
INFO: [ app_end ] --END-- [ RunTime:0.000000s ]

[ 2018-01-19T14:25:53+08:00 ] 127.0.0.1 /moban/index.php/Admin/Good/getAttrs/attrname/OA/CRM/ERP
INFO: [ app_begin ] --START--
INFO: Run Behavior\ReadHtmlCacheBehavior [ RunTime:0.000000s ]
INFO: [ app_begin ] --END-- [ RunTime:0.000000s ]
SQL: SHOW COLUMNS FROM `muban_attr` [ RunTime:0.0010s ]
SQL: SELECT * FROM `muban_attr` WHERE `attrname` = 'OA' LIMIT 1   [ RunTime:0.0000s ]
INFO: [ app_end ] --START--
INFO: Run Behavior\ShowPageTraceBehavior [ RunTime:0.000000s ]
INFO: [ app_end ] --END-- [ RunTime:0.001000s ]

[ 2018-01-19T14:26:25+08:00 ] 127.0.0.1 /moban/index.php/Admin/Good/getAttrtype/nav_id/1
INFO: [ app_begin ] --START--
INFO: Run Behavior\ReadHtmlCacheBehavior [ RunTime:0.000000s ]
INFO: [ app_begin ] --END-- [ RunTime:0.001000s ]
SQL: SHOW COLUMNS FROM `muban_attrtype` [ RunTime:0.0020s ]
SQL: SELECT * FROM `muban_attrtype` WHERE `nav_id` = 1  [ RunTime:0.0000s ]
INFO: [ app_end ] --START--
INFO: Run Behavior\ShowPageTraceBehavior [ RunTime:0.001000s ]
INFO: [ app_end ] --END-- [ RunTime:0.001000s ]

[ 2018-01-19T14:26:27+08:00 ] 127.0.0.1 /moban/index.php/Admin/Good/getAttrs/attrname/ERP
INFO: [ app_begin ] --START--
INFO: Run Behavior\ReadHtmlCacheBehavior [ RunTime:0.000000s ]
INFO: [ app_begin ] --END-- [ RunTime:0.000000s ]
SQL: SHOW COLUMNS FROM `muban_attr` [ RunTime:0.0010s ]
SQL: SELECT * FROM `muban_attr` WHERE `attrname` = 'ERP' LIMIT 1   [ RunTime:0.0000s ]
INFO: [ app_end ] --START--
INFO: Run Behavior\ShowPageTraceBehavior [ RunTime:0.000000s ]
INFO: [ app_end ] --END-- [ RunTime:0.000000s ]

[ 2018-01-19T14:26:42+08:00 ] 127.0.0.1 /moban/index.php/Admin/Good/getAttrs/attrname/%E8%A1%8C%E4%B8%9A
INFO: [ app_begin ] --START--
INFO: Run Behavior\ReadHtmlCacheBehavior [ RunTime:0.000000s ]
INFO: [ app_begin ] --END-- [ RunTime:0.000000s ]
SQL: SHOW COLUMNS FROM `muban_attr` [ RunTime:0.0040s ]
SQL: SELECT * FROM `muban_attr` WHERE `attrname` = '行业' LIMIT 1   [ RunTime:0.0010s ]
INFO: [ app_end ] --START--
INFO: Run Behavior\ShowPageTraceBehavior [ RunTime:0.000000s ]
INFO: [ app_end ] --END-- [ RunTime:0.000000s ]

[ 2018-01-19T14:56:23+08:00 ] 127.0.0.1 /moban/index.php/Admin/Good/getAttrs/attrname/%E6%A9%99%E8%89%B2
INFO: [ app_begin ] --START--
INFO: Run Behavior\ReadHtmlCacheBehavior [ RunTime:0.001000s ]
INFO: [ app_begin ] --END-- [ RunTime:0.001000s ]
SQL: SHOW COLUMNS FROM `muban_attr` [ RunTime:0.0030s ]
SQL: SELECT * FROM `muban_attr` WHERE `attrname` = '橙色' LIMIT 1   [ RunTime:0.0010s ]
INFO: [ app_end ] --START--
INFO: Run Behavior\ShowPageTraceBehavior [ RunTime:0.000000s ]
INFO: [ app_end ] --END-- [ RunTime:0.000000s ]

[ 2018-01-19T14:56:40+08:00 ] 127.0.0.1 /moban/index.php/Admin/Good/getAttrs/attrname/%E5%95%86%E5%9F%8E
INFO: [ app_begin ] --START--
INFO: Run Behavior\ReadHtmlCacheBehavior [ RunTime:0.000000s ]
INFO: [ app_begin ] --END-- [ RunTime:0.000000s ]
SQL: SHOW COLUMNS FROM `muban_attr` [ RunTime:0.0040s ]
SQL: SELECT * FROM `muban_attr` WHERE `attrname` = '商城' LIMIT 1   [ RunTime:0.0010s ]
INFO: [ app_end ] --START--
INFO: Run Behavior\ShowPageTraceBehavior [ RunTime:0.001000s ]
INFO: [ app_end ] --END-- [ RunTime:0.001000s ]

[ 2018-01-19T14:56:48+08:00 ] 127.0.0.1 /moban/index.php/Admin/Good/getAttrtype/nav_id/1
INFO: [ app_begin ] --START--
INFO: Run Behavior\ReadHtmlCacheBehavior [ RunTime:0.000000s ]
INFO: [ app_begin ] --END-- [ RunTime:0.000000s ]
SQL: SHOW COLUMNS FROM `muban_attrtype` [ RunTime:0.0020s ]
SQL: SELECT * FROM `muban_attrtype` WHERE `nav_id` = 1  [ RunTime:0.0000s ]
INFO: [ app_end ] --START--
INFO: Run Behavior\ShowPageTraceBehavior [ RunTime:0.002000s ]
INFO: [ app_end ] --END-- [ RunTime:0.002000s ]

[ 2018-01-19T14:57:00+08:00 ] 127.0.0.1 /moban/index.php/Admin/Good/getAttrs/attrname/%E8%A1%8C%E4%B8%9A
INFO: [ app_begin ] --START--
INFO: Run Behavior\ReadHtmlCacheBehavior [ RunTime:0.001000s ]
INFO: [ app_begin ] --END-- [ RunTime:0.001000s ]
SQL: SHOW COLUMNS FROM `muban_attr` [ RunTime:0.0020s ]
SQL: SELECT * FROM `muban_attr` WHERE `attrname` = '行业' LIMIT 1   [ RunTime:0.0010s ]
INFO: [ app_end ] --START--
INFO: Run Behavior\ShowPageTraceBehavior [ RunTime:0.000000s ]
INFO: [ app_end ] --END-- [ RunTime:0.000000s ]

[ 2018-01-19T14:57:11+08:00 ] 127.0.0.1 /moban/index.php/Admin/Good/getAttrs/attrname/%E5%95%86%E5%9F%8E
INFO: [ app_begin ] --START--
INFO: Run Behavior\ReadHtmlCacheBehavior [ RunTime:0.001000s ]
INFO: [ app_begin ] --END-- [ RunTime:0.001000s ]
SQL: SHOW COLUMNS FROM `muban_attr` [ RunTime:0.0010s ]
SQL: SELECT * FROM `muban_attr` WHERE `attrname` = '商城' LIMIT 1   [ RunTime:0.0010s ]
INFO: [ app_end ] --START--
INFO: Run Behavior\ShowPageTraceBehavior [ RunTime:0.000000s ]
INFO: [ app_end ] --END-- [ RunTime:0.000000s ]

[ 2018-01-19T14:57:18+08:00 ] 127.0.0.1 /moban/index.php/Admin/Good/getAttrs/attrname/%E4%BC%81%E4%B8%9A
INFO: [ app_begin ] --START--
INFO: Run Behavior\ReadHtmlCacheBehavior [ RunTime:0.000000s ]
INFO: [ app_begin ] --END-- [ RunTime:0.000000s ]
SQL: SHOW COLUMNS FROM `muban_attr` [ RunTime:0.0010s ]
SQL: SELECT * FROM `muban_attr` WHERE `attrname` = '企业' LIMIT 1   [ RunTime:0.0000s ]
INFO: [ app_end ] --START--
INFO: Run Behavior\ShowPageTraceBehavior [ RunTime:0.000000s ]
INFO: [ app_end ] --END-- [ RunTime:0.001000s ]

[ 2018-01-19T14:58:14+08:00 ] 127.0.0.1 /moban/index.php/Admin/Good/getAttrs/attrname/%E8%93%9D%E8%89%B2
INFO: [ app_begin ] --START--
INFO: Run Behavior\ReadHtmlCacheBehavior [ RunTime:0.001000s ]
INFO: [ app_begin ] --END-- [ RunTime:0.001000s ]
SQL: SHOW COLUMNS FROM `muban_attr` [ RunTime:0.0020s ]
SQL: SELECT * FROM `muban_attr` WHERE `attrname` = '蓝色' LIMIT 1   [ RunTime:0.0000s ]
INFO: [ app_end ] --START--
INFO: Run Behavior\ShowPageTraceBehavior [ RunTime:0.001000s ]
INFO: [ app_end ] --END-- [ RunTime:0.001000s ]

[ 2018-01-19T14:58:16+08:00 ] 127.0.0.1 /moban/index.php/Admin/Good/getAttrs/attrname/%E7%BA%A2%E8%89%B2
INFO: [ app_begin ] --START--
INFO: Run Behavior\ReadHtmlCacheBehavior [ RunTime:0.001000s ]
INFO: [ app_begin ] --END-- [ RunTime:0.001000s ]
SQL: SHOW COLUMNS FROM `muban_attr` [ RunTime:0.0020s ]
SQL: SELECT * FROM `muban_attr` WHERE `attrname` = '红色' LIMIT 1   [ RunTime:0.0000s ]
INFO: [ app_end ] --START--
INFO: Run Behavior\ShowPageTraceBehavior [ RunTime:0.000000s ]
INFO: [ app_end ] --END-- [ RunTime:0.000000s ]

[ 2018-01-19T14:58:40+08:00 ] 127.0.0.1 /moban/index.php/Admin/Good/getAttrs/attrname/%E5%90%8E%E5%8F%B0
INFO: [ app_begin ] --START--
INFO: Run Behavior\ReadHtmlCacheBehavior [ RunTime:0.000000s ]
INFO: [ app_begin ] --END-- [ RunTime:0.000000s ]
SQL: SHOW COLUMNS FROM `muban_attr` [ RunTime:0.0010s ]
SQL: SELECT * FROM `muban_attr` WHERE `attrname` = '后台' LIMIT 1   [ RunTime:0.0010s ]
INFO: [ app_end ] --START--
INFO: Run Behavior\ShowPageTraceBehavior [ RunTime:0.000000s ]
INFO: [ app_end ] --END-- [ RunTime:0.000000s ]

[ 2018-01-19T15:04:52+08:00 ] 127.0.0.1 /moban/index.php/Admin/Good/getAttrtype/nav_id/1
INFO: [ app_begin ] --START--
INFO: Run Behavior\ReadHtmlCacheBehavior [ RunTime:0.000000s ]
INFO: [ app_begin ] --END-- [ RunTime:0.001000s ]
SQL: SHOW COLUMNS FROM `muban_attrtype` [ RunTime:0.0020s ]
SQL: SELECT * FROM `muban_attrtype` WHERE `nav_id` = 1  [ RunTime:0.0010s ]
INFO: [ app_end ] --START--
INFO: Run Behavior\ShowPageTraceBehavior [ RunTime:0.001000s ]
INFO: [ app_end ] --END-- [ RunTime:0.001000s ]

[ 2018-01-19T15:05:47+08:00 ] 127.0.0.1 /moban/index.php/Admin/Good/getAttrtype/nav_id/1
INFO: [ app_begin ] --START--
INFO: Run Behavior\ReadHtmlCacheBehavior [ RunTime:0.000000s ]
INFO: [ app_begin ] --END-- [ RunTime:0.001000s ]
SQL: SHOW COLUMNS FROM `muban_attrtype` [ RunTime:0.0020s ]
SQL: SELECT * FROM `muban_attrtype` WHERE `nav_id` = 1  [ RunTime:0.0000s ]
INFO: [ app_end ] --START--
INFO: Run Behavior\ShowPageTraceBehavior [ RunTime:0.001000s ]
INFO: [ app_end ] --END-- [ RunTime:0.001000s ]

[ 2018-01-19T15:06:35+08:00 ] 127.0.0.1 /moban/index.php/Admin/Good/getAttrtype/nav_id/1
INFO: [ app_begin ] --START--
INFO: Run Behavior\ReadHtmlCacheBehavior [ RunTime:0.000000s ]
INFO: [ app_begin ] --END-- [ RunTime:0.001000s ]
SQL: SHOW COLUMNS FROM `muban_attrtype` [ RunTime:0.0020s ]
SQL: SELECT * FROM `muban_attrtype` WHERE `nav_id` = 1  [ RunTime:0.0020s ]
INFO: [ app_end ] --START--
INFO: Run Behavior\ShowPageTraceBehavior [ RunTime:0.001000s ]
INFO: [ app_end ] --END-- [ RunTime:0.001000s ]

[ 2018-01-19T15:07:37+08:00 ] 127.0.0.1 /moban/index.php/Admin/Good/getAttrtype/nav_id/1
INFO: [ app_begin ] --START--
INFO: Run Behavior\ReadHtmlCacheBehavior [ RunTime:0.000000s ]
INFO: [ app_begin ] --END-- [ RunTime:0.001000s ]
SQL: SHOW COLUMNS FROM `muban_attrtype` [ RunTime:0.0020s ]
SQL: SELECT * FROM `muban_attrtype` WHERE `nav_id` = 1  [ RunTime:0.0000s ]
INFO: [ app_end ] --START--
INFO: Run Behavior\ShowPageTraceBehavior [ RunTime:0.000000s ]
INFO: [ app_end ] --END-- [ RunTime:0.000000s ]

[ 2018-01-19T15:09:45+08:00 ] 127.0.0.1 /moban/index.php/Admin/Good/getAttrtype/nav_id/1
INFO: [ app_begin ] --START--
INFO: Run Behavior\ReadHtmlCacheBehavior [ RunTime:0.000000s ]
INFO: [ app_begin ] --END-- [ RunTime:0.001000s ]
SQL: SHOW COLUMNS FROM `muban_attrtype` [ RunTime:0.0030s ]
SQL: SELECT * FROM `muban_attrtype` WHERE `nav_id` = 1  [ RunTime:0.0000s ]
INFO: [ app_end ] --START--
INFO: Run Behavior\ShowPageTraceBehavior [ RunTime:0.001000s ]
INFO: [ app_end ] --END-- [ RunTime:0.001000s ]

[ 2018-01-19T15:12:32+08:00 ] 127.0.0.1 /moban/index.php/Admin/Good/getAttrtype/nav_id/1
INFO: [ app_begin ] --START--
INFO: Run Behavior\ReadHtmlCacheBehavior [ RunTime:0.001000s ]
INFO: [ app_begin ] --END-- [ RunTime:0.001000s ]
SQL: SHOW COLUMNS FROM `muban_attrtype` [ RunTime:0.0020s ]
SQL: SELECT * FROM `muban_attrtype` WHERE `nav_id` = 1  [ RunTime:0.0000s ]
INFO: [ app_end ] --START--
INFO: Run Behavior\ShowPageTraceBehavior [ RunTime:0.000000s ]
INFO: [ app_end ] --END-- [ RunTime:0.000000s ]

[ 2018-01-19T15:16:40+08:00 ] 127.0.0.1 /moban/index.php/Admin/Good/getAttrtype/nav_id/%E9%80%89%E6%8B%A9%E6%A0%8F%E7%9B%AE
INFO: [ app_begin ] --START--
INFO: Run Behavior\ReadHtmlCacheBehavior [ RunTime:0.001000s ]
INFO: [ app_begin ] --END-- [ RunTime:0.001000s ]
SQL: SHOW COLUMNS FROM `muban_attrtype` [ RunTime:0.0020s ]
SQL: SELECT * FROM `muban_attrtype` WHERE `nav_id` = 0  [ RunTime:0.0000s ]
INFO: [ app_end ] --START--
INFO: Run Behavior\ShowPageTraceBehavior [ RunTime:0.000000s ]
INFO: [ app_end ] --END-- [ RunTime:0.000000s ]

[ 2018-01-19T15:16:41+08:00 ] 127.0.0.1 /moban/index.php/Admin/Good/getAttrtype/nav_id/1
INFO: [ app_begin ] --START--
INFO: Run Behavior\ReadHtmlCacheBehavior [ RunTime:0.000000s ]
INFO: [ app_begin ] --END-- [ RunTime:0.001000s ]
SQL: SHOW COLUMNS FROM `muban_attrtype` [ RunTime:0.0020s ]
SQL: SELECT * FROM `muban_attrtype` WHERE `nav_id` = 1  [ RunTime:0.0000s ]
INFO: [ app_end ] --START--
INFO: Run Behavior\ShowPageTraceBehavior [ RunTime:0.000000s ]
INFO: [ app_end ] --END-- [ RunTime:0.000000s ]

[ 2018-01-19T15:20:08+08:00 ] 127.0.0.1 /moban/index.php/Admin/Good/getAttrtype/nav_id/1
INFO: [ app_begin ] --START--
INFO: Run Behavior\ReadHtmlCacheBehavior [ RunTime:0.001000s ]
INFO: [ app_begin ] --END-- [ RunTime:0.001000s ]
SQL: SHOW COLUMNS FROM `muban_attrtype` [ RunTime:0.0020s ]
SQL: SELECT * FROM `muban_attrtype` WHERE `nav_id` = 1  [ RunTime:0.0000s ]
INFO: [ app_end ] --START--
INFO: Run Behavior\ShowPageTraceBehavior [ RunTime:0.000000s ]
INFO: [ app_end ] --END-- [ RunTime:0.000000s ]

[ 2018-01-19T15:23:25+08:00 ] 127.0.0.1 /moban/index.php/Admin/Good/getAttrs/attrname/%E8%A1%8C%E4%B8%9A
INFO: [ app_begin ] --START--
INFO: Run Behavior\ReadHtmlCacheBehavior [ RunTime:0.000000s ]
INFO: [ app_begin ] --END-- [ RunTime:0.001000s ]
SQL: SHOW COLUMNS FROM `muban_attr` [ RunTime:0.0030s ]
SQL: SELECT * FROM `muban_attr` WHERE `attrname` = '行业' LIMIT 1   [ RunTime:0.0000s ]
INFO: [ app_end ] --START--
INFO: Run Behavior\ShowPageTraceBehavior [ RunTime:0.001000s ]
INFO: [ app_end ] --END-- [ RunTime:0.001000s ]

[ 2018-01-19T15:23:34+08:00 ] 127.0.0.1 /moban/index.php/Admin/Good/getAttrs/attrname/%E7%BA%A2%E8%89%B2
INFO: [ app_begin ] --START--
INFO: Run Behavior\ReadHtmlCacheBehavior [ RunTime:0.000000s ]
INFO: [ app_begin ] --END-- [ RunTime:0.001001s ]
SQL: SHOW COLUMNS FROM `muban_attr` [ RunTime:0.0020s ]
SQL: SELECT * FROM `muban_attr` WHERE `attrname` = '红色' LIMIT 1   [ RunTime:0.0000s ]
INFO: [ app_end ] --START--
INFO: Run Behavior\ShowPageTraceBehavior [ RunTime:0.001000s ]
INFO: [ app_end ] --END-- [ RunTime:0.001000s ]

[ 2018-01-19T15:23:36+08:00 ] 127.0.0.1 /moban/index.php/Admin/Good/getAttrs/attrname/%E5%B8%B8%E5%88%97
INFO: [ app_begin ] --START--
INFO: Run Behavior\ReadHtmlCacheBehavior [ RunTime:0.001000s ]
INFO: [ app_begin ] --END-- [ RunTime:0.001000s ]
SQL: SHOW COLUMNS FROM `muban_attr` [ RunTime:0.0040s ]
SQL: SELECT * FROM `muban_attr` WHERE `attrname` = '常列' LIMIT 1   [ RunTime:0.0000s ]
INFO: [ app_end ] --START--
INFO: Run Behavior\ShowPageTraceBehavior [ RunTime:0.000000s ]
INFO: [ app_end ] --END-- [ RunTime:0.000000s ]

[ 2018-01-19T15:23:37+08:00 ] 127.0.0.1 /moban/index.php/Admin/Good/getAttrs/attrname/Ecshop
INFO: [ app_begin ] --START--
INFO: Run Behavior\ReadHtmlCacheBehavior [ RunTime:0.001000s ]
INFO: [ app_begin ] --END-- [ RunTime:0.001000s ]
SQL: SHOW COLUMNS FROM `muban_attr` [ RunTime:0.0040s ]
SQL: SELECT * FROM `muban_attr` WHERE `attrname` = 'Ecshop' LIMIT 1   [ RunTime:0.0010s ]
INFO: [ app_end ] --START--
INFO: Run Behavior\ShowPageTraceBehavior [ RunTime:0.001000s ]
INFO: [ app_end ] --END-- [ RunTime:0.002000s ]

[ 2018-01-19T15:23:56+08:00 ] 127.0.0.1 /moban/index.php/Admin/Good/getAttrs/attrname/%E5%95%86%E5%9F%8E
INFO: [ app_begin ] --START--
INFO: Run Behavior\ReadHtmlCacheBehavior [ RunTime:0.000000s ]
INFO: [ app_begin ] --END-- [ RunTime:0.001000s ]
SQL: SHOW COLUMNS FROM `muban_attr` [ RunTime:0.0030s ]
SQL: SELECT * FROM `muban_attr` WHERE `attrname` = '商城' LIMIT 1   [ RunTime:0.0010s ]
INFO: [ app_end ] --START--
INFO: Run Behavior\ShowPageTraceBehavior [ RunTime:0.000000s ]
INFO: [ app_end ] --END-- [ RunTime:0.001000s ]

[ 2018-01-19T15:35:55+08:00 ] 127.0.0.1 /moban/index.php/Admin/Good/getAttrtype/nav_id/1
INFO: [ app_begin ] --START--
INFO: Run Behavior\ReadHtmlCacheBehavior [ RunTime:0.001000s ]
INFO: [ app_begin ] --END-- [ RunTime:0.001000s ]
SQL: SHOW COLUMNS FROM `muban_attrtype` [ RunTime:0.0030s ]
SQL: SELECT * FROM `muban_attrtype` WHERE `nav_id` = 1  [ RunTime:0.0010s ]
INFO: [ app_end ] --START--
INFO: Run Behavior\ShowPageTraceBehavior [ RunTime:0.001000s ]
INFO: [ app_end ] --END-- [ RunTime:0.001000s ]

[ 2018-01-19T15:36:02+08:00 ] 127.0.0.1 /moban/index.php/Admin/Good/getAttrs/attrname/%E8%A1%8C%E4%B8%9A
INFO: [ app_begin ] --START--
INFO: Run Behavior\ReadHtmlCacheBehavior [ RunTime:0.000000s ]
INFO: [ app_begin ] --END-- [ RunTime:0.000000s ]
SQL: SHOW COLUMNS FROM `muban_attr` [ RunTime:0.0010s ]
SQL: SELECT * FROM `muban_attr` WHERE `attrname` = '行业' LIMIT 1   [ RunTime:0.0000s ]
INFO: [ app_end ] --START--
INFO: Run Behavior\ShowPageTraceBehavior [ RunTime:0.001000s ]
INFO: [ app_end ] --END-- [ RunTime:0.001000s ]

[ 2018-01-19T15:42:15+08:00 ] 127.0.0.1 /moban/index.php/Admin/Good/getAttrtype/nav_id/1
INFO: [ app_begin ] --START--
INFO: Run Behavior\ReadHtmlCacheBehavior [ RunTime:0.000000s ]
INFO: [ app_begin ] --END-- [ RunTime:0.000000s ]
SQL: SHOW COLUMNS FROM `muban_attrtype` [ RunTime:0.0120s ]
SQL: SELECT * FROM `muban_attrtype` WHERE `nav_id` = 1  [ RunTime:0.0020s ]
INFO: [ app_end ] --START--
INFO: Run Behavior\ShowPageTraceBehavior [ RunTime:0.000000s ]
INFO: [ app_end ] --END-- [ RunTime:0.000000s ]

[ 2018-01-19T18:09:07+08:00 ] 127.0.0.1 /moban/index.php/Admin/Good/getAttrtype/nav_id/1
INFO: [ app_begin ] --START--
INFO: Run Behavior\ReadHtmlCacheBehavior [ RunTime:0.000000s ]
INFO: [ app_begin ] --END-- [ RunTime:0.000000s ]
SQL: SHOW COLUMNS FROM `muban_attrtype` [ RunTime:0.0080s ]
SQL: SELECT * FROM `muban_attrtype` WHERE `nav_id` = 1  [ RunTime:0.0040s ]
INFO: [ app_end ] --START--
INFO: Run Behavior\ShowPageTraceBehavior [ RunTime:0.000000s ]
INFO: [ app_end ] --END-- [ RunTime:0.001000s ]

