[ 2018-01-08T13:15:06+08:00 ] 127.0.0.1 /moban/index.php/Admin/Login/login
INFO: [ app_begin ] --START--
INFO: Run Behavior\ReadHtmlCacheBehavior [ RunTime:0.000000s ]
INFO: [ app_begin ] --END-- [ RunTime:0.000000s ]
NOTIC: [8] Use of undefined constant regex - assumed 'regex' D:\wamp\www\moban\ThinkPHP\Common\functions.php 第 588 行.
NOTIC: [8] Use of undefined constant regex - assumed 'regex' D:\wamp\www\moban\ThinkPHP\Common\functions.php 第 588 行.
SQL: SHOW COLUMNS FROM `muban_admin` [ RunTime:1.1076s ]
NOTIC: [8] Undefined index: validate D:\wamp\www\moban\ThinkPHP\Library\Think\Model.class.php 第 1185 行.
NOTIC: [8] Undefined index: auto D:\wamp\www\moban\ThinkPHP\Library\Think\Model.class.php 第 1128 行.
SQL: SELECT * FROM `muban_admin` WHERE `username` = 'admin' LIMIT 1   [ RunTime:0.1092s ]
SQL: UPDATE `muban_admin` SET `login_time`=NOW(),`login_ip`='2130706433' WHERE `username` = 'admin' [ RunTime:0.0312s ]

[ 2018-01-08T13:16:54+08:00 ] 127.0.0.1 /moban/index.php/Admin/Goods/add
INFO: [ app_begin ] --START--
INFO: Run Behavior\ReadHtmlCacheBehavior [ RunTime:0.000000s ]
INFO: [ app_begin ] --END-- [ RunTime:0.000000s ]
NOTIC: [8] Use of undefined constant regex - assumed 'regex' D:\wamp\www\moban\ThinkPHP\Common\functions.php 第 588 行.
SQL: SHOW COLUMNS FROM `muban_goods` [ RunTime:0.0030s ]
NOTIC: [2] Illegal string offset 'img' D:\wamp\www\moban\Application\Admin\Controller\GoodsController.class.php 第 53 行.
NOTIC: [8] Undefined variable: k2 D:\wamp\www\moban\Application\Admin\Controller\GoodsController.class.php 第 53 行.
NOTIC: [8] String offset cast occurred D:\wamp\www\moban\Application\Admin\Controller\GoodsController.class.php 第 53 行.
INFO: [ app_end ] --START--
INFO: Run Behavior\ShowPageTraceBehavior [ RunTime:0.001000s ]
INFO: [ app_end ] --END-- [ RunTime:0.002000s ]

[ 2018-01-08T13:18:53+08:00 ] 127.0.0.1 /moban/index.php/Admin/Goods/add
INFO: [ app_begin ] --START--
INFO: Run Behavior\ReadHtmlCacheBehavior [ RunTime:0.000000s ]
INFO: [ app_begin ] --END-- [ RunTime:0.001000s ]
NOTIC: [8] Use of undefined constant regex - assumed 'regex' D:\wamp\www\moban\ThinkPHP\Common\functions.php 第 588 行.
SQL: SHOW COLUMNS FROM `muban_goods` [ RunTime:0.0040s ]
NOTIC: [2] Invalid argument supplied for foreach() D:\wamp\www\moban\Application\Admin\Controller\GoodsController.class.php 第 49 行.
INFO: [ app_end ] --START--
INFO: Run Behavior\ShowPageTraceBehavior [ RunTime:0.002000s ]
INFO: [ app_end ] --END-- [ RunTime:0.002000s ]

[ 2018-01-08T13:19:27+08:00 ] 127.0.0.1 /moban/index.php/Admin/Goods/add
INFO: [ app_begin ] --START--
INFO: Run Behavior\ReadHtmlCacheBehavior [ RunTime:0.001000s ]
INFO: [ app_begin ] --END-- [ RunTime:0.003000s ]
NOTIC: [8] Use of undefined constant regex - assumed 'regex' D:\wamp\www\moban\ThinkPHP\Common\functions.php 第 588 行.
SQL: SHOW COLUMNS FROM `muban_goods` [ RunTime:0.0140s ]
NOTIC: [2] Invalid argument supplied for foreach() D:\wamp\www\moban\Application\Admin\Controller\GoodsController.class.php 第 49 行.
INFO: [ app_end ] --START--
INFO: Run Behavior\ShowPageTraceBehavior [ RunTime:0.000000s ]
INFO: [ app_end ] --END-- [ RunTime:0.000000s ]

[ 2018-01-08T13:20:20+08:00 ] 127.0.0.1 /moban/index.php/Admin/Goods/add
INFO: [ app_begin ] --START--
INFO: Run Behavior\ReadHtmlCacheBehavior [ RunTime:0.001000s ]
INFO: [ app_begin ] --END-- [ RunTime:0.001000s ]
NOTIC: [8] Use of undefined constant regex - assumed 'regex' D:\wamp\www\moban\ThinkPHP\Common\functions.php 第 588 行.
SQL: SHOW COLUMNS FROM `muban_goods` [ RunTime:0.0030s ]
NOTIC: [2] Invalid argument supplied for foreach() D:\wamp\www\moban\Application\Admin\Controller\GoodsController.class.php 第 49 行.
INFO: [ app_end ] --START--
INFO: Run Behavior\ShowPageTraceBehavior [ RunTime:0.001000s ]
INFO: [ app_end ] --END-- [ RunTime:0.001000s ]

[ 2018-01-08T13:23:24+08:00 ] 127.0.0.1 /moban/index.php/Admin/Goods/add
INFO: [ app_begin ] --START--
INFO: Run Behavior\ReadHtmlCacheBehavior [ RunTime:0.000000s ]
INFO: [ app_begin ] --END-- [ RunTime:0.019001s ]
NOTIC: [8] Use of undefined constant regex - assumed 'regex' D:\wamp\www\moban\ThinkPHP\Common\functions.php 第 588 行.
SQL: SHOW COLUMNS FROM `muban_goods` [ RunTime:0.0020s ]
INFO: [ app_end ] --START--
INFO: Run Behavior\ShowPageTraceBehavior [ RunTime:0.001000s ]
INFO: [ app_end ] --END-- [ RunTime:0.001000s ]

[ 2018-01-08T13:24:37+08:00 ] 127.0.0.1 /moban/index.php/Admin/Goods/add
INFO: [ app_begin ] --START--
INFO: Run Behavior\ReadHtmlCacheBehavior [ RunTime:0.000000s ]
INFO: [ app_begin ] --END-- [ RunTime:0.000000s ]
NOTIC: [8] Use of undefined constant regex - assumed 'regex' D:\wamp\www\moban\ThinkPHP\Common\functions.php 第 588 行.
SQL: SHOW COLUMNS FROM `muban_goods` [ RunTime:0.0020s ]
INFO: [ app_end ] --START--
INFO: Run Behavior\ShowPageTraceBehavior [ RunTime:0.000000s ]
INFO: [ app_end ] --END-- [ RunTime:0.001000s ]

[ 2018-01-08T13:26:02+08:00 ] 127.0.0.1 /moban/index.php/Admin/Goods/add
INFO: [ app_begin ] --START--
INFO: Run Behavior\ReadHtmlCacheBehavior [ RunTime:0.000000s ]
INFO: [ app_begin ] --END-- [ RunTime:0.011000s ]
NOTIC: [8] Use of undefined constant regex - assumed 'regex' D:\wamp\www\moban\ThinkPHP\Common\functions.php 第 588 行.
SQL: SHOW COLUMNS FROM `muban_goods` [ RunTime:0.0280s ]
NOTIC: [2] Invalid argument supplied for foreach() D:\wamp\www\moban\Application\Admin\Controller\GoodsController.class.php 第 49 行.
NOTIC: [2] Invalid argument supplied for foreach() D:\wamp\www\moban\Application\Admin\Controller\GoodsController.class.php 第 49 行.
INFO: [ app_end ] --START--
INFO: Run Behavior\ShowPageTraceBehavior [ RunTime:0.000000s ]
INFO: [ app_end ] --END-- [ RunTime:0.001000s ]

[ 2018-01-08T13:27:04+08:00 ] 127.0.0.1 /moban/index.php/Admin/Goods/add
INFO: [ app_begin ] --START--
INFO: Run Behavior\ReadHtmlCacheBehavior [ RunTime:0.000000s ]
INFO: [ app_begin ] --END-- [ RunTime:0.000000s ]
NOTIC: [8] Use of undefined constant regex - assumed 'regex' D:\wamp\www\moban\ThinkPHP\Common\functions.php 第 588 行.
SQL: SHOW COLUMNS FROM `muban_goods` [ RunTime:0.0020s ]
NOTIC: [2] Invalid argument supplied for foreach() D:\wamp\www\moban\Application\Admin\Controller\GoodsController.class.php 第 49 行.
NOTIC: [2] Invalid argument supplied for foreach() D:\wamp\www\moban\Application\Admin\Controller\GoodsController.class.php 第 49 行.
INFO: [ app_end ] --START--
INFO: Run Behavior\ShowPageTraceBehavior [ RunTime:0.000000s ]
INFO: [ app_end ] --END-- [ RunTime:0.000000s ]

[ 2018-01-08T13:28:04+08:00 ] 127.0.0.1 /moban/index.php/Admin/Goods/add
INFO: [ app_begin ] --START--
INFO: Run Behavior\ReadHtmlCacheBehavior [ RunTime:0.000000s ]
INFO: [ app_begin ] --END-- [ RunTime:0.000000s ]
NOTIC: [8] Use of undefined constant regex - assumed 'regex' D:\wamp\www\moban\ThinkPHP\Common\functions.php 第 588 行.
SQL: SHOW COLUMNS FROM `muban_goods` [ RunTime:0.0050s ]
NOTIC: [2] Invalid argument supplied for foreach() D:\wamp\www\moban\Application\Admin\Controller\GoodsController.class.php 第 51 行.
NOTIC: [2] Invalid argument supplied for foreach() D:\wamp\www\moban\Application\Admin\Controller\GoodsController.class.php 第 51 行.
INFO: [ app_end ] --START--
INFO: Run Behavior\ShowPageTraceBehavior [ RunTime:0.001000s ]
INFO: [ app_end ] --END-- [ RunTime:0.001000s ]

[ 2018-01-08T13:29:05+08:00 ] 127.0.0.1 /moban/index.php/Admin/Goods/add
INFO: [ app_begin ] --START--
INFO: Run Behavior\ReadHtmlCacheBehavior [ RunTime:0.000000s ]
INFO: [ app_begin ] --END-- [ RunTime:0.000000s ]
NOTIC: [8] Use of undefined constant regex - assumed 'regex' D:\wamp\www\moban\ThinkPHP\Common\functions.php 第 588 行.
SQL: SHOW COLUMNS FROM `muban_goods` [ RunTime:0.0020s ]
NOTIC: [2] Invalid argument supplied for foreach() D:\wamp\www\moban\Application\Admin\Controller\GoodsController.class.php 第 51 行.
NOTIC: [2] Invalid argument supplied for foreach() D:\wamp\www\moban\Application\Admin\Controller\GoodsController.class.php 第 51 行.
INFO: [ app_end ] --START--
INFO: Run Behavior\ShowPageTraceBehavior [ RunTime:0.002000s ]
INFO: [ app_end ] --END-- [ RunTime:0.002000s ]

[ 2018-01-08T13:30:41+08:00 ] 127.0.0.1 /moban/index.php/Admin/Goods/add
INFO: [ app_begin ] --START--
INFO: Run Behavior\ReadHtmlCacheBehavior [ RunTime:0.000000s ]
INFO: [ app_begin ] --END-- [ RunTime:0.000000s ]
NOTIC: [8] Use of undefined constant regex - assumed 'regex' D:\wamp\www\moban\ThinkPHP\Common\functions.php 第 588 行.
SQL: SHOW COLUMNS FROM `muban_goods` [ RunTime:0.0090s ]
NOTIC: [2] Invalid argument supplied for foreach() D:\wamp\www\moban\Application\Admin\Controller\GoodsController.class.php 第 51 行.
NOTIC: [2] Invalid argument supplied for foreach() D:\wamp\www\moban\Application\Admin\Controller\GoodsController.class.php 第 51 行.
NOTIC: [2] Invalid argument supplied for foreach() D:\wamp\www\moban\Application\Admin\Controller\GoodsController.class.php 第 51 行.
INFO: [ app_end ] --START--
INFO: Run Behavior\ShowPageTraceBehavior [ RunTime:0.000000s ]
INFO: [ app_end ] --END-- [ RunTime:0.001001s ]

[ 2018-01-08T13:32:07+08:00 ] 127.0.0.1 /moban/index.php/Admin/Goods/add
INFO: [ app_begin ] --START--
INFO: Run Behavior\ReadHtmlCacheBehavior [ RunTime:0.000000s ]
INFO: [ app_begin ] --END-- [ RunTime:0.002000s ]
NOTIC: [8] Use of undefined constant regex - assumed 'regex' D:\wamp\www\moban\ThinkPHP\Common\functions.php 第 588 行.
SQL: SHOW COLUMNS FROM `muban_goods` [ RunTime:0.0130s ]
NOTIC: [2] Invalid argument supplied for foreach() D:\wamp\www\moban\Application\Admin\Controller\GoodsController.class.php 第 51 行.
NOTIC: [2] Invalid argument supplied for foreach() D:\wamp\www\moban\Application\Admin\Controller\GoodsController.class.php 第 51 行.
NOTIC: [2] Invalid argument supplied for foreach() D:\wamp\www\moban\Application\Admin\Controller\GoodsController.class.php 第 51 行.
INFO: [ app_end ] --START--
INFO: Run Behavior\ShowPageTraceBehavior [ RunTime:0.000000s ]
INFO: [ app_end ] --END-- [ RunTime:0.001000s ]

[ 2018-01-08T13:33:23+08:00 ] 127.0.0.1 /moban/index.php/Admin/Goods/add
INFO: [ app_begin ] --START--
INFO: Run Behavior\ReadHtmlCacheBehavior [ RunTime:0.001000s ]
INFO: [ app_begin ] --END-- [ RunTime:0.002000s ]
NOTIC: [8] Use of undefined constant regex - assumed 'regex' D:\wamp\www\moban\ThinkPHP\Common\functions.php 第 588 行.
SQL: SHOW COLUMNS FROM `muban_goods` [ RunTime:0.0170s ]
NOTIC: [2] Invalid argument supplied for foreach() D:\wamp\www\moban\Application\Admin\Controller\GoodsController.class.php 第 51 行.
NOTIC: [2] Invalid argument supplied for foreach() D:\wamp\www\moban\Application\Admin\Controller\GoodsController.class.php 第 51 行.
INFO: [ app_end ] --START--
INFO: Run Behavior\ShowPageTraceBehavior [ RunTime:0.001001s ]
INFO: [ app_end ] --END-- [ RunTime:0.002001s ]

[ 2018-01-08T13:34:37+08:00 ] 127.0.0.1 /moban/index.php/Admin/Goods/add
INFO: [ app_begin ] --START--
INFO: Run Behavior\ReadHtmlCacheBehavior [ RunTime:0.000000s ]
INFO: [ app_begin ] --END-- [ RunTime:0.000000s ]
NOTIC: [8] Use of undefined constant regex - assumed 'regex' D:\wamp\www\moban\ThinkPHP\Common\functions.php 第 588 行.
SQL: SHOW COLUMNS FROM `muban_goods` [ RunTime:0.0030s ]
NOTIC: [2] Invalid argument supplied for foreach() D:\wamp\www\moban\Application\Admin\Controller\GoodsController.class.php 第 51 行.
NOTIC: [2] Invalid argument supplied for foreach() D:\wamp\www\moban\Application\Admin\Controller\GoodsController.class.php 第 51 行.
NOTIC: [2] Invalid argument supplied for foreach() D:\wamp\www\moban\Application\Admin\Controller\GoodsController.class.php 第 51 行.
INFO: [ app_end ] --START--
INFO: Run Behavior\ShowPageTraceBehavior [ RunTime:0.001000s ]
INFO: [ app_end ] --END-- [ RunTime:0.001000s ]

[ 2018-01-08T13:35:56+08:00 ] 127.0.0.1 /moban/index.php/Admin/Goods/add
INFO: [ app_begin ] --START--
INFO: Run Behavior\ReadHtmlCacheBehavior [ RunTime:0.014001s ]
INFO: [ app_begin ] --END-- [ RunTime:0.014001s ]
NOTIC: [8] Use of undefined constant regex - assumed 'regex' D:\wamp\www\moban\ThinkPHP\Common\functions.php 第 588 行.
SQL: SHOW COLUMNS FROM `muban_goods` [ RunTime:0.0030s ]
INFO: [ app_end ] --START--
INFO: Run Behavior\ShowPageTraceBehavior [ RunTime:0.001000s ]
INFO: [ app_end ] --END-- [ RunTime:0.001000s ]

[ 2018-01-08T13:41:59+08:00 ] 127.0.0.1 /moban/index.php/Admin/Goods/add
INFO: [ app_begin ] --START--
INFO: Run Behavior\ReadHtmlCacheBehavior [ RunTime:0.000000s ]
INFO: [ app_begin ] --END-- [ RunTime:0.001000s ]
NOTIC: [8] Use of undefined constant regex - assumed 'regex' D:\wamp\www\moban\ThinkPHP\Common\functions.php 第 588 行.
SQL: SHOW COLUMNS FROM `muban_goods` [ RunTime:0.0040s ]
NOTIC: [8] Undefined variable: str D:\wamp\www\moban\Application\Common\Common\function.php 第 16 行.
NOTIC: [8] Undefined variable: str D:\wamp\www\moban\Application\Common\Common\function.php 第 16 行.
NOTIC: [8] Undefined variable: str D:\wamp\www\moban\Application\Common\Common\function.php 第 16 行.

[ 2018-01-08T13:44:09+08:00 ] 127.0.0.1 /moban/index.php/Admin/Goods/add
INFO: [ app_begin ] --START--
INFO: Run Behavior\ReadHtmlCacheBehavior [ RunTime:0.001000s ]
INFO: [ app_begin ] --END-- [ RunTime:0.001000s ]
NOTIC: [8] Use of undefined constant regex - assumed 'regex' D:\wamp\www\moban\ThinkPHP\Common\functions.php 第 588 行.
SQL: SHOW COLUMNS FROM `muban_goods` [ RunTime:0.0090s ]
NOTIC: [8] Undefined variable: data D:\wamp\www\moban\Application\Admin\Controller\GoodsController.class.php 第 43 行.
INFO: [ app_end ] --START--
INFO: Run Behavior\ShowPageTraceBehavior [ RunTime:0.001000s ]
INFO: [ app_end ] --END-- [ RunTime:0.002000s ]

[ 2018-01-08T13:45:21+08:00 ] 127.0.0.1 /moban/index.php/Admin/Goods/add
INFO: [ app_begin ] --START--
INFO: Run Behavior\ReadHtmlCacheBehavior [ RunTime:0.002000s ]
INFO: [ app_begin ] --END-- [ RunTime:0.002000s ]
NOTIC: [8] Use of undefined constant regex - assumed 'regex' D:\wamp\www\moban\ThinkPHP\Common\functions.php 第 588 行.
SQL: SHOW COLUMNS FROM `muban_goods` [ RunTime:0.0020s ]
NOTIC: [8] Undefined variable: str D:\wamp\www\moban\Application\Common\Common\function.php 第 16 行.
NOTIC: [8] Undefined variable: str D:\wamp\www\moban\Application\Common\Common\function.php 第 16 行.
NOTIC: [8] Undefined variable: str D:\wamp\www\moban\Application\Common\Common\function.php 第 16 行.
INFO: [ app_end ] --START--
INFO: Run Behavior\ShowPageTraceBehavior [ RunTime:0.001001s ]
INFO: [ app_end ] --END-- [ RunTime:0.001001s ]

[ 2018-01-08T13:52:25+08:00 ] 127.0.0.1 /moban/index.php/Admin/Goods/add
INFO: [ app_begin ] --START--
INFO: Run Behavior\ReadHtmlCacheBehavior [ RunTime:0.001000s ]
INFO: [ app_begin ] --END-- [ RunTime:0.002000s ]
NOTIC: [8] Use of undefined constant regex - assumed 'regex' D:\wamp\www\moban\ThinkPHP\Common\functions.php 第 588 行.
SQL: SHOW COLUMNS FROM `muban_goods` [ RunTime:0.0020s ]
NOTIC: [8] Undefined variable: str D:\wamp\www\moban\Application\Common\Common\function.php 第 16 行.
NOTIC: [8] Undefined variable: str D:\wamp\www\moban\Application\Common\Common\function.php 第 16 行.
NOTIC: [8] Undefined variable: str D:\wamp\www\moban\Application\Common\Common\function.php 第 16 行.
INFO: [ app_end ] --START--
INFO: Run Behavior\ShowPageTraceBehavior [ RunTime:0.001000s ]
INFO: [ app_end ] --END-- [ RunTime:0.001000s ]

[ 2018-01-08T13:53:36+08:00 ] 127.0.0.1 /moban/index.php/Admin/Goods/add
INFO: [ app_begin ] --START--
INFO: Run Behavior\ReadHtmlCacheBehavior [ RunTime:0.001000s ]
INFO: [ app_begin ] --END-- [ RunTime:0.001000s ]
NOTIC: [8] Use of undefined constant regex - assumed 'regex' D:\wamp\www\moban\ThinkPHP\Common\functions.php 第 588 行.
SQL: SHOW COLUMNS FROM `muban_goods` [ RunTime:0.0020s ]
NOTIC: [8] Undefined variable: str D:\wamp\www\moban\Application\Common\Common\function.php 第 16 行.
NOTIC: [8] Undefined variable: str D:\wamp\www\moban\Application\Common\Common\function.php 第 16 行.
NOTIC: [8] Undefined variable: str D:\wamp\www\moban\Application\Common\Common\function.php 第 16 行.
INFO: [ app_end ] --START--
INFO: Run Behavior\ShowPageTraceBehavior [ RunTime:0.001000s ]
INFO: [ app_end ] --END-- [ RunTime:0.001000s ]

[ 2018-01-08T13:54:55+08:00 ] 127.0.0.1 /moban/index.php/Admin/Goods/add
INFO: [ app_begin ] --START--
INFO: Run Behavior\ReadHtmlCacheBehavior [ RunTime:0.000000s ]
INFO: [ app_begin ] --END-- [ RunTime:0.000000s ]
NOTIC: [8] Use of undefined constant regex - assumed 'regex' D:\wamp\www\moban\ThinkPHP\Common\functions.php 第 588 行.
SQL: SHOW COLUMNS FROM `muban_goods` [ RunTime:0.0060s ]
NOTIC: [8] Undefined variable: str D:\wamp\www\moban\Application\Common\Common\function.php 第 16 行.
NOTIC: [8] Undefined variable: str D:\wamp\www\moban\Application\Common\Common\function.php 第 16 行.
NOTIC: [8] Undefined variable: str D:\wamp\www\moban\Application\Common\Common\function.php 第 16 行.
INFO: [ app_end ] --START--
INFO: Run Behavior\ShowPageTraceBehavior [ RunTime:0.002000s ]
INFO: [ app_end ] --END-- [ RunTime:0.002000s ]

[ 2018-01-08T13:55:51+08:00 ] 127.0.0.1 /moban/index.php/Admin/Goods/add
INFO: [ app_begin ] --START--
INFO: Run Behavior\ReadHtmlCacheBehavior [ RunTime:0.001000s ]
INFO: [ app_begin ] --END-- [ RunTime:0.001000s ]
NOTIC: [8] Use of undefined constant regex - assumed 'regex' D:\wamp\www\moban\ThinkPHP\Common\functions.php 第 588 行.
SQL: SHOW COLUMNS FROM `muban_goods` [ RunTime:0.0020s ]
INFO: [ app_end ] --START--
INFO: Run Behavior\ShowPageTraceBehavior [ RunTime:0.001000s ]
INFO: [ app_end ] --END-- [ RunTime:0.001000s ]

[ 2018-01-08T13:58:33+08:00 ] 127.0.0.1 /moban/index.php/Admin/Goods/add
INFO: [ app_begin ] --START--
INFO: Run Behavior\ReadHtmlCacheBehavior [ RunTime:0.000000s ]
INFO: [ app_begin ] --END-- [ RunTime:0.019001s ]
NOTIC: [8] Use of undefined constant regex - assumed 'regex' D:\wamp\www\moban\ThinkPHP\Common\functions.php 第 588 行.
SQL: SHOW COLUMNS FROM `muban_goods` [ RunTime:0.0170s ]
INFO: [ app_end ] --START--
INFO: Run Behavior\ShowPageTraceBehavior [ RunTime:0.001000s ]
INFO: [ app_end ] --END-- [ RunTime:0.002000s ]

[ 2018-01-08T14:05:50+08:00 ] 127.0.0.1 /moban/index.php/Admin/Goods/add
INFO: [ app_begin ] --START--
INFO: Run Behavior\ReadHtmlCacheBehavior [ RunTime:0.000000s ]
INFO: [ app_begin ] --END-- [ RunTime:0.001000s ]
NOTIC: [8] Use of undefined constant regex - assumed 'regex' D:\wamp\www\moban\ThinkPHP\Common\functions.php 第 588 行.
SQL: SHOW COLUMNS FROM `muban_goods` [ RunTime:0.0360s ]
NOTIC: [2] preg_match(): Unknown modifier '$' D:\wamp\www\moban\Application\Admin\Model\GoodsModel.class.php 第 35 行.
NOTIC: [8] Undefined variable: ims D:\wamp\www\moban\Application\Admin\Model\GoodsModel.class.php 第 36 行.
INFO: [ app_end ] --START--
INFO: Run Behavior\ShowPageTraceBehavior [ RunTime:0.002000s ]
INFO: [ app_end ] --END-- [ RunTime:0.002000s ]

[ 2018-01-08T14:18:33+08:00 ] 127.0.0.1 /moban/index.php/Admin/Goods/add
INFO: [ app_begin ] --START--
INFO: Run Behavior\ReadHtmlCacheBehavior [ RunTime:0.001001s ]
INFO: [ app_begin ] --END-- [ RunTime:0.001001s ]
NOTIC: [8] Use of undefined constant regex - assumed 'regex' D:\wamp\www\moban\ThinkPHP\Common\functions.php 第 588 行.
SQL: SHOW COLUMNS FROM `muban_goods` [ RunTime:0.0030s ]
NOTIC: [8] Undefined variable: ims D:\wamp\www\moban\Application\Admin\Model\GoodsModel.class.php 第 36 行.
INFO: [ app_end ] --START--
INFO: Run Behavior\ShowPageTraceBehavior [ RunTime:0.000000s ]
INFO: [ app_end ] --END-- [ RunTime:0.000000s ]

[ 2018-01-08T14:20:13+08:00 ] 127.0.0.1 /moban/index.php/Admin/Goods/add
INFO: [ app_begin ] --START--
INFO: Run Behavior\ReadHtmlCacheBehavior [ RunTime:0.001000s ]
INFO: [ app_begin ] --END-- [ RunTime:0.001000s ]
NOTIC: [8] Use of undefined constant regex - assumed 'regex' D:\wamp\www\moban\ThinkPHP\Common\functions.php 第 588 行.
SQL: SHOW COLUMNS FROM `muban_goods` [ RunTime:0.0020s ]
NOTIC: [8] Undefined variable: ims D:\wamp\www\moban\Application\Admin\Model\GoodsModel.class.php 第 38 行.
INFO: [ app_end ] --START--
INFO: Run Behavior\ShowPageTraceBehavior [ RunTime:0.002001s ]
INFO: [ app_end ] --END-- [ RunTime:0.002001s ]

[ 2018-01-08T14:22:29+08:00 ] 127.0.0.1 /moban/index.php/Admin/Goods/add
INFO: [ app_begin ] --START--
INFO: Run Behavior\ReadHtmlCacheBehavior [ RunTime:0.000000s ]
INFO: [ app_begin ] --END-- [ RunTime:0.000000s ]
NOTIC: [8] Use of undefined constant regex - assumed 'regex' D:\wamp\www\moban\ThinkPHP\Common\functions.php 第 588 行.
SQL: SHOW COLUMNS FROM `muban_goods` [ RunTime:0.0020s ]
INFO: [ app_end ] --START--
INFO: Run Behavior\ShowPageTraceBehavior [ RunTime:0.001000s ]
INFO: [ app_end ] --END-- [ RunTime:0.001000s ]

[ 2018-01-08T14:23:09+08:00 ] 127.0.0.1 /moban/index.php/Admin/Goods/add
INFO: [ app_begin ] --START--
INFO: Run Behavior\ReadHtmlCacheBehavior [ RunTime:0.000000s ]
INFO: [ app_begin ] --END-- [ RunTime:0.000000s ]
NOTIC: [8] Use of undefined constant regex - assumed 'regex' D:\wamp\www\moban\ThinkPHP\Common\functions.php 第 588 行.
SQL: SHOW COLUMNS FROM `muban_goods` [ RunTime:0.0070s ]
INFO: [ app_end ] --START--
INFO: Run Behavior\ShowPageTraceBehavior [ RunTime:0.001000s ]
INFO: [ app_end ] --END-- [ RunTime:0.001000s ]

[ 2018-01-08T14:43:10+08:00 ] 127.0.0.1 /moban/index.php/Admin/Goods/add
INFO: [ app_begin ] --START--
INFO: Run Behavior\ReadHtmlCacheBehavior [ RunTime:0.000000s ]
INFO: [ app_begin ] --END-- [ RunTime:0.000000s ]
NOTIC: [8] Use of undefined constant regex - assumed 'regex' D:\wamp\www\moban\ThinkPHP\Common\functions.php 第 588 行.
SQL: SHOW COLUMNS FROM `muban_goods` [ RunTime:0.0030s ]
NOTIC: [8] Undefined variable: str D:\wamp\www\moban\Application\Common\Common\function.php 第 16 行.
NOTIC: [8] Undefined variable: str D:\wamp\www\moban\Application\Common\Common\function.php 第 16 行.
NOTIC: [8] Undefined variable: str D:\wamp\www\moban\Application\Common\Common\function.php 第 16 行.
INFO: [ app_end ] --START--
INFO: Run Behavior\ShowPageTraceBehavior [ RunTime:0.002000s ]
INFO: [ app_end ] --END-- [ RunTime:0.002000s ]

[ 2018-01-08T14:43:41+08:00 ] 127.0.0.1 /moban/index.php/Admin/Goods/add
INFO: [ app_begin ] --START--
INFO: Run Behavior\ReadHtmlCacheBehavior [ RunTime:0.000000s ]
INFO: [ app_begin ] --END-- [ RunTime:0.000000s ]
NOTIC: [8] Use of undefined constant regex - assumed 'regex' D:\wamp\www\moban\ThinkPHP\Common\functions.php 第 588 行.
SQL: SHOW COLUMNS FROM `muban_goods` [ RunTime:0.0050s ]
NOTIC: [8] Undefined variable: str D:\wamp\www\moban\Application\Common\Common\function.php 第 16 行.
NOTIC: [8] Undefined variable: str D:\wamp\www\moban\Application\Common\Common\function.php 第 16 行.
NOTIC: [8] Undefined variable: str D:\wamp\www\moban\Application\Common\Common\function.php 第 16 行.
INFO: [ app_end ] --START--
INFO: Run Behavior\ShowPageTraceBehavior [ RunTime:0.000000s ]
INFO: [ app_end ] --END-- [ RunTime:0.000000s ]

[ 2018-01-08T14:47:07+08:00 ] 127.0.0.1 /moban/index.php/Admin/Goods/add
INFO: [ app_begin ] --START--
INFO: Run Behavior\ReadHtmlCacheBehavior [ RunTime:0.001000s ]
INFO: [ app_begin ] --END-- [ RunTime:0.002000s ]
NOTIC: [8] Use of undefined constant regex - assumed 'regex' D:\wamp\www\moban\ThinkPHP\Common\functions.php 第 588 行.
SQL: SHOW COLUMNS FROM `muban_goods` [ RunTime:0.0030s ]
NOTIC: [8] Undefined variable: str D:\wamp\www\moban\Application\Common\Common\function.php 第 16 行.
NOTIC: [8] Undefined variable: str D:\wamp\www\moban\Application\Common\Common\function.php 第 16 行.
NOTIC: [8] Undefined variable: str D:\wamp\www\moban\Application\Common\Common\function.php 第 16 行.
NOTIC: [8] Undefined index: validate D:\wamp\www\moban\ThinkPHP\Library\Think\Model.class.php 第 1185 行.
NOTIC: [8] Undefined index: color_name D:\wamp\www\moban\ThinkPHP\Library\Think\Model.class.php 第 1303 行.

[ 2018-01-08T14:47:13+08:00 ] 127.0.0.1 /moban/index.php/Admin/Goods/add
INFO: [ app_begin ] --START--
INFO: Run Behavior\ReadHtmlCacheBehavior [ RunTime:0.000000s ]
INFO: [ app_begin ] --END-- [ RunTime:0.001000s ]
NOTIC: [8] Use of undefined constant regex - assumed 'regex' D:\wamp\www\moban\ThinkPHP\Common\functions.php 第 588 行.
SQL: SHOW COLUMNS FROM `muban_goods` [ RunTime:0.0020s ]
NOTIC: [8] Undefined variable: str D:\wamp\www\moban\Application\Common\Common\function.php 第 16 行.
NOTIC: [8] Undefined variable: str D:\wamp\www\moban\Application\Common\Common\function.php 第 16 行.
NOTIC: [8] Undefined variable: str D:\wamp\www\moban\Application\Common\Common\function.php 第 16 行.
NOTIC: [8] Undefined index: validate D:\wamp\www\moban\ThinkPHP\Library\Think\Model.class.php 第 1185 行.
NOTIC: [8] Undefined index: color_name D:\wamp\www\moban\ThinkPHP\Library\Think\Model.class.php 第 1303 行.

[ 2018-01-08T14:48:35+08:00 ] 127.0.0.1 /moban/index.php/Admin/Goods/add
INFO: [ app_begin ] --START--
INFO: Run Behavior\ReadHtmlCacheBehavior [ RunTime:0.001000s ]
INFO: [ app_begin ] --END-- [ RunTime:0.001000s ]
NOTIC: [8] Use of undefined constant regex - assumed 'regex' D:\wamp\www\moban\ThinkPHP\Common\functions.php 第 588 行.
SQL: SHOW COLUMNS FROM `muban_goods` [ RunTime:0.0010s ]
NOTIC: [8] Undefined variable: str D:\wamp\www\moban\Application\Common\Common\function.php 第 16 行.
NOTIC: [8] Undefined variable: str D:\wamp\www\moban\Application\Common\Common\function.php 第 16 行.
NOTIC: [8] Undefined variable: str D:\wamp\www\moban\Application\Common\Common\function.php 第 16 行.
NOTIC: [8] Undefined index: validate D:\wamp\www\moban\ThinkPHP\Library\Think\Model.class.php 第 1185 行.
NOTIC: [8] Undefined index: color_name D:\wamp\www\moban\ThinkPHP\Library\Think\Model.class.php 第 1303 行.

[ 2018-01-08T14:49:22+08:00 ] 127.0.0.1 /moban/index.php/Admin/Goods/add
INFO: [ app_begin ] --START--
INFO: Run Behavior\ReadHtmlCacheBehavior [ RunTime:0.000000s ]
INFO: [ app_begin ] --END-- [ RunTime:0.000000s ]
NOTIC: [8] Use of undefined constant regex - assumed 'regex' D:\wamp\www\moban\ThinkPHP\Common\functions.php 第 588 行.
SQL: SHOW COLUMNS FROM `muban_goods` [ RunTime:0.0010s ]
NOTIC: [8] Undefined variable: str D:\wamp\www\moban\Application\Common\Common\function.php 第 16 行.
NOTIC: [8] Undefined variable: str D:\wamp\www\moban\Application\Common\Common\function.php 第 16 行.
NOTIC: [8] Undefined variable: str D:\wamp\www\moban\Application\Common\Common\function.php 第 16 行.
NOTIC: [8] Undefined index: validate D:\wamp\www\moban\ThinkPHP\Library\Think\Model.class.php 第 1185 行.
NOTIC: [8] Undefined index: color_name D:\wamp\www\moban\ThinkPHP\Library\Think\Model.class.php 第 1303 行.

[ 2018-01-08T14:51:20+08:00 ] 127.0.0.1 /moban/index.php/Admin/Goods/add
INFO: [ app_begin ] --START--
INFO: Run Behavior\ReadHtmlCacheBehavior [ RunTime:0.001000s ]
INFO: [ app_begin ] --END-- [ RunTime:0.001000s ]
NOTIC: [8] Use of undefined constant regex - assumed 'regex' D:\wamp\www\moban\ThinkPHP\Common\functions.php 第 588 行.
SQL: SHOW COLUMNS FROM `muban_goods` [ RunTime:0.0020s ]
NOTIC: [8] Undefined variable: str D:\wamp\www\moban\Application\Common\Common\function.php 第 16 行.
NOTIC: [8] Undefined variable: str D:\wamp\www\moban\Application\Common\Common\function.php 第 16 行.
NOTIC: [8] Undefined index: validate D:\wamp\www\moban\ThinkPHP\Library\Think\Model.class.php 第 1185 行.
NOTIC: [8] Undefined index: color_name D:\wamp\www\moban\ThinkPHP\Library\Think\Model.class.php 第 1303 行.

[ 2018-01-08T14:51:30+08:00 ] 127.0.0.1 /moban/index.php/Admin/Goods/add
INFO: [ app_begin ] --START--
INFO: Run Behavior\ReadHtmlCacheBehavior [ RunTime:0.001000s ]
INFO: [ app_begin ] --END-- [ RunTime:0.001000s ]
NOTIC: [8] Use of undefined constant regex - assumed 'regex' D:\wamp\www\moban\ThinkPHP\Common\functions.php 第 588 行.
SQL: SHOW COLUMNS FROM `muban_goods` [ RunTime:0.0100s ]
NOTIC: [8] Undefined index: validate D:\wamp\www\moban\ThinkPHP\Library\Think\Model.class.php 第 1185 行.
NOTIC: [8] Undefined index: color_name D:\wamp\www\moban\ThinkPHP\Library\Think\Model.class.php 第 1303 行.

[ 2018-01-08T14:53:06+08:00 ] 127.0.0.1 /moban/index.php/Admin/Goods/add
INFO: [ app_begin ] --START--
INFO: Run Behavior\ReadHtmlCacheBehavior [ RunTime:0.000000s ]
INFO: [ app_begin ] --END-- [ RunTime:0.000000s ]
SQL: SHOW COLUMNS FROM `muban_goods` [ RunTime:0.0040s ]
NOTIC: [8] Undefined index: validate D:\wamp\www\moban\ThinkPHP\Library\Think\Model.class.php 第 1185 行.
NOTIC: [8] Undefined index: auto D:\wamp\www\moban\ThinkPHP\Library\Think\Model.class.php 第 1128 行.
SQL: INSERT INTO `muban_goods` (`goods_title`,`goods_type`,`goods_viptype`,`goods_price`,`goods_recommend`,`goods_industry`) VALUES ('','','','','0','') [ RunTime:0.0160s ]
NOTIC: [8] Undefined index: mapping_name D:\wamp\www\moban\ThinkPHP\Library\Think\Model\RelationModel.class.php 第 259 行.
SQL: SHOW COLUMNS FROM `muban_goods_info` [ RunTime:0.0020s ]

[ 2018-01-08T14:54:00+08:00 ] 127.0.0.1 /moban/index.php/Admin/Goods/add
INFO: [ app_begin ] --START--
INFO: Run Behavior\ReadHtmlCacheBehavior [ RunTime:0.000000s ]
INFO: [ app_begin ] --END-- [ RunTime:0.000000s ]
SQL: SHOW COLUMNS FROM `muban_goods` [ RunTime:0.0010s ]
NOTIC: [8] Undefined variable: str D:\wamp\www\moban\Application\Common\Common\function.php 第 16 行.
NOTIC: [8] Undefined variable: str D:\wamp\www\moban\Application\Common\Common\function.php 第 16 行.
NOTIC: [8] Undefined variable: str D:\wamp\www\moban\Application\Common\Common\function.php 第 16 行.
NOTIC: [8] Undefined index: validate D:\wamp\www\moban\ThinkPHP\Library\Think\Model.class.php 第 1185 行.
NOTIC: [8] Undefined index: auto D:\wamp\www\moban\ThinkPHP\Library\Think\Model.class.php 第 1128 行.
SQL: INSERT INTO `muban_goods` (`goods_title`,`goods_type`,`goods_viptype`,`goods_price`,`goods_recommend`,`goods_industry`) VALUES ('商品标题','1','2','125','1','2,13,14') [ RunTime:0.0220s ]
NOTIC: [8] Undefined index: mapping_name D:\wamp\www\moban\ThinkPHP\Library\Think\Model\RelationModel.class.php 第 259 行.
SQL: SHOW COLUMNS FROM `muban_goods_info` [ RunTime:0.0020s ]

[ 2018-01-08T14:56:18+08:00 ] 127.0.0.1 /moban/index.php/Admin/Goods/add
INFO: [ app_begin ] --START--
INFO: Run Behavior\ReadHtmlCacheBehavior [ RunTime:0.000000s ]
INFO: [ app_begin ] --END-- [ RunTime:0.001000s ]
SQL: SHOW COLUMNS FROM `muban_goods` [ RunTime:0.0030s ]
NOTIC: [8] Undefined variable: str D:\wamp\www\moban\Application\Common\Common\function.php 第 16 行.
NOTIC: [8] Undefined variable: str D:\wamp\www\moban\Application\Common\Common\function.php 第 16 行.
NOTIC: [8] Undefined variable: str D:\wamp\www\moban\Application\Common\Common\function.php 第 16 行.
NOTIC: [8] Undefined index: validate D:\wamp\www\moban\ThinkPHP\Library\Think\Model.class.php 第 1185 行.
NOTIC: [8] Undefined index: auto D:\wamp\www\moban\ThinkPHP\Library\Think\Model.class.php 第 1128 行.
SQL: INSERT INTO `muban_goods` (`goods_title`,`goods_type`,`goods_viptype`,`goods_price`,`goods_recommend`,`goods_industry`) VALUES ('商品标题','2','1,2,3,4','125','1','2,3,4,14,15,16') [ RunTime:0.0040s ]
NOTIC: [8] Undefined index: mapping_name D:\wamp\www\moban\ThinkPHP\Library\Think\Model\RelationModel.class.php 第 259 行.
SQL: SHOW COLUMNS FROM `muban_goods_info` [ RunTime:0.0020s ]

[ 2018-01-08T15:01:49+08:00 ] 127.0.0.1 /moban/index.php/Admin/Goods/add
INFO: [ app_begin ] --START--
INFO: Run Behavior\ReadHtmlCacheBehavior [ RunTime:0.000000s ]
INFO: [ app_begin ] --END-- [ RunTime:0.000000s ]
SQL: SHOW COLUMNS FROM `muban_goods` [ RunTime:0.0110s ]
NOTIC: [8] Undefined variable: str D:\wamp\www\moban\Application\Common\Common\function.php 第 16 行.
NOTIC: [8] Undefined index: validate D:\wamp\www\moban\ThinkPHP\Library\Think\Model.class.php 第 1185 行.
NOTIC: [8] Undefined index: auto D:\wamp\www\moban\ThinkPHP\Library\Think\Model.class.php 第 1128 行.

[ 2018-01-08T15:07:54+08:00 ] 127.0.0.1 /moban/index.php/Admin/Goods/add
ERR: 1054:Unknown column 'goodsId' in 'where clause'
 [ SQL语句 ] : SELECT `goods_mbs`,`goods_unicode`,`goods_content`,`min_photo`,`color_id` FROM `muban_goods_info` WHERE ( 1=1 AND goodsId='1' ) LIMIT 1  

[ 2018-01-08T15:20:06+08:00 ] 127.0.0.1 /moban/index.php/Admin/Goods/add
INFO: [ app_begin ] --START--
INFO: Run Behavior\ReadHtmlCacheBehavior [ RunTime:0.001000s ]
INFO: [ app_begin ] --END-- [ RunTime:0.001000s ]
SQL: SHOW COLUMNS FROM `muban_goods` [ RunTime:0.0100s ]
NOTIC: [8] Undefined variable: str D:\wamp\www\moban\Application\Common\Common\function.php 第 16 行.
NOTIC: [8] Undefined index: validate D:\wamp\www\moban\ThinkPHP\Library\Think\Model.class.php 第 1185 行.
NOTIC: [8] Undefined index: auto D:\wamp\www\moban\ThinkPHP\Library\Think\Model.class.php 第 1128 行.
SQL: INSERT INTO `muban_goods` (`goods_title`,`goods_type`,`goods_viptype`,`goods_price`,`goods_recommend`,`goods_industry`) VALUES ('商品标题','2','','1253','','') [ RunTime:0.0020s ]
NOTIC: [8] Undefined index: mapping_name D:\wamp\www\moban\ThinkPHP\Library\Think\Model\RelationModel.class.php 第 259 行.
SQL: SHOW COLUMNS FROM `muban_goods_info` [ RunTime:0.0100s ]

