[ 2018-04-16T14:09:51+08:00 ] 127.0.0.1 /moban/index.php/Admin/Search/__CONTROLLER__/getCates
INFO: [ app_begin ] --START--
INFO: Run Behavior\ReadHtmlCacheBehavior [ RunTime:0.003000s ]
INFO: [ app_begin ] --END-- [ RunTime:0.005000s ]
ERR: 非法操作:__CONTROLLER__

[ 2018-04-16T14:10:07+08:00 ] 127.0.0.1 /moban/index.php/Admin/Search/__CONTROLLER__/getCates
INFO: [ app_begin ] --START--
INFO: Run Behavior\ReadHtmlCacheBehavior [ RunTime:0.001000s ]
INFO: [ app_begin ] --END-- [ RunTime:0.002000s ]
ERR: 非法操作:__CONTROLLER__

[ 2018-04-16T14:12:53+08:00 ] 127.0.0.1 /moban/index.php/Admin/Search/getCates
INFO: [ app_begin ] --START--
INFO: Run Behavior\ReadHtmlCacheBehavior [ RunTime:0.001000s ]
INFO: [ app_begin ] --END-- [ RunTime:0.002000s ]
SQL: SHOW COLUMNS FROM `moban_cate` [ RunTime:0.0090s ]
SQL: SHOW COLUMNS FROM `moban_goods` [ RunTime:0.0110s ]
SQL: SELECT `cate_id`,`attrtype_id` FROM `moban_goods` WHERE `id` = 51 LIMIT 1   [ RunTime:0.0030s ]
SQL: SELECT * FROM `moban_cate` WHERE `id` = 1 LIMIT 1   [ RunTime:0.0020s ]
INFO: [ app_end ] --START--
INFO: Run Behavior\ShowPageTraceBehavior [ RunTime:0.001000s ]
INFO: [ app_end ] --END-- [ RunTime:0.002000s ]

[ 2018-04-16T14:12:53+08:00 ] 127.0.0.1 /moban/index.php/Admin/Search/getAttrs
INFO: [ app_begin ] --START--
INFO: Run Behavior\ReadHtmlCacheBehavior [ RunTime:0.002000s ]
INFO: [ app_begin ] --END-- [ RunTime:0.004000s ]
SQL: SHOW COLUMNS FROM `moban_attr` [ RunTime:0.0100s ]
SQL: SELECT * FROM `moban_attr` WHERE `attrtype_id` = 1  [ RunTime:0.0010s ]
SQL: SELECT * FROM `moban_attr` WHERE `parent_id` = 1  [ RunTime:0.0010s ]
INFO: [ app_end ] --START--
INFO: Run Behavior\ShowPageTraceBehavior [ RunTime:0.001000s ]
INFO: [ app_end ] --END-- [ RunTime:0.001000s ]

[ 2018-04-16T14:13:18+08:00 ] 127.0.0.1 /moban/index.php/Admin/Search/getCates
INFO: [ app_begin ] --START--
INFO: Run Behavior\ReadHtmlCacheBehavior [ RunTime:0.001000s ]
INFO: [ app_begin ] --END-- [ RunTime:0.003000s ]
SQL: SHOW COLUMNS FROM `moban_cate` [ RunTime:0.0120s ]
SQL: SHOW COLUMNS FROM `moban_goods` [ RunTime:0.0070s ]
SQL: SELECT `cate_id`,`attrtype_id` FROM `moban_goods` WHERE `id` = 53 LIMIT 1   [ RunTime:0.0010s ]
SQL: SELECT * FROM `moban_cate` WHERE `id` = 1 LIMIT 1   [ RunTime:0.0010s ]
INFO: [ app_end ] --START--
INFO: Run Behavior\ShowPageTraceBehavior [ RunTime:0.001000s ]
INFO: [ app_end ] --END-- [ RunTime:0.001000s ]

[ 2018-04-16T14:13:18+08:00 ] 127.0.0.1 /moban/index.php/Admin/Search/getAttrs
INFO: [ app_begin ] --START--
INFO: Run Behavior\ReadHtmlCacheBehavior [ RunTime:0.001000s ]
INFO: [ app_begin ] --END-- [ RunTime:0.003000s ]
SQL: SHOW COLUMNS FROM `moban_attr` [ RunTime:0.0080s ]
SQL: SELECT * FROM `moban_attr` WHERE `attrtype_id` = 1  [ RunTime:0.0010s ]
SQL: SELECT * FROM `moban_attr` WHERE `parent_id` = 1  [ RunTime:0.0010s ]
INFO: [ app_end ] --START--
INFO: Run Behavior\ShowPageTraceBehavior [ RunTime:0.002000s ]
INFO: [ app_end ] --END-- [ RunTime:0.002000s ]

[ 2018-04-16T14:17:09+08:00 ] 127.0.0.1 /moban/index.php/Admin/Search/getCates
INFO: [ app_begin ] --START--
INFO: Run Behavior\ReadHtmlCacheBehavior [ RunTime:0.002000s ]
INFO: [ app_begin ] --END-- [ RunTime:0.002000s ]
SQL: SHOW COLUMNS FROM `moban_cate` [ RunTime:0.0170s ]
SQL: SHOW COLUMNS FROM `moban_goods` [ RunTime:0.0180s ]
SQL: SELECT `cate_id`,`attrtype_id` FROM `moban_goods` WHERE `id` = 51 LIMIT 1   [ RunTime:0.0010s ]
SQL: SELECT * FROM `moban_cate` WHERE `id` = 1 LIMIT 1   [ RunTime:0.0000s ]
INFO: [ app_end ] --START--
INFO: Run Behavior\ShowPageTraceBehavior [ RunTime:0.002000s ]
INFO: [ app_end ] --END-- [ RunTime:0.002000s ]

[ 2018-04-16T14:17:09+08:00 ] 127.0.0.1 /moban/index.php/Admin/Search/getAttrs
INFO: [ app_begin ] --START--
INFO: Run Behavior\ReadHtmlCacheBehavior [ RunTime:0.002000s ]
INFO: [ app_begin ] --END-- [ RunTime:0.003000s ]
SQL: SHOW COLUMNS FROM `moban_attr` [ RunTime:0.0100s ]
SQL: SELECT * FROM `moban_attr` WHERE `attrtype_id` = 1  [ RunTime:0.0020s ]
SQL: SELECT * FROM `moban_attr` WHERE `parent_id` = 1  [ RunTime:0.0010s ]
INFO: [ app_end ] --START--
INFO: Run Behavior\ShowPageTraceBehavior [ RunTime:0.001000s ]
INFO: [ app_end ] --END-- [ RunTime:0.002000s ]

[ 2018-04-16T14:17:15+08:00 ] 127.0.0.1 /moban/index.php/Admin/Search/getCates
INFO: [ app_begin ] --START--
INFO: Run Behavior\ReadHtmlCacheBehavior [ RunTime:0.001000s ]
INFO: [ app_begin ] --END-- [ RunTime:0.004000s ]
SQL: SHOW COLUMNS FROM `moban_cate` [ RunTime:0.0170s ]
SQL: SHOW COLUMNS FROM `moban_goods` [ RunTime:0.0160s ]
SQL: SELECT `cate_id`,`attrtype_id` FROM `moban_goods` WHERE `id` = 46 LIMIT 1   [ RunTime:0.0010s ]
SQL: SELECT * FROM `moban_cate` WHERE `id` = 1 LIMIT 1   [ RunTime:0.0020s ]
INFO: [ app_end ] --START--
INFO: Run Behavior\ShowPageTraceBehavior [ RunTime:0.002000s ]
INFO: [ app_end ] --END-- [ RunTime:0.003000s ]

[ 2018-04-16T14:17:15+08:00 ] 127.0.0.1 /moban/index.php/Admin/Search/getAttrs
INFO: [ app_begin ] --START--
INFO: Run Behavior\ReadHtmlCacheBehavior [ RunTime:0.002000s ]
INFO: [ app_begin ] --END-- [ RunTime:0.003000s ]
SQL: SHOW COLUMNS FROM `moban_attr` [ RunTime:0.0200s ]
SQL: SELECT * FROM `moban_attr` WHERE `attrtype_id` = 1  [ RunTime:0.0010s ]
SQL: SELECT * FROM `moban_attr` WHERE `parent_id` = 1  [ RunTime:0.0010s ]
INFO: [ app_end ] --START--
INFO: Run Behavior\ShowPageTraceBehavior [ RunTime:0.001000s ]
INFO: [ app_end ] --END-- [ RunTime:0.002000s ]

[ 2018-04-16T14:17:21+08:00 ] 127.0.0.1 /moban/index.php/Admin/Search/getCates
INFO: [ app_begin ] --START--
INFO: Run Behavior\ReadHtmlCacheBehavior [ RunTime:0.002000s ]
INFO: [ app_begin ] --END-- [ RunTime:0.004000s ]
SQL: SHOW COLUMNS FROM `moban_cate` [ RunTime:0.0130s ]
SQL: SHOW COLUMNS FROM `moban_goods` [ RunTime:0.0190s ]
SQL: SELECT `cate_id`,`attrtype_id` FROM `moban_goods` WHERE `id` = 42 LIMIT 1   [ RunTime:0.0020s ]
SQL: SELECT * FROM `moban_cate` WHERE `id` = 1 LIMIT 1   [ RunTime:0.0010s ]
INFO: [ app_end ] --START--
INFO: Run Behavior\ShowPageTraceBehavior [ RunTime:0.002000s ]
INFO: [ app_end ] --END-- [ RunTime:0.002000s ]

[ 2018-04-16T14:17:21+08:00 ] 127.0.0.1 /moban/index.php/Admin/Search/getAttrs
INFO: [ app_begin ] --START--
INFO: Run Behavior\ReadHtmlCacheBehavior [ RunTime:0.002001s ]
INFO: [ app_begin ] --END-- [ RunTime:0.003001s ]
SQL: SHOW COLUMNS FROM `moban_attr` [ RunTime:0.0080s ]
SQL: SELECT * FROM `moban_attr` WHERE `attrtype_id` = 1  [ RunTime:0.0000s ]
SQL: SELECT * FROM `moban_attr` WHERE `parent_id` = 1  [ RunTime:0.0010s ]
INFO: [ app_end ] --START--
INFO: Run Behavior\ShowPageTraceBehavior [ RunTime:0.001000s ]
INFO: [ app_end ] --END-- [ RunTime:0.002000s ]

[ 2018-04-16T14:18:03+08:00 ] 127.0.0.1 /moban/index.php/Admin/Search/getCates
INFO: [ app_begin ] --START--
INFO: Run Behavior\ReadHtmlCacheBehavior [ RunTime:0.002000s ]
INFO: [ app_begin ] --END-- [ RunTime:0.006000s ]
SQL: SHOW COLUMNS FROM `moban_cate` [ RunTime:0.0110s ]
SQL: SHOW COLUMNS FROM `moban_goods` [ RunTime:0.0070s ]
SQL: SELECT `cate_id`,`attrtype_id` FROM `moban_goods` WHERE `id` = 49 LIMIT 1   [ RunTime:0.0010s ]
SQL: SELECT * FROM `moban_cate` WHERE `id` = 1 LIMIT 1   [ RunTime:0.0020s ]
INFO: [ app_end ] --START--
INFO: Run Behavior\ShowPageTraceBehavior [ RunTime:0.002001s ]
INFO: [ app_end ] --END-- [ RunTime:0.002001s ]

[ 2018-04-16T14:18:04+08:00 ] 127.0.0.1 /moban/index.php/Admin/Search/getAttrs
INFO: [ app_begin ] --START--
INFO: Run Behavior\ReadHtmlCacheBehavior [ RunTime:0.001000s ]
INFO: [ app_begin ] --END-- [ RunTime:0.004000s ]
SQL: SHOW COLUMNS FROM `moban_attr` [ RunTime:0.0240s ]
SQL: SELECT * FROM `moban_attr` WHERE `attrtype_id` = 1  [ RunTime:0.0010s ]
SQL: SELECT * FROM `moban_attr` WHERE `parent_id` = 1  [ RunTime:0.0000s ]
INFO: [ app_end ] --START--
INFO: Run Behavior\ShowPageTraceBehavior [ RunTime:0.001000s ]
INFO: [ app_end ] --END-- [ RunTime:0.002000s ]

[ 2018-04-16T14:19:07+08:00 ] 127.0.0.1 /moban/index.php/Admin/Search/getCates
INFO: [ app_begin ] --START--
INFO: Run Behavior\ReadHtmlCacheBehavior [ RunTime:0.002000s ]
INFO: [ app_begin ] --END-- [ RunTime:0.013001s ]
SQL: SHOW COLUMNS FROM `moban_cate` [ RunTime:0.0180s ]
SQL: SHOW COLUMNS FROM `moban_goods` [ RunTime:0.0170s ]
SQL: SELECT `cate_id`,`attrtype_id` FROM `moban_goods` WHERE `id` = 51 LIMIT 1   [ RunTime:0.0010s ]
SQL: SELECT * FROM `moban_cate` WHERE `id` = 1 LIMIT 1   [ RunTime:0.0010s ]
INFO: [ app_end ] --START--
INFO: Run Behavior\ShowPageTraceBehavior [ RunTime:0.002000s ]
INFO: [ app_end ] --END-- [ RunTime:0.004000s ]

[ 2018-04-16T14:19:07+08:00 ] 127.0.0.1 /moban/index.php/Admin/Search/getAttrs
INFO: [ app_begin ] --START--
INFO: Run Behavior\ReadHtmlCacheBehavior [ RunTime:0.001000s ]
INFO: [ app_begin ] --END-- [ RunTime:0.002000s ]
SQL: SHOW COLUMNS FROM `moban_attr` [ RunTime:0.0110s ]
SQL: SELECT * FROM `moban_attr` WHERE `attrtype_id` = 1  [ RunTime:0.0010s ]
SQL: SELECT * FROM `moban_attr` WHERE `parent_id` = 1  [ RunTime:0.0000s ]
INFO: [ app_end ] --START--
INFO: Run Behavior\ShowPageTraceBehavior [ RunTime:0.002000s ]
INFO: [ app_end ] --END-- [ RunTime:0.002000s ]

[ 2018-04-16T14:19:39+08:00 ] 127.0.0.1 /moban/index.php/Admin/Search/getCates
INFO: [ app_begin ] --START--
INFO: Run Behavior\ReadHtmlCacheBehavior [ RunTime:0.005000s ]
INFO: [ app_begin ] --END-- [ RunTime:0.008001s ]
SQL: SHOW COLUMNS FROM `moban_cate` [ RunTime:0.0200s ]
SQL: SHOW COLUMNS FROM `moban_goods` [ RunTime:0.0160s ]
SQL: SELECT `cate_id`,`attrtype_id` FROM `moban_goods` WHERE `id` = 51 LIMIT 1   [ RunTime:0.0010s ]
SQL: SELECT * FROM `moban_cate` WHERE `id` = 1 LIMIT 1   [ RunTime:0.0010s ]
INFO: [ app_end ] --START--
INFO: Run Behavior\ShowPageTraceBehavior [ RunTime:0.002000s ]
INFO: [ app_end ] --END-- [ RunTime:0.002000s ]

[ 2018-04-16T14:19:39+08:00 ] 127.0.0.1 /moban/index.php/Admin/Search/getAttrs
INFO: [ app_begin ] --START--
INFO: Run Behavior\ReadHtmlCacheBehavior [ RunTime:0.002000s ]
INFO: [ app_begin ] --END-- [ RunTime:0.003000s ]
SQL: SHOW COLUMNS FROM `moban_attr` [ RunTime:0.0130s ]
SQL: SELECT * FROM `moban_attr` WHERE `attrtype_id` = 1  [ RunTime:0.0010s ]
SQL: SELECT * FROM `moban_attr` WHERE `parent_id` = 1  [ RunTime:0.0000s ]
INFO: [ app_end ] --START--
INFO: Run Behavior\ShowPageTraceBehavior [ RunTime:0.001000s ]
INFO: [ app_end ] --END-- [ RunTime:0.002000s ]

[ 2018-04-16T14:20:14+08:00 ] 127.0.0.1 /moban/index.php/Admin/Search/getCates
INFO: [ app_begin ] --START--
INFO: Run Behavior\ReadHtmlCacheBehavior [ RunTime:0.001000s ]
INFO: [ app_begin ] --END-- [ RunTime:0.003000s ]
SQL: SHOW COLUMNS FROM `moban_cate` [ RunTime:0.0110s ]
SQL: SHOW COLUMNS FROM `moban_goods` [ RunTime:0.0060s ]
SQL: SELECT `cate_id`,`attrtype_id` FROM `moban_goods` WHERE `id` = 51 LIMIT 1   [ RunTime:0.0010s ]
SQL: SELECT * FROM `moban_cate` WHERE `id` = 1 LIMIT 1   [ RunTime:0.0010s ]
INFO: [ app_end ] --START--
INFO: Run Behavior\ShowPageTraceBehavior [ RunTime:0.002000s ]
INFO: [ app_end ] --END-- [ RunTime:0.003001s ]

[ 2018-04-16T14:20:14+08:00 ] 127.0.0.1 /moban/index.php/Admin/Search/getAttrs
INFO: [ app_begin ] --START--
INFO: Run Behavior\ReadHtmlCacheBehavior [ RunTime:0.001000s ]
INFO: [ app_begin ] --END-- [ RunTime:0.003000s ]
SQL: SHOW COLUMNS FROM `moban_attr` [ RunTime:0.0220s ]
SQL: SELECT * FROM `moban_attr` WHERE `attrtype_id` = 1  [ RunTime:0.0010s ]
SQL: SELECT * FROM `moban_attr` WHERE `parent_id` = 1  [ RunTime:0.0010s ]
INFO: [ app_end ] --START--
INFO: Run Behavior\ShowPageTraceBehavior [ RunTime:0.001000s ]
INFO: [ app_end ] --END-- [ RunTime:0.003000s ]

[ 2018-04-16T14:24:27+08:00 ] 127.0.0.1 /moban/index.php/Admin/Search/getCates
INFO: [ app_begin ] --START--
INFO: Run Behavior\ReadHtmlCacheBehavior [ RunTime:0.002000s ]
INFO: [ app_begin ] --END-- [ RunTime:0.003000s ]
SQL: SHOW COLUMNS FROM `moban_cate` [ RunTime:0.0140s ]
SQL: SHOW COLUMNS FROM `moban_goods` [ RunTime:0.0170s ]
SQL: SELECT `cate_id`,`attrtype_id` FROM `moban_goods` WHERE `id` = 28 LIMIT 1   [ RunTime:0.0010s ]
SQL: SELECT * FROM `moban_cate` WHERE `id` = 1 LIMIT 1   [ RunTime:0.0010s ]
INFO: [ app_end ] --START--
INFO: Run Behavior\ShowPageTraceBehavior [ RunTime:0.002001s ]
INFO: [ app_end ] --END-- [ RunTime:0.003001s ]

[ 2018-04-16T14:24:27+08:00 ] 127.0.0.1 /moban/index.php/Admin/Search/getAttrs
INFO: [ app_begin ] --START--
INFO: Run Behavior\ReadHtmlCacheBehavior [ RunTime:0.001000s ]
INFO: [ app_begin ] --END-- [ RunTime:0.004000s ]
SQL: SHOW COLUMNS FROM `moban_attr` [ RunTime:0.0110s ]
SQL: SELECT * FROM `moban_attr` WHERE `attrtype_id` = 1  [ RunTime:0.0010s ]
SQL: SELECT * FROM `moban_attr` WHERE `parent_id` = 1  [ RunTime:0.0000s ]
INFO: [ app_end ] --START--
INFO: Run Behavior\ShowPageTraceBehavior [ RunTime:0.001000s ]
INFO: [ app_end ] --END-- [ RunTime:0.002000s ]

[ 2018-04-16T15:29:35+08:00 ] 127.0.0.1 /moban/index.php/Admin/Goods/getVip
INFO: [ app_begin ] --START--
INFO: Run Behavior\ReadHtmlCacheBehavior [ RunTime:0.001000s ]
INFO: [ app_begin ] --END-- [ RunTime:0.003000s ]
SQL: SHOW COLUMNS FROM `moban_vip` [ RunTime:0.0130s ]
SQL: SELECT * FROM `moban_vip`  [ RunTime:0.0020s ]
INFO: [ app_end ] --START--
INFO: Run Behavior\ShowPageTraceBehavior [ RunTime:0.002000s ]
INFO: [ app_end ] --END-- [ RunTime:0.002000s ]

[ 2018-04-16T15:31:18+08:00 ] 127.0.0.1 /moban/index.php/Admin/Goods/uploadImg
INFO: [ app_begin ] --START--
INFO: Run Behavior\ReadHtmlCacheBehavior [ RunTime:0.002000s ]
INFO: [ app_begin ] --END-- [ RunTime:0.006000s ]
NOTIC: [2] call_user_func() expects parameter 1 to be a valid callback, no array or string given D:\wamp\www\moban\ThinkPHP\Library\Think\Upload.class.php 第 170 行.
INFO: [ app_end ] --START--
INFO: Run Behavior\ShowPageTraceBehavior [ RunTime:0.002000s ]
INFO: [ app_end ] --END-- [ RunTime:0.003000s ]

[ 2018-04-16T15:31:51+08:00 ] 127.0.0.1 /moban/index.php/Admin/Goods/getVip
INFO: [ app_begin ] --START--
INFO: Run Behavior\ReadHtmlCacheBehavior [ RunTime:0.004000s ]
INFO: [ app_begin ] --END-- [ RunTime:0.006000s ]
SQL: SHOW COLUMNS FROM `moban_vip` [ RunTime:0.0180s ]
SQL: SELECT * FROM `moban_vip`  [ RunTime:0.0010s ]
INFO: [ app_end ] --START--
INFO: Run Behavior\ShowPageTraceBehavior [ RunTime:0.002000s ]
INFO: [ app_end ] --END-- [ RunTime:0.003000s ]

[ 2018-04-16T15:32:29+08:00 ] 127.0.0.1 /moban/index.php/Admin/Goods/uploadImg
INFO: [ app_begin ] --START--
INFO: Run Behavior\ReadHtmlCacheBehavior [ RunTime:0.002000s ]
INFO: [ app_begin ] --END-- [ RunTime:0.004000s ]
NOTIC: [2] call_user_func() expects parameter 1 to be a valid callback, no array or string given D:\wamp\www\moban\ThinkPHP\Library\Think\Upload.class.php 第 170 行.
INFO: [ app_end ] --START--
INFO: Run Behavior\ShowPageTraceBehavior [ RunTime:0.002000s ]
INFO: [ app_end ] --END-- [ RunTime:0.002000s ]

[ 2018-04-16T15:33:00+08:00 ] 127.0.0.1 /moban/index.php/Admin/Goods/getVip
INFO: [ app_begin ] --START--
INFO: Run Behavior\ReadHtmlCacheBehavior [ RunTime:0.004000s ]
INFO: [ app_begin ] --END-- [ RunTime:0.008001s ]
SQL: SHOW COLUMNS FROM `moban_vip` [ RunTime:0.0230s ]
SQL: SELECT * FROM `moban_vip`  [ RunTime:0.0010s ]
INFO: [ app_end ] --START--
INFO: Run Behavior\ShowPageTraceBehavior [ RunTime:0.002000s ]
INFO: [ app_end ] --END-- [ RunTime:0.003000s ]

[ 2018-04-16T15:33:39+08:00 ] 127.0.0.1 /moban/index.php/Admin/Goods/uploadImg
INFO: [ app_begin ] --START--
INFO: Run Behavior\ReadHtmlCacheBehavior [ RunTime:0.005001s ]
INFO: [ app_begin ] --END-- [ RunTime:0.008001s ]
NOTIC: [2] call_user_func() expects parameter 1 to be a valid callback, no array or string given D:\wamp\www\moban\ThinkPHP\Library\Think\Upload.class.php 第 170 行.
INFO: [ app_end ] --START--
INFO: Run Behavior\ShowPageTraceBehavior [ RunTime:0.003000s ]
INFO: [ app_end ] --END-- [ RunTime:0.004000s ]

[ 2018-04-16T15:34:06+08:00 ] 127.0.0.1 /moban/index.php/Admin/Goods/getVip
INFO: [ app_begin ] --START--
INFO: Run Behavior\ReadHtmlCacheBehavior [ RunTime:0.003000s ]
INFO: [ app_begin ] --END-- [ RunTime:0.004000s ]
SQL: SHOW COLUMNS FROM `moban_vip` [ RunTime:0.0230s ]
SQL: SELECT * FROM `moban_vip`  [ RunTime:0.0000s ]
INFO: [ app_end ] --START--
INFO: Run Behavior\ShowPageTraceBehavior [ RunTime:0.002000s ]
INFO: [ app_end ] --END-- [ RunTime:0.002000s ]

[ 2018-04-16T15:35:04+08:00 ] 127.0.0.1 /moban/index.php/Admin/Goods/uploadImg
INFO: [ app_begin ] --START--
INFO: Run Behavior\ReadHtmlCacheBehavior [ RunTime:0.002001s ]
INFO: [ app_begin ] --END-- [ RunTime:0.003001s ]
NOTIC: [2] call_user_func() expects parameter 1 to be a valid callback, no array or string given D:\wamp\www\moban\ThinkPHP\Library\Think\Upload.class.php 第 170 行.
INFO: [ app_end ] --START--
INFO: Run Behavior\ShowPageTraceBehavior [ RunTime:0.002000s ]
INFO: [ app_end ] --END-- [ RunTime:0.002000s ]

[ 2018-04-16T15:35:30+08:00 ] 127.0.0.1 /moban/index.php/Admin/Goods/getVip
INFO: [ app_begin ] --START--
INFO: Run Behavior\ReadHtmlCacheBehavior [ RunTime:0.002000s ]
INFO: [ app_begin ] --END-- [ RunTime:0.004000s ]
SQL: SHOW COLUMNS FROM `moban_vip` [ RunTime:0.0220s ]
SQL: SELECT * FROM `moban_vip`  [ RunTime:0.0010s ]
INFO: [ app_end ] --START--
INFO: Run Behavior\ShowPageTraceBehavior [ RunTime:0.002000s ]
INFO: [ app_end ] --END-- [ RunTime:0.003000s ]

[ 2018-04-16T15:35:52+08:00 ] 127.0.0.1 /moban/index.php/Admin/Goods/uploadImg
INFO: [ app_begin ] --START--
INFO: Run Behavior\ReadHtmlCacheBehavior [ RunTime:0.002001s ]
INFO: [ app_begin ] --END-- [ RunTime:0.003001s ]
NOTIC: [2] call_user_func() expects parameter 1 to be a valid callback, no array or string given D:\wamp\www\moban\ThinkPHP\Library\Think\Upload.class.php 第 170 行.
INFO: [ app_end ] --START--
INFO: Run Behavior\ShowPageTraceBehavior [ RunTime:0.002000s ]
INFO: [ app_end ] --END-- [ RunTime:0.002000s ]

[ 2018-04-16T15:36:25+08:00 ] 127.0.0.1 /moban/index.php/Admin/Goods/getVip
INFO: [ app_begin ] --START--
INFO: Run Behavior\ReadHtmlCacheBehavior [ RunTime:0.002000s ]
INFO: [ app_begin ] --END-- [ RunTime:0.003000s ]
SQL: SHOW COLUMNS FROM `moban_vip` [ RunTime:0.0140s ]
SQL: SELECT * FROM `moban_vip`  [ RunTime:0.0010s ]
INFO: [ app_end ] --START--
INFO: Run Behavior\ShowPageTraceBehavior [ RunTime:0.002000s ]
INFO: [ app_end ] --END-- [ RunTime:0.002000s ]

[ 2018-04-16T15:36:27+08:00 ] 127.0.0.1 /moban/index.php/Admin/Goods/getVip
INFO: [ app_begin ] --START--
INFO: Run Behavior\ReadHtmlCacheBehavior [ RunTime:0.002000s ]
INFO: [ app_begin ] --END-- [ RunTime:0.003000s ]
SQL: SHOW COLUMNS FROM `moban_vip` [ RunTime:0.0230s ]
SQL: SELECT * FROM `moban_vip`  [ RunTime:0.0040s ]
INFO: [ app_end ] --START--
INFO: Run Behavior\ShowPageTraceBehavior [ RunTime:0.002000s ]
INFO: [ app_end ] --END-- [ RunTime:0.002000s ]

[ 2018-04-16T15:36:57+08:00 ] 127.0.0.1 /moban/index.php/Admin/Goods/uploadImg
INFO: [ app_begin ] --START--
INFO: Run Behavior\ReadHtmlCacheBehavior [ RunTime:0.002000s ]
INFO: [ app_begin ] --END-- [ RunTime:0.003000s ]
NOTIC: [2] call_user_func() expects parameter 1 to be a valid callback, no array or string given D:\wamp\www\moban\ThinkPHP\Library\Think\Upload.class.php 第 170 行.
INFO: [ app_end ] --START--
INFO: Run Behavior\ShowPageTraceBehavior [ RunTime:0.004000s ]
INFO: [ app_end ] --END-- [ RunTime:0.005000s ]

[ 2018-04-16T15:37:23+08:00 ] 127.0.0.1 /moban/index.php/Admin/Goods/getVip
INFO: [ app_begin ] --START--
INFO: Run Behavior\ReadHtmlCacheBehavior [ RunTime:0.003000s ]
INFO: [ app_begin ] --END-- [ RunTime:0.005000s ]
SQL: SHOW COLUMNS FROM `moban_vip` [ RunTime:0.0220s ]
SQL: SELECT * FROM `moban_vip`  [ RunTime:0.0010s ]
INFO: [ app_end ] --START--
INFO: Run Behavior\ShowPageTraceBehavior [ RunTime:0.002001s ]
INFO: [ app_end ] --END-- [ RunTime:0.003001s ]

[ 2018-04-16T15:38:05+08:00 ] 127.0.0.1 /moban/index.php/Admin/Goods/uploadImg
INFO: [ app_begin ] --START--
INFO: Run Behavior\ReadHtmlCacheBehavior [ RunTime:0.005000s ]
INFO: [ app_begin ] --END-- [ RunTime:0.008001s ]
NOTIC: [2] call_user_func() expects parameter 1 to be a valid callback, no array or string given D:\wamp\www\moban\ThinkPHP\Library\Think\Upload.class.php 第 170 行.
INFO: [ app_end ] --START--
INFO: Run Behavior\ShowPageTraceBehavior [ RunTime:0.002000s ]
INFO: [ app_end ] --END-- [ RunTime:0.003000s ]

[ 2018-04-16T15:38:26+08:00 ] 127.0.0.1 /moban/index.php/Admin/Goods/getVip
INFO: [ app_begin ] --START--
INFO: Run Behavior\ReadHtmlCacheBehavior [ RunTime:0.002000s ]
INFO: [ app_begin ] --END-- [ RunTime:0.004000s ]
SQL: SHOW COLUMNS FROM `moban_vip` [ RunTime:0.0260s ]
SQL: SELECT * FROM `moban_vip`  [ RunTime:0.0000s ]
INFO: [ app_end ] --START--
INFO: Run Behavior\ShowPageTraceBehavior [ RunTime:0.002000s ]
INFO: [ app_end ] --END-- [ RunTime:0.002000s ]

[ 2018-04-16T15:39:00+08:00 ] 127.0.0.1 /moban/index.php/Admin/Goods/uploadImg
INFO: [ app_begin ] --START--
INFO: Run Behavior\ReadHtmlCacheBehavior [ RunTime:0.002000s ]
INFO: [ app_begin ] --END-- [ RunTime:0.004000s ]
NOTIC: [2] call_user_func() expects parameter 1 to be a valid callback, no array or string given D:\wamp\www\moban\ThinkPHP\Library\Think\Upload.class.php 第 170 行.
INFO: [ app_end ] --START--
INFO: Run Behavior\ShowPageTraceBehavior [ RunTime:0.002000s ]
INFO: [ app_end ] --END-- [ RunTime:0.002000s ]

[ 2018-04-16T15:39:25+08:00 ] 127.0.0.1 /moban/index.php/Admin/Goods/getVip
INFO: [ app_begin ] --START--
INFO: Run Behavior\ReadHtmlCacheBehavior [ RunTime:0.002000s ]
INFO: [ app_begin ] --END-- [ RunTime:0.005001s ]
SQL: SHOW COLUMNS FROM `moban_vip` [ RunTime:0.0200s ]
SQL: SELECT * FROM `moban_vip`  [ RunTime:0.0010s ]
INFO: [ app_end ] --START--
INFO: Run Behavior\ShowPageTraceBehavior [ RunTime:0.001000s ]
INFO: [ app_end ] --END-- [ RunTime:0.002000s ]

[ 2018-04-16T15:40:03+08:00 ] 127.0.0.1 /moban/index.php/Admin/Goods/uploadImg
INFO: [ app_begin ] --START--
INFO: Run Behavior\ReadHtmlCacheBehavior [ RunTime:0.001000s ]
INFO: [ app_begin ] --END-- [ RunTime:0.002000s ]
NOTIC: [2] call_user_func() expects parameter 1 to be a valid callback, no array or string given D:\wamp\www\moban\ThinkPHP\Library\Think\Upload.class.php 第 170 行.
INFO: [ app_end ] --START--
INFO: Run Behavior\ShowPageTraceBehavior [ RunTime:0.005000s ]
INFO: [ app_end ] --END-- [ RunTime:0.005000s ]

[ 2018-04-16T15:40:25+08:00 ] 127.0.0.1 /moban/index.php/Admin/Search/getCates
INFO: [ app_begin ] --START--
INFO: Run Behavior\ReadHtmlCacheBehavior [ RunTime:0.006000s ]
INFO: [ app_begin ] --END-- [ RunTime:0.011000s ]
SQL: SHOW COLUMNS FROM `moban_cate` [ RunTime:0.0110s ]
SQL: SHOW COLUMNS FROM `moban_goods` [ RunTime:0.0070s ]
SQL: SELECT `cate_id`,`attrtype_id` FROM `moban_goods` WHERE `id` = 54 LIMIT 1   [ RunTime:0.0000s ]
SQL: SELECT * FROM `moban_cate` WHERE `id` = 2 LIMIT 1   [ RunTime:0.0030s ]
INFO: [ app_end ] --START--
INFO: Run Behavior\ShowPageTraceBehavior [ RunTime:0.003000s ]
INFO: [ app_end ] --END-- [ RunTime:0.004000s ]

[ 2018-04-16T15:40:25+08:00 ] 127.0.0.1 /moban/index.php/Admin/Search/getAttrs
INFO: [ app_begin ] --START--
INFO: Run Behavior\ReadHtmlCacheBehavior [ RunTime:0.003000s ]
INFO: [ app_begin ] --END-- [ RunTime:0.004000s ]
SQL: SHOW COLUMNS FROM `moban_attr` [ RunTime:0.0090s ]
SQL: SELECT * FROM `moban_attr` WHERE `attrtype_id` = 1  [ RunTime:0.0010s ]
SQL: SELECT * FROM `moban_attr` WHERE `parent_id` = 1  [ RunTime:0.0020s ]
INFO: [ app_end ] --START--
INFO: Run Behavior\ShowPageTraceBehavior [ RunTime:0.002001s ]
INFO: [ app_end ] --END-- [ RunTime:0.003001s ]

[ 2018-04-16T15:41:06+08:00 ] 127.0.0.1 /moban/index.php/Admin/Search/getCates
INFO: [ app_begin ] --START--
INFO: Run Behavior\ReadHtmlCacheBehavior [ RunTime:0.003000s ]
INFO: [ app_begin ] --END-- [ RunTime:0.006001s ]
SQL: SHOW COLUMNS FROM `moban_cate` [ RunTime:0.0100s ]
SQL: SHOW COLUMNS FROM `moban_goods` [ RunTime:0.0090s ]
SQL: SELECT `cate_id`,`attrtype_id` FROM `moban_goods` WHERE `id` = 55 LIMIT 1   [ RunTime:0.0010s ]
SQL: SELECT * FROM `moban_cate` WHERE `id` = 2 LIMIT 1   [ RunTime:0.0010s ]
INFO: [ app_end ] --START--
INFO: Run Behavior\ShowPageTraceBehavior [ RunTime:0.002000s ]
INFO: [ app_end ] --END-- [ RunTime:0.002000s ]

[ 2018-04-16T15:41:06+08:00 ] 127.0.0.1 /moban/index.php/Admin/Search/getAttrs
INFO: [ app_begin ] --START--
INFO: Run Behavior\ReadHtmlCacheBehavior [ RunTime:0.003000s ]
INFO: [ app_begin ] --END-- [ RunTime:0.004001s ]
SQL: SHOW COLUMNS FROM `moban_attr` [ RunTime:0.0100s ]
SQL: SELECT * FROM `moban_attr` WHERE `attrtype_id` = 1  [ RunTime:0.0020s ]
SQL: SELECT * FROM `moban_attr` WHERE `parent_id` = 1  [ RunTime:0.0010s ]
INFO: [ app_end ] --START--
INFO: Run Behavior\ShowPageTraceBehavior [ RunTime:0.002000s ]
INFO: [ app_end ] --END-- [ RunTime:0.004000s ]

[ 2018-04-16T15:41:20+08:00 ] 127.0.0.1 /moban/index.php/Admin/Search/getCates
INFO: [ app_begin ] --START--
INFO: Run Behavior\ReadHtmlCacheBehavior [ RunTime:0.002000s ]
INFO: [ app_begin ] --END-- [ RunTime:0.004000s ]
SQL: SHOW COLUMNS FROM `moban_cate` [ RunTime:0.0150s ]
SQL: SHOW COLUMNS FROM `moban_goods` [ RunTime:0.0190s ]
SQL: SELECT `cate_id`,`attrtype_id` FROM `moban_goods` WHERE `id` = 56 LIMIT 1   [ RunTime:0.0010s ]
SQL: SELECT * FROM `moban_cate` WHERE `id` = 2 LIMIT 1   [ RunTime:0.0010s ]
INFO: [ app_end ] --START--
INFO: Run Behavior\ShowPageTraceBehavior [ RunTime:0.002000s ]
INFO: [ app_end ] --END-- [ RunTime:0.003000s ]

[ 2018-04-16T15:41:20+08:00 ] 127.0.0.1 /moban/index.php/Admin/Search/getAttrs
INFO: [ app_begin ] --START--
INFO: Run Behavior\ReadHtmlCacheBehavior [ RunTime:0.003000s ]
INFO: [ app_begin ] --END-- [ RunTime:0.005000s ]
SQL: SHOW COLUMNS FROM `moban_attr` [ RunTime:0.0140s ]
SQL: SELECT * FROM `moban_attr` WHERE `attrtype_id` = 1  [ RunTime:0.0000s ]
SQL: SELECT * FROM `moban_attr` WHERE `parent_id` = 1  [ RunTime:0.0010s ]
INFO: [ app_end ] --START--
INFO: Run Behavior\ShowPageTraceBehavior [ RunTime:0.002000s ]
INFO: [ app_end ] --END-- [ RunTime:0.002000s ]

[ 2018-04-16T15:41:36+08:00 ] 127.0.0.1 /moban/index.php/Admin/Search/getCates
INFO: [ app_begin ] --START--
INFO: Run Behavior\ReadHtmlCacheBehavior [ RunTime:0.003000s ]
INFO: [ app_begin ] --END-- [ RunTime:0.004000s ]
SQL: SHOW COLUMNS FROM `moban_cate` [ RunTime:0.0090s ]
SQL: SHOW COLUMNS FROM `moban_goods` [ RunTime:0.0070s ]
SQL: SELECT `cate_id`,`attrtype_id` FROM `moban_goods` WHERE `id` = 57 LIMIT 1   [ RunTime:0.0020s ]
SQL: SELECT * FROM `moban_cate` WHERE `id` = 2 LIMIT 1   [ RunTime:0.0030s ]
INFO: [ app_end ] --START--
INFO: Run Behavior\ShowPageTraceBehavior [ RunTime:0.002000s ]
INFO: [ app_end ] --END-- [ RunTime:0.003001s ]

[ 2018-04-16T15:41:37+08:00 ] 127.0.0.1 /moban/index.php/Admin/Search/getAttrs
INFO: [ app_begin ] --START--
INFO: Run Behavior\ReadHtmlCacheBehavior [ RunTime:0.002001s ]
INFO: [ app_begin ] --END-- [ RunTime:0.006001s ]
SQL: SHOW COLUMNS FROM `moban_attr` [ RunTime:0.0180s ]
SQL: SELECT * FROM `moban_attr` WHERE `attrtype_id` = 1  [ RunTime:0.0010s ]
SQL: SELECT * FROM `moban_attr` WHERE `parent_id` = 1  [ RunTime:0.0010s ]
INFO: [ app_end ] --START--
INFO: Run Behavior\ShowPageTraceBehavior [ RunTime:0.002000s ]
INFO: [ app_end ] --END-- [ RunTime:0.002000s ]

[ 2018-04-16T15:41:52+08:00 ] 127.0.0.1 /moban/index.php/Admin/Search/getCates
INFO: [ app_begin ] --START--
INFO: Run Behavior\ReadHtmlCacheBehavior [ RunTime:0.002000s ]
INFO: [ app_begin ] --END-- [ RunTime:0.003000s ]
SQL: SHOW COLUMNS FROM `moban_cate` [ RunTime:0.0140s ]
SQL: SHOW COLUMNS FROM `moban_goods` [ RunTime:0.0170s ]
SQL: SELECT `cate_id`,`attrtype_id` FROM `moban_goods` WHERE `id` = 58 LIMIT 1   [ RunTime:0.0020s ]
SQL: SELECT * FROM `moban_cate` WHERE `id` = 2 LIMIT 1   [ RunTime:0.0010s ]
INFO: [ app_end ] --START--
INFO: Run Behavior\ShowPageTraceBehavior [ RunTime:0.003000s ]
INFO: [ app_end ] --END-- [ RunTime:0.004000s ]

[ 2018-04-16T15:41:52+08:00 ] 127.0.0.1 /moban/index.php/Admin/Search/getAttrs
INFO: [ app_begin ] --START--
INFO: Run Behavior\ReadHtmlCacheBehavior [ RunTime:0.002000s ]
INFO: [ app_begin ] --END-- [ RunTime:0.004001s ]
SQL: SHOW COLUMNS FROM `moban_attr` [ RunTime:0.0220s ]
SQL: SELECT * FROM `moban_attr` WHERE `attrtype_id` = 1  [ RunTime:0.0010s ]
SQL: SELECT * FROM `moban_attr` WHERE `parent_id` = 1  [ RunTime:0.0010s ]
INFO: [ app_end ] --START--
INFO: Run Behavior\ShowPageTraceBehavior [ RunTime:0.002000s ]
INFO: [ app_end ] --END-- [ RunTime:0.002000s ]

[ 2018-04-16T15:42:15+08:00 ] 127.0.0.1 /moban/index.php/Admin/Search/getCates
INFO: [ app_begin ] --START--
INFO: Run Behavior\ReadHtmlCacheBehavior [ RunTime:0.004000s ]
INFO: [ app_begin ] --END-- [ RunTime:0.006000s ]
SQL: SHOW COLUMNS FROM `moban_cate` [ RunTime:0.0110s ]
SQL: SHOW COLUMNS FROM `moban_goods` [ RunTime:0.0080s ]
SQL: SELECT `cate_id`,`attrtype_id` FROM `moban_goods` WHERE `id` = 59 LIMIT 1   [ RunTime:0.0010s ]
SQL: SELECT * FROM `moban_cate` WHERE `id` = 2 LIMIT 1   [ RunTime:0.0060s ]
INFO: [ app_end ] --START--
INFO: Run Behavior\ShowPageTraceBehavior [ RunTime:0.002000s ]
INFO: [ app_end ] --END-- [ RunTime:0.002000s ]

[ 2018-04-16T15:42:15+08:00 ] 127.0.0.1 /moban/index.php/Admin/Search/getAttrs
INFO: [ app_begin ] --START--
INFO: Run Behavior\ReadHtmlCacheBehavior [ RunTime:0.004000s ]
INFO: [ app_begin ] --END-- [ RunTime:0.006000s ]
SQL: SHOW COLUMNS FROM `moban_attr` [ RunTime:0.0240s ]
SQL: SELECT * FROM `moban_attr` WHERE `attrtype_id` = 1  [ RunTime:0.0000s ]
SQL: SELECT * FROM `moban_attr` WHERE `parent_id` = 1  [ RunTime:0.0010s ]
INFO: [ app_end ] --START--
INFO: Run Behavior\ShowPageTraceBehavior [ RunTime:0.002001s ]
INFO: [ app_end ] --END-- [ RunTime:0.002001s ]

[ 2018-04-16T15:42:35+08:00 ] 127.0.0.1 /moban/index.php/Admin/Search/getCates
INFO: [ app_begin ] --START--
INFO: Run Behavior\ReadHtmlCacheBehavior [ RunTime:0.002000s ]
INFO: [ app_begin ] --END-- [ RunTime:0.003000s ]
SQL: SHOW COLUMNS FROM `moban_cate` [ RunTime:0.0150s ]
SQL: SHOW COLUMNS FROM `moban_goods` [ RunTime:0.0160s ]
SQL: SELECT `cate_id`,`attrtype_id` FROM `moban_goods` WHERE `id` = 60 LIMIT 1   [ RunTime:0.0010s ]
SQL: SELECT * FROM `moban_cate` WHERE `id` = 2 LIMIT 1   [ RunTime:0.0010s ]
INFO: [ app_end ] --START--
INFO: Run Behavior\ShowPageTraceBehavior [ RunTime:0.002000s ]
INFO: [ app_end ] --END-- [ RunTime:0.003000s ]

[ 2018-04-16T15:42:35+08:00 ] 127.0.0.1 /moban/index.php/Admin/Search/getAttrs
INFO: [ app_begin ] --START--
INFO: Run Behavior\ReadHtmlCacheBehavior [ RunTime:0.003000s ]
INFO: [ app_begin ] --END-- [ RunTime:0.004000s ]
SQL: SHOW COLUMNS FROM `moban_attr` [ RunTime:0.0220s ]
SQL: SELECT * FROM `moban_attr` WHERE `attrtype_id` = 1  [ RunTime:0.0010s ]
SQL: SELECT * FROM `moban_attr` WHERE `parent_id` = 1  [ RunTime:0.0010s ]
INFO: [ app_end ] --START--
INFO: Run Behavior\ShowPageTraceBehavior [ RunTime:0.001001s ]
INFO: [ app_end ] --END-- [ RunTime:0.001001s ]

[ 2018-04-16T15:42:59+08:00 ] 127.0.0.1 /moban/index.php/Admin/Search/getCates
INFO: [ app_begin ] --START--
INFO: Run Behavior\ReadHtmlCacheBehavior [ RunTime:0.002001s ]
INFO: [ app_begin ] --END-- [ RunTime:0.004001s ]
SQL: SHOW COLUMNS FROM `moban_cate` [ RunTime:0.0110s ]
SQL: SHOW COLUMNS FROM `moban_goods` [ RunTime:0.0140s ]
SQL: SELECT `cate_id`,`attrtype_id` FROM `moban_goods` WHERE `id` = 61 LIMIT 1   [ RunTime:0.0010s ]
SQL: SELECT * FROM `moban_cate` WHERE `id` = 2 LIMIT 1   [ RunTime:0.0010s ]
INFO: [ app_end ] --START--
INFO: Run Behavior\ShowPageTraceBehavior [ RunTime:0.003000s ]
INFO: [ app_end ] --END-- [ RunTime:0.004000s ]

[ 2018-04-16T15:42:59+08:00 ] 127.0.0.1 /moban/index.php/Admin/Search/getAttrs
INFO: [ app_begin ] --START--
INFO: Run Behavior\ReadHtmlCacheBehavior [ RunTime:0.002000s ]
INFO: [ app_begin ] --END-- [ RunTime:0.003000s ]
SQL: SHOW COLUMNS FROM `moban_attr` [ RunTime:0.0170s ]
SQL: SELECT * FROM `moban_attr` WHERE `attrtype_id` = 0  [ RunTime:0.0010s ]
INFO: [ app_end ] --START--
INFO: Run Behavior\ShowPageTraceBehavior [ RunTime:0.001000s ]
INFO: [ app_end ] --END-- [ RunTime:0.002000s ]

[ 2018-04-16T15:43:05+08:00 ] 127.0.0.1 /moban/index.php/Admin/Search/getCates
INFO: [ app_begin ] --START--
INFO: Run Behavior\ReadHtmlCacheBehavior [ RunTime:0.005000s ]
INFO: [ app_begin ] --END-- [ RunTime:0.007000s ]
SQL: SHOW COLUMNS FROM `moban_cate` [ RunTime:0.0210s ]
SQL: SHOW COLUMNS FROM `moban_goods` [ RunTime:0.0250s ]
SQL: SELECT `cate_id`,`attrtype_id` FROM `moban_goods` WHERE `id` = 61 LIMIT 1   [ RunTime:0.0010s ]
SQL: SELECT * FROM `moban_cate` WHERE `id` = 2 LIMIT 1   [ RunTime:0.0010s ]
INFO: [ app_end ] --START--
INFO: Run Behavior\ShowPageTraceBehavior [ RunTime:0.001000s ]
INFO: [ app_end ] --END-- [ RunTime:0.002000s ]

[ 2018-04-16T15:43:05+08:00 ] 127.0.0.1 /moban/index.php/Admin/Search/getAttrs
INFO: [ app_begin ] --START--
INFO: Run Behavior\ReadHtmlCacheBehavior [ RunTime:0.001000s ]
INFO: [ app_begin ] --END-- [ RunTime:0.003000s ]
SQL: SHOW COLUMNS FROM `moban_attr` [ RunTime:0.0260s ]
SQL: SELECT * FROM `moban_attr` WHERE `attrtype_id` = 0  [ RunTime:0.0010s ]
INFO: [ app_end ] --START--
INFO: Run Behavior\ShowPageTraceBehavior [ RunTime:0.002000s ]
INFO: [ app_end ] --END-- [ RunTime:0.002000s ]

[ 2018-04-16T15:43:15+08:00 ] 127.0.0.1 /moban/index.php/Admin/Search/getCates
INFO: [ app_begin ] --START--
INFO: Run Behavior\ReadHtmlCacheBehavior [ RunTime:0.003000s ]
INFO: [ app_begin ] --END-- [ RunTime:0.005000s ]
SQL: SHOW COLUMNS FROM `moban_cate` [ RunTime:0.0110s ]
SQL: SHOW COLUMNS FROM `moban_goods` [ RunTime:0.0200s ]
SQL: SELECT `cate_id`,`attrtype_id` FROM `moban_goods` WHERE `id` = 61 LIMIT 1   [ RunTime:0.0020s ]
SQL: SELECT * FROM `moban_cate` WHERE `id` = 2 LIMIT 1   [ RunTime:0.0010s ]
INFO: [ app_end ] --START--
INFO: Run Behavior\ShowPageTraceBehavior [ RunTime:0.002000s ]
INFO: [ app_end ] --END-- [ RunTime:0.003000s ]

[ 2018-04-16T15:43:15+08:00 ] 127.0.0.1 /moban/index.php/Admin/Search/getAttrs
INFO: [ app_begin ] --START--
INFO: Run Behavior\ReadHtmlCacheBehavior [ RunTime:0.001000s ]
INFO: [ app_begin ] --END-- [ RunTime:0.003000s ]
SQL: SHOW COLUMNS FROM `moban_attr` [ RunTime:0.0220s ]
SQL: SELECT * FROM `moban_attr` WHERE `attrtype_id` = 0  [ RunTime:0.0010s ]
INFO: [ app_end ] --START--
INFO: Run Behavior\ShowPageTraceBehavior [ RunTime:0.001000s ]
INFO: [ app_end ] --END-- [ RunTime:0.002000s ]

[ 2018-04-16T15:43:21+08:00 ] 127.0.0.1 /moban/index.php/Admin/Search/getCates
INFO: [ app_begin ] --START--
INFO: Run Behavior\ReadHtmlCacheBehavior [ RunTime:0.003000s ]
INFO: [ app_begin ] --END-- [ RunTime:0.005000s ]
SQL: SHOW COLUMNS FROM `moban_cate` [ RunTime:0.0100s ]
SQL: SHOW COLUMNS FROM `moban_goods` [ RunTime:0.0220s ]
SQL: SELECT `cate_id`,`attrtype_id` FROM `moban_goods` WHERE `id` = 62 LIMIT 1   [ RunTime:0.0000s ]
SQL: SELECT * FROM `moban_cate` WHERE `id` = 2 LIMIT 1   [ RunTime:0.0010s ]
INFO: [ app_end ] --START--
INFO: Run Behavior\ShowPageTraceBehavior [ RunTime:0.002000s ]
INFO: [ app_end ] --END-- [ RunTime:0.002000s ]

[ 2018-04-16T15:43:21+08:00 ] 127.0.0.1 /moban/index.php/Admin/Search/getAttrs
INFO: [ app_begin ] --START--
INFO: Run Behavior\ReadHtmlCacheBehavior [ RunTime:0.003000s ]
INFO: [ app_begin ] --END-- [ RunTime:0.006000s ]
SQL: SHOW COLUMNS FROM `moban_attr` [ RunTime:0.0200s ]
SQL: SELECT * FROM `moban_attr` WHERE `attrtype_id` = 1  [ RunTime:0.0030s ]
SQL: SELECT * FROM `moban_attr` WHERE `parent_id` = 1  [ RunTime:0.0010s ]
INFO: [ app_end ] --START--
INFO: Run Behavior\ShowPageTraceBehavior [ RunTime:0.002001s ]
INFO: [ app_end ] --END-- [ RunTime:0.003001s ]

[ 2018-04-16T15:43:50+08:00 ] 127.0.0.1 /moban/index.php/Admin/Search/getCates
INFO: [ app_begin ] --START--
INFO: Run Behavior\ReadHtmlCacheBehavior [ RunTime:0.002000s ]
INFO: [ app_begin ] --END-- [ RunTime:0.004000s ]
SQL: SHOW COLUMNS FROM `moban_cate` [ RunTime:0.0170s ]
SQL: SHOW COLUMNS FROM `moban_goods` [ RunTime:0.0230s ]
SQL: SELECT `cate_id`,`attrtype_id` FROM `moban_goods` WHERE `id` = 61 LIMIT 1   [ RunTime:0.0020s ]
SQL: SELECT * FROM `moban_cate` WHERE `id` = 2 LIMIT 1   [ RunTime:0.0030s ]
INFO: [ app_end ] --START--
INFO: Run Behavior\ShowPageTraceBehavior [ RunTime:0.002000s ]
INFO: [ app_end ] --END-- [ RunTime:0.002000s ]

[ 2018-04-16T15:43:50+08:00 ] 127.0.0.1 /moban/index.php/Admin/Search/getAttrs
INFO: [ app_begin ] --START--
INFO: Run Behavior\ReadHtmlCacheBehavior [ RunTime:0.002000s ]
INFO: [ app_begin ] --END-- [ RunTime:0.003000s ]
SQL: SHOW COLUMNS FROM `moban_attr` [ RunTime:0.0220s ]
SQL: SELECT * FROM `moban_attr` WHERE `attrtype_id` = 1  [ RunTime:0.0020s ]
SQL: SELECT * FROM `moban_attr` WHERE `parent_id` = 1  [ RunTime:0.0010s ]
INFO: [ app_end ] --START--
INFO: Run Behavior\ShowPageTraceBehavior [ RunTime:0.005001s ]
INFO: [ app_end ] --END-- [ RunTime:0.005001s ]

[ 2018-04-16T15:44:04+08:00 ] 127.0.0.1 /moban/index.php/Admin/Search/getCates
INFO: [ app_begin ] --START--
INFO: Run Behavior\ReadHtmlCacheBehavior [ RunTime:0.005000s ]
INFO: [ app_begin ] --END-- [ RunTime:0.006000s ]
SQL: SHOW COLUMNS FROM `moban_cate` [ RunTime:0.0230s ]
SQL: SHOW COLUMNS FROM `moban_goods` [ RunTime:0.0220s ]
SQL: SELECT `cate_id`,`attrtype_id` FROM `moban_goods` WHERE `id` = 62 LIMIT 1   [ RunTime:0.0020s ]
SQL: SELECT * FROM `moban_cate` WHERE `id` = 2 LIMIT 1   [ RunTime:0.0010s ]
INFO: [ app_end ] --START--
INFO: Run Behavior\ShowPageTraceBehavior [ RunTime:0.002001s ]
INFO: [ app_end ] --END-- [ RunTime:0.002001s ]

[ 2018-04-16T15:44:05+08:00 ] 127.0.0.1 /moban/index.php/Admin/Search/getAttrs
INFO: [ app_begin ] --START--
INFO: Run Behavior\ReadHtmlCacheBehavior [ RunTime:0.002000s ]
INFO: [ app_begin ] --END-- [ RunTime:0.005000s ]
SQL: SHOW COLUMNS FROM `moban_attr` [ RunTime:0.0210s ]
SQL: SELECT * FROM `moban_attr` WHERE `attrtype_id` = 1  [ RunTime:0.0010s ]
SQL: SELECT * FROM `moban_attr` WHERE `parent_id` = 1  [ RunTime:0.0010s ]
INFO: [ app_end ] --START--
INFO: Run Behavior\ShowPageTraceBehavior [ RunTime:0.002000s ]
INFO: [ app_end ] --END-- [ RunTime:0.002000s ]

