[ 2018-01-05T09:51:10+08:00 ] 127.0.0.1 /moban/index.php/Admin/Login/login
INFO: [ app_begin ] --START--
INFO: Run Behavior\ReadHtmlCacheBehavior [ RunTime:0.000000s ]
INFO: [ app_begin ] --END-- [ RunTime:0.000000s ]
NOTIC: [8] Use of undefined constant regex - assumed 'regex' D:\wamp\www\moban\ThinkPHP\Common\functions.php 第 588 行.
NOTIC: [8] Use of undefined constant regex - assumed 'regex' D:\wamp\www\moban\ThinkPHP\Common\functions.php 第 588 行.
SQL: SHOW COLUMNS FROM `muban_admin` [ RunTime:3.2136s ]
NOTIC: [8] Undefined index: validate D:\wamp\www\moban\ThinkPHP\Library\Think\Model.class.php 第 1185 行.
NOTIC: [8] Undefined index: auto D:\wamp\www\moban\ThinkPHP\Library\Think\Model.class.php 第 1128 行.
SQL: SELECT * FROM `muban_admin` WHERE `username` = 'admin' LIMIT 1   [ RunTime:0.1716s ]
SQL: UPDATE `muban_admin` SET `login_time`=NOW(),`login_ip`='2130706433' WHERE `username` = 'admin' [ RunTime:0.6708s ]

[ 2018-01-05T09:51:10+08:00 ] 127.0.0.1 /moban/index.php/Admin/Login/login
INFO: [ app_begin ] --START--
INFO: Run Behavior\ReadHtmlCacheBehavior [ RunTime:0.000000s ]
INFO: [ app_begin ] --END-- [ RunTime:0.000000s ]
NOTIC: [8] Use of undefined constant regex - assumed 'regex' D:\wamp\www\moban\ThinkPHP\Common\functions.php 第 588 行.
NOTIC: [8] Use of undefined constant regex - assumed 'regex' D:\wamp\www\moban\ThinkPHP\Common\functions.php 第 588 行.
SQL: SHOW COLUMNS FROM `muban_admin` [ RunTime:0.0000s ]

[ 2018-01-05T10:00:27+08:00 ] 127.0.0.1 /moban/index.php/Admin/Goods/undefinedlang/zh-cn/zh-cn.js
ERR: 非法操作:undefinedlang

[ 2018-01-05T10:00:27+08:00 ] 127.0.0.1 /moban/index.php/Admin/Goods/undefinedthemes/default/css/ueditor.css
ERR: 非法操作:undefinedthemes

[ 2018-01-05T10:00:29+08:00 ] 127.0.0.1 /moban/index.php/Admin/Goods/undefinedlang/zh-cn/zh-cn.js
ERR: 非法操作:undefinedlang

[ 2018-01-05T10:00:29+08:00 ] 127.0.0.1 /moban/index.php/Admin/Goods/undefinedthemes/default/css/ueditor.css
ERR: 非法操作:undefinedthemes

[ 2018-01-05T10:08:33+08:00 ] 127.0.0.1 /moban/index.php/Admin/Goods/undefinedlang/zh-cn/zh-cn.js
ERR: 非法操作:undefinedlang

[ 2018-01-05T10:08:33+08:00 ] 127.0.0.1 /moban/index.php/Admin/Goods/undefinedthemes/default/css/ueditor.css
ERR: 非法操作:undefinedthemes

[ 2018-01-05T12:52:43+08:00 ] 127.0.0.1 /moban/index.php/Admin/Login/login
INFO: [ app_begin ] --START--
INFO: Run Behavior\ReadHtmlCacheBehavior [ RunTime:0.000000s ]
INFO: [ app_begin ] --END-- [ RunTime:0.000000s ]
NOTIC: [8] Use of undefined constant regex - assumed 'regex' D:\wamp\www\moban\ThinkPHP\Common\functions.php 第 588 行.
NOTIC: [8] Use of undefined constant regex - assumed 'regex' D:\wamp\www\moban\ThinkPHP\Common\functions.php 第 588 行.
SQL: SHOW COLUMNS FROM `muban_admin` [ RunTime:0.0080s ]
NOTIC: [8] Undefined index: validate D:\wamp\www\moban\ThinkPHP\Library\Think\Model.class.php 第 1185 行.
NOTIC: [8] Undefined index: auto D:\wamp\www\moban\ThinkPHP\Library\Think\Model.class.php 第 1128 行.
SQL: SELECT * FROM `muban_admin` WHERE `username` = 'admin' LIMIT 1   [ RunTime:0.0140s ]
SQL: UPDATE `muban_admin` SET `login_time`=NOW(),`login_ip`='2130706433' WHERE `username` = 'admin' [ RunTime:0.0420s ]

[ 2018-01-05T14:01:39+08:00 ] 127.0.0.1 /moban/index.php/Admin/Login/login
INFO: [ app_begin ] --START--
INFO: Run Behavior\ReadHtmlCacheBehavior [ RunTime:0.000000s ]
INFO: [ app_begin ] --END-- [ RunTime:0.000000s ]
NOTIC: [8] Use of undefined constant regex - assumed 'regex' D:\wamp\www\moban\ThinkPHP\Common\functions.php 第 588 行.
NOTIC: [8] Use of undefined constant regex - assumed 'regex' D:\wamp\www\moban\ThinkPHP\Common\functions.php 第 588 行.
SQL: SHOW COLUMNS FROM `muban_admin` [ RunTime:0.0050s ]

[ 2018-01-05T14:01:45+08:00 ] 127.0.0.1 /moban/index.php/Admin/Login/login
INFO: [ app_begin ] --START--
INFO: Run Behavior\ReadHtmlCacheBehavior [ RunTime:0.000000s ]
INFO: [ app_begin ] --END-- [ RunTime:0.000000s ]
NOTIC: [8] Use of undefined constant regex - assumed 'regex' D:\wamp\www\moban\ThinkPHP\Common\functions.php 第 588 行.
NOTIC: [8] Use of undefined constant regex - assumed 'regex' D:\wamp\www\moban\ThinkPHP\Common\functions.php 第 588 行.
SQL: SHOW COLUMNS FROM `muban_admin` [ RunTime:0.0050s ]
NOTIC: [8] Undefined index: validate D:\wamp\www\moban\ThinkPHP\Library\Think\Model.class.php 第 1185 行.
NOTIC: [8] Undefined index: auto D:\wamp\www\moban\ThinkPHP\Library\Think\Model.class.php 第 1128 行.
SQL: SELECT * FROM `muban_admin` WHERE `username` = 'admin' LIMIT 1   [ RunTime:0.0010s ]
SQL: UPDATE `muban_admin` SET `login_time`=NOW(),`login_ip`='2130706433' WHERE `username` = 'admin' [ RunTime:0.0040s ]

[ 2018-01-05T14:41:14+08:00 ] 127.0.0.1 /moban/index.php/Admin/Goods/add
INFO: [ app_begin ] --START--
INFO: Run Behavior\ReadHtmlCacheBehavior [ RunTime:0.001000s ]
INFO: [ app_begin ] --END-- [ RunTime:0.001000s ]
NOTIC: [8] Use of undefined constant regex - assumed 'regex' D:\wamp\www\moban\ThinkPHP\Common\functions.php 第 588 行.
SQL: SHOW COLUMNS FROM `muban_goods` [ RunTime:0.0020s ]

[ 2018-01-05T14:41:22+08:00 ] 127.0.0.1 /moban/index.php/Admin/Goods/add
INFO: [ app_begin ] --START--
INFO: Run Behavior\ReadHtmlCacheBehavior [ RunTime:0.000000s ]
INFO: [ app_begin ] --END-- [ RunTime:0.001000s ]
NOTIC: [8] Use of undefined constant regex - assumed 'regex' D:\wamp\www\moban\ThinkPHP\Common\functions.php 第 588 行.
SQL: SHOW COLUMNS FROM `muban_goods` [ RunTime:0.0010s ]

[ 2018-01-05T14:41:25+08:00 ] 127.0.0.1 /moban/index.php/Admin/Goods/add
INFO: [ app_begin ] --START--
INFO: Run Behavior\ReadHtmlCacheBehavior [ RunTime:0.000000s ]
INFO: [ app_begin ] --END-- [ RunTime:0.001000s ]
NOTIC: [8] Use of undefined constant regex - assumed 'regex' D:\wamp\www\moban\ThinkPHP\Common\functions.php 第 588 行.
SQL: SHOW COLUMNS FROM `muban_goods` [ RunTime:0.0020s ]

[ 2018-01-05T14:41:52+08:00 ] 127.0.0.1 /moban/index.php/Admin/Goods/add
INFO: [ app_begin ] --START--
INFO: Run Behavior\ReadHtmlCacheBehavior [ RunTime:0.000000s ]
INFO: [ app_begin ] --END-- [ RunTime:0.000000s ]
NOTIC: [8] Use of undefined constant regex - assumed 'regex' D:\wamp\www\moban\ThinkPHP\Common\functions.php 第 588 行.
SQL: SHOW COLUMNS FROM `muban_goods` [ RunTime:0.0020s ]

[ 2018-01-05T14:41:52+08:00 ] 127.0.0.1 /moban/index.php/Admin/Goods/undefined
ERR: 非法操作:undefined

[ 2018-01-05T14:41:54+08:00 ] 127.0.0.1 /moban/index.php/Admin/Goods/undefined
ERR: 非法操作:undefined

[ 2018-01-05T14:42:46+08:00 ] 127.0.0.1 /moban/index.php/Admin/Goods/add
INFO: [ app_begin ] --START--
INFO: Run Behavior\ReadHtmlCacheBehavior [ RunTime:0.000000s ]
INFO: [ app_begin ] --END-- [ RunTime:0.000000s ]
NOTIC: [8] Use of undefined constant regex - assumed 'regex' D:\wamp\www\moban\ThinkPHP\Common\functions.php 第 588 行.
SQL: SHOW COLUMNS FROM `muban_goods` [ RunTime:0.0170s ]

[ 2018-01-05T14:50:08+08:00 ] 127.0.0.1 /moban/index.php/Admin/Goods/add
INFO: [ app_begin ] --START--
INFO: Run Behavior\ReadHtmlCacheBehavior [ RunTime:0.000000s ]
INFO: [ app_begin ] --END-- [ RunTime:0.001000s ]
NOTIC: [8] Use of undefined constant regex - assumed 'regex' D:\wamp\www\moban\ThinkPHP\Common\functions.php 第 588 行.
SQL: SHOW COLUMNS FROM `muban_goods` [ RunTime:0.0030s ]

[ 2018-01-05T14:52:36+08:00 ] 127.0.0.1 /moban/index.php/Admin/Goods/add
INFO: [ app_begin ] --START--
INFO: Run Behavior\ReadHtmlCacheBehavior [ RunTime:0.001000s ]
INFO: [ app_begin ] --END-- [ RunTime:0.001000s ]
NOTIC: [8] Use of undefined constant regex - assumed 'regex' D:\wamp\www\moban\ThinkPHP\Common\functions.php 第 588 行.
SQL: SHOW COLUMNS FROM `muban_goods` [ RunTime:0.0080s ]
INFO: [ app_end ] --START--
INFO: Run Behavior\ShowPageTraceBehavior [ RunTime:0.001000s ]
INFO: [ app_end ] --END-- [ RunTime:0.001000s ]

[ 2018-01-05T14:54:04+08:00 ] 127.0.0.1 /moban/index.php/Admin/Goods/add
INFO: [ app_begin ] --START--
INFO: Run Behavior\ReadHtmlCacheBehavior [ RunTime:0.000000s ]
INFO: [ app_begin ] --END-- [ RunTime:0.002000s ]
NOTIC: [8] Use of undefined constant regex - assumed 'regex' D:\wamp\www\moban\ThinkPHP\Common\functions.php 第 588 行.
SQL: SHOW COLUMNS FROM `muban_goods` [ RunTime:0.0060s ]
NOTIC: [8] Undefined variable: str D:\wamp\www\moban\Application\Common\Common\function.php 第 16 行.
INFO: [ app_end ] --START--
INFO: Run Behavior\ShowPageTraceBehavior [ RunTime:0.001000s ]
INFO: [ app_end ] --END-- [ RunTime:0.001000s ]

[ 2018-01-05T14:55:10+08:00 ] 127.0.0.1 /moban/index.php/Admin/Goods/add
INFO: [ app_begin ] --START--
INFO: Run Behavior\ReadHtmlCacheBehavior [ RunTime:0.000000s ]
INFO: [ app_begin ] --END-- [ RunTime:0.001000s ]
NOTIC: [8] Use of undefined constant regex - assumed 'regex' D:\wamp\www\moban\ThinkPHP\Common\functions.php 第 588 行.
SQL: SHOW COLUMNS FROM `muban_goods` [ RunTime:0.0040s ]
NOTIC: [8] Undefined variable: str D:\wamp\www\moban\Application\Common\Common\function.php 第 16 行.
NOTIC: [8] Undefined variable: str D:\wamp\www\moban\Application\Common\Common\function.php 第 16 行.
NOTIC: [8] Undefined variable: str D:\wamp\www\moban\Application\Common\Common\function.php 第 16 行.
INFO: [ app_end ] --START--
INFO: Run Behavior\ShowPageTraceBehavior [ RunTime:0.003000s ]
INFO: [ app_end ] --END-- [ RunTime:0.003000s ]

[ 2018-01-05T14:59:38+08:00 ] 127.0.0.1 /moban/index.php/Admin/Goods/add
INFO: [ app_begin ] --START--
INFO: Run Behavior\ReadHtmlCacheBehavior [ RunTime:0.000000s ]
INFO: [ app_begin ] --END-- [ RunTime:0.001000s ]
NOTIC: [8] Use of undefined constant regex - assumed 'regex' D:\wamp\www\moban\ThinkPHP\Common\functions.php 第 588 行.
SQL: SHOW COLUMNS FROM `muban_goods` [ RunTime:0.0050s ]
INFO: [ app_end ] --START--
INFO: Run Behavior\ShowPageTraceBehavior [ RunTime:0.000000s ]
INFO: [ app_end ] --END-- [ RunTime:0.000000s ]

[ 2018-01-05T15:01:44+08:00 ] 127.0.0.1 /moban/index.php/Admin/Goods/add
INFO: [ app_begin ] --START--
INFO: Run Behavior\ReadHtmlCacheBehavior [ RunTime:0.001000s ]
INFO: [ app_begin ] --END-- [ RunTime:0.001000s ]
NOTIC: [8] Use of undefined constant regex - assumed 'regex' D:\wamp\www\moban\ThinkPHP\Common\functions.php 第 588 行.
SQL: SHOW COLUMNS FROM `muban_goods` [ RunTime:0.0020s ]
INFO: [ app_end ] --START--
INFO: Run Behavior\ShowPageTraceBehavior [ RunTime:0.001000s ]
INFO: [ app_end ] --END-- [ RunTime:0.001000s ]

[ 2018-01-05T15:05:05+08:00 ] 127.0.0.1 /moban/index.php/Admin/Goods/add
INFO: [ app_begin ] --START--
INFO: Run Behavior\ReadHtmlCacheBehavior [ RunTime:0.000000s ]
INFO: [ app_begin ] --END-- [ RunTime:0.000000s ]
NOTIC: [8] Use of undefined constant regex - assumed 'regex' D:\wamp\www\moban\ThinkPHP\Common\functions.php 第 588 行.
SQL: SHOW COLUMNS FROM `muban_goods` [ RunTime:0.0050s ]
INFO: [ app_end ] --START--
INFO: Run Behavior\ShowPageTraceBehavior [ RunTime:0.001000s ]
INFO: [ app_end ] --END-- [ RunTime:0.001000s ]

[ 2018-01-05T15:36:09+08:00 ] 127.0.0.1 /moban/index.php/Admin/Goods/add
INFO: [ app_begin ] --START--
INFO: Run Behavior\ReadHtmlCacheBehavior [ RunTime:0.001000s ]
INFO: [ app_begin ] --END-- [ RunTime:0.003000s ]
NOTIC: [8] Use of undefined constant regex - assumed 'regex' D:\wamp\www\moban\ThinkPHP\Common\functions.php 第 588 行.
SQL: SHOW COLUMNS FROM `muban_goods` [ RunTime:0.0030s ]
INFO: [ app_end ] --START--
INFO: Run Behavior\ShowPageTraceBehavior [ RunTime:0.002000s ]
INFO: [ app_end ] --END-- [ RunTime:0.002000s ]

[ 2018-01-05T17:15:55+08:00 ] 127.0.0.1 /moban/index.php/Admin/Goods/add
INFO: [ app_begin ] --START--
INFO: Run Behavior\ReadHtmlCacheBehavior [ RunTime:0.000000s ]
INFO: [ app_begin ] --END-- [ RunTime:0.001000s ]
NOTIC: [8] Use of undefined constant regex - assumed 'regex' D:\wamp\www\moban\ThinkPHP\Common\functions.php 第 588 行.
SQL: SHOW COLUMNS FROM `muban_goods` [ RunTime:0.0010s ]
NOTIC: [2] json_decode() expects parameter 1 to be string, array given D:\wamp\www\moban\Application\Admin\Controller\GoodsController.class.php 第 42 行.
INFO: [ app_end ] --START--
INFO: Run Behavior\ShowPageTraceBehavior [ RunTime:0.000000s ]
INFO: [ app_end ] --END-- [ RunTime:0.000000s ]

[ 2018-01-05T17:21:21+08:00 ] 127.0.0.1 /moban/index.php/Admin/Goods/add
INFO: [ app_begin ] --START--
INFO: Run Behavior\ReadHtmlCacheBehavior [ RunTime:0.001000s ]
INFO: [ app_begin ] --END-- [ RunTime:0.001000s ]
NOTIC: [8] Use of undefined constant regex - assumed 'regex' D:\wamp\www\moban\ThinkPHP\Common\functions.php 第 588 行.
SQL: SHOW COLUMNS FROM `muban_goods` [ RunTime:0.0010s ]
NOTIC: [2] json_decode() expects parameter 1 to be string, array given D:\wamp\www\moban\Application\Admin\Controller\GoodsController.class.php 第 42 行.
INFO: [ app_end ] --START--
INFO: Run Behavior\ShowPageTraceBehavior [ RunTime:0.001000s ]
INFO: [ app_end ] --END-- [ RunTime:0.001000s ]

[ 2018-01-05T17:26:36+08:00 ] 127.0.0.1 /moban/index.php/Admin/Goods/add
INFO: [ app_begin ] --START--
INFO: Run Behavior\ReadHtmlCacheBehavior [ RunTime:0.000000s ]
INFO: [ app_begin ] --END-- [ RunTime:0.000000s ]
NOTIC: [8] Use of undefined constant regex - assumed 'regex' D:\wamp\www\moban\ThinkPHP\Common\functions.php 第 588 行.
SQL: SHOW COLUMNS FROM `muban_goods` [ RunTime:0.0020s ]
INFO: [ app_end ] --START--
INFO: Run Behavior\ShowPageTraceBehavior [ RunTime:0.000000s ]
INFO: [ app_end ] --END-- [ RunTime:0.000000s ]

[ 2018-01-05T17:27:13+08:00 ] 127.0.0.1 /moban/index.php/Admin/Goods/add
INFO: [ app_begin ] --START--
INFO: Run Behavior\ReadHtmlCacheBehavior [ RunTime:0.000000s ]
INFO: [ app_begin ] --END-- [ RunTime:0.001000s ]
NOTIC: [8] Use of undefined constant regex - assumed 'regex' D:\wamp\www\moban\ThinkPHP\Common\functions.php 第 588 行.
SQL: SHOW COLUMNS FROM `muban_goods` [ RunTime:0.0350s ]
INFO: [ app_end ] --START--
INFO: Run Behavior\ShowPageTraceBehavior [ RunTime:0.000000s ]
INFO: [ app_end ] --END-- [ RunTime:0.000000s ]

[ 2018-01-05T17:38:07+08:00 ] 127.0.0.1 /moban/index.php/Admin/Goods/add
INFO: [ app_begin ] --START--
INFO: Run Behavior\ReadHtmlCacheBehavior [ RunTime:0.000000s ]
INFO: [ app_begin ] --END-- [ RunTime:0.001000s ]
NOTIC: [8] Use of undefined constant regex - assumed 'regex' D:\wamp\www\moban\ThinkPHP\Common\functions.php 第 588 行.
SQL: SHOW COLUMNS FROM `muban_goods` [ RunTime:0.0040s ]
NOTIC: [2] json_decode() expects parameter 1 to be string, array given D:\wamp\www\moban\Application\Admin\Model\GoodsModel.class.php 第 26 行.
INFO: [ app_end ] --START--
INFO: Run Behavior\ShowPageTraceBehavior [ RunTime:0.001000s ]
INFO: [ app_end ] --END-- [ RunTime:0.001000s ]

[ 2018-01-05T17:39:05+08:00 ] 127.0.0.1 /moban/index.php/Admin/Goods/add
INFO: [ app_begin ] --START--
INFO: Run Behavior\ReadHtmlCacheBehavior [ RunTime:0.000000s ]
INFO: [ app_begin ] --END-- [ RunTime:0.001000s ]
NOTIC: [8] Use of undefined constant regex - assumed 'regex' D:\wamp\www\moban\ThinkPHP\Common\functions.php 第 588 行.
SQL: SHOW COLUMNS FROM `muban_goods` [ RunTime:0.0040s ]
NOTIC: [2] json_decode() expects parameter 1 to be string, array given D:\wamp\www\moban\Application\Admin\Model\GoodsModel.class.php 第 26 行.
INFO: [ app_end ] --START--
INFO: Run Behavior\ShowPageTraceBehavior [ RunTime:0.001000s ]
INFO: [ app_end ] --END-- [ RunTime:0.001000s ]

[ 2018-01-05T17:40:31+08:00 ] 127.0.0.1 /moban/index.php/Admin/Goods/add
INFO: [ app_begin ] --START--
INFO: Run Behavior\ReadHtmlCacheBehavior [ RunTime:0.001001s ]
INFO: [ app_begin ] --END-- [ RunTime:0.001001s ]
NOTIC: [8] Use of undefined constant regex - assumed 'regex' D:\wamp\www\moban\ThinkPHP\Common\functions.php 第 588 行.
SQL: SHOW COLUMNS FROM `muban_goods` [ RunTime:0.0030s ]
NOTIC: [2] json_decode() expects parameter 1 to be string, array given D:\wamp\www\moban\Application\Admin\Controller\GoodsController.class.php 第 46 行.
INFO: [ app_end ] --START--
INFO: Run Behavior\ShowPageTraceBehavior [ RunTime:0.000000s ]
INFO: [ app_end ] --END-- [ RunTime:0.000000s ]

[ 2018-01-05T17:41:18+08:00 ] 127.0.0.1 /moban/index.php/Admin/Goods/add
INFO: [ app_begin ] --START--
INFO: Run Behavior\ReadHtmlCacheBehavior [ RunTime:0.000000s ]
INFO: [ app_begin ] --END-- [ RunTime:0.000000s ]
NOTIC: [8] Use of undefined constant regex - assumed 'regex' D:\wamp\www\moban\ThinkPHP\Common\functions.php 第 588 行.
SQL: SHOW COLUMNS FROM `muban_goods` [ RunTime:0.0020s ]
NOTIC: [2] json_decode() expects parameter 1 to be string, array given D:\wamp\www\moban\Application\Admin\Controller\GoodsController.class.php 第 47 行.
INFO: [ app_end ] --START--
INFO: Run Behavior\ShowPageTraceBehavior [ RunTime:0.000000s ]
INFO: [ app_end ] --END-- [ RunTime:0.001000s ]

[ 2018-01-05T17:42:17+08:00 ] 127.0.0.1 /moban/index.php/Admin/Goods/add
INFO: [ app_begin ] --START--
INFO: Run Behavior\ReadHtmlCacheBehavior [ RunTime:0.001000s ]
INFO: [ app_begin ] --END-- [ RunTime:0.001000s ]
NOTIC: [8] Use of undefined constant regex - assumed 'regex' D:\wamp\www\moban\ThinkPHP\Common\functions.php 第 588 行.
SQL: SHOW COLUMNS FROM `muban_goods` [ RunTime:0.0020s ]
NOTIC: [2] json_decode() expects parameter 1 to be string, array given D:\wamp\www\moban\Application\Admin\Controller\GoodsController.class.php 第 47 行.
INFO: [ app_end ] --START--
INFO: Run Behavior\ShowPageTraceBehavior [ RunTime:0.001000s ]
INFO: [ app_end ] --END-- [ RunTime:0.001000s ]

[ 2018-01-05T17:51:07+08:00 ] 127.0.0.1 /moban/index.php/Admin/Goods/add
INFO: [ app_begin ] --START--
INFO: Run Behavior\ReadHtmlCacheBehavior [ RunTime:0.001000s ]
INFO: [ app_begin ] --END-- [ RunTime:0.001000s ]
NOTIC: [8] Use of undefined constant regex - assumed 'regex' D:\wamp\www\moban\ThinkPHP\Common\functions.php 第 588 行.
SQL: SHOW COLUMNS FROM `muban_goods` [ RunTime:0.0120s ]
NOTIC: [2] json_decode() expects parameter 1 to be string, array given D:\wamp\www\moban\Application\Admin\Controller\GoodsController.class.php 第 47 行.
INFO: [ app_end ] --START--
INFO: Run Behavior\ShowPageTraceBehavior [ RunTime:0.001000s ]
INFO: [ app_end ] --END-- [ RunTime:0.001000s ]

[ 2018-01-05T17:52:29+08:00 ] 127.0.0.1 /moban/index.php/Admin/Goods/add
INFO: [ app_begin ] --START--
INFO: Run Behavior\ReadHtmlCacheBehavior [ RunTime:0.001000s ]
INFO: [ app_begin ] --END-- [ RunTime:0.002000s ]
NOTIC: [8] Use of undefined constant regex - assumed 'regex' D:\wamp\www\moban\ThinkPHP\Common\functions.php 第 588 行.
SQL: SHOW COLUMNS FROM `muban_goods` [ RunTime:0.0030s ]
NOTIC: [2] json_decode() expects parameter 1 to be string, array given D:\wamp\www\moban\Application\Admin\Controller\GoodsController.class.php 第 47 行.
INFO: [ app_end ] --START--
INFO: Run Behavior\ShowPageTraceBehavior [ RunTime:0.001000s ]
INFO: [ app_end ] --END-- [ RunTime:0.002000s ]

[ 2018-01-05T17:53:40+08:00 ] 127.0.0.1 /moban/index.php/Admin/Goods/add
INFO: [ app_begin ] --START--
INFO: Run Behavior\ReadHtmlCacheBehavior [ RunTime:0.000000s ]
INFO: [ app_begin ] --END-- [ RunTime:0.000000s ]
NOTIC: [8] Use of undefined constant regex - assumed 'regex' D:\wamp\www\moban\ThinkPHP\Common\functions.php 第 588 行.
SQL: SHOW COLUMNS FROM `muban_goods` [ RunTime:0.0030s ]
INFO: [ app_end ] --START--
INFO: Run Behavior\ShowPageTraceBehavior [ RunTime:0.002000s ]
INFO: [ app_end ] --END-- [ RunTime:0.002000s ]

[ 2018-01-05T17:58:15+08:00 ] 127.0.0.1 /moban/index.php/Admin/Goods/add
INFO: [ app_begin ] --START--
INFO: Run Behavior\ReadHtmlCacheBehavior [ RunTime:0.000000s ]
INFO: [ app_begin ] --END-- [ RunTime:0.001000s ]
NOTIC: [8] Use of undefined constant regex - assumed 'regex' D:\wamp\www\moban\ThinkPHP\Common\functions.php 第 588 行.
SQL: SHOW COLUMNS FROM `muban_goods` [ RunTime:0.0020s ]
INFO: [ app_end ] --START--
INFO: Run Behavior\ShowPageTraceBehavior [ RunTime:0.001000s ]
INFO: [ app_end ] --END-- [ RunTime:0.001000s ]

[ 2018-01-05T17:58:59+08:00 ] 127.0.0.1 /moban/index.php/Admin/Goods/add
INFO: [ app_begin ] --START--
INFO: Run Behavior\ReadHtmlCacheBehavior [ RunTime:0.000000s ]
INFO: [ app_begin ] --END-- [ RunTime:0.001000s ]
NOTIC: [8] Use of undefined constant regex - assumed 'regex' D:\wamp\www\moban\ThinkPHP\Common\functions.php 第 588 行.
SQL: SHOW COLUMNS FROM `muban_goods` [ RunTime:0.0300s ]

[ 2018-01-05T17:59:28+08:00 ] 127.0.0.1 /moban/index.php/Admin/Goods/add
INFO: [ app_begin ] --START--
INFO: Run Behavior\ReadHtmlCacheBehavior [ RunTime:0.001000s ]
INFO: [ app_begin ] --END-- [ RunTime:0.002000s ]
NOTIC: [8] Use of undefined constant regex - assumed 'regex' D:\wamp\www\moban\ThinkPHP\Common\functions.php 第 588 行.
SQL: SHOW COLUMNS FROM `muban_goods` [ RunTime:0.0240s ]
NOTIC: [4096] Object of class stdClass could not be converted to string D:\wamp\www\moban\Application\Admin\Controller\GoodsController.class.php 第 48 行.
INFO: [ app_end ] --START--
INFO: Run Behavior\ShowPageTraceBehavior [ RunTime:0.001000s ]
INFO: [ app_end ] --END-- [ RunTime:0.001000s ]

[ 2018-01-05T18:00:12+08:00 ] 127.0.0.1 /moban/index.php/Admin/Goods/add
INFO: [ app_begin ] --START--
INFO: Run Behavior\ReadHtmlCacheBehavior [ RunTime:0.001000s ]
INFO: [ app_begin ] --END-- [ RunTime:0.001000s ]
NOTIC: [8] Use of undefined constant regex - assumed 'regex' D:\wamp\www\moban\ThinkPHP\Common\functions.php 第 588 行.
SQL: SHOW COLUMNS FROM `muban_goods` [ RunTime:0.0080s ]
INFO: [ app_end ] --START--
INFO: Run Behavior\ShowPageTraceBehavior [ RunTime:0.001000s ]
INFO: [ app_end ] --END-- [ RunTime:0.002000s ]

[ 2018-01-05T18:03:13+08:00 ] 127.0.0.1 /moban/index.php/Admin/Goods/add
INFO: [ app_begin ] --START--
INFO: Run Behavior\ReadHtmlCacheBehavior [ RunTime:0.000000s ]
INFO: [ app_begin ] --END-- [ RunTime:0.000000s ]
NOTIC: [8] Use of undefined constant regex - assumed 'regex' D:\wamp\www\moban\ThinkPHP\Common\functions.php 第 588 行.
SQL: SHOW COLUMNS FROM `muban_goods` [ RunTime:0.0020s ]
INFO: [ app_end ] --START--
INFO: Run Behavior\ShowPageTraceBehavior [ RunTime:0.001000s ]
INFO: [ app_end ] --END-- [ RunTime:0.001000s ]

[ 2018-01-05T18:06:19+08:00 ] 127.0.0.1 /moban/index.php/Admin/Goods/add
INFO: [ app_begin ] --START--
INFO: Run Behavior\ReadHtmlCacheBehavior [ RunTime:0.000000s ]
INFO: [ app_begin ] --END-- [ RunTime:0.001000s ]
NOTIC: [8] Use of undefined constant regex - assumed 'regex' D:\wamp\www\moban\ThinkPHP\Common\functions.php 第 588 行.
SQL: SHOW COLUMNS FROM `muban_goods` [ RunTime:0.0030s ]
NOTIC: [8] Undefined variable: array D:\wamp\www\moban\Application\Admin\Controller\GoodsController.class.php 第 42 行.
NOTIC: [2] json_decode() expects parameter 1 to be string, array given D:\wamp\www\moban\Application\Admin\Controller\GoodsController.class.php 第 54 行.
INFO: [ app_end ] --START--
INFO: Run Behavior\ShowPageTraceBehavior [ RunTime:0.000000s ]
INFO: [ app_end ] --END-- [ RunTime:0.001000s ]

[ 2018-01-05T18:09:53+08:00 ] 127.0.0.1 /moban/index.php/Admin/Goods/add
INFO: [ app_begin ] --START--
INFO: Run Behavior\ReadHtmlCacheBehavior [ RunTime:0.000000s ]
INFO: [ app_begin ] --END-- [ RunTime:0.000000s ]
NOTIC: [8] Use of undefined constant regex - assumed 'regex' D:\wamp\www\moban\ThinkPHP\Common\functions.php 第 588 行.
SQL: SHOW COLUMNS FROM `muban_goods` [ RunTime:0.0020s ]
NOTIC: [2] json_decode() expects parameter 1 to be string, array given D:\wamp\www\moban\Application\Admin\Controller\GoodsController.class.php 第 49 行.
INFO: [ app_end ] --START--
INFO: Run Behavior\ShowPageTraceBehavior [ RunTime:0.000000s ]
INFO: [ app_end ] --END-- [ RunTime:0.000000s ]

[ 2018-01-05T18:11:43+08:00 ] 127.0.0.1 /moban/index.php/Admin/Goods/add
INFO: [ app_begin ] --START--
INFO: Run Behavior\ReadHtmlCacheBehavior [ RunTime:0.000000s ]
INFO: [ app_begin ] --END-- [ RunTime:0.001000s ]
NOTIC: [8] Use of undefined constant regex - assumed 'regex' D:\wamp\www\moban\ThinkPHP\Common\functions.php 第 588 行.
SQL: SHOW COLUMNS FROM `muban_goods` [ RunTime:0.0040s ]
INFO: [ app_end ] --START--
INFO: Run Behavior\ShowPageTraceBehavior [ RunTime:0.001000s ]
INFO: [ app_end ] --END-- [ RunTime:0.001000s ]

[ 2018-01-05T18:13:33+08:00 ] 127.0.0.1 /moban/index.php/Admin/Goods/add
INFO: [ app_begin ] --START--
INFO: Run Behavior\ReadHtmlCacheBehavior [ RunTime:0.000000s ]
INFO: [ app_begin ] --END-- [ RunTime:0.000000s ]
NOTIC: [8] Use of undefined constant regex - assumed 'regex' D:\wamp\www\moban\ThinkPHP\Common\functions.php 第 588 行.
SQL: SHOW COLUMNS FROM `muban_goods` [ RunTime:0.0030s ]
NOTIC: [2] json_decode() expects parameter 1 to be string, array given D:\wamp\www\moban\Application\Admin\Controller\GoodsController.class.php 第 42 行.
INFO: [ app_end ] --START--
INFO: Run Behavior\ShowPageTraceBehavior [ RunTime:0.000000s ]
INFO: [ app_end ] --END-- [ RunTime:0.000000s ]

[ 2018-01-05T18:13:35+08:00 ] 127.0.0.1 /moban/index.php/Admin/Goods/add
INFO: [ app_begin ] --START--
INFO: Run Behavior\ReadHtmlCacheBehavior [ RunTime:0.000000s ]
INFO: [ app_begin ] --END-- [ RunTime:0.001000s ]
NOTIC: [8] Use of undefined constant regex - assumed 'regex' D:\wamp\www\moban\ThinkPHP\Common\functions.php 第 588 行.
SQL: SHOW COLUMNS FROM `muban_goods` [ RunTime:0.0050s ]
NOTIC: [2] json_decode() expects parameter 1 to be string, array given D:\wamp\www\moban\Application\Admin\Controller\GoodsController.class.php 第 42 行.
INFO: [ app_end ] --START--
INFO: Run Behavior\ShowPageTraceBehavior [ RunTime:0.000000s ]
INFO: [ app_end ] --END-- [ RunTime:0.000000s ]

[ 2018-01-05T18:14:42+08:00 ] 127.0.0.1 /moban/index.php/Admin/Goods/add
INFO: [ app_begin ] --START--
INFO: Run Behavior\ReadHtmlCacheBehavior [ RunTime:0.000000s ]
INFO: [ app_begin ] --END-- [ RunTime:0.000000s ]
NOTIC: [8] Use of undefined constant regex - assumed 'regex' D:\wamp\www\moban\ThinkPHP\Common\functions.php 第 588 行.
SQL: SHOW COLUMNS FROM `muban_goods` [ RunTime:0.0020s ]
INFO: [ app_end ] --START--
INFO: Run Behavior\ShowPageTraceBehavior [ RunTime:0.001000s ]
INFO: [ app_end ] --END-- [ RunTime:0.001000s ]

[ 2018-01-05T18:21:41+08:00 ] 127.0.0.1 /moban/index.php/Admin/Goods/add
INFO: [ app_begin ] --START--
INFO: Run Behavior\ReadHtmlCacheBehavior [ RunTime:0.001000s ]
INFO: [ app_begin ] --END-- [ RunTime:0.002000s ]
NOTIC: [8] Use of undefined constant regex - assumed 'regex' D:\wamp\www\moban\ThinkPHP\Common\functions.php 第 588 行.
SQL: SHOW COLUMNS FROM `muban_goods` [ RunTime:0.0050s ]
INFO: [ app_end ] --START--
INFO: Run Behavior\ShowPageTraceBehavior [ RunTime:0.000000s ]
INFO: [ app_end ] --END-- [ RunTime:0.000000s ]

