[ 2018-02-02T08:53:22+08:00 ] 127.0.0.1 /moban/index.php/Admin/Attr/attrp
INFO: [ app_begin ] --START--
INFO: Run Behavior\ReadHtmlCacheBehavior [ RunTime:0.001000s ]
INFO: [ app_begin ] --END-- [ RunTime:0.001000s ]
NOTIC: [2048] Declaration of Admin\Model\AttrModel::_after_update() should be compatible with Think\Model::_after_update($data, $options) D:\wamp\www\moban\Application\Admin\Model\AttrModel.class.php 第 4 行.
SQL: SHOW COLUMNS FROM `moban_attr` [ RunTime:0.0020s ]
SQL: SELECT a.id,a.attr_name,a.attr_value,a.parent_id,b.attrtype_name FROM moban_attr a LEFT JOIN moban_attrtype b ON a.attrtype_id=b.id  WHERE `attrtype_id` = '1'  [ RunTime:0.0020s ]
INFO: [ app_end ] --START--
INFO: Run Behavior\ShowPageTraceBehavior [ RunTime:0.000000s ]
INFO: [ app_end ] --END-- [ RunTime:0.000000s ]

[ 2018-02-02T08:53:23+08:00 ] 127.0.0.1 /moban/index.php/Admin/Attr/attrp
INFO: [ app_begin ] --START--
INFO: Run Behavior\ReadHtmlCacheBehavior [ RunTime:0.000000s ]
INFO: [ app_begin ] --END-- [ RunTime:0.000000s ]
NOTIC: [2048] Declaration of Admin\Model\AttrModel::_after_update() should be compatible with Think\Model::_after_update($data, $options) D:\wamp\www\moban\Application\Admin\Model\AttrModel.class.php 第 4 行.
SQL: SHOW COLUMNS FROM `moban_attr` [ RunTime:0.0010s ]
SQL: SELECT a.id,a.attr_name,a.attr_value,a.parent_id,b.attrtype_name FROM moban_attr a LEFT JOIN moban_attrtype b ON a.attrtype_id=b.id  WHERE `attrtype_id` = '2'  [ RunTime:0.0000s ]
INFO: [ app_end ] --START--
INFO: Run Behavior\ShowPageTraceBehavior [ RunTime:0.000000s ]
INFO: [ app_end ] --END-- [ RunTime:0.000000s ]

[ 2018-02-02T08:53:25+08:00 ] 127.0.0.1 /moban/index.php/Admin/Attr/attrp
INFO: [ app_begin ] --START--
INFO: Run Behavior\ReadHtmlCacheBehavior [ RunTime:0.000000s ]
INFO: [ app_begin ] --END-- [ RunTime:0.000000s ]
NOTIC: [2048] Declaration of Admin\Model\AttrModel::_after_update() should be compatible with Think\Model::_after_update($data, $options) D:\wamp\www\moban\Application\Admin\Model\AttrModel.class.php 第 4 行.
SQL: SHOW COLUMNS FROM `moban_attr` [ RunTime:0.0020s ]
SQL: SELECT a.id,a.attr_name,a.attr_value,a.parent_id,b.attrtype_name FROM moban_attr a LEFT JOIN moban_attrtype b ON a.attrtype_id=b.id  WHERE `attrtype_id` = '0'  [ RunTime:0.0000s ]
INFO: [ app_end ] --START--
INFO: Run Behavior\ShowPageTraceBehavior [ RunTime:0.000000s ]
INFO: [ app_end ] --END-- [ RunTime:0.001000s ]

[ 2018-02-02T08:53:28+08:00 ] 127.0.0.1 /moban/index.php/Admin/Attr/attrp
INFO: [ app_begin ] --START--
INFO: Run Behavior\ReadHtmlCacheBehavior [ RunTime:0.000000s ]
INFO: [ app_begin ] --END-- [ RunTime:0.001000s ]
NOTIC: [2048] Declaration of Admin\Model\AttrModel::_after_update() should be compatible with Think\Model::_after_update($data, $options) D:\wamp\www\moban\Application\Admin\Model\AttrModel.class.php 第 4 行.
SQL: SHOW COLUMNS FROM `moban_attr` [ RunTime:0.0020s ]
SQL: SELECT a.id,a.attr_name,a.attr_value,a.parent_id,b.attrtype_name FROM moban_attr a LEFT JOIN moban_attrtype b ON a.attrtype_id=b.id  WHERE `attrtype_id` = '1'  [ RunTime:0.0010s ]
INFO: [ app_end ] --START--
INFO: Run Behavior\ShowPageTraceBehavior [ RunTime:0.000000s ]
INFO: [ app_end ] --END-- [ RunTime:0.000000s ]

[ 2018-02-02T08:53:31+08:00 ] 127.0.0.1 /moban/index.php/Admin/Attr/attrp
INFO: [ app_begin ] --START--
INFO: Run Behavior\ReadHtmlCacheBehavior [ RunTime:0.000000s ]
INFO: [ app_begin ] --END-- [ RunTime:0.001000s ]
NOTIC: [2048] Declaration of Admin\Model\AttrModel::_after_update() should be compatible with Think\Model::_after_update($data, $options) D:\wamp\www\moban\Application\Admin\Model\AttrModel.class.php 第 4 行.
SQL: SHOW COLUMNS FROM `moban_attr` [ RunTime:0.0020s ]
SQL: SELECT a.id,a.attr_name,a.attr_value,a.parent_id,b.attrtype_name FROM moban_attr a LEFT JOIN moban_attrtype b ON a.attrtype_id=b.id  WHERE `attrtype_id` = '0'  [ RunTime:0.0010s ]
INFO: [ app_end ] --START--
INFO: Run Behavior\ShowPageTraceBehavior [ RunTime:0.000000s ]
INFO: [ app_end ] --END-- [ RunTime:0.000000s ]

[ 2018-02-02T08:58:45+08:00 ] 127.0.0.1 /moban/index.php/Admin/Attr/attrp
INFO: [ app_begin ] --START--
INFO: Run Behavior\ReadHtmlCacheBehavior [ RunTime:0.000000s ]
INFO: [ app_begin ] --END-- [ RunTime:0.001000s ]
NOTIC: [2048] Declaration of Admin\Model\AttrModel::_after_update() should be compatible with Think\Model::_after_update($data, $options) D:\wamp\www\moban\Application\Admin\Model\AttrModel.class.php 第 4 行.
SQL: SHOW COLUMNS FROM `moban_attr` [ RunTime:0.0400s ]
SQL: SELECT a.id,a.attr_name,a.attr_value,a.parent_id,b.attrtype_name FROM moban_attr a LEFT JOIN moban_attrtype b ON a.attrtype_id=b.id  WHERE `attrtype_id` = '1'  [ RunTime:0.0010s ]
INFO: [ app_end ] --START--
INFO: Run Behavior\ShowPageTraceBehavior [ RunTime:0.001000s ]
INFO: [ app_end ] --END-- [ RunTime:0.001000s ]

[ 2018-02-02T08:58:47+08:00 ] 127.0.0.1 /moban/index.php/Admin/Attr/attrp
INFO: [ app_begin ] --START--
INFO: Run Behavior\ReadHtmlCacheBehavior [ RunTime:0.000000s ]
INFO: [ app_begin ] --END-- [ RunTime:0.000000s ]
NOTIC: [2048] Declaration of Admin\Model\AttrModel::_after_update() should be compatible with Think\Model::_after_update($data, $options) D:\wamp\www\moban\Application\Admin\Model\AttrModel.class.php 第 4 行.
SQL: SHOW COLUMNS FROM `moban_attr` [ RunTime:0.0020s ]
SQL: SELECT a.id,a.attr_name,a.attr_value,a.parent_id,b.attrtype_name FROM moban_attr a LEFT JOIN moban_attrtype b ON a.attrtype_id=b.id  WHERE `attrtype_id` = '0'  [ RunTime:0.0000s ]
INFO: [ app_end ] --START--
INFO: Run Behavior\ShowPageTraceBehavior [ RunTime:0.001000s ]
INFO: [ app_end ] --END-- [ RunTime:0.001000s ]

[ 2018-02-02T09:13:45+08:00 ] 127.0.0.1 /moban/index.php/Admin/Attr/attrp
INFO: [ app_begin ] --START--
INFO: Run Behavior\ReadHtmlCacheBehavior [ RunTime:0.000000s ]
INFO: [ app_begin ] --END-- [ RunTime:0.002000s ]
NOTIC: [2048] Declaration of Admin\Model\AttrModel::_after_update() should be compatible with Think\Model::_after_update($data, $options) D:\wamp\www\moban\Application\Admin\Model\AttrModel.class.php 第 4 行.
SQL: SHOW COLUMNS FROM `moban_attr` [ RunTime:0.0020s ]
SQL: SELECT a.id,a.attr_name,a.attr_value,a.parent_id,b.attrtype_name FROM moban_attr a LEFT JOIN moban_attrtype b ON a.attrtype_id=b.id  WHERE `attrtype_id` = '1'  [ RunTime:0.0010s ]
INFO: [ app_end ] --START--
INFO: Run Behavior\ShowPageTraceBehavior [ RunTime:0.000000s ]
INFO: [ app_end ] --END-- [ RunTime:0.000000s ]

[ 2018-02-02T09:13:47+08:00 ] 127.0.0.1 /moban/index.php/Admin/Attr/attrp
INFO: [ app_begin ] --START--
INFO: Run Behavior\ReadHtmlCacheBehavior [ RunTime:0.000000s ]
INFO: [ app_begin ] --END-- [ RunTime:0.001000s ]
NOTIC: [2048] Declaration of Admin\Model\AttrModel::_after_update() should be compatible with Think\Model::_after_update($data, $options) D:\wamp\www\moban\Application\Admin\Model\AttrModel.class.php 第 4 行.
SQL: SHOW COLUMNS FROM `moban_attr` [ RunTime:0.0020s ]
SQL: SELECT a.id,a.attr_name,a.attr_value,a.parent_id,b.attrtype_name FROM moban_attr a LEFT JOIN moban_attrtype b ON a.attrtype_id=b.id  WHERE `attrtype_id` = '0'  [ RunTime:0.0000s ]
INFO: [ app_end ] --START--
INFO: Run Behavior\ShowPageTraceBehavior [ RunTime:0.001001s ]
INFO: [ app_end ] --END-- [ RunTime:0.001001s ]

[ 2018-02-02T09:13:54+08:00 ] 127.0.0.1 /moban/index.php/Admin/Attr/attrp
INFO: [ app_begin ] --START--
INFO: Run Behavior\ReadHtmlCacheBehavior [ RunTime:0.001000s ]
INFO: [ app_begin ] --END-- [ RunTime:0.001000s ]
NOTIC: [2048] Declaration of Admin\Model\AttrModel::_after_update() should be compatible with Think\Model::_after_update($data, $options) D:\wamp\www\moban\Application\Admin\Model\AttrModel.class.php 第 4 行.
SQL: SHOW COLUMNS FROM `moban_attr` [ RunTime:0.0010s ]
SQL: SELECT a.id,a.attr_name,a.attr_value,a.parent_id,b.attrtype_name FROM moban_attr a LEFT JOIN moban_attrtype b ON a.attrtype_id=b.id  WHERE `attrtype_id` = '1'  [ RunTime:0.0000s ]
INFO: [ app_end ] --START--
INFO: Run Behavior\ShowPageTraceBehavior [ RunTime:0.000000s ]
INFO: [ app_end ] --END-- [ RunTime:0.001000s ]

[ 2018-02-02T09:13:55+08:00 ] 127.0.0.1 /moban/index.php/Admin/Attr/attrp
INFO: [ app_begin ] --START--
INFO: Run Behavior\ReadHtmlCacheBehavior [ RunTime:0.001000s ]
INFO: [ app_begin ] --END-- [ RunTime:0.001000s ]
NOTIC: [2048] Declaration of Admin\Model\AttrModel::_after_update() should be compatible with Think\Model::_after_update($data, $options) D:\wamp\www\moban\Application\Admin\Model\AttrModel.class.php 第 4 行.
SQL: SHOW COLUMNS FROM `moban_attr` [ RunTime:0.0010s ]
SQL: SELECT a.id,a.attr_name,a.attr_value,a.parent_id,b.attrtype_name FROM moban_attr a LEFT JOIN moban_attrtype b ON a.attrtype_id=b.id  WHERE `attrtype_id` = '0'  [ RunTime:0.0010s ]
INFO: [ app_end ] --START--
INFO: Run Behavior\ShowPageTraceBehavior [ RunTime:0.000000s ]
INFO: [ app_end ] --END-- [ RunTime:0.000000s ]

[ 2018-02-02T09:17:23+08:00 ] 127.0.0.1 /moban/index.php/Admin/Attr/attrp
INFO: [ app_begin ] --START--
INFO: Run Behavior\ReadHtmlCacheBehavior [ RunTime:0.001000s ]
INFO: [ app_begin ] --END-- [ RunTime:0.001000s ]
NOTIC: [2048] Declaration of Admin\Model\AttrModel::_after_update() should be compatible with Think\Model::_after_update($data, $options) D:\wamp\www\moban\Application\Admin\Model\AttrModel.class.php 第 4 行.
SQL: SHOW COLUMNS FROM `moban_attr` [ RunTime:0.0040s ]
SQL: SELECT a.id,a.attr_name,a.attr_value,a.parent_id,b.attrtype_name FROM moban_attr a LEFT JOIN moban_attrtype b ON a.attrtype_id=b.id  WHERE `attrtype_id` = '1'  [ RunTime:0.0010s ]
INFO: [ app_end ] --START--
INFO: Run Behavior\ShowPageTraceBehavior [ RunTime:0.000000s ]
INFO: [ app_end ] --END-- [ RunTime:0.000000s ]

[ 2018-02-02T09:17:25+08:00 ] 127.0.0.1 /moban/index.php/Admin/Attr/attrp
INFO: [ app_begin ] --START--
INFO: Run Behavior\ReadHtmlCacheBehavior [ RunTime:0.000000s ]
INFO: [ app_begin ] --END-- [ RunTime:0.001000s ]
NOTIC: [2048] Declaration of Admin\Model\AttrModel::_after_update() should be compatible with Think\Model::_after_update($data, $options) D:\wamp\www\moban\Application\Admin\Model\AttrModel.class.php 第 4 行.
SQL: SHOW COLUMNS FROM `moban_attr` [ RunTime:0.0020s ]
SQL: SELECT a.id,a.attr_name,a.attr_value,a.parent_id,b.attrtype_name FROM moban_attr a LEFT JOIN moban_attrtype b ON a.attrtype_id=b.id  WHERE `attrtype_id` = '0'  [ RunTime:0.0000s ]
INFO: [ app_end ] --START--
INFO: Run Behavior\ShowPageTraceBehavior [ RunTime:0.000000s ]
INFO: [ app_end ] --END-- [ RunTime:0.000000s ]

[ 2018-02-02T09:20:29+08:00 ] 127.0.0.1 /moban/index.php/Admin/Attr/attrp
INFO: [ app_begin ] --START--
INFO: Run Behavior\ReadHtmlCacheBehavior [ RunTime:0.000000s ]
INFO: [ app_begin ] --END-- [ RunTime:0.001000s ]
NOTIC: [2048] Declaration of Admin\Model\AttrModel::_after_update() should be compatible with Think\Model::_after_update($data, $options) D:\wamp\www\moban\Application\Admin\Model\AttrModel.class.php 第 4 行.
SQL: SHOW COLUMNS FROM `moban_attr` [ RunTime:0.0010s ]
SQL: SELECT a.id,a.attr_name,a.attr_value,a.parent_id,b.attrtype_name FROM moban_attr a LEFT JOIN moban_attrtype b ON a.attrtype_id=b.id  WHERE `attrtype_id` = '1'  [ RunTime:0.0010s ]
INFO: [ app_end ] --START--
INFO: Run Behavior\ShowPageTraceBehavior [ RunTime:0.000000s ]
INFO: [ app_end ] --END-- [ RunTime:0.001000s ]

[ 2018-02-02T09:20:30+08:00 ] 127.0.0.1 /moban/index.php/Admin/Attr/attrp
INFO: [ app_begin ] --START--
INFO: Run Behavior\ReadHtmlCacheBehavior [ RunTime:0.000000s ]
INFO: [ app_begin ] --END-- [ RunTime:0.001000s ]
NOTIC: [2048] Declaration of Admin\Model\AttrModel::_after_update() should be compatible with Think\Model::_after_update($data, $options) D:\wamp\www\moban\Application\Admin\Model\AttrModel.class.php 第 4 行.
SQL: SHOW COLUMNS FROM `moban_attr` [ RunTime:0.0020s ]
SQL: SELECT a.id,a.attr_name,a.attr_value,a.parent_id,b.attrtype_name FROM moban_attr a LEFT JOIN moban_attrtype b ON a.attrtype_id=b.id  WHERE `attrtype_id` = '0'  [ RunTime:0.0000s ]
INFO: [ app_end ] --START--
INFO: Run Behavior\ShowPageTraceBehavior [ RunTime:0.001000s ]
INFO: [ app_end ] --END-- [ RunTime:0.001000s ]

[ 2018-02-02T09:21:55+08:00 ] 127.0.0.1 /moban/index.php/Admin/Attr/attrp
INFO: [ app_begin ] --START--
INFO: Run Behavior\ReadHtmlCacheBehavior [ RunTime:0.001000s ]
INFO: [ app_begin ] --END-- [ RunTime:0.001000s ]
NOTIC: [2048] Declaration of Admin\Model\AttrModel::_after_update() should be compatible with Think\Model::_after_update($data, $options) D:\wamp\www\moban\Application\Admin\Model\AttrModel.class.php 第 4 行.
SQL: SHOW COLUMNS FROM `moban_attr` [ RunTime:0.0020s ]
SQL: SELECT a.id,a.attr_name,a.attr_value,a.parent_id,b.attrtype_name FROM moban_attr a LEFT JOIN moban_attrtype b ON a.attrtype_id=b.id  WHERE `attrtype_id` = '1'  [ RunTime:0.0010s ]
INFO: [ app_end ] --START--
INFO: Run Behavior\ShowPageTraceBehavior [ RunTime:0.001000s ]
INFO: [ app_end ] --END-- [ RunTime:0.001000s ]

[ 2018-02-02T09:21:57+08:00 ] 127.0.0.1 /moban/index.php/Admin/Attr/attrp
INFO: [ app_begin ] --START--
INFO: Run Behavior\ReadHtmlCacheBehavior [ RunTime:0.000000s ]
INFO: [ app_begin ] --END-- [ RunTime:0.001000s ]
NOTIC: [2048] Declaration of Admin\Model\AttrModel::_after_update() should be compatible with Think\Model::_after_update($data, $options) D:\wamp\www\moban\Application\Admin\Model\AttrModel.class.php 第 4 行.
SQL: SHOW COLUMNS FROM `moban_attr` [ RunTime:0.0020s ]
SQL: SELECT a.id,a.attr_name,a.attr_value,a.parent_id,b.attrtype_name FROM moban_attr a LEFT JOIN moban_attrtype b ON a.attrtype_id=b.id  WHERE `attrtype_id` = '0'  [ RunTime:0.0000s ]
INFO: [ app_end ] --START--
INFO: Run Behavior\ShowPageTraceBehavior [ RunTime:0.001000s ]
INFO: [ app_end ] --END-- [ RunTime:0.001000s ]

[ 2018-02-02T09:22:26+08:00 ] 127.0.0.1 /moban/index.php/Admin/Attr/attrp
INFO: [ app_begin ] --START--
INFO: Run Behavior\ReadHtmlCacheBehavior [ RunTime:0.001000s ]
INFO: [ app_begin ] --END-- [ RunTime:0.001000s ]
NOTIC: [2048] Declaration of Admin\Model\AttrModel::_after_update() should be compatible with Think\Model::_after_update($data, $options) D:\wamp\www\moban\Application\Admin\Model\AttrModel.class.php 第 4 行.
SQL: SHOW COLUMNS FROM `moban_attr` [ RunTime:0.0020s ]
SQL: SELECT a.id,a.attr_name,a.attr_value,a.parent_id,b.attrtype_name FROM moban_attr a LEFT JOIN moban_attrtype b ON a.attrtype_id=b.id  WHERE `attrtype_id` = '1'  [ RunTime:0.0020s ]
INFO: [ app_end ] --START--
INFO: Run Behavior\ShowPageTraceBehavior [ RunTime:0.000000s ]
INFO: [ app_end ] --END-- [ RunTime:0.000000s ]

[ 2018-02-02T09:22:27+08:00 ] 127.0.0.1 /moban/index.php/Admin/Attr/attrp
INFO: [ app_begin ] --START--
INFO: Run Behavior\ReadHtmlCacheBehavior [ RunTime:0.001000s ]
INFO: [ app_begin ] --END-- [ RunTime:0.001000s ]
NOTIC: [2048] Declaration of Admin\Model\AttrModel::_after_update() should be compatible with Think\Model::_after_update($data, $options) D:\wamp\www\moban\Application\Admin\Model\AttrModel.class.php 第 4 行.
SQL: SHOW COLUMNS FROM `moban_attr` [ RunTime:0.0030s ]
SQL: SELECT a.id,a.attr_name,a.attr_value,a.parent_id,b.attrtype_name FROM moban_attr a LEFT JOIN moban_attrtype b ON a.attrtype_id=b.id  WHERE `attrtype_id` = '0'  [ RunTime:0.0020s ]
INFO: [ app_end ] --START--
INFO: Run Behavior\ShowPageTraceBehavior [ RunTime:0.001000s ]
INFO: [ app_end ] --END-- [ RunTime:0.001000s ]

[ 2018-02-02T09:24:18+08:00 ] 127.0.0.1 /moban/index.php/Admin/Attr/attrp
INFO: [ app_begin ] --START--
INFO: Run Behavior\ReadHtmlCacheBehavior [ RunTime:0.001000s ]
INFO: [ app_begin ] --END-- [ RunTime:0.001000s ]
NOTIC: [2048] Declaration of Admin\Model\AttrModel::_after_update() should be compatible with Think\Model::_after_update($data, $options) D:\wamp\www\moban\Application\Admin\Model\AttrModel.class.php 第 4 行.
SQL: SHOW COLUMNS FROM `moban_attr` [ RunTime:0.0020s ]

[ 2018-02-02T09:24:21+08:00 ] 127.0.0.1 /moban/index.php/Admin/Attr/attrp
INFO: [ app_begin ] --START--
INFO: Run Behavior\ReadHtmlCacheBehavior [ RunTime:0.001000s ]
INFO: [ app_begin ] --END-- [ RunTime:0.001000s ]
NOTIC: [2048] Declaration of Admin\Model\AttrModel::_after_update() should be compatible with Think\Model::_after_update($data, $options) D:\wamp\www\moban\Application\Admin\Model\AttrModel.class.php 第 4 行.
SQL: SHOW COLUMNS FROM `moban_attr` [ RunTime:0.0010s ]

[ 2018-02-02T09:25:02+08:00 ] 127.0.0.1 /moban/index.php/Admin/Attr/attrp
INFO: [ app_begin ] --START--
INFO: Run Behavior\ReadHtmlCacheBehavior [ RunTime:0.000000s ]
INFO: [ app_begin ] --END-- [ RunTime:0.002000s ]
NOTIC: [2048] Declaration of Admin\Model\AttrModel::_after_update() should be compatible with Think\Model::_after_update($data, $options) D:\wamp\www\moban\Application\Admin\Model\AttrModel.class.php 第 4 行.
SQL: SHOW COLUMNS FROM `moban_attr` [ RunTime:0.0030s ]
SQL: SELECT a.id,a.attr_name,a.attr_value,a.parent_id,b.attrtype_name FROM moban_attr a LEFT JOIN moban_attrtype b ON a.attrtype_id=b.id  WHERE `attrtype_id` = '1'  [ RunTime:0.0020s ]
INFO: [ app_end ] --START--
INFO: Run Behavior\ShowPageTraceBehavior [ RunTime:0.000000s ]
INFO: [ app_end ] --END-- [ RunTime:0.001000s ]

[ 2018-02-02T09:25:03+08:00 ] 127.0.0.1 /moban/index.php/Admin/Attr/attrp
INFO: [ app_begin ] --START--
INFO: Run Behavior\ReadHtmlCacheBehavior [ RunTime:0.001000s ]
INFO: [ app_begin ] --END-- [ RunTime:0.001000s ]
NOTIC: [2048] Declaration of Admin\Model\AttrModel::_after_update() should be compatible with Think\Model::_after_update($data, $options) D:\wamp\www\moban\Application\Admin\Model\AttrModel.class.php 第 4 行.
SQL: SHOW COLUMNS FROM `moban_attr` [ RunTime:0.0010s ]
SQL: SHOW COLUMNS FROM `moban_attrtype` [ RunTime:0.0000s ]
SQL: SELECT * FROM `moban_attrtype`  [ RunTime:0.0000s ]
INFO: [ app_end ] --START--
INFO: Run Behavior\ShowPageTraceBehavior [ RunTime:0.001000s ]
INFO: [ app_end ] --END-- [ RunTime:0.001000s ]

[ 2018-02-02T09:26:43+08:00 ] 127.0.0.1 /moban/index.php/Admin/Attr/attrp
INFO: [ app_begin ] --START--
INFO: Run Behavior\ReadHtmlCacheBehavior [ RunTime:0.001000s ]
INFO: [ app_begin ] --END-- [ RunTime:0.001000s ]
NOTIC: [2048] Declaration of Admin\Model\AttrModel::_after_update() should be compatible with Think\Model::_after_update($data, $options) D:\wamp\www\moban\Application\Admin\Model\AttrModel.class.php 第 4 行.
SQL: SHOW COLUMNS FROM `moban_attr` [ RunTime:0.0020s ]
SQL: SELECT a.id,a.attr_name,a.attr_value,a.parent_id,b.attrtype_name FROM moban_attr a LEFT JOIN moban_attrtype b ON a.attrtype_id=b.id  WHERE `attrtype_id` = '1'  [ RunTime:0.0000s ]
INFO: [ app_end ] --START--
INFO: Run Behavior\ShowPageTraceBehavior [ RunTime:0.000000s ]
INFO: [ app_end ] --END-- [ RunTime:0.000000s ]

[ 2018-02-02T09:26:59+08:00 ] 127.0.0.1 /moban/index.php/Admin/Attr/attrp
INFO: [ app_begin ] --START--
INFO: Run Behavior\ReadHtmlCacheBehavior [ RunTime:0.000000s ]
INFO: [ app_begin ] --END-- [ RunTime:0.001000s ]
NOTIC: [2048] Declaration of Admin\Model\AttrModel::_after_update() should be compatible with Think\Model::_after_update($data, $options) D:\wamp\www\moban\Application\Admin\Model\AttrModel.class.php 第 4 行.
SQL: SHOW COLUMNS FROM `moban_attr` [ RunTime:0.0010s ]
SQL: SHOW COLUMNS FROM `moban_attrtype` [ RunTime:0.0010s ]
SQL: SELECT * FROM `moban_attrtype`  [ RunTime:0.0000s ]
SQL: SELECT a.id,a.attr_name,a.attr_value,a.parent_id,b.attrtype_name FROM moban_attr a LEFT JOIN moban_attrtype b ON a.attrtype_id=b.id  WHERE `attrtype_id` IN ('1','2')  [ RunTime:0.0070s ]
INFO: [ app_end ] --START--
INFO: Run Behavior\ShowPageTraceBehavior [ RunTime:0.000000s ]
INFO: [ app_end ] --END-- [ RunTime:0.000000s ]

[ 2018-02-02T09:27:18+08:00 ] 127.0.0.1 /moban/index.php/Admin/Attr/attrp
INFO: [ app_begin ] --START--
INFO: Run Behavior\ReadHtmlCacheBehavior [ RunTime:0.000000s ]
INFO: [ app_begin ] --END-- [ RunTime:0.000000s ]
NOTIC: [2048] Declaration of Admin\Model\AttrModel::_after_update() should be compatible with Think\Model::_after_update($data, $options) D:\wamp\www\moban\Application\Admin\Model\AttrModel.class.php 第 4 行.
SQL: SHOW COLUMNS FROM `moban_attr` [ RunTime:0.0030s ]
SQL: SELECT a.id,a.attr_name,a.attr_value,a.parent_id,b.attrtype_name FROM moban_attr a LEFT JOIN moban_attrtype b ON a.attrtype_id=b.id  WHERE `attrtype_id` = '1'  [ RunTime:0.0000s ]
INFO: [ app_end ] --START--
INFO: Run Behavior\ShowPageTraceBehavior [ RunTime:0.001000s ]
INFO: [ app_end ] --END-- [ RunTime:0.001000s ]

[ 2018-02-02T09:27:20+08:00 ] 127.0.0.1 /moban/index.php/Admin/Attr/attrp
INFO: [ app_begin ] --START--
INFO: Run Behavior\ReadHtmlCacheBehavior [ RunTime:0.000000s ]
INFO: [ app_begin ] --END-- [ RunTime:0.001000s ]
NOTIC: [2048] Declaration of Admin\Model\AttrModel::_after_update() should be compatible with Think\Model::_after_update($data, $options) D:\wamp\www\moban\Application\Admin\Model\AttrModel.class.php 第 4 行.
SQL: SHOW COLUMNS FROM `moban_attr` [ RunTime:0.0010s ]
SQL: SELECT a.id,a.attr_name,a.attr_value,a.parent_id,b.attrtype_name FROM moban_attr a LEFT JOIN moban_attrtype b ON a.attrtype_id=b.id  WHERE `attrtype_id` = '2'  [ RunTime:0.0000s ]
INFO: [ app_end ] --START--
INFO: Run Behavior\ShowPageTraceBehavior [ RunTime:0.001000s ]
INFO: [ app_end ] --END-- [ RunTime:0.001000s ]

[ 2018-02-02T09:27:22+08:00 ] 127.0.0.1 /moban/index.php/Admin/Attr/getAttres
INFO: [ app_begin ] --START--
INFO: Run Behavior\ReadHtmlCacheBehavior [ RunTime:0.001001s ]
INFO: [ app_begin ] --END-- [ RunTime:0.001001s ]
SQL: SHOW COLUMNS FROM `moban_attr` [ RunTime:0.0020s ]
SQL: SELECT * FROM `moban_attr` WHERE `parent_id` = 5  [ RunTime:0.0000s ]
INFO: [ app_end ] --START--
INFO: Run Behavior\ShowPageTraceBehavior [ RunTime:0.000000s ]
INFO: [ app_end ] --END-- [ RunTime:0.001000s ]

[ 2018-02-02T09:27:24+08:00 ] 127.0.0.1 /moban/index.php/Admin/Attr/getAttres
INFO: [ app_begin ] --START--
INFO: Run Behavior\ReadHtmlCacheBehavior [ RunTime:0.000000s ]
INFO: [ app_begin ] --END-- [ RunTime:0.001000s ]
SQL: SHOW COLUMNS FROM `moban_attr` [ RunTime:0.0040s ]
SQL: SELECT * FROM `moban_attr` WHERE `parent_id` = 0  [ RunTime:0.0000s ]
INFO: [ app_end ] --START--
INFO: Run Behavior\ShowPageTraceBehavior [ RunTime:0.000000s ]
INFO: [ app_end ] --END-- [ RunTime:0.000000s ]

[ 2018-02-02T09:27:27+08:00 ] 127.0.0.1 /moban/index.php/Admin/Attr/attrp
INFO: [ app_begin ] --START--
INFO: Run Behavior\ReadHtmlCacheBehavior [ RunTime:0.000000s ]
INFO: [ app_begin ] --END-- [ RunTime:0.000000s ]
NOTIC: [2048] Declaration of Admin\Model\AttrModel::_after_update() should be compatible with Think\Model::_after_update($data, $options) D:\wamp\www\moban\Application\Admin\Model\AttrModel.class.php 第 4 行.
SQL: SHOW COLUMNS FROM `moban_attr` [ RunTime:0.0010s ]
SQL: SHOW COLUMNS FROM `moban_attrtype` [ RunTime:0.0010s ]
SQL: SELECT * FROM `moban_attrtype`  [ RunTime:0.0010s ]
SQL: SELECT a.id,a.attr_name,a.attr_value,a.parent_id,b.attrtype_name FROM moban_attr a LEFT JOIN moban_attrtype b ON a.attrtype_id=b.id  WHERE `attrtype_id` IN ('1','2')  [ RunTime:0.0000s ]
INFO: [ app_end ] --START--
INFO: Run Behavior\ShowPageTraceBehavior [ RunTime:0.000000s ]
INFO: [ app_end ] --END-- [ RunTime:0.000000s ]

[ 2018-02-02T09:27:30+08:00 ] 127.0.0.1 /moban/index.php/Admin/Attr/attrp
INFO: [ app_begin ] --START--
INFO: Run Behavior\ReadHtmlCacheBehavior [ RunTime:0.001000s ]
INFO: [ app_begin ] --END-- [ RunTime:0.001000s ]
NOTIC: [2048] Declaration of Admin\Model\AttrModel::_after_update() should be compatible with Think\Model::_after_update($data, $options) D:\wamp\www\moban\Application\Admin\Model\AttrModel.class.php 第 4 行.
SQL: SHOW COLUMNS FROM `moban_attr` [ RunTime:0.0050s ]
SQL: SELECT a.id,a.attr_name,a.attr_value,a.parent_id,b.attrtype_name FROM moban_attr a LEFT JOIN moban_attrtype b ON a.attrtype_id=b.id  WHERE `attrtype_id` = '1'  [ RunTime:0.0000s ]
INFO: [ app_end ] --START--
INFO: Run Behavior\ShowPageTraceBehavior [ RunTime:0.000000s ]
INFO: [ app_end ] --END-- [ RunTime:0.001000s ]

[ 2018-02-02T09:27:32+08:00 ] 127.0.0.1 /moban/index.php/Admin/Attr/attrp
INFO: [ app_begin ] --START--
INFO: Run Behavior\ReadHtmlCacheBehavior [ RunTime:0.001000s ]
INFO: [ app_begin ] --END-- [ RunTime:0.001000s ]
NOTIC: [2048] Declaration of Admin\Model\AttrModel::_after_update() should be compatible with Think\Model::_after_update($data, $options) D:\wamp\www\moban\Application\Admin\Model\AttrModel.class.php 第 4 行.
SQL: SHOW COLUMNS FROM `moban_attr` [ RunTime:0.0020s ]
SQL: SELECT a.id,a.attr_name,a.attr_value,a.parent_id,b.attrtype_name FROM moban_attr a LEFT JOIN moban_attrtype b ON a.attrtype_id=b.id  WHERE `attrtype_id` = '2'  [ RunTime:0.0000s ]
INFO: [ app_end ] --START--
INFO: Run Behavior\ShowPageTraceBehavior [ RunTime:0.001000s ]
INFO: [ app_end ] --END-- [ RunTime:0.001000s ]

[ 2018-02-02T09:27:33+08:00 ] 127.0.0.1 /moban/index.php/Admin/Attr/attrp
INFO: [ app_begin ] --START--
INFO: Run Behavior\ReadHtmlCacheBehavior [ RunTime:0.000000s ]
INFO: [ app_begin ] --END-- [ RunTime:0.000000s ]
NOTIC: [2048] Declaration of Admin\Model\AttrModel::_after_update() should be compatible with Think\Model::_after_update($data, $options) D:\wamp\www\moban\Application\Admin\Model\AttrModel.class.php 第 4 行.
SQL: SHOW COLUMNS FROM `moban_attr` [ RunTime:0.0010s ]
SQL: SHOW COLUMNS FROM `moban_attrtype` [ RunTime:0.0010s ]
SQL: SELECT * FROM `moban_attrtype`  [ RunTime:0.0010s ]
SQL: SELECT a.id,a.attr_name,a.attr_value,a.parent_id,b.attrtype_name FROM moban_attr a LEFT JOIN moban_attrtype b ON a.attrtype_id=b.id  WHERE `attrtype_id` IN ('1','2')  [ RunTime:0.0010s ]
INFO: [ app_end ] --START--
INFO: Run Behavior\ShowPageTraceBehavior [ RunTime:0.000000s ]
INFO: [ app_end ] --END-- [ RunTime:0.000000s ]

[ 2018-02-02T09:33:21+08:00 ] 127.0.0.1 /moban/index.php/Admin/Attr/attrp
INFO: [ app_begin ] --START--
INFO: Run Behavior\ReadHtmlCacheBehavior [ RunTime:0.002000s ]
INFO: [ app_begin ] --END-- [ RunTime:0.002000s ]
NOTIC: [2048] Declaration of Admin\Model\AttrModel::_after_update() should be compatible with Think\Model::_after_update($data, $options) D:\wamp\www\moban\Application\Admin\Model\AttrModel.class.php 第 4 行.
SQL: SHOW COLUMNS FROM `moban_attr` [ RunTime:0.0020s ]
SQL: SELECT a.id,a.attr_name,a.attr_value,a.parent_id,b.attrtype_name FROM moban_attr a LEFT JOIN moban_attrtype b ON a.attrtype_id=b.id  WHERE `attrtype_id` = '1'  [ RunTime:0.0020s ]
INFO: [ app_end ] --START--
INFO: Run Behavior\ShowPageTraceBehavior [ RunTime:0.001000s ]
INFO: [ app_end ] --END-- [ RunTime:0.001000s ]

[ 2018-02-02T09:33:22+08:00 ] 127.0.0.1 /moban/index.php/Admin/Attr/attrp
INFO: [ app_begin ] --START--
INFO: Run Behavior\ReadHtmlCacheBehavior [ RunTime:0.001000s ]
INFO: [ app_begin ] --END-- [ RunTime:0.001000s ]
NOTIC: [2048] Declaration of Admin\Model\AttrModel::_after_update() should be compatible with Think\Model::_after_update($data, $options) D:\wamp\www\moban\Application\Admin\Model\AttrModel.class.php 第 4 行.
SQL: SHOW COLUMNS FROM `moban_attr` [ RunTime:0.0010s ]
SQL: SHOW COLUMNS FROM `moban_attrtype` [ RunTime:0.0010s ]
SQL: SELECT * FROM `moban_attrtype`  [ RunTime:0.0010s ]
SQL: SELECT a.id,a.attr_name,a.attr_value,a.parent_id,b.attrtype_name FROM moban_attr a LEFT JOIN moban_attrtype b ON a.attrtype_id=b.id  WHERE `attrtype_id` IN ('1','2')  [ RunTime:0.0000s ]
INFO: [ app_end ] --START--
INFO: Run Behavior\ShowPageTraceBehavior [ RunTime:0.001000s ]
INFO: [ app_end ] --END-- [ RunTime:0.001000s ]

[ 2018-02-02T09:43:00+08:00 ] 127.0.0.1 /moban/index.php/Admin/Attr/del/id/25
ERR: 1146:Table 'moban.moban_attry' doesn't exist
 [ SQL语句 ] : SHOW COLUMNS FROM `moban_attry`

[ 2018-02-02T10:10:08+08:00 ] 127.0.0.1 /moban/index.php/Admin/Attr/del/id/25
ERR: Think\Model:del方法不存在！

[ 2018-02-02T10:11:04+08:00 ] 127.0.0.1 /moban/index.php/Admin/Attr/del/id/25
ERR: Think\Model:del方法不存在！

[ 2018-02-02T10:12:59+08:00 ] 127.0.0.1 /moban/index.php/Admin/Attr/del/id/25
ERR: Think\Model:del方法不存在！

[ 2018-02-02T10:14:52+08:00 ] 127.0.0.1 /moban/index.php/Admin/Attr/getAttr
INFO: [ app_begin ] --START--
INFO: Run Behavior\ReadHtmlCacheBehavior [ RunTime:0.000000s ]
INFO: [ app_begin ] --END-- [ RunTime:0.000000s ]
SQL: SHOW COLUMNS FROM `moban_attr` [ RunTime:0.0020s ]
SQL: SELECT * FROM `moban_attr` WHERE `attrtype_id` = 1  [ RunTime:0.0010s ]
INFO: [ app_end ] --START--
INFO: Run Behavior\ShowPageTraceBehavior [ RunTime:0.000000s ]
INFO: [ app_end ] --END-- [ RunTime:0.001000s ]

[ 2018-02-02T10:15:40+08:00 ] 127.0.0.1 /moban/index.php/Admin/Attr/getAttr
INFO: [ app_begin ] --START--
INFO: Run Behavior\ReadHtmlCacheBehavior [ RunTime:0.000000s ]
INFO: [ app_begin ] --END-- [ RunTime:0.001000s ]
SQL: SHOW COLUMNS FROM `moban_attr` [ RunTime:0.0010s ]
SQL: SELECT * FROM `moban_attr` WHERE `attrtype_id` = 1  [ RunTime:0.0010s ]
INFO: [ app_end ] --START--
INFO: Run Behavior\ShowPageTraceBehavior [ RunTime:0.001000s ]
INFO: [ app_end ] --END-- [ RunTime:0.001000s ]

[ 2018-02-02T10:15:42+08:00 ] 127.0.0.1 /moban/index.php/Admin/Attr/getAttrs
INFO: [ app_begin ] --START--
INFO: Run Behavior\ReadHtmlCacheBehavior [ RunTime:0.000000s ]
INFO: [ app_begin ] --END-- [ RunTime:0.001000s ]
SQL: SHOW COLUMNS FROM `moban_attr` [ RunTime:0.0020s ]
SQL: SELECT * FROM `moban_attr` WHERE `id` = 31  [ RunTime:0.0010s ]
INFO: [ app_end ] --START--
INFO: Run Behavior\ShowPageTraceBehavior [ RunTime:0.000000s ]
INFO: [ app_end ] --END-- [ RunTime:0.000000s ]

[ 2018-02-02T10:19:29+08:00 ] 127.0.0.1 /moban/index.php/Admin/Attr/getAttr
INFO: [ app_begin ] --START--
INFO: Run Behavior\ReadHtmlCacheBehavior [ RunTime:0.001000s ]
INFO: [ app_begin ] --END-- [ RunTime:0.001000s ]
SQL: SHOW COLUMNS FROM `moban_attr` [ RunTime:0.0010s ]
SQL: SELECT * FROM `moban_attr` WHERE `attrtype_id` = 1  [ RunTime:0.0000s ]
INFO: [ app_end ] --START--
INFO: Run Behavior\ShowPageTraceBehavior [ RunTime:0.000000s ]
INFO: [ app_end ] --END-- [ RunTime:0.001000s ]

[ 2018-02-02T10:20:06+08:00 ] 127.0.0.1 /moban/index.php/Admin/Attr/getAttr
INFO: [ app_begin ] --START--
INFO: Run Behavior\ReadHtmlCacheBehavior [ RunTime:0.002000s ]
INFO: [ app_begin ] --END-- [ RunTime:0.002000s ]
SQL: SHOW COLUMNS FROM `moban_attr` [ RunTime:0.0010s ]
SQL: SELECT * FROM `moban_attr` WHERE `attrtype_id` = 1  [ RunTime:0.0000s ]
INFO: [ app_end ] --START--
INFO: Run Behavior\ShowPageTraceBehavior [ RunTime:0.000000s ]
INFO: [ app_end ] --END-- [ RunTime:0.000000s ]

[ 2018-02-02T10:20:09+08:00 ] 127.0.0.1 /moban/index.php/Admin/Attr/getAttrs
INFO: [ app_begin ] --START--
INFO: Run Behavior\ReadHtmlCacheBehavior [ RunTime:0.000000s ]
INFO: [ app_begin ] --END-- [ RunTime:0.001000s ]
SQL: SHOW COLUMNS FROM `moban_attr` [ RunTime:0.0010s ]
SQL: SELECT * FROM `moban_attr` WHERE `id` = 33  [ RunTime:0.0000s ]
INFO: [ app_end ] --START--
INFO: Run Behavior\ShowPageTraceBehavior [ RunTime:0.000000s ]
INFO: [ app_end ] --END-- [ RunTime:0.000000s ]

[ 2018-02-02T10:23:20+08:00 ] 127.0.0.1 /moban/index.php/Admin/Attr/del/id/33
ERR: 1064:You have an error in your SQL syntax; check the manual that corresponds to your MySQL server version for the right syntax to use near ')' at line 1
 [ SQL语句 ] : DELETE FROM `moban_attrter` WHERE `id` IN ()

[ 2018-02-02T10:24:26+08:00 ] 127.0.0.1 /moban/index.php/Admin/Attr/getAttr
INFO: [ app_begin ] --START--
INFO: Run Behavior\ReadHtmlCacheBehavior [ RunTime:0.001000s ]
INFO: [ app_begin ] --END-- [ RunTime:0.001000s ]
SQL: SHOW COLUMNS FROM `moban_attr` [ RunTime:0.0010s ]
SQL: SELECT * FROM `moban_attr` WHERE `attrtype_id` = 1  [ RunTime:0.0000s ]
INFO: [ app_end ] --START--
INFO: Run Behavior\ShowPageTraceBehavior [ RunTime:0.001000s ]
INFO: [ app_end ] --END-- [ RunTime:0.001000s ]

[ 2018-02-02T10:24:31+08:00 ] 127.0.0.1 /moban/index.php/Admin/Attr/getAttrs
INFO: [ app_begin ] --START--
INFO: Run Behavior\ReadHtmlCacheBehavior [ RunTime:0.000000s ]
INFO: [ app_begin ] --END-- [ RunTime:0.000000s ]
SQL: SHOW COLUMNS FROM `moban_attr` [ RunTime:0.0010s ]
SQL: SELECT * FROM `moban_attr` WHERE `id` = 1  [ RunTime:0.0020s ]
INFO: [ app_end ] --START--
INFO: Run Behavior\ShowPageTraceBehavior [ RunTime:0.000000s ]
INFO: [ app_end ] --END-- [ RunTime:0.001000s ]

[ 2018-02-02T10:24:38+08:00 ] 127.0.0.1 /moban/index.php/Admin/Attr/getAttr
INFO: [ app_begin ] --START--
INFO: Run Behavior\ReadHtmlCacheBehavior [ RunTime:0.000000s ]
INFO: [ app_begin ] --END-- [ RunTime:0.001000s ]
SQL: SHOW COLUMNS FROM `moban_attr` [ RunTime:0.0010s ]
SQL: SELECT * FROM `moban_attr` WHERE `attrtype_id` = 1  [ RunTime:0.0000s ]
INFO: [ app_end ] --START--
INFO: Run Behavior\ShowPageTraceBehavior [ RunTime:0.001000s ]
INFO: [ app_end ] --END-- [ RunTime:0.001000s ]

[ 2018-02-02T10:25:02+08:00 ] 127.0.0.1 /moban/index.php/Admin/Attr/getAttr
INFO: [ app_begin ] --START--
INFO: Run Behavior\ReadHtmlCacheBehavior [ RunTime:0.000000s ]
INFO: [ app_begin ] --END-- [ RunTime:0.000000s ]
SQL: SHOW COLUMNS FROM `moban_attr` [ RunTime:0.0020s ]
SQL: SELECT * FROM `moban_attr` WHERE `attrtype_id` = 1  [ RunTime:0.0000s ]
INFO: [ app_end ] --START--
INFO: Run Behavior\ShowPageTraceBehavior [ RunTime:0.000000s ]
INFO: [ app_end ] --END-- [ RunTime:0.000000s ]

[ 2018-02-02T10:25:04+08:00 ] 127.0.0.1 /moban/index.php/Admin/Attr/getAttrs
INFO: [ app_begin ] --START--
INFO: Run Behavior\ReadHtmlCacheBehavior [ RunTime:0.000000s ]
INFO: [ app_begin ] --END-- [ RunTime:0.001000s ]
SQL: SHOW COLUMNS FROM `moban_attr` [ RunTime:0.0040s ]
SQL: SELECT * FROM `moban_attr` WHERE `id` = 34  [ RunTime:0.0000s ]
INFO: [ app_end ] --START--
INFO: Run Behavior\ShowPageTraceBehavior [ RunTime:0.001000s ]
INFO: [ app_end ] --END-- [ RunTime:0.001000s ]

[ 2018-02-02T10:25:19+08:00 ] 127.0.0.1 /moban/index.php/Admin/Attr/getAttr
INFO: [ app_begin ] --START--
INFO: Run Behavior\ReadHtmlCacheBehavior [ RunTime:0.001000s ]
INFO: [ app_begin ] --END-- [ RunTime:0.002000s ]
SQL: SHOW COLUMNS FROM `moban_attr` [ RunTime:0.0010s ]
SQL: SELECT * FROM `moban_attr` WHERE `attrtype_id` = 1  [ RunTime:0.0000s ]
INFO: [ app_end ] --START--
INFO: Run Behavior\ShowPageTraceBehavior [ RunTime:0.001000s ]
INFO: [ app_end ] --END-- [ RunTime:0.001000s ]

[ 2018-02-02T10:25:20+08:00 ] 127.0.0.1 /moban/index.php/Admin/Attr/getAttrs
INFO: [ app_begin ] --START--
INFO: Run Behavior\ReadHtmlCacheBehavior [ RunTime:0.000000s ]
INFO: [ app_begin ] --END-- [ RunTime:0.000000s ]
SQL: SHOW COLUMNS FROM `moban_attr` [ RunTime:0.0020s ]
SQL: SELECT * FROM `moban_attr` WHERE `id` = 34  [ RunTime:0.0000s ]
INFO: [ app_end ] --START--
INFO: Run Behavior\ShowPageTraceBehavior [ RunTime:0.000000s ]
INFO: [ app_end ] --END-- [ RunTime:0.000000s ]

[ 2018-02-02T10:25:56+08:00 ] 127.0.0.1 /moban/index.php/Admin/Attr/attrp
INFO: [ app_begin ] --START--
INFO: Run Behavior\ReadHtmlCacheBehavior [ RunTime:0.000000s ]
INFO: [ app_begin ] --END-- [ RunTime:0.000000s ]
NOTIC: [2048] Declaration of Admin\Model\AttrModel::_after_update() should be compatible with Think\Model::_after_update($data, $options) D:\wamp\www\moban\Application\Admin\Model\AttrModel.class.php 第 4 行.
SQL: SHOW COLUMNS FROM `moban_attr` [ RunTime:0.0020s ]
SQL: SELECT a.id,a.attr_name,a.attr_value,a.parent_id,b.attrtype_name FROM moban_attr a LEFT JOIN moban_attrtype b ON a.attrtype_id=b.id  WHERE `attrtype_id` = '2'  [ RunTime:0.0010s ]
INFO: [ app_end ] --START--
INFO: Run Behavior\ShowPageTraceBehavior [ RunTime:0.000000s ]
INFO: [ app_end ] --END-- [ RunTime:0.000000s ]

[ 2018-02-02T10:25:57+08:00 ] 127.0.0.1 /moban/index.php/Admin/Attr/attrp
INFO: [ app_begin ] --START--
INFO: Run Behavior\ReadHtmlCacheBehavior [ RunTime:0.001000s ]
INFO: [ app_begin ] --END-- [ RunTime:0.001000s ]
NOTIC: [2048] Declaration of Admin\Model\AttrModel::_after_update() should be compatible with Think\Model::_after_update($data, $options) D:\wamp\www\moban\Application\Admin\Model\AttrModel.class.php 第 4 行.
SQL: SHOW COLUMNS FROM `moban_attr` [ RunTime:0.0020s ]
SQL: SELECT a.id,a.attr_name,a.attr_value,a.parent_id,b.attrtype_name FROM moban_attr a LEFT JOIN moban_attrtype b ON a.attrtype_id=b.id  WHERE `attrtype_id` = '1'  [ RunTime:0.0010s ]
INFO: [ app_end ] --START--
INFO: Run Behavior\ShowPageTraceBehavior [ RunTime:0.001000s ]
INFO: [ app_end ] --END-- [ RunTime:0.001000s ]

[ 2018-02-02T10:25:58+08:00 ] 127.0.0.1 /moban/index.php/Admin/Attr/getAttres
INFO: [ app_begin ] --START--
INFO: Run Behavior\ReadHtmlCacheBehavior [ RunTime:0.000000s ]
INFO: [ app_begin ] --END-- [ RunTime:0.000000s ]
SQL: SHOW COLUMNS FROM `moban_attr` [ RunTime:0.0010s ]
SQL: SELECT * FROM `moban_attr` WHERE `parent_id` = 34  [ RunTime:0.0000s ]
INFO: [ app_end ] --START--
INFO: Run Behavior\ShowPageTraceBehavior [ RunTime:0.001000s ]
INFO: [ app_end ] --END-- [ RunTime:0.001000s ]

[ 2018-02-02T10:26:16+08:00 ] 127.0.0.1 /moban/index.php/Admin/Attr/attrp
INFO: [ app_begin ] --START--
INFO: Run Behavior\ReadHtmlCacheBehavior [ RunTime:0.000000s ]
INFO: [ app_begin ] --END-- [ RunTime:0.001000s ]
NOTIC: [2048] Declaration of Admin\Model\AttrModel::_after_update() should be compatible with Think\Model::_after_update($data, $options) D:\wamp\www\moban\Application\Admin\Model\AttrModel.class.php 第 4 行.
SQL: SHOW COLUMNS FROM `moban_attr` [ RunTime:0.0020s ]
SQL: SHOW COLUMNS FROM `moban_attrtype` [ RunTime:0.0010s ]
SQL: SELECT * FROM `moban_attrtype`  [ RunTime:0.0010s ]
SQL: SELECT a.id,a.attr_name,a.attr_value,a.parent_id,b.attrtype_name FROM moban_attr a LEFT JOIN moban_attrtype b ON a.attrtype_id=b.id  WHERE `attrtype_id` IN ('1','2')  [ RunTime:0.0000s ]
INFO: [ app_end ] --START--
INFO: Run Behavior\ShowPageTraceBehavior [ RunTime:0.001000s ]
INFO: [ app_end ] --END-- [ RunTime:0.001000s ]

[ 2018-02-02T10:26:22+08:00 ] 127.0.0.1 /moban/index.php/Admin/Attr/attrp
INFO: [ app_begin ] --START--
INFO: Run Behavior\ReadHtmlCacheBehavior [ RunTime:0.001000s ]
INFO: [ app_begin ] --END-- [ RunTime:0.001000s ]
NOTIC: [2048] Declaration of Admin\Model\AttrModel::_after_update() should be compatible with Think\Model::_after_update($data, $options) D:\wamp\www\moban\Application\Admin\Model\AttrModel.class.php 第 4 行.
SQL: SHOW COLUMNS FROM `moban_attr` [ RunTime:0.0040s ]
SQL: SELECT a.id,a.attr_name,a.attr_value,a.parent_id,b.attrtype_name FROM moban_attr a LEFT JOIN moban_attrtype b ON a.attrtype_id=b.id  WHERE `attrtype_id` = '1'  [ RunTime:0.0010s ]
INFO: [ app_end ] --START--
INFO: Run Behavior\ShowPageTraceBehavior [ RunTime:0.000000s ]
INFO: [ app_end ] --END-- [ RunTime:0.001000s ]

[ 2018-02-02T10:26:24+08:00 ] 127.0.0.1 /moban/index.php/Admin/Attr/getAttres
INFO: [ app_begin ] --START--
INFO: Run Behavior\ReadHtmlCacheBehavior [ RunTime:0.001000s ]
INFO: [ app_begin ] --END-- [ RunTime:0.001000s ]
SQL: SHOW COLUMNS FROM `moban_attr` [ RunTime:0.0040s ]
SQL: SELECT * FROM `moban_attr` WHERE `parent_id` = 34  [ RunTime:0.0000s ]
INFO: [ app_end ] --START--
INFO: Run Behavior\ShowPageTraceBehavior [ RunTime:0.000000s ]
INFO: [ app_end ] --END-- [ RunTime:0.001000s ]

[ 2018-02-02T10:26:28+08:00 ] 127.0.0.1 /moban/index.php/Admin/Attr/attrp
INFO: [ app_begin ] --START--
INFO: Run Behavior\ReadHtmlCacheBehavior [ RunTime:0.000000s ]
INFO: [ app_begin ] --END-- [ RunTime:0.000000s ]
NOTIC: [2048] Declaration of Admin\Model\AttrModel::_after_update() should be compatible with Think\Model::_after_update($data, $options) D:\wamp\www\moban\Application\Admin\Model\AttrModel.class.php 第 4 行.
SQL: SHOW COLUMNS FROM `moban_attr` [ RunTime:0.0010s ]
SQL: SHOW COLUMNS FROM `moban_attrtype` [ RunTime:0.0030s ]
SQL: SELECT * FROM `moban_attrtype`  [ RunTime:0.0000s ]
SQL: SELECT a.id,a.attr_name,a.attr_value,a.parent_id,b.attrtype_name FROM moban_attr a LEFT JOIN moban_attrtype b ON a.attrtype_id=b.id  WHERE `attrtype_id` IN ('1','2')  [ RunTime:0.0010s ]
INFO: [ app_end ] --START--
INFO: Run Behavior\ShowPageTraceBehavior [ RunTime:0.000000s ]
INFO: [ app_end ] --END-- [ RunTime:0.000000s ]

[ 2018-02-02T10:27:39+08:00 ] 127.0.0.1 /moban/index.php/Admin/Attr/getAttr
INFO: [ app_begin ] --START--
INFO: Run Behavior\ReadHtmlCacheBehavior [ RunTime:0.001000s ]
INFO: [ app_begin ] --END-- [ RunTime:0.001000s ]
SQL: SHOW COLUMNS FROM `moban_attr` [ RunTime:0.0010s ]
SQL: SELECT * FROM `moban_attr` WHERE `attrtype_id` = 1  [ RunTime:0.0000s ]
INFO: [ app_end ] --START--
INFO: Run Behavior\ShowPageTraceBehavior [ RunTime:0.001000s ]
INFO: [ app_end ] --END-- [ RunTime:0.001000s ]

[ 2018-02-02T10:28:23+08:00 ] 127.0.0.1 /moban/index.php/Admin/Attr/getAttr
INFO: [ app_begin ] --START--
INFO: Run Behavior\ReadHtmlCacheBehavior [ RunTime:0.001000s ]
INFO: [ app_begin ] --END-- [ RunTime:0.001000s ]
SQL: SHOW COLUMNS FROM `moban_attr` [ RunTime:0.0010s ]
SQL: SELECT * FROM `moban_attr` WHERE `attrtype_id` = 1  [ RunTime:0.0010s ]
INFO: [ app_end ] --START--
INFO: Run Behavior\ShowPageTraceBehavior [ RunTime:0.000000s ]
INFO: [ app_end ] --END-- [ RunTime:0.000000s ]

[ 2018-02-02T10:28:25+08:00 ] 127.0.0.1 /moban/index.php/Admin/Attr/getAttrs
INFO: [ app_begin ] --START--
INFO: Run Behavior\ReadHtmlCacheBehavior [ RunTime:0.000000s ]
INFO: [ app_begin ] --END-- [ RunTime:0.000000s ]
SQL: SHOW COLUMNS FROM `moban_attr` [ RunTime:0.0020s ]
SQL: SELECT * FROM `moban_attr` WHERE `id` = 37  [ RunTime:0.0000s ]
INFO: [ app_end ] --START--
INFO: Run Behavior\ShowPageTraceBehavior [ RunTime:0.000000s ]
INFO: [ app_end ] --END-- [ RunTime:0.001000s ]

[ 2018-02-02T10:28:38+08:00 ] 127.0.0.1 /moban/index.php/Admin/Attr/getAttr
INFO: [ app_begin ] --START--
INFO: Run Behavior\ReadHtmlCacheBehavior [ RunTime:0.000000s ]
INFO: [ app_begin ] --END-- [ RunTime:0.000000s ]
SQL: SHOW COLUMNS FROM `moban_attr` [ RunTime:0.0010s ]
SQL: SELECT * FROM `moban_attr` WHERE `attrtype_id` = 1  [ RunTime:0.0000s ]
INFO: [ app_end ] --START--
INFO: Run Behavior\ShowPageTraceBehavior [ RunTime:0.000000s ]
INFO: [ app_end ] --END-- [ RunTime:0.000000s ]

[ 2018-02-02T10:28:40+08:00 ] 127.0.0.1 /moban/index.php/Admin/Attr/getAttrs
INFO: [ app_begin ] --START--
INFO: Run Behavior\ReadHtmlCacheBehavior [ RunTime:0.000000s ]
INFO: [ app_begin ] --END-- [ RunTime:0.001000s ]
SQL: SHOW COLUMNS FROM `moban_attr` [ RunTime:0.0020s ]
SQL: SELECT * FROM `moban_attr` WHERE `id` = 37  [ RunTime:0.0000s ]
INFO: [ app_end ] --START--
INFO: Run Behavior\ShowPageTraceBehavior [ RunTime:0.001000s ]
INFO: [ app_end ] --END-- [ RunTime:0.001000s ]

[ 2018-02-02T10:36:41+08:00 ] 127.0.0.1 /moban/index.php/Admin/Attr/getAttr
INFO: [ app_begin ] --START--
INFO: Run Behavior\ReadHtmlCacheBehavior [ RunTime:0.000000s ]
INFO: [ app_begin ] --END-- [ RunTime:0.000000s ]
SQL: SHOW COLUMNS FROM `moban_attr` [ RunTime:0.0010s ]
SQL: SELECT * FROM `moban_attr` WHERE `attrtype_id` = 1  [ RunTime:0.0000s ]
INFO: [ app_end ] --START--
INFO: Run Behavior\ShowPageTraceBehavior [ RunTime:0.001000s ]
INFO: [ app_end ] --END-- [ RunTime:0.001000s ]

[ 2018-02-02T10:37:59+08:00 ] 127.0.0.1 /moban/index.php/Admin/Attr/del/id/40
ERR: 1064:You have an error in your SQL syntax; check the manual that corresponds to your MySQL server version for the right syntax to use near ')' at line 1
 [ SQL语句 ] : DELETE FROM `moban_attrter` WHERE `id` IN ()

[ 2018-02-02T10:42:01+08:00 ] 127.0.0.1 /moban/index.php/Admin/Attr/getAttr
INFO: [ app_begin ] --START--
INFO: Run Behavior\ReadHtmlCacheBehavior [ RunTime:0.000000s ]
INFO: [ app_begin ] --END-- [ RunTime:0.000000s ]
SQL: SHOW COLUMNS FROM `moban_attr` [ RunTime:0.0010s ]
SQL: SELECT * FROM `moban_attr` WHERE `attrtype_id` = 1  [ RunTime:0.0010s ]
INFO: [ app_end ] --START--
INFO: Run Behavior\ShowPageTraceBehavior [ RunTime:0.000000s ]
INFO: [ app_end ] --END-- [ RunTime:0.000000s ]

[ 2018-02-02T10:54:56+08:00 ] 127.0.0.1 /moban/index.php/Admin/Attr/getAttr
INFO: [ app_begin ] --START--
INFO: Run Behavior\ReadHtmlCacheBehavior [ RunTime:0.000000s ]
INFO: [ app_begin ] --END-- [ RunTime:0.001000s ]
SQL: SHOW COLUMNS FROM `moban_attr` [ RunTime:0.0020s ]
SQL: SELECT * FROM `moban_attr` WHERE `attrtype_id` = 1  [ RunTime:0.0010s ]
INFO: [ app_end ] --START--
INFO: Run Behavior\ShowPageTraceBehavior [ RunTime:0.000000s ]
INFO: [ app_end ] --END-- [ RunTime:0.000000s ]

[ 2018-02-02T10:55:47+08:00 ] 127.0.0.1 /moban/index.php/Admin/Attr/getAttr
INFO: [ app_begin ] --START--
INFO: Run Behavior\ReadHtmlCacheBehavior [ RunTime:0.000000s ]
INFO: [ app_begin ] --END-- [ RunTime:0.001000s ]
SQL: SHOW COLUMNS FROM `moban_attr` [ RunTime:0.0030s ]
SQL: SELECT * FROM `moban_attr` WHERE `attrtype_id` = 1  [ RunTime:0.0000s ]
INFO: [ app_end ] --START--
INFO: Run Behavior\ShowPageTraceBehavior [ RunTime:0.000000s ]
INFO: [ app_end ] --END-- [ RunTime:0.001000s ]

[ 2018-02-02T10:57:12+08:00 ] 127.0.0.1 /moban/index.php/Admin/Attr/getAttr
INFO: [ app_begin ] --START--
INFO: Run Behavior\ReadHtmlCacheBehavior [ RunTime:0.000000s ]
INFO: [ app_begin ] --END-- [ RunTime:0.001001s ]
SQL: SHOW COLUMNS FROM `moban_attr` [ RunTime:0.0010s ]
SQL: SELECT * FROM `moban_attr` WHERE `attrtype_id` = 1  [ RunTime:0.0000s ]
INFO: [ app_end ] --START--
INFO: Run Behavior\ShowPageTraceBehavior [ RunTime:0.001001s ]
INFO: [ app_end ] --END-- [ RunTime:0.001001s ]

[ 2018-02-02T10:58:16+08:00 ] 127.0.0.1 /moban/index.php/Admin/Attr/getAttr
INFO: [ app_begin ] --START--
INFO: Run Behavior\ReadHtmlCacheBehavior [ RunTime:0.000000s ]
INFO: [ app_begin ] --END-- [ RunTime:0.000000s ]
SQL: SHOW COLUMNS FROM `moban_attr` [ RunTime:0.0060s ]
SQL: SELECT * FROM `moban_attr` WHERE `attrtype_id` = 1  [ RunTime:0.0010s ]
INFO: [ app_end ] --START--
INFO: Run Behavior\ShowPageTraceBehavior [ RunTime:0.000000s ]
INFO: [ app_end ] --END-- [ RunTime:0.001000s ]

[ 2018-02-02T10:58:42+08:00 ] 127.0.0.1 /moban/index.php/Admin/Attr/getAttr
INFO: [ app_begin ] --START--
INFO: Run Behavior\ReadHtmlCacheBehavior [ RunTime:0.000000s ]
INFO: [ app_begin ] --END-- [ RunTime:0.000000s ]
SQL: SHOW COLUMNS FROM `moban_attr` [ RunTime:0.0020s ]
SQL: SELECT * FROM `moban_attr` WHERE `attrtype_id` = 1  [ RunTime:0.0000s ]
INFO: [ app_end ] --START--
INFO: Run Behavior\ShowPageTraceBehavior [ RunTime:0.001001s ]
INFO: [ app_end ] --END-- [ RunTime:0.002001s ]

[ 2018-02-02T10:58:43+08:00 ] 127.0.0.1 /moban/index.php/Admin/Attr/getAttrs
INFO: [ app_begin ] --START--
INFO: Run Behavior\ReadHtmlCacheBehavior [ RunTime:0.000000s ]
INFO: [ app_begin ] --END-- [ RunTime:0.001000s ]
SQL: SHOW COLUMNS FROM `moban_attr` [ RunTime:0.0030s ]
SQL: SELECT * FROM `moban_attr` WHERE `id` = 1  [ RunTime:0.0010s ]
INFO: [ app_end ] --START--
INFO: Run Behavior\ShowPageTraceBehavior [ RunTime:0.001000s ]
INFO: [ app_end ] --END-- [ RunTime:0.001000s ]

[ 2018-02-02T11:00:52+08:00 ] 127.0.0.1 /moban/index.php/Admin/Attr/getAttr
INFO: [ app_begin ] --START--
INFO: Run Behavior\ReadHtmlCacheBehavior [ RunTime:0.000000s ]
INFO: [ app_begin ] --END-- [ RunTime:0.000000s ]
SQL: SHOW COLUMNS FROM `moban_attr` [ RunTime:0.0010s ]
SQL: SELECT * FROM `moban_attr` WHERE `attrtype_id` = 2  [ RunTime:0.0010s ]
INFO: [ app_end ] --START--
INFO: Run Behavior\ShowPageTraceBehavior [ RunTime:0.000000s ]
INFO: [ app_end ] --END-- [ RunTime:0.000000s ]

[ 2018-02-02T11:00:53+08:00 ] 127.0.0.1 /moban/index.php/Admin/Attr/getAttr
INFO: [ app_begin ] --START--
INFO: Run Behavior\ReadHtmlCacheBehavior [ RunTime:0.001000s ]
INFO: [ app_begin ] --END-- [ RunTime:0.001000s ]
SQL: SHOW COLUMNS FROM `moban_attr` [ RunTime:0.0020s ]
SQL: SELECT * FROM `moban_attr` WHERE `attrtype_id` = 1  [ RunTime:0.0000s ]
INFO: [ app_end ] --START--
INFO: Run Behavior\ShowPageTraceBehavior [ RunTime:0.000000s ]
INFO: [ app_end ] --END-- [ RunTime:0.001000s ]

[ 2018-02-02T11:00:55+08:00 ] 127.0.0.1 /moban/index.php/Admin/Attr/getAttrs
INFO: [ app_begin ] --START--
INFO: Run Behavior\ReadHtmlCacheBehavior [ RunTime:0.000000s ]
INFO: [ app_begin ] --END-- [ RunTime:0.001000s ]
SQL: SHOW COLUMNS FROM `moban_attr` [ RunTime:0.0040s ]
SQL: SELECT * FROM `moban_attr` WHERE `id` = 1  [ RunTime:0.0010s ]
INFO: [ app_end ] --START--
INFO: Run Behavior\ShowPageTraceBehavior [ RunTime:0.000000s ]
INFO: [ app_end ] --END-- [ RunTime:0.001000s ]

[ 2018-02-02T11:02:24+08:00 ] 127.0.0.1 /moban/index.php/Admin/Attr/getAttr
INFO: [ app_begin ] --START--
INFO: Run Behavior\ReadHtmlCacheBehavior [ RunTime:0.006000s ]
INFO: [ app_begin ] --END-- [ RunTime:0.006000s ]
SQL: SHOW COLUMNS FROM `moban_attr` [ RunTime:0.0050s ]
SQL: SELECT * FROM `moban_attr` WHERE `attrtype_id` = 1  [ RunTime:0.0010s ]
INFO: [ app_end ] --START--
INFO: Run Behavior\ShowPageTraceBehavior [ RunTime:0.001000s ]
INFO: [ app_end ] --END-- [ RunTime:0.001000s ]

[ 2018-02-02T11:02:25+08:00 ] 127.0.0.1 /moban/index.php/Admin/Attr/getAttrs
INFO: [ app_begin ] --START--
INFO: Run Behavior\ReadHtmlCacheBehavior [ RunTime:0.000000s ]
INFO: [ app_begin ] --END-- [ RunTime:0.000000s ]
SQL: SHOW COLUMNS FROM `moban_attr` [ RunTime:0.0040s ]
SQL: SELECT * FROM `moban_attr` WHERE `id` = 1  [ RunTime:0.0010s ]
INFO: [ app_end ] --START--
INFO: Run Behavior\ShowPageTraceBehavior [ RunTime:0.001000s ]
INFO: [ app_end ] --END-- [ RunTime:0.001000s ]

[ 2018-02-02T11:04:48+08:00 ] 127.0.0.1 /moban/index.php/Admin/Attr/getAttr
INFO: [ app_begin ] --START--
INFO: Run Behavior\ReadHtmlCacheBehavior [ RunTime:0.000000s ]
INFO: [ app_begin ] --END-- [ RunTime:0.000000s ]
SQL: SHOW COLUMNS FROM `moban_attr` [ RunTime:0.0020s ]
SQL: SELECT * FROM `moban_attr` WHERE `attrtype_id` = 1  [ RunTime:0.0050s ]
INFO: [ app_end ] --START--
INFO: Run Behavior\ShowPageTraceBehavior [ RunTime:0.001000s ]
INFO: [ app_end ] --END-- [ RunTime:0.001000s ]

[ 2018-02-02T11:04:50+08:00 ] 127.0.0.1 /moban/index.php/Admin/Attr/getAttrs
INFO: [ app_begin ] --START--
INFO: Run Behavior\ReadHtmlCacheBehavior [ RunTime:0.000000s ]
INFO: [ app_begin ] --END-- [ RunTime:0.001000s ]
SQL: SHOW COLUMNS FROM `moban_attr` [ RunTime:0.0020s ]
SQL: SELECT * FROM `moban_attr` WHERE `id` = 1  [ RunTime:0.0010s ]
INFO: [ app_end ] --START--
INFO: Run Behavior\ShowPageTraceBehavior [ RunTime:0.001000s ]
INFO: [ app_end ] --END-- [ RunTime:0.001000s ]

[ 2018-02-02T11:05:25+08:00 ] 127.0.0.1 /moban/index.php/Admin/Attr/getAttr
INFO: [ app_begin ] --START--
INFO: Run Behavior\ReadHtmlCacheBehavior [ RunTime:0.002000s ]
INFO: [ app_begin ] --END-- [ RunTime:0.002000s ]
SQL: SHOW COLUMNS FROM `moban_attr` [ RunTime:0.0030s ]
SQL: SELECT * FROM `moban_attr` WHERE `attrtype_id` = 1  [ RunTime:0.0000s ]
INFO: [ app_end ] --START--
INFO: Run Behavior\ShowPageTraceBehavior [ RunTime:0.001000s ]
INFO: [ app_end ] --END-- [ RunTime:0.001000s ]

[ 2018-02-02T11:05:26+08:00 ] 127.0.0.1 /moban/index.php/Admin/Attr/getAttrs
INFO: [ app_begin ] --START--
INFO: Run Behavior\ReadHtmlCacheBehavior [ RunTime:0.001000s ]
INFO: [ app_begin ] --END-- [ RunTime:0.001000s ]
SQL: SHOW COLUMNS FROM `moban_attr` [ RunTime:0.0000s ]
SQL: SELECT * FROM `moban_attr` WHERE `id` = 1  [ RunTime:0.0000s ]
INFO: [ app_end ] --START--
INFO: Run Behavior\ShowPageTraceBehavior [ RunTime:0.000000s ]
INFO: [ app_end ] --END-- [ RunTime:0.000000s ]

[ 2018-02-02T11:06:14+08:00 ] 127.0.0.1 /moban/index.php/Admin/Attr/getAttr
INFO: [ app_begin ] --START--
INFO: Run Behavior\ReadHtmlCacheBehavior [ RunTime:0.000000s ]
INFO: [ app_begin ] --END-- [ RunTime:0.001000s ]
SQL: SHOW COLUMNS FROM `moban_attr` [ RunTime:0.0030s ]
SQL: SELECT * FROM `moban_attr` WHERE `attrtype_id` = 1  [ RunTime:0.0000s ]
INFO: [ app_end ] --START--
INFO: Run Behavior\ShowPageTraceBehavior [ RunTime:0.000000s ]
INFO: [ app_end ] --END-- [ RunTime:0.000000s ]

[ 2018-02-02T11:06:16+08:00 ] 127.0.0.1 /moban/index.php/Admin/Attr/getAttrs
INFO: [ app_begin ] --START--
INFO: Run Behavior\ReadHtmlCacheBehavior [ RunTime:0.000000s ]
INFO: [ app_begin ] --END-- [ RunTime:0.000000s ]
SQL: SHOW COLUMNS FROM `moban_attr` [ RunTime:0.0020s ]
SQL: SELECT * FROM `moban_attr` WHERE `id` = 1  [ RunTime:0.0030s ]
INFO: [ app_end ] --START--
INFO: Run Behavior\ShowPageTraceBehavior [ RunTime:0.000000s ]
INFO: [ app_end ] --END-- [ RunTime:0.000000s ]

[ 2018-02-02T11:08:17+08:00 ] 127.0.0.1 /moban/index.php/Admin/Attr/attrp
INFO: [ app_begin ] --START--
INFO: Run Behavior\ReadHtmlCacheBehavior [ RunTime:0.000000s ]
INFO: [ app_begin ] --END-- [ RunTime:0.000000s ]
NOTIC: [2048] Declaration of Admin\Model\AttrModel::_after_update() should be compatible with Think\Model::_after_update($data, $options) D:\wamp\www\moban\Application\Admin\Model\AttrModel.class.php 第 4 行.
SQL: SHOW COLUMNS FROM `moban_attr` [ RunTime:0.0020s ]
SQL: SELECT a.id,a.attr_name,a.attr_value,a.parent_id,b.attrtype_name FROM moban_attr a LEFT JOIN moban_attrtype b ON a.attrtype_id=b.id  WHERE `attrtype_id` = '1'  [ RunTime:0.0040s ]
INFO: [ app_end ] --START--
INFO: Run Behavior\ShowPageTraceBehavior [ RunTime:0.000000s ]
INFO: [ app_end ] --END-- [ RunTime:0.000000s ]

[ 2018-02-02T11:08:19+08:00 ] 127.0.0.1 /moban/index.php/Admin/Attr/getAttres
INFO: [ app_begin ] --START--
INFO: Run Behavior\ReadHtmlCacheBehavior [ RunTime:0.001001s ]
INFO: [ app_begin ] --END-- [ RunTime:0.001001s ]
SQL: SHOW COLUMNS FROM `moban_attr` [ RunTime:0.0010s ]
SQL: SELECT * FROM `moban_attr` WHERE `parent_id` = 1  [ RunTime:0.0000s ]
INFO: [ app_end ] --START--
INFO: Run Behavior\ShowPageTraceBehavior [ RunTime:0.001000s ]
INFO: [ app_end ] --END-- [ RunTime:0.001000s ]

[ 2018-02-02T11:08:22+08:00 ] 127.0.0.1 /moban/index.php/Admin/Attr/getAttres
INFO: [ app_begin ] --START--
INFO: Run Behavior\ReadHtmlCacheBehavior [ RunTime:0.001000s ]
INFO: [ app_begin ] --END-- [ RunTime:0.001000s ]
SQL: SHOW COLUMNS FROM `moban_attr` [ RunTime:0.0040s ]
SQL: SELECT * FROM `moban_attr` WHERE `parent_id` = 2  [ RunTime:0.0010s ]
INFO: [ app_end ] --START--
INFO: Run Behavior\ShowPageTraceBehavior [ RunTime:0.001000s ]
INFO: [ app_end ] --END-- [ RunTime:0.001000s ]

[ 2018-02-02T11:08:24+08:00 ] 127.0.0.1 /moban/index.php/Admin/Attr/getAttres
INFO: [ app_begin ] --START--
INFO: Run Behavior\ReadHtmlCacheBehavior [ RunTime:0.000000s ]
INFO: [ app_begin ] --END-- [ RunTime:0.001000s ]
SQL: SHOW COLUMNS FROM `moban_attr` [ RunTime:0.0030s ]
SQL: SELECT * FROM `moban_attr` WHERE `parent_id` = 3  [ RunTime:0.0010s ]
INFO: [ app_end ] --START--
INFO: Run Behavior\ShowPageTraceBehavior [ RunTime:0.001000s ]
INFO: [ app_end ] --END-- [ RunTime:0.001000s ]

[ 2018-02-02T11:08:26+08:00 ] 127.0.0.1 /moban/index.php/Admin/Attr/attrp
INFO: [ app_begin ] --START--
INFO: Run Behavior\ReadHtmlCacheBehavior [ RunTime:0.001000s ]
INFO: [ app_begin ] --END-- [ RunTime:0.001000s ]
NOTIC: [2048] Declaration of Admin\Model\AttrModel::_after_update() should be compatible with Think\Model::_after_update($data, $options) D:\wamp\www\moban\Application\Admin\Model\AttrModel.class.php 第 4 行.
SQL: SHOW COLUMNS FROM `moban_attr` [ RunTime:0.0010s ]
SQL: SHOW COLUMNS FROM `moban_attrtype` [ RunTime:0.0010s ]
SQL: SELECT * FROM `moban_attrtype`  [ RunTime:0.0010s ]
SQL: SELECT a.id,a.attr_name,a.attr_value,a.parent_id,b.attrtype_name FROM moban_attr a LEFT JOIN moban_attrtype b ON a.attrtype_id=b.id  WHERE `attrtype_id` IN ('1','2')  [ RunTime:0.0000s ]
INFO: [ app_end ] --START--
INFO: Run Behavior\ShowPageTraceBehavior [ RunTime:0.000000s ]
INFO: [ app_end ] --END-- [ RunTime:0.000000s ]

[ 2018-02-02T11:48:25+08:00 ] 127.0.0.1 /moban/index.php/Admin/Goods/ADMN_CSS/jquery_002.js
ERR: 非法操作:ADMN_CSS

[ 2018-02-02T11:49:42+08:00 ] 127.0.0.1 /moban/index.php/Admin/Goods/ADMN_CSS/jquery_002.js
ERR: 非法操作:ADMN_CSS

[ 2018-02-02T11:50:08+08:00 ] 127.0.0.1 /moban/index.php/Admin/Goods/ADMN_CSS/jquery_002.js
ERR: 非法操作:ADMN_CSS

[ 2018-02-02T11:50:49+08:00 ] 127.0.0.1 /moban/index.php/Admin/Goods/ADMN_CSS/jquery_002.js
ERR: 非法操作:ADMN_CSS

[ 2018-02-02T11:51:00+08:00 ] 127.0.0.1 /moban/index.php/Admin/Goods/ADMN_CSS/jquery_002.js
ERR: 非法操作:ADMN_CSS

[ 2018-02-02T11:51:38+08:00 ] 127.0.0.1 /moban/index.php/Admin/Goods/ADMN_CSS/jquery_002.js
ERR: 非法操作:ADMN_CSS

[ 2018-02-02T11:51:42+08:00 ] 127.0.0.1 /moban/index.php/Admin/Goods/ADMN_CSS/jquery_002.js
ERR: 非法操作:ADMN_CSS

[ 2018-02-02T11:52:22+08:00 ] 127.0.0.1 /moban/index.php/Admin/Goods/ADMN_CSS/jquery_002.js
ERR: 非法操作:ADMN_CSS

[ 2018-02-02T11:52:24+08:00 ] 127.0.0.1 /moban/index.php/Admin/Goods/ADMN_CSS/jquery_002.js
ERR: 非法操作:ADMN_CSS

[ 2018-02-02T11:52:32+08:00 ] 127.0.0.1 /moban/index.php/Admin/Goods/ADMN_CSS/jquery_002.js
ERR: 非法操作:ADMN_CSS

[ 2018-02-02T12:19:15+08:00 ] 127.0.0.1 /moban/index.php/Admin/Goods/ADMN_CSS/jquery_002.js
ERR: 非法操作:ADMN_CSS

[ 2018-02-02T12:19:36+08:00 ] 127.0.0.1 /moban/index.php/Admin/Goods/ADMN_CSS/jquery_002.js
ERR: 非法操作:ADMN_CSS

[ 2018-02-02T12:20:13+08:00 ] 127.0.0.1 /moban/index.php/Admin/Goods/ADMN_CSS/jquery_002.js
ERR: 非法操作:ADMN_CSS

[ 2018-02-02T12:20:36+08:00 ] 127.0.0.1 /moban/index.php/Admin/Goods/ADMN_CSS/jquery_002.js
ERR: 非法操作:ADMN_CSS

[ 2018-02-02T12:20:40+08:00 ] 127.0.0.1 /moban/index.php/Admin/Goods/ADMN_CSS/jquery_002.js
ERR: 非法操作:ADMN_CSS

[ 2018-02-02T12:20:49+08:00 ] 127.0.0.1 /moban/index.php/Admin/Goods/ADMN_CSS/jquery_002.js
ERR: 非法操作:ADMN_CSS

[ 2018-02-02T12:21:01+08:00 ] 127.0.0.1 /moban/index.php/Admin/Goods/ADMN_CSS/jquery_002.js
ERR: 非法操作:ADMN_CSS

[ 2018-02-02T12:21:40+08:00 ] 127.0.0.1 /moban/index.php/Admin/Goods/ADMN_CSS/jquery_002.js
ERR: 非法操作:ADMN_CSS

[ 2018-02-02T12:22:46+08:00 ] 127.0.0.1 /moban/index.php/Admin/Goods/ADMN_CSS/jquery_002.js
ERR: 非法操作:ADMN_CSS

[ 2018-02-02T12:22:53+08:00 ] 127.0.0.1 /moban/index.php/Admin/Goods/ADMN_CSS/jquery_002.js
ERR: 非法操作:ADMN_CSS

[ 2018-02-02T12:22:53+08:00 ] 127.0.0.1 /moban/index.php/Admin/Goods/ADMN_CSS/jquery_002.js
ERR: 非法操作:ADMN_CSS

[ 2018-02-02T12:23:14+08:00 ] 127.0.0.1 /moban/index.php/Admin/Goods/ADMN_CSS/jquery_002.js
ERR: 非法操作:ADMN_CSS

[ 2018-02-02T12:23:32+08:00 ] 127.0.0.1 /moban/index.php/Admin/Goods/ADMN_CSS/jquery_002.js
ERR: 非法操作:ADMN_CSS

[ 2018-02-02T12:23:56+08:00 ] 127.0.0.1 /moban/index.php/Admin/Goods/ADMN_CSS/jquery_002.js
ERR: 非法操作:ADMN_CSS

[ 2018-02-02T12:24:06+08:00 ] 127.0.0.1 /moban/index.php/Admin/Goods/ADMN_CSS/jquery_002.js
ERR: 非法操作:ADMN_CSS

[ 2018-02-02T12:24:18+08:00 ] 127.0.0.1 /moban/index.php/Admin/Goods/ADMN_CSS/jquery_002.js
ERR: 非法操作:ADMN_CSS

[ 2018-02-02T12:24:24+08:00 ] 127.0.0.1 /moban/index.php/Admin/Goods/ADMN_CSS/jquery_002.js
ERR: 非法操作:ADMN_CSS

[ 2018-02-02T12:25:27+08:00 ] 127.0.0.1 /moban/index.php/Admin/Goods/ADMN_CSS/jquery_002.js
ERR: 非法操作:ADMN_CSS

[ 2018-02-02T12:26:16+08:00 ] 127.0.0.1 /moban/index.php/Admin/Goods/ADMN_CSS/jquery_002.js
ERR: 非法操作:ADMN_CSS

[ 2018-02-02T12:26:29+08:00 ] 127.0.0.1 /moban/index.php/Admin/Goods/ADMN_CSS/jquery_002.js
ERR: 非法操作:ADMN_CSS

[ 2018-02-02T15:16:27+08:00 ] 127.0.0.1 /moban/index.php/Admin/Goods/EDITOR/ueditor.all.min.js
ERR: 非法操作:EDITOR

[ 2018-02-02T15:16:27+08:00 ] 127.0.0.1 /moban/index.php/Admin/Goods/EDITOR/ueditor.all.min.js
ERR: 非法操作:EDITOR

[ 2018-02-02T15:21:29+08:00 ] 127.0.0.1 /moban/index.php/Admin/Goods/EDITOR/ueditor.all.min.js
ERR: 非法操作:EDITOR

[ 2018-02-02T15:21:29+08:00 ] 127.0.0.1 /moban/index.php/Admin/Goods/EDITOR/ueditor.all.min.js
ERR: 非法操作:EDITOR

[ 2018-02-02T15:24:11+08:00 ] 127.0.0.1 /moban/index.php/Admin/Goods/undefinedlang/zh-cn/zh-cn.js
ERR: 非法操作:undefinedlang

[ 2018-02-02T15:24:11+08:00 ] 127.0.0.1 /moban/index.php/Admin/Goods/undefinedthemes/default/css/ueditor.css
ERR: 非法操作:undefinedthemes

[ 2018-02-02T15:24:13+08:00 ] 127.0.0.1 /moban/index.php/Admin/Goods/undefinedlang/zh-cn/zh-cn.js
ERR: 非法操作:undefinedlang

[ 2018-02-02T15:24:13+08:00 ] 127.0.0.1 /moban/index.php/Admin/Goods/undefinedthemes/default/css/ueditor.css
ERR: 非法操作:undefinedthemes

