[ 2018-02-07T11:12:28+08:00 ] 127.0.0.1 /moban/index.php/Admin/Goods/uploadImg
INFO: [ app_begin ] --START--
INFO: Run Behavior\ReadHtmlCacheBehavior [ RunTime:0.000000s ]
INFO: [ app_begin ] --END-- [ RunTime:0.000000s ]
NOTIC: [2] call_user_func() expects parameter 1 to be a valid callback, no array or string given D:\wamp\www\moban\ThinkPHP\Library\Think\Upload.class.php 第 170 行.
INFO: [ app_end ] --START--
INFO: Run Behavior\ShowPageTraceBehavior [ RunTime:0.000000s ]
INFO: [ app_end ] --END-- [ RunTime:0.000000s ]

[ 2018-02-07T11:26:14+08:00 ] 127.0.0.1 /moban/index.php/Admin/Goods/uploadImg
INFO: [ app_begin ] --START--
INFO: Run Behavior\ReadHtmlCacheBehavior [ RunTime:0.000000s ]
INFO: [ app_begin ] --END-- [ RunTime:0.001000s ]
NOTIC: [2] call_user_func() expects parameter 1 to be a valid callback, no array or string given D:\wamp\www\moban\ThinkPHP\Library\Think\Upload.class.php 第 170 行.
INFO: [ app_end ] --START--
INFO: Run Behavior\ShowPageTraceBehavior [ RunTime:0.001000s ]
INFO: [ app_end ] --END-- [ RunTime:0.002000s ]

[ 2018-02-07T11:26:14+08:00 ] 127.0.0.1 /moban/index.php/Admin/Goods/delPhoto
INFO: [ app_begin ] --START--
INFO: Run Behavior\ReadHtmlCacheBehavior [ RunTime:0.001000s ]
INFO: [ app_begin ] --END-- [ RunTime:0.002000s ]
NOTIC: [2] unlink(/./Uploads/2018-02-06/5a796209565dc.jpg): No such file or directory D:\wamp\www\moban\Application\Admin\Controller\GoodsController.class.php 第 186 行.
INFO: [ app_end ] --START--
INFO: Run Behavior\ShowPageTraceBehavior [ RunTime:0.000000s ]
INFO: [ app_end ] --END-- [ RunTime:0.001000s ]

[ 2018-02-07T11:27:11+08:00 ] 127.0.0.1 /moban/index.php/Admin/Goods/getVip
INFO: [ app_begin ] --START--
INFO: Run Behavior\ReadHtmlCacheBehavior [ RunTime:0.002000s ]
INFO: [ app_begin ] --END-- [ RunTime:0.002000s ]
SQL: SHOW COLUMNS FROM `moban_vip` [ RunTime:0.0020s ]
SQL: SELECT * FROM `moban_vip`  [ RunTime:0.0040s ]
INFO: [ app_end ] --START--
INFO: Run Behavior\ShowPageTraceBehavior [ RunTime:0.001000s ]
INFO: [ app_end ] --END-- [ RunTime:0.001000s ]

[ 2018-02-07T11:27:21+08:00 ] 127.0.0.1 /moban/index.php/Admin/Goods/getVip
INFO: [ app_begin ] --START--
INFO: Run Behavior\ReadHtmlCacheBehavior [ RunTime:0.001000s ]
INFO: [ app_begin ] --END-- [ RunTime:0.001000s ]
SQL: SHOW COLUMNS FROM `moban_vip` [ RunTime:0.0010s ]
SQL: SELECT * FROM `moban_vip`  [ RunTime:0.0010s ]
INFO: [ app_end ] --START--
INFO: Run Behavior\ShowPageTraceBehavior [ RunTime:0.000000s ]
INFO: [ app_end ] --END-- [ RunTime:0.000000s ]

[ 2018-02-07T11:27:23+08:00 ] 127.0.0.1 /moban/index.php/Admin/Goods/getVip
INFO: [ app_begin ] --START--
INFO: Run Behavior\ReadHtmlCacheBehavior [ RunTime:0.000000s ]
INFO: [ app_begin ] --END-- [ RunTime:0.000000s ]
SQL: SHOW COLUMNS FROM `moban_vip` [ RunTime:0.0010s ]
SQL: SELECT * FROM `moban_vip`  [ RunTime:0.0010s ]
INFO: [ app_end ] --START--
INFO: Run Behavior\ShowPageTraceBehavior [ RunTime:0.000000s ]
INFO: [ app_end ] --END-- [ RunTime:0.002000s ]

[ 2018-02-07T11:35:41+08:00 ] 127.0.0.1 /moban/index.php/Admin/Goods/uploadImg
INFO: [ app_begin ] --START--
INFO: Run Behavior\ReadHtmlCacheBehavior [ RunTime:0.000000s ]
INFO: [ app_begin ] --END-- [ RunTime:0.000000s ]
NOTIC: [2] call_user_func() expects parameter 1 to be a valid callback, no array or string given D:\wamp\www\moban\ThinkPHP\Library\Think\Upload.class.php 第 170 行.
INFO: [ app_end ] --START--
INFO: Run Behavior\ShowPageTraceBehavior [ RunTime:0.001000s ]
INFO: [ app_end ] --END-- [ RunTime:0.001000s ]

[ 2018-02-07T11:40:49+08:00 ] 127.0.0.1 /moban/index.php/Admin/Goods/uploadImg
INFO: [ app_begin ] --START--
INFO: Run Behavior\ReadHtmlCacheBehavior [ RunTime:0.000000s ]
INFO: [ app_begin ] --END-- [ RunTime:0.001000s ]
NOTIC: [2] call_user_func() expects parameter 1 to be a valid callback, no array or string given D:\wamp\www\moban\ThinkPHP\Library\Think\Upload.class.php 第 170 行.
INFO: [ app_end ] --START--
INFO: Run Behavior\ShowPageTraceBehavior [ RunTime:0.001000s ]
INFO: [ app_end ] --END-- [ RunTime:0.001000s ]

[ 2018-02-07T11:40:49+08:00 ] 127.0.0.1 /moban/index.php/Admin/Goods/delPhoto
INFO: [ app_begin ] --START--
INFO: Run Behavior\ReadHtmlCacheBehavior [ RunTime:0.001000s ]
INFO: [ app_begin ] --END-- [ RunTime:0.002000s ]
INFO: [ app_end ] --START--
INFO: Run Behavior\ShowPageTraceBehavior [ RunTime:0.001001s ]
INFO: [ app_end ] --END-- [ RunTime:0.001001s ]

[ 2018-02-07T11:41:10+08:00 ] 127.0.0.1 /moban/index.php/Admin/Goods/uploadImg
INFO: [ app_begin ] --START--
INFO: Run Behavior\ReadHtmlCacheBehavior [ RunTime:0.001000s ]
INFO: [ app_begin ] --END-- [ RunTime:0.001000s ]
NOTIC: [2] call_user_func() expects parameter 1 to be a valid callback, no array or string given D:\wamp\www\moban\ThinkPHP\Library\Think\Upload.class.php 第 170 行.
INFO: [ app_end ] --START--
INFO: Run Behavior\ShowPageTraceBehavior [ RunTime:0.001000s ]
INFO: [ app_end ] --END-- [ RunTime:0.001000s ]

[ 2018-02-07T11:41:10+08:00 ] 127.0.0.1 /moban/index.php/Admin/Goods/delPhoto
INFO: [ app_begin ] --START--
INFO: Run Behavior\ReadHtmlCacheBehavior [ RunTime:0.001000s ]
INFO: [ app_begin ] --END-- [ RunTime:0.052003s ]
INFO: [ app_end ] --START--
INFO: Run Behavior\ShowPageTraceBehavior [ RunTime:0.000000s ]
INFO: [ app_end ] --END-- [ RunTime:0.001000s ]

[ 2018-02-07T11:47:30+08:00 ] 127.0.0.1 /moban/index.php/Admin/Goods/uploadImg
INFO: [ app_begin ] --START--
INFO: Run Behavior\ReadHtmlCacheBehavior [ RunTime:0.001000s ]
INFO: [ app_begin ] --END-- [ RunTime:0.001000s ]
NOTIC: [2] call_user_func() expects parameter 1 to be a valid callback, no array or string given D:\wamp\www\moban\ThinkPHP\Library\Think\Upload.class.php 第 170 行.
INFO: [ app_end ] --START--
INFO: Run Behavior\ShowPageTraceBehavior [ RunTime:0.001000s ]
INFO: [ app_end ] --END-- [ RunTime:0.001000s ]

[ 2018-02-07T11:47:30+08:00 ] 127.0.0.1 /moban/index.php/Admin/Goods/delPhoto
INFO: [ app_begin ] --START--
INFO: Run Behavior\ReadHtmlCacheBehavior [ RunTime:0.000000s ]
INFO: [ app_begin ] --END-- [ RunTime:0.001000s ]
INFO: [ app_end ] --START--
INFO: Run Behavior\ShowPageTraceBehavior [ RunTime:0.001000s ]
INFO: [ app_end ] --END-- [ RunTime:0.001000s ]

[ 2018-02-07T11:51:16+08:00 ] 127.0.0.1 /moban/index.php/Admin/Goods/getVip
INFO: [ app_begin ] --START--
INFO: Run Behavior\ReadHtmlCacheBehavior [ RunTime:0.001000s ]
INFO: [ app_begin ] --END-- [ RunTime:0.001000s ]
SQL: SHOW COLUMNS FROM `moban_vip` [ RunTime:0.0040s ]
SQL: SELECT * FROM `moban_vip`  [ RunTime:0.0000s ]
INFO: [ app_end ] --START--
INFO: Run Behavior\ShowPageTraceBehavior [ RunTime:0.001000s ]
INFO: [ app_end ] --END-- [ RunTime:0.001000s ]

[ 2018-02-07T11:58:02+08:00 ] 127.0.0.1 /moban/index.php/Admin/Attr/attrp
INFO: [ app_begin ] --START--
INFO: Run Behavior\ReadHtmlCacheBehavior [ RunTime:0.000000s ]
INFO: [ app_begin ] --END-- [ RunTime:0.001000s ]
NOTIC: [2048] Declaration of Admin\Model\AttrModel::_after_update() should be compatible with Think\Model::_after_update($data, $options) D:\wamp\www\moban\Application\Admin\Model\AttrModel.class.php 第 4 行.
SQL: SHOW COLUMNS FROM `moban_attr` [ RunTime:0.0020s ]
SQL: SELECT a.id,a.attr_name,a.attr_value,a.parent_id,b.attrtype_name FROM moban_attr a LEFT JOIN moban_attrtype b ON a.attrtype_id=b.id  WHERE `attrtype_id` = '2'  [ RunTime:0.0010s ]
INFO: [ app_end ] --START--
INFO: Run Behavior\ShowPageTraceBehavior [ RunTime:0.000000s ]
INFO: [ app_end ] --END-- [ RunTime:0.000000s ]

[ 2018-02-07T11:58:04+08:00 ] 127.0.0.1 /moban/index.php/Admin/Attr/attrp
INFO: [ app_begin ] --START--
INFO: Run Behavior\ReadHtmlCacheBehavior [ RunTime:0.000000s ]
INFO: [ app_begin ] --END-- [ RunTime:0.001000s ]
NOTIC: [2048] Declaration of Admin\Model\AttrModel::_after_update() should be compatible with Think\Model::_after_update($data, $options) D:\wamp\www\moban\Application\Admin\Model\AttrModel.class.php 第 4 行.
SQL: SHOW COLUMNS FROM `moban_attr` [ RunTime:0.0010s ]
SQL: SHOW COLUMNS FROM `moban_attrtype` [ RunTime:0.0010s ]
SQL: SELECT * FROM `moban_attrtype`  [ RunTime:0.0000s ]
SQL: SELECT a.id,a.attr_name,a.attr_value,a.parent_id,b.attrtype_name FROM moban_attr a LEFT JOIN moban_attrtype b ON a.attrtype_id=b.id  WHERE `attrtype_id` IN ('1','2')  [ RunTime:0.0000s ]
INFO: [ app_end ] --START--
INFO: Run Behavior\ShowPageTraceBehavior [ RunTime:0.001000s ]
INFO: [ app_end ] --END-- [ RunTime:0.001000s ]

[ 2018-02-07T12:14:44+08:00 ] 127.0.0.1 /moban/index.php/Admin/Search/add
ERR: 1146:Table 'moban.moban_searchtype' doesn't exist
 [ SQL语句 ] : SHOW COLUMNS FROM `moban_searchtype`

[ 2018-02-07T12:17:58+08:00 ] 127.0.0.1 /moban/index.php/Admin/Search/getAttr
INFO: [ app_begin ] --START--
INFO: Run Behavior\ReadHtmlCacheBehavior [ RunTime:0.001000s ]
INFO: [ app_begin ] --END-- [ RunTime:0.001000s ]
ERR: 非法操作:getAttr

[ 2018-02-07T12:18:00+08:00 ] 127.0.0.1 /moban/index.php/Admin/Search/getAttr
INFO: [ app_begin ] --START--
INFO: Run Behavior\ReadHtmlCacheBehavior [ RunTime:0.001000s ]
INFO: [ app_begin ] --END-- [ RunTime:0.001000s ]
ERR: 非法操作:getAttr

[ 2018-02-07T12:18:02+08:00 ] 127.0.0.1 /moban/index.php/Admin/Search/getAttr
INFO: [ app_begin ] --START--
INFO: Run Behavior\ReadHtmlCacheBehavior [ RunTime:0.000000s ]
INFO: [ app_begin ] --END-- [ RunTime:0.001000s ]
ERR: 非法操作:getAttr

[ 2018-02-07T12:18:09+08:00 ] 127.0.0.1 /moban/index.php/Admin/Search/getAttr
INFO: [ app_begin ] --START--
INFO: Run Behavior\ReadHtmlCacheBehavior [ RunTime:0.001001s ]
INFO: [ app_begin ] --END-- [ RunTime:0.001001s ]
ERR: 非法操作:getAttr

[ 2018-02-07T12:26:35+08:00 ] 127.0.0.1 /moban/index.php/Admin/Search/add
INFO: [ app_begin ] --START--
INFO: Run Behavior\ReadHtmlCacheBehavior [ RunTime:0.000000s ]
INFO: [ app_begin ] --END-- [ RunTime:0.001000s ]
NOTIC: [2048] Declaration of Admin\Model\SearchModel::_after_update() should be compatible with Think\Model::_after_update($data, $options) D:\wamp\www\moban\Application\Admin\Model\SearchModel.class.php 第 4 行.
SQL: SHOW COLUMNS FROM `moban_search` [ RunTime:0.0010s ]
INFO: [ app_end ] --START--
INFO: Run Behavior\ShowPageTraceBehavior [ RunTime:0.001000s ]
INFO: [ app_end ] --END-- [ RunTime:0.001000s ]

[ 2018-02-07T12:27:00+08:00 ] 127.0.0.1 /moban/index.php/Admin/Search/getCates
INFO: [ app_begin ] --START--
INFO: Run Behavior\ReadHtmlCacheBehavior [ RunTime:0.000000s ]
INFO: [ app_begin ] --END-- [ RunTime:0.001000s ]
NOTIC: [8] Array to string conversion D:\wamp\www\moban\Application\Admin\Controller\SearchController.class.php 第 71 行.
INFO: [ app_end ] --START--
INFO: Run Behavior\ShowPageTraceBehavior [ RunTime:0.001000s ]
INFO: [ app_end ] --END-- [ RunTime:0.001000s ]

[ 2018-02-07T12:27:45+08:00 ] 127.0.0.1 /moban/index.php/Admin/Search/getCates
INFO: [ app_begin ] --START--
INFO: Run Behavior\ReadHtmlCacheBehavior [ RunTime:0.000000s ]
INFO: [ app_begin ] --END-- [ RunTime:0.001000s ]
INFO: [ app_end ] --START--
INFO: Run Behavior\ShowPageTraceBehavior [ RunTime:0.001000s ]
INFO: [ app_end ] --END-- [ RunTime:0.001000s ]

[ 2018-02-07T12:28:24+08:00 ] 127.0.0.1 /moban/index.php/Admin/Search/getCates
INFO: [ app_begin ] --START--
INFO: Run Behavior\ReadHtmlCacheBehavior [ RunTime:0.000000s ]
INFO: [ app_begin ] --END-- [ RunTime:0.001001s ]
INFO: [ app_end ] --START--
INFO: Run Behavior\ShowPageTraceBehavior [ RunTime:0.000000s ]
INFO: [ app_end ] --END-- [ RunTime:0.000000s ]

[ 2018-02-07T12:29:30+08:00 ] 127.0.0.1 /moban/index.php/Admin/Search/getCates
INFO: [ app_begin ] --START--
INFO: Run Behavior\ReadHtmlCacheBehavior [ RunTime:0.001000s ]
INFO: [ app_begin ] --END-- [ RunTime:0.001000s ]
SQL: SHOW COLUMNS FROM `moban_goods` [ RunTime:0.0020s ]
SQL: SELECT * FROM `moban_goods` WHERE `id` = 6 LIMIT 1   [ RunTime:0.0000s ]
INFO: [ app_end ] --START--
INFO: Run Behavior\ShowPageTraceBehavior [ RunTime:0.000000s ]
INFO: [ app_end ] --END-- [ RunTime:0.001001s ]

[ 2018-02-07T12:30:01+08:00 ] 127.0.0.1 /moban/index.php/Admin/Search/getCates
INFO: [ app_begin ] --START--
INFO: Run Behavior\ReadHtmlCacheBehavior [ RunTime:0.000000s ]
INFO: [ app_begin ] --END-- [ RunTime:0.000000s ]
SQL: SHOW COLUMNS FROM `moban_goods` [ RunTime:0.0020s ]
SQL: SELECT `cate_id` FROM `moban_goods` WHERE `id` = 6 LIMIT 1   [ RunTime:0.0000s ]
INFO: [ app_end ] --START--
INFO: Run Behavior\ShowPageTraceBehavior [ RunTime:0.001000s ]
INFO: [ app_end ] --END-- [ RunTime:0.001000s ]

[ 2018-02-07T12:30:53+08:00 ] 127.0.0.1 /moban/index.php/Admin/Search/getCates
INFO: [ app_begin ] --START--
INFO: Run Behavior\ReadHtmlCacheBehavior [ RunTime:0.001000s ]
INFO: [ app_begin ] --END-- [ RunTime:0.001000s ]
SQL: SHOW COLUMNS FROM `moban_goods` [ RunTime:0.0020s ]
SQL: SELECT `cate_id` FROM `moban_goods` WHERE `id` = 6 LIMIT 1   [ RunTime:0.0010s ]
SQL: SHOW COLUMNS FROM `moban_cate` [ RunTime:0.0020s ]
SQL: SELECT * FROM `moban_cate` WHERE `id` = 3 LIMIT 1   [ RunTime:0.0000s ]
INFO: [ app_end ] --START--
INFO: Run Behavior\ShowPageTraceBehavior [ RunTime:0.001000s ]
INFO: [ app_end ] --END-- [ RunTime:0.001000s ]

[ 2018-02-07T12:31:04+08:00 ] 127.0.0.1 /moban/index.php/Admin/Search/getCates
INFO: [ app_begin ] --START--
INFO: Run Behavior\ReadHtmlCacheBehavior [ RunTime:0.000000s ]
INFO: [ app_begin ] --END-- [ RunTime:0.001000s ]
SQL: SHOW COLUMNS FROM `moban_goods` [ RunTime:0.0490s ]
SQL: SELECT `cate_id` FROM `moban_goods` WHERE `id` = 8 LIMIT 1   [ RunTime:0.0000s ]
SQL: SHOW COLUMNS FROM `moban_cate` [ RunTime:0.0010s ]
SQL: SELECT * FROM `moban_cate` WHERE `id` = 1 LIMIT 1   [ RunTime:0.0000s ]
INFO: [ app_end ] --START--
INFO: Run Behavior\ShowPageTraceBehavior [ RunTime:0.000000s ]
INFO: [ app_end ] --END-- [ RunTime:0.000000s ]

[ 2018-02-07T12:34:18+08:00 ] 127.0.0.1 /moban/index.php/Admin/Search/getCates
INFO: [ app_begin ] --START--
INFO: Run Behavior\ReadHtmlCacheBehavior [ RunTime:0.001000s ]
INFO: [ app_begin ] --END-- [ RunTime:0.001000s ]
SQL: SHOW COLUMNS FROM `moban_goods` [ RunTime:0.0000s ]
SQL: SELECT `cate_id` FROM `moban_goods` WHERE `id` = 6 LIMIT 1   [ RunTime:0.0000s ]
SQL: SHOW COLUMNS FROM `moban_cate` [ RunTime:0.0010s ]
SQL: SELECT * FROM `moban_cate` WHERE `id` = 3 LIMIT 1   [ RunTime:0.0000s ]
NOTIC: [8] Array to string conversion D:\wamp\www\moban\Application\Admin\Controller\SearchController.class.php 第 74 行.
INFO: [ app_end ] --START--
INFO: Run Behavior\ShowPageTraceBehavior [ RunTime:0.001000s ]
INFO: [ app_end ] --END-- [ RunTime:0.001000s ]

[ 2018-02-07T12:34:54+08:00 ] 127.0.0.1 /moban/index.php/Admin/Search/getCates
INFO: [ app_begin ] --START--
INFO: Run Behavior\ReadHtmlCacheBehavior [ RunTime:0.000000s ]
INFO: [ app_begin ] --END-- [ RunTime:0.001000s ]
SQL: SHOW COLUMNS FROM `moban_goods` [ RunTime:0.0010s ]
SQL: SELECT `cate_id` FROM `moban_goods` WHERE `id` = 6 LIMIT 1   [ RunTime:0.0090s ]
SQL: SHOW COLUMNS FROM `moban_cate` [ RunTime:0.0050s ]
SQL: SELECT * FROM `moban_cate` WHERE `id` = 3 LIMIT 1   [ RunTime:0.0060s ]
INFO: [ app_end ] --START--
INFO: Run Behavior\ShowPageTraceBehavior [ RunTime:0.000000s ]
INFO: [ app_end ] --END-- [ RunTime:0.000000s ]

[ 2018-02-07T12:35:03+08:00 ] 127.0.0.1 /moban/index.php/Admin/Search/getCates
INFO: [ app_begin ] --START--
INFO: Run Behavior\ReadHtmlCacheBehavior [ RunTime:0.000000s ]
INFO: [ app_begin ] --END-- [ RunTime:0.001000s ]
SQL: SHOW COLUMNS FROM `moban_goods` [ RunTime:0.0010s ]
SQL: SELECT `cate_id` FROM `moban_goods` WHERE `id` = 8 LIMIT 1   [ RunTime:0.0000s ]
SQL: SHOW COLUMNS FROM `moban_cate` [ RunTime:0.0020s ]
SQL: SELECT * FROM `moban_cate` WHERE `id` = 1 LIMIT 1   [ RunTime:0.0000s ]
INFO: [ app_end ] --START--
INFO: Run Behavior\ShowPageTraceBehavior [ RunTime:0.001000s ]
INFO: [ app_end ] --END-- [ RunTime:0.001000s ]

[ 2018-02-07T12:36:06+08:00 ] 127.0.0.1 /moban/index.php/Admin/Search/getCates
INFO: [ app_begin ] --START--
INFO: Run Behavior\ReadHtmlCacheBehavior [ RunTime:0.001000s ]
INFO: [ app_begin ] --END-- [ RunTime:0.001000s ]
SQL: SHOW COLUMNS FROM `moban_goods` [ RunTime:0.0020s ]
SQL: SELECT `cate_id` FROM `moban_goods` WHERE `id` = 6 LIMIT 1   [ RunTime:0.0000s ]
SQL: SHOW COLUMNS FROM `moban_cate` [ RunTime:0.0010s ]
SQL: SELECT * FROM `moban_cate` WHERE `id` = 3 LIMIT 1   [ RunTime:0.0000s ]
INFO: [ app_end ] --START--
INFO: Run Behavior\ShowPageTraceBehavior [ RunTime:0.001000s ]
INFO: [ app_end ] --END-- [ RunTime:0.001000s ]

[ 2018-02-07T12:37:53+08:00 ] 127.0.0.1 /moban/index.php/Admin/Search/getCates
INFO: [ app_begin ] --START--
INFO: Run Behavior\ReadHtmlCacheBehavior [ RunTime:0.000000s ]
INFO: [ app_begin ] --END-- [ RunTime:0.001000s ]
SQL: SHOW COLUMNS FROM `moban_goods` [ RunTime:0.0100s ]
SQL: SELECT `cate_id` FROM `moban_goods` WHERE `id` = 6 LIMIT 1   [ RunTime:0.0000s ]
SQL: SHOW COLUMNS FROM `moban_cate` [ RunTime:0.0060s ]
SQL: SELECT * FROM `moban_cate` WHERE `id` = 3 LIMIT 1   [ RunTime:0.0010s ]
INFO: [ app_end ] --START--
INFO: Run Behavior\ShowPageTraceBehavior [ RunTime:0.001000s ]
INFO: [ app_end ] --END-- [ RunTime:0.001000s ]

[ 2018-02-07T12:38:13+08:00 ] 127.0.0.1 /moban/index.php/Admin/Search/getCates
INFO: [ app_begin ] --START--
INFO: Run Behavior\ReadHtmlCacheBehavior [ RunTime:0.000000s ]
INFO: [ app_begin ] --END-- [ RunTime:0.001000s ]
SQL: SHOW COLUMNS FROM `moban_goods` [ RunTime:0.0040s ]
SQL: SELECT `cate_id` FROM `moban_goods` WHERE `id` = 6 LIMIT 1   [ RunTime:0.0000s ]
SQL: SHOW COLUMNS FROM `moban_cate` [ RunTime:0.0090s ]
SQL: SELECT * FROM `moban_cate` WHERE `id` = 3 LIMIT 1   [ RunTime:0.0020s ]
INFO: [ app_end ] --START--
INFO: Run Behavior\ShowPageTraceBehavior [ RunTime:0.000000s ]
INFO: [ app_end ] --END-- [ RunTime:0.000000s ]

[ 2018-02-07T12:40:14+08:00 ] 127.0.0.1 /moban/index.php/Admin/Search/getCates
INFO: [ app_begin ] --START--
INFO: Run Behavior\ReadHtmlCacheBehavior [ RunTime:0.000000s ]
INFO: [ app_begin ] --END-- [ RunTime:0.000000s ]
SQL: SHOW COLUMNS FROM `moban_goods` [ RunTime:0.0110s ]
SQL: SELECT `cate_id` FROM `moban_goods` WHERE `id` = 6 LIMIT 1   [ RunTime:0.0000s ]
SQL: SHOW COLUMNS FROM `moban_cate` [ RunTime:0.0030s ]
SQL: SELECT * FROM `moban_cate` WHERE `id` = 3 LIMIT 1   [ RunTime:0.0000s ]
INFO: [ app_end ] --START--
INFO: Run Behavior\ShowPageTraceBehavior [ RunTime:0.001000s ]
INFO: [ app_end ] --END-- [ RunTime:0.001000s ]

[ 2018-02-07T12:40:46+08:00 ] 127.0.0.1 /moban/index.php/Admin/Search/getCates
INFO: [ app_begin ] --START--
INFO: Run Behavior\ReadHtmlCacheBehavior [ RunTime:0.000000s ]
INFO: [ app_begin ] --END-- [ RunTime:0.000000s ]
SQL: SHOW COLUMNS FROM `moban_goods` [ RunTime:0.0020s ]
SQL: SELECT `cate_id` FROM `moban_goods` WHERE `id` = 6 LIMIT 1   [ RunTime:0.0000s ]
SQL: SHOW COLUMNS FROM `moban_cate` [ RunTime:0.0050s ]
SQL: SELECT * FROM `moban_cate` WHERE `id` = 3 LIMIT 1   [ RunTime:0.0010s ]
INFO: [ app_end ] --START--
INFO: Run Behavior\ShowPageTraceBehavior [ RunTime:0.000000s ]
INFO: [ app_end ] --END-- [ RunTime:0.000000s ]

[ 2018-02-07T12:41:28+08:00 ] 127.0.0.1 /moban/index.php/Admin/Search/getCates
INFO: [ app_begin ] --START--
INFO: Run Behavior\ReadHtmlCacheBehavior [ RunTime:0.000000s ]
INFO: [ app_begin ] --END-- [ RunTime:0.001000s ]
SQL: SHOW COLUMNS FROM `moban_goods` [ RunTime:0.0020s ]
SQL: SELECT `cate_id` FROM `moban_goods` WHERE `id` = 6 LIMIT 1   [ RunTime:0.0010s ]
SQL: SHOW COLUMNS FROM `moban_cate` [ RunTime:0.0040s ]
SQL: SELECT * FROM `moban_cate` WHERE `id` = 3 LIMIT 1   [ RunTime:0.0000s ]
INFO: [ app_end ] --START--
INFO: Run Behavior\ShowPageTraceBehavior [ RunTime:0.001000s ]
INFO: [ app_end ] --END-- [ RunTime:0.001000s ]

[ 2018-02-07T12:41:29+08:00 ] 127.0.0.1 /moban/index.php/Admin/Search/getCates
INFO: [ app_begin ] --START--
INFO: Run Behavior\ReadHtmlCacheBehavior [ RunTime:0.001000s ]
INFO: [ app_begin ] --END-- [ RunTime:0.001000s ]
SQL: SHOW COLUMNS FROM `moban_goods` [ RunTime:0.0020s ]
SQL: SELECT `cate_id` FROM `moban_goods` WHERE `id` = 8 LIMIT 1   [ RunTime:0.0000s ]
SQL: SHOW COLUMNS FROM `moban_cate` [ RunTime:0.0020s ]
SQL: SELECT * FROM `moban_cate` WHERE `id` = 1 LIMIT 1   [ RunTime:0.0000s ]
INFO: [ app_end ] --START--
INFO: Run Behavior\ShowPageTraceBehavior [ RunTime:0.001001s ]
INFO: [ app_end ] --END-- [ RunTime:0.001001s ]

[ 2018-02-07T12:42:00+08:00 ] 127.0.0.1 /moban/index.php/Admin/Search/getCates
INFO: [ app_begin ] --START--
INFO: Run Behavior\ReadHtmlCacheBehavior [ RunTime:0.001000s ]
INFO: [ app_begin ] --END-- [ RunTime:0.001000s ]
SQL: SHOW COLUMNS FROM `moban_goods` [ RunTime:0.0040s ]
SQL: SELECT `cate_id` FROM `moban_goods` WHERE `id` = 8 LIMIT 1   [ RunTime:0.0010s ]
SQL: SHOW COLUMNS FROM `moban_cate` [ RunTime:0.0040s ]
SQL: SELECT * FROM `moban_cate` WHERE `id` = 1 LIMIT 1   [ RunTime:0.0000s ]
INFO: [ app_end ] --START--
INFO: Run Behavior\ShowPageTraceBehavior [ RunTime:0.000000s ]
INFO: [ app_end ] --END-- [ RunTime:0.000000s ]

[ 2018-02-07T12:42:50+08:00 ] 127.0.0.1 /moban/index.php/Admin/Search/getCates
INFO: [ app_begin ] --START--
INFO: Run Behavior\ReadHtmlCacheBehavior [ RunTime:0.001000s ]
INFO: [ app_begin ] --END-- [ RunTime:0.001000s ]
SQL: SHOW COLUMNS FROM `moban_goods` [ RunTime:0.0060s ]
SQL: SELECT `cate_id` FROM `moban_goods` WHERE `id` = 8 LIMIT 1   [ RunTime:0.0010s ]
SQL: SHOW COLUMNS FROM `moban_cate` [ RunTime:0.0020s ]
SQL: SELECT * FROM `moban_cate` WHERE `id` = 1 LIMIT 1   [ RunTime:0.0000s ]
INFO: [ app_end ] --START--
INFO: Run Behavior\ShowPageTraceBehavior [ RunTime:0.000000s ]
INFO: [ app_end ] --END-- [ RunTime:0.000000s ]

[ 2018-02-07T12:42:51+08:00 ] 127.0.0.1 /moban/index.php/Admin/Search/getCates
INFO: [ app_begin ] --START--
INFO: Run Behavior\ReadHtmlCacheBehavior [ RunTime:0.000000s ]
INFO: [ app_begin ] --END-- [ RunTime:0.001000s ]
SQL: SHOW COLUMNS FROM `moban_goods` [ RunTime:0.0090s ]
SQL: SELECT `cate_id` FROM `moban_goods` WHERE `id` = 9 LIMIT 1   [ RunTime:0.0020s ]
SQL: SHOW COLUMNS FROM `moban_cate` [ RunTime:0.0050s ]
SQL: SELECT * FROM `moban_cate` WHERE `id` = 3 LIMIT 1   [ RunTime:0.0080s ]
INFO: [ app_end ] --START--
INFO: Run Behavior\ShowPageTraceBehavior [ RunTime:0.001000s ]
INFO: [ app_end ] --END-- [ RunTime:0.001000s ]

[ 2018-02-07T12:43:13+08:00 ] 127.0.0.1 /moban/index.php/Admin/Search/getCates
INFO: [ app_begin ] --START--
INFO: Run Behavior\ReadHtmlCacheBehavior [ RunTime:0.000000s ]
INFO: [ app_begin ] --END-- [ RunTime:0.000000s ]
SQL: SHOW COLUMNS FROM `moban_goods` [ RunTime:0.0050s ]
SQL: SELECT `cate_id` FROM `moban_goods` WHERE `id` = 6 LIMIT 1   [ RunTime:0.0010s ]
SQL: SHOW COLUMNS FROM `moban_cate` [ RunTime:0.0040s ]
SQL: SELECT * FROM `moban_cate` WHERE `id` = 3 LIMIT 1   [ RunTime:0.0010s ]
INFO: [ app_end ] --START--
INFO: Run Behavior\ShowPageTraceBehavior [ RunTime:0.001000s ]
INFO: [ app_end ] --END-- [ RunTime:0.001000s ]

[ 2018-02-07T12:43:13+08:00 ] 127.0.0.1 /moban/index.php/Admin/Search/getCates
INFO: [ app_begin ] --START--
INFO: Run Behavior\ReadHtmlCacheBehavior [ RunTime:0.000000s ]
INFO: [ app_begin ] --END-- [ RunTime:0.000000s ]
SQL: SHOW COLUMNS FROM `moban_goods` [ RunTime:0.0040s ]
SQL: SELECT `cate_id` FROM `moban_goods` WHERE `id` = 8 LIMIT 1   [ RunTime:0.0010s ]
SQL: SHOW COLUMNS FROM `moban_cate` [ RunTime:0.0020s ]
SQL: SELECT * FROM `moban_cate` WHERE `id` = 1 LIMIT 1   [ RunTime:0.0000s ]
INFO: [ app_end ] --START--
INFO: Run Behavior\ShowPageTraceBehavior [ RunTime:0.001001s ]
INFO: [ app_end ] --END-- [ RunTime:0.001001s ]

[ 2018-02-07T12:53:12+08:00 ] 127.0.0.1 /moban/index.php/Admin/Search/getCates
INFO: [ app_begin ] --START--
INFO: Run Behavior\ReadHtmlCacheBehavior [ RunTime:0.000000s ]
INFO: [ app_begin ] --END-- [ RunTime:0.000000s ]
SQL: SHOW COLUMNS FROM `moban_cate` [ RunTime:0.0020s ]
SQL: SHOW COLUMNS FROM `moban_goods` [ RunTime:0.0010s ]
SQL: SELECT `cate_id` FROM `moban_goods` WHERE `id` = 6 LIMIT 1   [ RunTime:0.0000s ]
SQL: SELECT * FROM `moban_cate` WHERE `id` = 3 LIMIT 1   [ RunTime:0.0010s ]
INFO: [ app_end ] --START--
INFO: Run Behavior\ShowPageTraceBehavior [ RunTime:0.000000s ]
INFO: [ app_end ] --END-- [ RunTime:0.000000s ]

[ 2018-02-07T12:53:59+08:00 ] 127.0.0.1 /moban/index.php/Admin/Search/getCates
INFO: [ app_begin ] --START--
INFO: Run Behavior\ReadHtmlCacheBehavior [ RunTime:0.000000s ]
INFO: [ app_begin ] --END-- [ RunTime:0.001000s ]
SQL: SHOW COLUMNS FROM `moban_cate` [ RunTime:0.0030s ]
SQL: SHOW COLUMNS FROM `moban_goods` [ RunTime:0.0010s ]
SQL: SELECT `cate_id` FROM `moban_goods` WHERE `id` = 6 LIMIT 1   [ RunTime:0.0020s ]
SQL: SELECT * FROM `moban_cate` WHERE `id` = 3 LIMIT 1   [ RunTime:0.0000s ]
INFO: [ app_end ] --START--
INFO: Run Behavior\ShowPageTraceBehavior [ RunTime:0.000000s ]
INFO: [ app_end ] --END-- [ RunTime:0.001000s ]

[ 2018-02-07T12:54:01+08:00 ] 127.0.0.1 /moban/index.php/Admin/Search/getCates
INFO: [ app_begin ] --START--
INFO: Run Behavior\ReadHtmlCacheBehavior [ RunTime:0.000000s ]
INFO: [ app_begin ] --END-- [ RunTime:0.001000s ]
SQL: SHOW COLUMNS FROM `moban_cate` [ RunTime:0.0030s ]
SQL: SHOW COLUMNS FROM `moban_goods` [ RunTime:0.0060s ]
SQL: SELECT `cate_id` FROM `moban_goods` WHERE `id` = 8 LIMIT 1   [ RunTime:0.0010s ]
SQL: SELECT * FROM `moban_cate` WHERE `id` = 1 LIMIT 1   [ RunTime:0.0000s ]
INFO: [ app_end ] --START--
INFO: Run Behavior\ShowPageTraceBehavior [ RunTime:0.000000s ]
INFO: [ app_end ] --END-- [ RunTime:0.001000s ]

[ 2018-02-07T12:54:04+08:00 ] 127.0.0.1 /moban/index.php/Admin/Search/getCates
INFO: [ app_begin ] --START--
INFO: Run Behavior\ReadHtmlCacheBehavior [ RunTime:0.000000s ]
INFO: [ app_begin ] --END-- [ RunTime:0.001000s ]
SQL: SHOW COLUMNS FROM `moban_cate` [ RunTime:0.0020s ]
SQL: SHOW COLUMNS FROM `moban_goods` [ RunTime:0.0020s ]
SQL: SELECT `cate_id` FROM `moban_goods` WHERE `id` = 9 LIMIT 1   [ RunTime:0.0000s ]
SQL: SELECT * FROM `moban_cate` WHERE `id` = 3 LIMIT 1   [ RunTime:0.0000s ]
INFO: [ app_end ] --START--
INFO: Run Behavior\ShowPageTraceBehavior [ RunTime:0.000000s ]
INFO: [ app_end ] --END-- [ RunTime:0.001000s ]

[ 2018-02-07T12:54:07+08:00 ] 127.0.0.1 /moban/index.php/Admin/Search/getCates
INFO: [ app_begin ] --START--
INFO: Run Behavior\ReadHtmlCacheBehavior [ RunTime:0.000000s ]
INFO: [ app_begin ] --END-- [ RunTime:0.001000s ]
SQL: SHOW COLUMNS FROM `moban_cate` [ RunTime:0.0020s ]
SQL: SHOW COLUMNS FROM `moban_goods` [ RunTime:0.0020s ]
SQL: SELECT `cate_id` FROM `moban_goods` WHERE `id` = 8 LIMIT 1   [ RunTime:0.0000s ]
SQL: SELECT * FROM `moban_cate` WHERE `id` = 1 LIMIT 1   [ RunTime:0.0040s ]
INFO: [ app_end ] --START--
INFO: Run Behavior\ShowPageTraceBehavior [ RunTime:0.002000s ]
INFO: [ app_end ] --END-- [ RunTime:0.002000s ]

[ 2018-02-07T12:54:25+08:00 ] 127.0.0.1 /moban/index.php/Admin/Search/getCates
INFO: [ app_begin ] --START--
INFO: Run Behavior\ReadHtmlCacheBehavior [ RunTime:0.001000s ]
INFO: [ app_begin ] --END-- [ RunTime:0.002000s ]
SQL: SHOW COLUMNS FROM `moban_cate` [ RunTime:0.0020s ]
SQL: SHOW COLUMNS FROM `moban_goods` [ RunTime:0.0010s ]
SQL: SELECT `cate_id` FROM `moban_goods` WHERE `id` = 6 LIMIT 1   [ RunTime:0.0000s ]
SQL: SELECT * FROM `moban_cate` WHERE `id` = 3 LIMIT 1   [ RunTime:0.0000s ]
INFO: [ app_end ] --START--
INFO: Run Behavior\ShowPageTraceBehavior [ RunTime:0.000000s ]
INFO: [ app_end ] --END-- [ RunTime:0.000000s ]

[ 2018-02-07T12:54:36+08:00 ] 127.0.0.1 /moban/index.php/Admin/Search/getCates
INFO: [ app_begin ] --START--
INFO: Run Behavior\ReadHtmlCacheBehavior [ RunTime:0.001000s ]
INFO: [ app_begin ] --END-- [ RunTime:0.001000s ]
SQL: SHOW COLUMNS FROM `moban_cate` [ RunTime:0.0020s ]
SQL: SHOW COLUMNS FROM `moban_goods` [ RunTime:0.0010s ]
SQL: SELECT `cate_id` FROM `moban_goods` WHERE `id` = 8 LIMIT 1   [ RunTime:0.0000s ]
SQL: SELECT * FROM `moban_cate` WHERE `id` = 1 LIMIT 1   [ RunTime:0.0010s ]
INFO: [ app_end ] --START--
INFO: Run Behavior\ShowPageTraceBehavior [ RunTime:0.000000s ]
INFO: [ app_end ] --END-- [ RunTime:0.000000s ]

[ 2018-02-07T12:54:38+08:00 ] 127.0.0.1 /moban/index.php/Admin/Search/getCates
INFO: [ app_begin ] --START--
INFO: Run Behavior\ReadHtmlCacheBehavior [ RunTime:0.000000s ]
INFO: [ app_begin ] --END-- [ RunTime:0.001000s ]
SQL: SHOW COLUMNS FROM `moban_cate` [ RunTime:0.0020s ]
SQL: SHOW COLUMNS FROM `moban_goods` [ RunTime:0.0010s ]
SQL: SELECT `cate_id` FROM `moban_goods` WHERE `id` = 9 LIMIT 1   [ RunTime:0.0000s ]
SQL: SELECT * FROM `moban_cate` WHERE `id` = 3 LIMIT 1   [ RunTime:0.0000s ]
INFO: [ app_end ] --START--
INFO: Run Behavior\ShowPageTraceBehavior [ RunTime:0.001000s ]
INFO: [ app_end ] --END-- [ RunTime:0.001000s ]

[ 2018-02-07T12:55:16+08:00 ] 127.0.0.1 /moban/index.php/Admin/Search/getCates
INFO: [ app_begin ] --START--
INFO: Run Behavior\ReadHtmlCacheBehavior [ RunTime:0.000000s ]
INFO: [ app_begin ] --END-- [ RunTime:0.001000s ]
SQL: SHOW COLUMNS FROM `moban_cate` [ RunTime:0.0010s ]
SQL: SHOW COLUMNS FROM `moban_goods` [ RunTime:0.0010s ]
SQL: SELECT `cate_id` FROM `moban_goods` WHERE `id` = 6 LIMIT 1   [ RunTime:0.0000s ]
SQL: SELECT * FROM `moban_cate` WHERE `id` = 3 LIMIT 1   [ RunTime:0.0000s ]
INFO: [ app_end ] --START--
INFO: Run Behavior\ShowPageTraceBehavior [ RunTime:0.002000s ]
INFO: [ app_end ] --END-- [ RunTime:0.002000s ]

[ 2018-02-07T12:55:58+08:00 ] 127.0.0.1 /moban/index.php/Admin/Search/getCates
INFO: [ app_begin ] --START--
INFO: Run Behavior\ReadHtmlCacheBehavior [ RunTime:0.000000s ]
INFO: [ app_begin ] --END-- [ RunTime:0.000000s ]
SQL: SHOW COLUMNS FROM `moban_cate` [ RunTime:0.0020s ]
SQL: SHOW COLUMNS FROM `moban_goods` [ RunTime:0.0030s ]
SQL: SELECT `cate_id` FROM `moban_goods` WHERE `id` = 6 LIMIT 1   [ RunTime:0.0010s ]
SQL: SELECT * FROM `moban_cate` WHERE `id` = 3 LIMIT 1   [ RunTime:0.0000s ]
INFO: [ app_end ] --START--
INFO: Run Behavior\ShowPageTraceBehavior [ RunTime:0.001000s ]
INFO: [ app_end ] --END-- [ RunTime:0.001000s ]

[ 2018-02-07T12:55:59+08:00 ] 127.0.0.1 /moban/index.php/Admin/Search/getCates
INFO: [ app_begin ] --START--
INFO: Run Behavior\ReadHtmlCacheBehavior [ RunTime:0.000000s ]
INFO: [ app_begin ] --END-- [ RunTime:0.001000s ]
SQL: SHOW COLUMNS FROM `moban_cate` [ RunTime:0.0040s ]
SQL: SHOW COLUMNS FROM `moban_goods` [ RunTime:0.0020s ]
SQL: SELECT `cate_id` FROM `moban_goods` WHERE `id` = 8 LIMIT 1   [ RunTime:0.0030s ]
SQL: SELECT * FROM `moban_cate` WHERE `id` = 1 LIMIT 1   [ RunTime:0.0010s ]
INFO: [ app_end ] --START--
INFO: Run Behavior\ShowPageTraceBehavior [ RunTime:0.001000s ]
INFO: [ app_end ] --END-- [ RunTime:0.001000s ]

[ 2018-02-07T14:09:41+08:00 ] 127.0.0.1 /moban/index.php/Admin/Search/getCates
INFO: [ app_begin ] --START--
INFO: Run Behavior\ReadHtmlCacheBehavior [ RunTime:0.000000s ]
INFO: [ app_begin ] --END-- [ RunTime:0.002000s ]
SQL: SHOW COLUMNS FROM `moban_cate` [ RunTime:0.0020s ]
SQL: SHOW COLUMNS FROM `moban_goods` [ RunTime:0.0040s ]
SQL: SELECT `cate_id` FROM `moban_goods` WHERE `id` = 6 LIMIT 1   [ RunTime:0.0010s ]
SQL: SELECT * FROM `moban_cate` WHERE `id` = 3 LIMIT 1   [ RunTime:0.0000s ]
INFO: [ app_end ] --START--
INFO: Run Behavior\ShowPageTraceBehavior [ RunTime:0.002000s ]
INFO: [ app_end ] --END-- [ RunTime:0.002000s ]

[ 2018-02-07T14:24:13+08:00 ] 127.0.0.1 /moban/index.php/Admin/Attr/getAttr
INFO: [ app_begin ] --START--
INFO: Run Behavior\ReadHtmlCacheBehavior [ RunTime:0.000000s ]
INFO: [ app_begin ] --END-- [ RunTime:0.001000s ]
SQL: SHOW COLUMNS FROM `moban_attr` [ RunTime:0.0020s ]
SQL: SELECT * FROM `moban_attr` WHERE `attrtype_id` = 2  [ RunTime:0.0020s ]
INFO: [ app_end ] --START--
INFO: Run Behavior\ShowPageTraceBehavior [ RunTime:0.000000s ]
INFO: [ app_end ] --END-- [ RunTime:0.001000s ]

[ 2018-02-07T14:24:54+08:00 ] 127.0.0.1 /moban/index.php/Admin/Attr/getAttr
INFO: [ app_begin ] --START--
INFO: Run Behavior\ReadHtmlCacheBehavior [ RunTime:0.000000s ]
INFO: [ app_begin ] --END-- [ RunTime:0.001000s ]
SQL: SHOW COLUMNS FROM `moban_attr` [ RunTime:0.0020s ]
SQL: SELECT * FROM `moban_attr` WHERE `attrtype_id` = 3  [ RunTime:0.0010s ]
INFO: [ app_end ] --START--
INFO: Run Behavior\ShowPageTraceBehavior [ RunTime:0.000000s ]
INFO: [ app_end ] --END-- [ RunTime:0.000000s ]

[ 2018-02-07T14:26:40+08:00 ] 127.0.0.1 /moban/index.php/Admin/Attr/getAttr
INFO: [ app_begin ] --START--
INFO: Run Behavior\ReadHtmlCacheBehavior [ RunTime:0.000000s ]
INFO: [ app_begin ] --END-- [ RunTime:0.000000s ]
SQL: SHOW COLUMNS FROM `moban_attr` [ RunTime:0.0030s ]
SQL: SELECT * FROM `moban_attr` WHERE `attrtype_id` = 3  [ RunTime:0.0010s ]
INFO: [ app_end ] --START--
INFO: Run Behavior\ShowPageTraceBehavior [ RunTime:0.001000s ]
INFO: [ app_end ] --END-- [ RunTime:0.001000s ]

[ 2018-02-07T14:26:44+08:00 ] 127.0.0.1 /moban/index.php/Admin/Attr/getAttrs
INFO: [ app_begin ] --START--
INFO: Run Behavior\ReadHtmlCacheBehavior [ RunTime:0.000000s ]
INFO: [ app_begin ] --END-- [ RunTime:0.000000s ]
SQL: SHOW COLUMNS FROM `moban_attr` [ RunTime:0.0010s ]
SQL: SELECT * FROM `moban_attr` WHERE `id` = 11  [ RunTime:0.0020s ]
INFO: [ app_end ] --START--
INFO: Run Behavior\ShowPageTraceBehavior [ RunTime:0.001000s ]
INFO: [ app_end ] --END-- [ RunTime:0.001000s ]

[ 2018-02-07T14:27:36+08:00 ] 127.0.0.1 /moban/index.php/Admin/Attr/getAttr
INFO: [ app_begin ] --START--
INFO: Run Behavior\ReadHtmlCacheBehavior [ RunTime:0.001000s ]
INFO: [ app_begin ] --END-- [ RunTime:0.001000s ]
SQL: SHOW COLUMNS FROM `moban_attr` [ RunTime:0.0020s ]
SQL: SELECT * FROM `moban_attr` WHERE `attrtype_id` = 3  [ RunTime:0.0010s ]
INFO: [ app_end ] --START--
INFO: Run Behavior\ShowPageTraceBehavior [ RunTime:0.001000s ]
INFO: [ app_end ] --END-- [ RunTime:0.001000s ]

[ 2018-02-07T14:27:40+08:00 ] 127.0.0.1 /moban/index.php/Admin/Attr/getAttrs
INFO: [ app_begin ] --START--
INFO: Run Behavior\ReadHtmlCacheBehavior [ RunTime:0.000000s ]
INFO: [ app_begin ] --END-- [ RunTime:0.001000s ]
SQL: SHOW COLUMNS FROM `moban_attr` [ RunTime:0.0010s ]
SQL: SELECT * FROM `moban_attr` WHERE `id` = 11  [ RunTime:0.0000s ]
INFO: [ app_end ] --START--
INFO: Run Behavior\ShowPageTraceBehavior [ RunTime:0.001000s ]
INFO: [ app_end ] --END-- [ RunTime:0.001000s ]

[ 2018-02-07T14:28:27+08:00 ] 127.0.0.1 /moban/index.php/Admin/Attr/getAttr
INFO: [ app_begin ] --START--
INFO: Run Behavior\ReadHtmlCacheBehavior [ RunTime:0.000000s ]
INFO: [ app_begin ] --END-- [ RunTime:0.001000s ]
SQL: SHOW COLUMNS FROM `moban_attr` [ RunTime:0.0020s ]
SQL: SELECT * FROM `moban_attr` WHERE `attrtype_id` = 1  [ RunTime:0.0000s ]
INFO: [ app_end ] --START--
INFO: Run Behavior\ShowPageTraceBehavior [ RunTime:0.001000s ]
INFO: [ app_end ] --END-- [ RunTime:0.001000s ]

[ 2018-02-07T14:28:28+08:00 ] 127.0.0.1 /moban/index.php/Admin/Attr/getAttr
INFO: [ app_begin ] --START--
INFO: Run Behavior\ReadHtmlCacheBehavior [ RunTime:0.000000s ]
INFO: [ app_begin ] --END-- [ RunTime:0.001000s ]
SQL: SHOW COLUMNS FROM `moban_attr` [ RunTime:0.0020s ]
SQL: SELECT * FROM `moban_attr` WHERE `attrtype_id` = 3  [ RunTime:0.0070s ]
INFO: [ app_end ] --START--
INFO: Run Behavior\ShowPageTraceBehavior [ RunTime:0.001000s ]
INFO: [ app_end ] --END-- [ RunTime:0.001000s ]

[ 2018-02-07T14:28:29+08:00 ] 127.0.0.1 /moban/index.php/Admin/Attr/getAttrs
INFO: [ app_begin ] --START--
INFO: Run Behavior\ReadHtmlCacheBehavior [ RunTime:0.001000s ]
INFO: [ app_begin ] --END-- [ RunTime:0.001000s ]
SQL: SHOW COLUMNS FROM `moban_attr` [ RunTime:0.0040s ]
SQL: SELECT * FROM `moban_attr` WHERE `id` = 11  [ RunTime:0.0000s ]
INFO: [ app_end ] --START--
INFO: Run Behavior\ShowPageTraceBehavior [ RunTime:0.001000s ]
INFO: [ app_end ] --END-- [ RunTime:0.001000s ]

[ 2018-02-07T14:28:46+08:00 ] 127.0.0.1 /moban/index.php/Admin/Attr/getAttr
INFO: [ app_begin ] --START--
INFO: Run Behavior\ReadHtmlCacheBehavior [ RunTime:0.000000s ]
INFO: [ app_begin ] --END-- [ RunTime:0.001000s ]
SQL: SHOW COLUMNS FROM `moban_attr` [ RunTime:0.0020s ]
SQL: SELECT * FROM `moban_attr` WHERE `attrtype_id` = 3  [ RunTime:0.0020s ]
INFO: [ app_end ] --START--
INFO: Run Behavior\ShowPageTraceBehavior [ RunTime:0.000000s ]
INFO: [ app_end ] --END-- [ RunTime:0.001000s ]

[ 2018-02-07T14:28:47+08:00 ] 127.0.0.1 /moban/index.php/Admin/Attr/getAttrs
INFO: [ app_begin ] --START--
INFO: Run Behavior\ReadHtmlCacheBehavior [ RunTime:0.000000s ]
INFO: [ app_begin ] --END-- [ RunTime:0.001000s ]
SQL: SHOW COLUMNS FROM `moban_attr` [ RunTime:0.0030s ]
SQL: SELECT * FROM `moban_attr` WHERE `id` = 11  [ RunTime:0.0000s ]
INFO: [ app_end ] --START--
INFO: Run Behavior\ShowPageTraceBehavior [ RunTime:0.001000s ]
INFO: [ app_end ] --END-- [ RunTime:0.001000s ]

[ 2018-02-07T14:29:02+08:00 ] 127.0.0.1 /moban/index.php/Admin/Attr/getAttr
INFO: [ app_begin ] --START--
INFO: Run Behavior\ReadHtmlCacheBehavior [ RunTime:0.000000s ]
INFO: [ app_begin ] --END-- [ RunTime:0.002000s ]
SQL: SHOW COLUMNS FROM `moban_attr` [ RunTime:0.0020s ]
SQL: SELECT * FROM `moban_attr` WHERE `attrtype_id` = 3  [ RunTime:0.0000s ]
INFO: [ app_end ] --START--
INFO: Run Behavior\ShowPageTraceBehavior [ RunTime:0.002000s ]
INFO: [ app_end ] --END-- [ RunTime:0.002000s ]

[ 2018-02-07T14:29:03+08:00 ] 127.0.0.1 /moban/index.php/Admin/Attr/getAttrs
INFO: [ app_begin ] --START--
INFO: Run Behavior\ReadHtmlCacheBehavior [ RunTime:0.001000s ]
INFO: [ app_begin ] --END-- [ RunTime:0.001000s ]
SQL: SHOW COLUMNS FROM `moban_attr` [ RunTime:0.0010s ]
SQL: SELECT * FROM `moban_attr` WHERE `id` = 11  [ RunTime:0.0000s ]
INFO: [ app_end ] --START--
INFO: Run Behavior\ShowPageTraceBehavior [ RunTime:0.000000s ]
INFO: [ app_end ] --END-- [ RunTime:0.002000s ]

[ 2018-02-07T14:29:13+08:00 ] 127.0.0.1 /moban/index.php/Admin/Attr/getAttr
INFO: [ app_begin ] --START--
INFO: Run Behavior\ReadHtmlCacheBehavior [ RunTime:0.001000s ]
INFO: [ app_begin ] --END-- [ RunTime:0.001000s ]
SQL: SHOW COLUMNS FROM `moban_attr` [ RunTime:0.0040s ]
SQL: SELECT * FROM `moban_attr` WHERE `attrtype_id` = 3  [ RunTime:0.0000s ]
INFO: [ app_end ] --START--
INFO: Run Behavior\ShowPageTraceBehavior [ RunTime:0.000000s ]
INFO: [ app_end ] --END-- [ RunTime:0.000000s ]

[ 2018-02-07T14:29:15+08:00 ] 127.0.0.1 /moban/index.php/Admin/Attr/getAttrs
INFO: [ app_begin ] --START--
INFO: Run Behavior\ReadHtmlCacheBehavior [ RunTime:0.000000s ]
INFO: [ app_begin ] --END-- [ RunTime:0.001000s ]
SQL: SHOW COLUMNS FROM `moban_attr` [ RunTime:0.0010s ]
SQL: SELECT * FROM `moban_attr` WHERE `id` = 11  [ RunTime:0.0010s ]
INFO: [ app_end ] --START--
INFO: Run Behavior\ShowPageTraceBehavior [ RunTime:0.000000s ]
INFO: [ app_end ] --END-- [ RunTime:0.000000s ]

[ 2018-02-07T14:29:26+08:00 ] 127.0.0.1 /moban/index.php/Admin/Attr/getAttr
INFO: [ app_begin ] --START--
INFO: Run Behavior\ReadHtmlCacheBehavior [ RunTime:0.001000s ]
INFO: [ app_begin ] --END-- [ RunTime:0.001000s ]
SQL: SHOW COLUMNS FROM `moban_attr` [ RunTime:0.0020s ]
SQL: SELECT * FROM `moban_attr` WHERE `attrtype_id` = 3  [ RunTime:0.0000s ]
INFO: [ app_end ] --START--
INFO: Run Behavior\ShowPageTraceBehavior [ RunTime:0.001000s ]
INFO: [ app_end ] --END-- [ RunTime:0.002000s ]

[ 2018-02-07T14:29:28+08:00 ] 127.0.0.1 /moban/index.php/Admin/Attr/getAttrs
INFO: [ app_begin ] --START--
INFO: Run Behavior\ReadHtmlCacheBehavior [ RunTime:0.000000s ]
INFO: [ app_begin ] --END-- [ RunTime:0.001000s ]
SQL: SHOW COLUMNS FROM `moban_attr` [ RunTime:0.0030s ]
SQL: SELECT * FROM `moban_attr` WHERE `id` = 11  [ RunTime:0.0010s ]
INFO: [ app_end ] --START--
INFO: Run Behavior\ShowPageTraceBehavior [ RunTime:0.001000s ]
INFO: [ app_end ] --END-- [ RunTime:0.001000s ]

[ 2018-02-07T14:29:56+08:00 ] 127.0.0.1 /moban/index.php/Admin/Attr/getAttr
INFO: [ app_begin ] --START--
INFO: Run Behavior\ReadHtmlCacheBehavior [ RunTime:0.000000s ]
INFO: [ app_begin ] --END-- [ RunTime:0.001000s ]
SQL: SHOW COLUMNS FROM `moban_attr` [ RunTime:0.0010s ]
SQL: SELECT * FROM `moban_attr` WHERE `attrtype_id` = 3  [ RunTime:0.0030s ]
INFO: [ app_end ] --START--
INFO: Run Behavior\ShowPageTraceBehavior [ RunTime:0.001000s ]
INFO: [ app_end ] --END-- [ RunTime:0.001000s ]

[ 2018-02-07T14:29:57+08:00 ] 127.0.0.1 /moban/index.php/Admin/Attr/getAttrs
INFO: [ app_begin ] --START--
INFO: Run Behavior\ReadHtmlCacheBehavior [ RunTime:0.000000s ]
INFO: [ app_begin ] --END-- [ RunTime:0.000000s ]
SQL: SHOW COLUMNS FROM `moban_attr` [ RunTime:0.0020s ]
SQL: SELECT * FROM `moban_attr` WHERE `id` = 11  [ RunTime:0.0010s ]
INFO: [ app_end ] --START--
INFO: Run Behavior\ShowPageTraceBehavior [ RunTime:0.001000s ]
INFO: [ app_end ] --END-- [ RunTime:0.001000s ]

[ 2018-02-07T14:30:29+08:00 ] 127.0.0.1 /moban/index.php/Admin/Attr/getAttr
INFO: [ app_begin ] --START--
INFO: Run Behavior\ReadHtmlCacheBehavior [ RunTime:0.002000s ]
INFO: [ app_begin ] --END-- [ RunTime:0.002000s ]
SQL: SHOW COLUMNS FROM `moban_attr` [ RunTime:0.0010s ]
SQL: SELECT * FROM `moban_attr` WHERE `attrtype_id` = 3  [ RunTime:0.0010s ]
INFO: [ app_end ] --START--
INFO: Run Behavior\ShowPageTraceBehavior [ RunTime:0.001000s ]
INFO: [ app_end ] --END-- [ RunTime:0.001000s ]

[ 2018-02-07T14:30:30+08:00 ] 127.0.0.1 /moban/index.php/Admin/Attr/getAttrs
INFO: [ app_begin ] --START--
INFO: Run Behavior\ReadHtmlCacheBehavior [ RunTime:0.001000s ]
INFO: [ app_begin ] --END-- [ RunTime:0.001000s ]
SQL: SHOW COLUMNS FROM `moban_attr` [ RunTime:0.0040s ]
SQL: SELECT * FROM `moban_attr` WHERE `id` = 11  [ RunTime:0.0000s ]
INFO: [ app_end ] --START--
INFO: Run Behavior\ShowPageTraceBehavior [ RunTime:0.001000s ]
INFO: [ app_end ] --END-- [ RunTime:0.001000s ]

[ 2018-02-07T14:30:52+08:00 ] 127.0.0.1 /moban/index.php/Admin/Attr/getAttr
INFO: [ app_begin ] --START--
INFO: Run Behavior\ReadHtmlCacheBehavior [ RunTime:0.001001s ]
INFO: [ app_begin ] --END-- [ RunTime:0.001001s ]
SQL: SHOW COLUMNS FROM `moban_attr` [ RunTime:0.0010s ]
SQL: SELECT * FROM `moban_attr` WHERE `attrtype_id` = 3  [ RunTime:0.0010s ]
INFO: [ app_end ] --START--
INFO: Run Behavior\ShowPageTraceBehavior [ RunTime:0.000000s ]
INFO: [ app_end ] --END-- [ RunTime:0.000000s ]

[ 2018-02-07T14:30:54+08:00 ] 127.0.0.1 /moban/index.php/Admin/Attr/getAttrs
INFO: [ app_begin ] --START--
INFO: Run Behavior\ReadHtmlCacheBehavior [ RunTime:0.001001s ]
INFO: [ app_begin ] --END-- [ RunTime:0.001001s ]
SQL: SHOW COLUMNS FROM `moban_attr` [ RunTime:0.0010s ]
SQL: SELECT * FROM `moban_attr` WHERE `id` = 11  [ RunTime:0.0000s ]
INFO: [ app_end ] --START--
INFO: Run Behavior\ShowPageTraceBehavior [ RunTime:0.001000s ]
INFO: [ app_end ] --END-- [ RunTime:0.001000s ]

[ 2018-02-07T14:31:45+08:00 ] 127.0.0.1 /moban/index.php/Admin/Attr/getAttr
INFO: [ app_begin ] --START--
INFO: Run Behavior\ReadHtmlCacheBehavior [ RunTime:0.001000s ]
INFO: [ app_begin ] --END-- [ RunTime:0.001000s ]
SQL: SHOW COLUMNS FROM `moban_attr` [ RunTime:0.0030s ]
SQL: SELECT * FROM `moban_attr` WHERE `attrtype_id` = 3  [ RunTime:0.0000s ]
INFO: [ app_end ] --START--
INFO: Run Behavior\ShowPageTraceBehavior [ RunTime:0.000000s ]
INFO: [ app_end ] --END-- [ RunTime:0.001000s ]

[ 2018-02-07T14:31:46+08:00 ] 127.0.0.1 /moban/index.php/Admin/Attr/getAttrs
INFO: [ app_begin ] --START--
INFO: Run Behavior\ReadHtmlCacheBehavior [ RunTime:0.001000s ]
INFO: [ app_begin ] --END-- [ RunTime:0.001000s ]
SQL: SHOW COLUMNS FROM `moban_attr` [ RunTime:0.0030s ]
SQL: SELECT * FROM `moban_attr` WHERE `id` = 11  [ RunTime:0.0000s ]
INFO: [ app_end ] --START--
INFO: Run Behavior\ShowPageTraceBehavior [ RunTime:0.002000s ]
INFO: [ app_end ] --END-- [ RunTime:0.002000s ]

[ 2018-02-07T14:32:02+08:00 ] 127.0.0.1 /moban/index.php/Admin/Attr/getAttr
INFO: [ app_begin ] --START--
INFO: Run Behavior\ReadHtmlCacheBehavior [ RunTime:0.000000s ]
INFO: [ app_begin ] --END-- [ RunTime:0.001000s ]
SQL: SHOW COLUMNS FROM `moban_attr` [ RunTime:0.0060s ]
SQL: SELECT * FROM `moban_attr` WHERE `attrtype_id` = 3  [ RunTime:0.0010s ]
INFO: [ app_end ] --START--
INFO: Run Behavior\ShowPageTraceBehavior [ RunTime:0.000000s ]
INFO: [ app_end ] --END-- [ RunTime:0.000000s ]

[ 2018-02-07T14:32:04+08:00 ] 127.0.0.1 /moban/index.php/Admin/Attr/getAttrs
INFO: [ app_begin ] --START--
INFO: Run Behavior\ReadHtmlCacheBehavior [ RunTime:0.000000s ]
INFO: [ app_begin ] --END-- [ RunTime:0.000000s ]
SQL: SHOW COLUMNS FROM `moban_attr` [ RunTime:0.0020s ]
SQL: SELECT * FROM `moban_attr` WHERE `id` = 11  [ RunTime:0.0000s ]
INFO: [ app_end ] --START--
INFO: Run Behavior\ShowPageTraceBehavior [ RunTime:0.001000s ]
INFO: [ app_end ] --END-- [ RunTime:0.001000s ]

[ 2018-02-07T14:32:54+08:00 ] 127.0.0.1 /moban/index.php/Admin/Attr/attrp
INFO: [ app_begin ] --START--
INFO: Run Behavior\ReadHtmlCacheBehavior [ RunTime:0.000000s ]
INFO: [ app_begin ] --END-- [ RunTime:0.001000s ]
NOTIC: [2048] Declaration of Admin\Model\AttrModel::_after_update() should be compatible with Think\Model::_after_update($data, $options) D:\wamp\www\moban\Application\Admin\Model\AttrModel.class.php 第 4 行.
SQL: SHOW COLUMNS FROM `moban_attr` [ RunTime:0.0020s ]
SQL: SELECT a.id,a.attr_name,a.attr_value,a.parent_id,b.attrtype_name FROM moban_attr a LEFT JOIN moban_attrtype b ON a.attrtype_id=b.id  WHERE `attrtype_id` = '3'  [ RunTime:0.0000s ]
INFO: [ app_end ] --START--
INFO: Run Behavior\ShowPageTraceBehavior [ RunTime:0.000000s ]
INFO: [ app_end ] --END-- [ RunTime:0.000000s ]

[ 2018-02-07T14:32:57+08:00 ] 127.0.0.1 /moban/index.php/Admin/Attr/getAttres
INFO: [ app_begin ] --START--
INFO: Run Behavior\ReadHtmlCacheBehavior [ RunTime:0.000000s ]
INFO: [ app_begin ] --END-- [ RunTime:0.001000s ]
SQL: SHOW COLUMNS FROM `moban_attr` [ RunTime:0.0020s ]
SQL: SELECT * FROM `moban_attr` WHERE `parent_id` = 11  [ RunTime:0.0010s ]
INFO: [ app_end ] --START--
INFO: Run Behavior\ShowPageTraceBehavior [ RunTime:0.001000s ]
INFO: [ app_end ] --END-- [ RunTime:0.001000s ]

[ 2018-02-07T14:33:05+08:00 ] 127.0.0.1 /moban/index.php/Admin/Search/index
ERR: 1146:Table 'moban.moban_searchtype' doesn't exist
 [ SQL语句 ] : SHOW COLUMNS FROM `moban_searchtype`

[ 2018-02-07T14:34:58+08:00 ] 127.0.0.1 /moban/index.php/Admin/Search/getCates
INFO: [ app_begin ] --START--
INFO: Run Behavior\ReadHtmlCacheBehavior [ RunTime:0.000000s ]
INFO: [ app_begin ] --END-- [ RunTime:0.001000s ]
SQL: SHOW COLUMNS FROM `moban_cate` [ RunTime:0.0040s ]
SQL: SHOW COLUMNS FROM `moban_goods` [ RunTime:0.0230s ]
SQL: SELECT `cate_id` FROM `moban_goods` WHERE `id` = 0 LIMIT 1   [ RunTime:0.0010s ]
SQL: SELECT * FROM `moban_cate` LIMIT 1   [ RunTime:0.0010s ]
INFO: [ app_end ] --START--
INFO: Run Behavior\ShowPageTraceBehavior [ RunTime:0.001000s ]
INFO: [ app_end ] --END-- [ RunTime:0.001000s ]

[ 2018-02-07T14:35:25+08:00 ] 127.0.0.1 /moban/index.php/Admin/Search/getAttrs
INFO: [ app_begin ] --START--
INFO: Run Behavior\ReadHtmlCacheBehavior [ RunTime:0.000000s ]
INFO: [ app_begin ] --END-- [ RunTime:0.001000s ]
INFO: [ app_end ] --START--
INFO: Run Behavior\ShowPageTraceBehavior [ RunTime:0.000000s ]
INFO: [ app_end ] --END-- [ RunTime:0.000000s ]

[ 2018-02-07T14:36:56+08:00 ] 127.0.0.1 /moban/index.php/Admin/Search/getAttrs
INFO: [ app_begin ] --START--
INFO: Run Behavior\ReadHtmlCacheBehavior [ RunTime:0.000000s ]
INFO: [ app_begin ] --END-- [ RunTime:0.002000s ]
SQL: SHOW COLUMNS FROM `moban_attr` [ RunTime:0.0020s ]
SQL: SELECT * FROM `moban_attr` WHERE `attrtype_id` = 3  [ RunTime:0.0010s ]
INFO: [ app_end ] --START--
INFO: Run Behavior\ShowPageTraceBehavior [ RunTime:0.000000s ]
INFO: [ app_end ] --END-- [ RunTime:0.000000s ]

[ 2018-02-07T14:38:44+08:00 ] 127.0.0.1 /moban/index.php/Admin/Search/getAttrs
INFO: [ app_begin ] --START--
INFO: Run Behavior\ReadHtmlCacheBehavior [ RunTime:0.000000s ]
INFO: [ app_begin ] --END-- [ RunTime:0.001000s ]
SQL: SHOW COLUMNS FROM `moban_attr` [ RunTime:0.0050s ]
SQL: SELECT * FROM `moban_attr` WHERE `attrtype_id` = 3  [ RunTime:0.0000s ]
INFO: [ app_end ] --START--
INFO: Run Behavior\ShowPageTraceBehavior [ RunTime:0.001000s ]
INFO: [ app_end ] --END-- [ RunTime:0.001000s ]

[ 2018-02-07T14:44:28+08:00 ] 127.0.0.1 /moban/index.php/Admin/Search/getAttrs
INFO: [ app_begin ] --START--
INFO: Run Behavior\ReadHtmlCacheBehavior [ RunTime:0.001000s ]
INFO: [ app_begin ] --END-- [ RunTime:0.001000s ]
SQL: SHOW COLUMNS FROM `moban_attr` [ RunTime:0.0020s ]
SQL: SELECT * FROM `moban_attr` WHERE `attrtype_id` = 3  [ RunTime:0.0010s ]
INFO: [ app_end ] --START--
INFO: Run Behavior\ShowPageTraceBehavior [ RunTime:0.000000s ]
INFO: [ app_end ] --END-- [ RunTime:0.001000s ]

[ 2018-02-07T14:45:21+08:00 ] 127.0.0.1 /moban/index.php/Admin/Search/getAttrs
INFO: [ app_begin ] --START--
INFO: Run Behavior\ReadHtmlCacheBehavior [ RunTime:0.001000s ]
INFO: [ app_begin ] --END-- [ RunTime:0.001000s ]
SQL: SHOW COLUMNS FROM `moban_attr` [ RunTime:0.0010s ]
SQL: SELECT * FROM `moban_attr` WHERE `attrtype_id` = 1  [ RunTime:0.0000s ]
INFO: [ app_end ] --START--
INFO: Run Behavior\ShowPageTraceBehavior [ RunTime:0.001000s ]
INFO: [ app_end ] --END-- [ RunTime:0.001000s ]

[ 2018-02-07T14:49:15+08:00 ] 127.0.0.1 /moban/index.php/Admin/Search/getAttrs
INFO: [ app_begin ] --START--
INFO: Run Behavior\ReadHtmlCacheBehavior [ RunTime:0.000000s ]
INFO: [ app_begin ] --END-- [ RunTime:0.000000s ]
SQL: SHOW COLUMNS FROM `moban_attr` [ RunTime:0.0110s ]
SQL: SELECT * FROM `moban_attr` WHERE `attrtype_id` = 3  [ RunTime:0.0000s ]
INFO: [ app_end ] --START--
INFO: Run Behavior\ShowPageTraceBehavior [ RunTime:0.001000s ]
INFO: [ app_end ] --END-- [ RunTime:0.001000s ]

[ 2018-02-07T14:49:18+08:00 ] 127.0.0.1 /moban/index.php/Admin/Search/getAttrs
INFO: [ app_begin ] --START--
INFO: Run Behavior\ReadHtmlCacheBehavior [ RunTime:0.000000s ]
INFO: [ app_begin ] --END-- [ RunTime:0.000000s ]
SQL: SHOW COLUMNS FROM `moban_attr` [ RunTime:0.0030s ]
SQL: SELECT * FROM `moban_attr` WHERE `attrtype_id` = 1  [ RunTime:0.0000s ]
INFO: [ app_end ] --START--
INFO: Run Behavior\ShowPageTraceBehavior [ RunTime:0.001000s ]
INFO: [ app_end ] --END-- [ RunTime:0.001000s ]

[ 2018-02-07T14:49:36+08:00 ] 127.0.0.1 /moban/index.php/Admin/Search/getAttrs
INFO: [ app_begin ] --START--
INFO: Run Behavior\ReadHtmlCacheBehavior [ RunTime:0.000000s ]
INFO: [ app_begin ] --END-- [ RunTime:0.000000s ]
SQL: SHOW COLUMNS FROM `moban_attr` [ RunTime:0.0070s ]
SQL: SELECT * FROM `moban_attr` WHERE `attrtype_id` = 0  [ RunTime:0.0010s ]
INFO: [ app_end ] --START--
INFO: Run Behavior\ShowPageTraceBehavior [ RunTime:0.001000s ]
INFO: [ app_end ] --END-- [ RunTime:0.001000s ]

[ 2018-02-07T14:49:38+08:00 ] 127.0.0.1 /moban/index.php/Admin/Search/getAttrs
INFO: [ app_begin ] --START--
INFO: Run Behavior\ReadHtmlCacheBehavior [ RunTime:0.000000s ]
INFO: [ app_begin ] --END-- [ RunTime:0.000000s ]
SQL: SHOW COLUMNS FROM `moban_attr` [ RunTime:0.0020s ]
SQL: SELECT * FROM `moban_attr` WHERE `attrtype_id` = 2  [ RunTime:0.0000s ]
INFO: [ app_end ] --START--
INFO: Run Behavior\ShowPageTraceBehavior [ RunTime:0.001000s ]
INFO: [ app_end ] --END-- [ RunTime:0.001000s ]

[ 2018-02-07T14:49:39+08:00 ] 127.0.0.1 /moban/index.php/Admin/Search/getAttrs
INFO: [ app_begin ] --START--
INFO: Run Behavior\ReadHtmlCacheBehavior [ RunTime:0.000000s ]
INFO: [ app_begin ] --END-- [ RunTime:0.001001s ]
SQL: SHOW COLUMNS FROM `moban_attr` [ RunTime:0.0030s ]
SQL: SELECT * FROM `moban_attr` WHERE `attrtype_id` = 3  [ RunTime:0.0010s ]
INFO: [ app_end ] --START--
INFO: Run Behavior\ShowPageTraceBehavior [ RunTime:0.001001s ]
INFO: [ app_end ] --END-- [ RunTime:0.001001s ]

[ 2018-02-07T14:49:46+08:00 ] 127.0.0.1 /moban/index.php/Admin/Search/getAttrs
INFO: [ app_begin ] --START--
INFO: Run Behavior\ReadHtmlCacheBehavior [ RunTime:0.001000s ]
INFO: [ app_begin ] --END-- [ RunTime:0.002000s ]
SQL: SHOW COLUMNS FROM `moban_attr` [ RunTime:0.0020s ]
SQL: SELECT * FROM `moban_attr` WHERE `attrtype_id` = 1  [ RunTime:0.0010s ]
INFO: [ app_end ] --START--
INFO: Run Behavior\ShowPageTraceBehavior [ RunTime:0.001000s ]
INFO: [ app_end ] --END-- [ RunTime:0.001000s ]

[ 2018-02-07T14:55:03+08:00 ] 127.0.0.1 /moban/index.php/Admin/Search/getAttrs
INFO: [ app_begin ] --START--
INFO: Run Behavior\ReadHtmlCacheBehavior [ RunTime:0.001000s ]
INFO: [ app_begin ] --END-- [ RunTime:0.001000s ]
SQL: SHOW COLUMNS FROM `moban_attr` [ RunTime:0.0020s ]
SQL: SELECT * FROM `moban_attr` WHERE `attrtype_id` = 3  [ RunTime:0.0000s ]
INFO: [ app_end ] --START--
INFO: Run Behavior\ShowPageTraceBehavior [ RunTime:0.000000s ]
INFO: [ app_end ] --END-- [ RunTime:0.001000s ]

[ 2018-02-07T14:55:05+08:00 ] 127.0.0.1 /moban/index.php/Admin/Search/getAttrs
INFO: [ app_begin ] --START--
INFO: Run Behavior\ReadHtmlCacheBehavior [ RunTime:0.000000s ]
INFO: [ app_begin ] --END-- [ RunTime:0.001000s ]
SQL: SHOW COLUMNS FROM `moban_attr` [ RunTime:0.0070s ]
SQL: SELECT * FROM `moban_attr` WHERE `attrtype_id` = 0  [ RunTime:0.0000s ]
INFO: [ app_end ] --START--
INFO: Run Behavior\ShowPageTraceBehavior [ RunTime:0.001000s ]
INFO: [ app_end ] --END-- [ RunTime:0.001000s ]

[ 2018-02-07T14:55:07+08:00 ] 127.0.0.1 /moban/index.php/Admin/Search/getAttrs
INFO: [ app_begin ] --START--
INFO: Run Behavior\ReadHtmlCacheBehavior [ RunTime:0.001000s ]
INFO: [ app_begin ] --END-- [ RunTime:0.001000s ]
SQL: SHOW COLUMNS FROM `moban_attr` [ RunTime:0.0020s ]
SQL: SELECT * FROM `moban_attr` WHERE `attrtype_id` = 1  [ RunTime:0.0020s ]
INFO: [ app_end ] --START--
INFO: Run Behavior\ShowPageTraceBehavior [ RunTime:0.000000s ]
INFO: [ app_end ] --END-- [ RunTime:0.000000s ]

[ 2018-02-07T14:55:10+08:00 ] 127.0.0.1 /moban/index.php/Admin/Search/getAttrs
INFO: [ app_begin ] --START--
INFO: Run Behavior\ReadHtmlCacheBehavior [ RunTime:0.000000s ]
INFO: [ app_begin ] --END-- [ RunTime:0.001000s ]
SQL: SHOW COLUMNS FROM `moban_attr` [ RunTime:0.0040s ]
SQL: SELECT * FROM `moban_attr` WHERE `attrtype_id` = 3  [ RunTime:0.0000s ]
INFO: [ app_end ] --START--
INFO: Run Behavior\ShowPageTraceBehavior [ RunTime:0.000000s ]
INFO: [ app_end ] --END-- [ RunTime:0.000000s ]

[ 2018-02-07T14:56:02+08:00 ] 127.0.0.1 /moban/index.php/Admin/Search/getCates
INFO: [ app_begin ] --START--
INFO: Run Behavior\ReadHtmlCacheBehavior [ RunTime:0.000000s ]
INFO: [ app_begin ] --END-- [ RunTime:0.001000s ]
SQL: SHOW COLUMNS FROM `moban_cate` [ RunTime:0.0040s ]
SQL: SHOW COLUMNS FROM `moban_goods` [ RunTime:0.0010s ]
SQL: SELECT `cate_id` FROM `moban_goods` WHERE `id` = 6 LIMIT 1   [ RunTime:0.0010s ]
SQL: SELECT * FROM `moban_cate` WHERE `id` = 3 LIMIT 1   [ RunTime:0.0070s ]
INFO: [ app_end ] --START--
INFO: Run Behavior\ShowPageTraceBehavior [ RunTime:0.000000s ]
INFO: [ app_end ] --END-- [ RunTime:0.000000s ]

[ 2018-02-07T14:56:08+08:00 ] 127.0.0.1 /moban/index.php/Admin/Search/getCates
INFO: [ app_begin ] --START--
INFO: Run Behavior\ReadHtmlCacheBehavior [ RunTime:0.004001s ]
INFO: [ app_begin ] --END-- [ RunTime:0.004001s ]
SQL: SHOW COLUMNS FROM `moban_cate` [ RunTime:0.0040s ]
SQL: SHOW COLUMNS FROM `moban_goods` [ RunTime:0.0020s ]
SQL: SELECT `cate_id` FROM `moban_goods` WHERE `id` = 8 LIMIT 1   [ RunTime:0.0010s ]
SQL: SELECT * FROM `moban_cate` WHERE `id` = 1 LIMIT 1   [ RunTime:0.0000s ]
INFO: [ app_end ] --START--
INFO: Run Behavior\ShowPageTraceBehavior [ RunTime:0.001000s ]
INFO: [ app_end ] --END-- [ RunTime:0.001000s ]

[ 2018-02-07T14:56:10+08:00 ] 127.0.0.1 /moban/index.php/Admin/Search/getCates
INFO: [ app_begin ] --START--
INFO: Run Behavior\ReadHtmlCacheBehavior [ RunTime:0.000000s ]
INFO: [ app_begin ] --END-- [ RunTime:0.000000s ]
SQL: SHOW COLUMNS FROM `moban_cate` [ RunTime:0.0020s ]
SQL: SHOW COLUMNS FROM `moban_goods` [ RunTime:0.0010s ]
SQL: SELECT `cate_id` FROM `moban_goods` WHERE `id` = 6 LIMIT 1   [ RunTime:0.0010s ]
SQL: SELECT * FROM `moban_cate` WHERE `id` = 3 LIMIT 1   [ RunTime:0.0000s ]
INFO: [ app_end ] --START--
INFO: Run Behavior\ShowPageTraceBehavior [ RunTime:0.001000s ]
INFO: [ app_end ] --END-- [ RunTime:0.001000s ]

[ 2018-02-07T14:56:25+08:00 ] 127.0.0.1 /moban/index.php/Admin/Search/getAttrs
INFO: [ app_begin ] --START--
INFO: Run Behavior\ReadHtmlCacheBehavior [ RunTime:0.000000s ]
INFO: [ app_begin ] --END-- [ RunTime:0.000000s ]
SQL: SHOW COLUMNS FROM `moban_attr` [ RunTime:0.0010s ]
SQL: SELECT * FROM `moban_attr` WHERE `attrtype_id` = 1  [ RunTime:0.0000s ]
INFO: [ app_end ] --START--
INFO: Run Behavior\ShowPageTraceBehavior [ RunTime:0.001000s ]
INFO: [ app_end ] --END-- [ RunTime:0.001000s ]

[ 2018-02-07T14:57:18+08:00 ] 127.0.0.1 /moban/index.php/Admin/Goods/getVip
INFO: [ app_begin ] --START--
INFO: Run Behavior\ReadHtmlCacheBehavior [ RunTime:0.002000s ]
INFO: [ app_begin ] --END-- [ RunTime:0.002000s ]
SQL: SHOW COLUMNS FROM `moban_vip` [ RunTime:0.0030s ]
SQL: SELECT * FROM `moban_vip`  [ RunTime:0.0090s ]
INFO: [ app_end ] --START--
INFO: Run Behavior\ShowPageTraceBehavior [ RunTime:0.001001s ]
INFO: [ app_end ] --END-- [ RunTime:0.001001s ]

[ 2018-02-07T15:01:56+08:00 ] 127.0.0.1 /moban/index.php/Admin/Goods/getVip
INFO: [ app_begin ] --START--
INFO: Run Behavior\ReadHtmlCacheBehavior [ RunTime:0.000000s ]
INFO: [ app_begin ] --END-- [ RunTime:0.000000s ]
SQL: SHOW COLUMNS FROM `moban_vip` [ RunTime:0.0010s ]
SQL: SELECT * FROM `moban_vip`  [ RunTime:0.0010s ]
INFO: [ app_end ] --START--
INFO: Run Behavior\ShowPageTraceBehavior [ RunTime:0.000000s ]
INFO: [ app_end ] --END-- [ RunTime:0.000000s ]

[ 2018-02-07T15:08:54+08:00 ] 127.0.0.1 /moban/index.php/Admin/Search/getAttrs
INFO: [ app_begin ] --START--
INFO: Run Behavior\ReadHtmlCacheBehavior [ RunTime:0.007000s ]
INFO: [ app_begin ] --END-- [ RunTime:0.007000s ]
SQL: SHOW COLUMNS FROM `moban_attr` [ RunTime:0.0050s ]
SQL: SELECT * FROM `moban_attr` WHERE `attrtype_id` = 0  [ RunTime:0.0000s ]
INFO: [ app_end ] --START--
INFO: Run Behavior\ShowPageTraceBehavior [ RunTime:0.001000s ]
INFO: [ app_end ] --END-- [ RunTime:0.001000s ]

[ 2018-02-07T15:08:58+08:00 ] 127.0.0.1 /moban/index.php/Admin/Search/getAttrs
INFO: [ app_begin ] --START--
INFO: Run Behavior\ReadHtmlCacheBehavior [ RunTime:0.001000s ]
INFO: [ app_begin ] --END-- [ RunTime:0.001000s ]
SQL: SHOW COLUMNS FROM `moban_attr` [ RunTime:0.0010s ]
SQL: SELECT * FROM `moban_attr` WHERE `attrtype_id` = 1  [ RunTime:0.0000s ]
INFO: [ app_end ] --START--
INFO: Run Behavior\ShowPageTraceBehavior [ RunTime:0.001000s ]
INFO: [ app_end ] --END-- [ RunTime:0.001000s ]

[ 2018-02-07T15:09:03+08:00 ] 127.0.0.1 /moban/index.php/Admin/Search/getCates
INFO: [ app_begin ] --START--
INFO: Run Behavior\ReadHtmlCacheBehavior [ RunTime:0.000000s ]
INFO: [ app_begin ] --END-- [ RunTime:0.002000s ]
SQL: SHOW COLUMNS FROM `moban_cate` [ RunTime:0.0020s ]
SQL: SHOW COLUMNS FROM `moban_goods` [ RunTime:0.0020s ]
SQL: SELECT `cate_id` FROM `moban_goods` WHERE `id` = 6 LIMIT 1   [ RunTime:0.0010s ]
SQL: SELECT * FROM `moban_cate` WHERE `id` = 3 LIMIT 1   [ RunTime:0.0000s ]
INFO: [ app_end ] --START--
INFO: Run Behavior\ShowPageTraceBehavior [ RunTime:0.001000s ]
INFO: [ app_end ] --END-- [ RunTime:0.001000s ]

[ 2018-02-07T15:09:50+08:00 ] 127.0.0.1 /moban/index.php/Admin/Search/getCates
INFO: [ app_begin ] --START--
INFO: Run Behavior\ReadHtmlCacheBehavior [ RunTime:0.001000s ]
INFO: [ app_begin ] --END-- [ RunTime:0.001000s ]
SQL: SHOW COLUMNS FROM `moban_cate` [ RunTime:0.0020s ]
SQL: SHOW COLUMNS FROM `moban_goods` [ RunTime:0.0030s ]
SQL: SELECT `cate_id` FROM `moban_goods` WHERE `id` = 6 LIMIT 1   [ RunTime:0.0010s ]
SQL: SELECT * FROM `moban_cate` WHERE `id` = 3 LIMIT 1   [ RunTime:0.0010s ]
INFO: [ app_end ] --START--
INFO: Run Behavior\ShowPageTraceBehavior [ RunTime:0.000000s ]
INFO: [ app_end ] --END-- [ RunTime:0.000000s ]

[ 2018-02-07T15:11:29+08:00 ] 127.0.0.1 /moban/index.php/Admin/Search/getCates
INFO: [ app_begin ] --START--
INFO: Run Behavior\ReadHtmlCacheBehavior [ RunTime:0.000000s ]
INFO: [ app_begin ] --END-- [ RunTime:0.000000s ]
SQL: SHOW COLUMNS FROM `moban_cate` [ RunTime:0.0020s ]
SQL: SHOW COLUMNS FROM `moban_goods` [ RunTime:0.0030s ]
SQL: SELECT `cate_id` FROM `moban_goods` WHERE `id` = 6 LIMIT 1   [ RunTime:0.0000s ]
SQL: SELECT * FROM `moban_cate` WHERE `id` = 3 LIMIT 1   [ RunTime:0.0010s ]
INFO: [ app_end ] --START--
INFO: Run Behavior\ShowPageTraceBehavior [ RunTime:0.000000s ]
INFO: [ app_end ] --END-- [ RunTime:0.000000s ]

[ 2018-02-07T15:14:02+08:00 ] 127.0.0.1 /moban/index.php/Admin/Search/getCates
INFO: [ app_begin ] --START--
INFO: Run Behavior\ReadHtmlCacheBehavior [ RunTime:0.000000s ]
INFO: [ app_begin ] --END-- [ RunTime:0.000000s ]
SQL: SHOW COLUMNS FROM `moban_cate` [ RunTime:0.0010s ]
SQL: SHOW COLUMNS FROM `moban_goods` [ RunTime:0.0010s ]
SQL: SELECT `cate_id` FROM `moban_goods` WHERE `id` = 6 LIMIT 1   [ RunTime:0.0000s ]
SQL: SELECT * FROM `moban_cate` WHERE `id` = 3 LIMIT 1   [ RunTime:0.0000s ]
NOTIC: [8] Undefined index: attrtype_id D:\wamp\www\moban\Application\Admin\Controller\SearchController.class.php 第 53 行.
INFO: [ app_end ] --START--
INFO: Run Behavior\ShowPageTraceBehavior [ RunTime:0.001000s ]
INFO: [ app_end ] --END-- [ RunTime:0.002000s ]

[ 2018-02-07T15:14:05+08:00 ] 127.0.0.1 /moban/index.php/Admin/Search/getCates
INFO: [ app_begin ] --START--
INFO: Run Behavior\ReadHtmlCacheBehavior [ RunTime:0.000000s ]
INFO: [ app_begin ] --END-- [ RunTime:0.001000s ]
SQL: SHOW COLUMNS FROM `moban_cate` [ RunTime:0.0010s ]
SQL: SHOW COLUMNS FROM `moban_goods` [ RunTime:0.0020s ]
SQL: SELECT `cate_id` FROM `moban_goods` WHERE `id` = 8 LIMIT 1   [ RunTime:0.0000s ]
SQL: SELECT * FROM `moban_cate` WHERE `id` = 1 LIMIT 1   [ RunTime:0.0000s ]
NOTIC: [8] Undefined index: attrtype_id D:\wamp\www\moban\Application\Admin\Controller\SearchController.class.php 第 53 行.
INFO: [ app_end ] --START--
INFO: Run Behavior\ShowPageTraceBehavior [ RunTime:0.000000s ]
INFO: [ app_end ] --END-- [ RunTime:0.000000s ]

[ 2018-02-07T15:14:15+08:00 ] 127.0.0.1 /moban/index.php/Admin/Search/getCates
INFO: [ app_begin ] --START--
INFO: Run Behavior\ReadHtmlCacheBehavior [ RunTime:0.000000s ]
INFO: [ app_begin ] --END-- [ RunTime:0.000000s ]
SQL: SHOW COLUMNS FROM `moban_cate` [ RunTime:0.0010s ]
SQL: SHOW COLUMNS FROM `moban_goods` [ RunTime:0.0010s ]
SQL: SELECT `cate_id` FROM `moban_goods` WHERE `id` = 9 LIMIT 1   [ RunTime:0.0000s ]
SQL: SELECT * FROM `moban_cate` WHERE `id` = 3 LIMIT 1   [ RunTime:0.0000s ]
NOTIC: [8] Undefined index: attrtype_id D:\wamp\www\moban\Application\Admin\Controller\SearchController.class.php 第 53 行.
INFO: [ app_end ] --START--
INFO: Run Behavior\ShowPageTraceBehavior [ RunTime:0.001000s ]
INFO: [ app_end ] --END-- [ RunTime:0.001000s ]

[ 2018-02-07T15:14:19+08:00 ] 127.0.0.1 /moban/index.php/Admin/Search/getCates
INFO: [ app_begin ] --START--
INFO: Run Behavior\ReadHtmlCacheBehavior [ RunTime:0.000000s ]
INFO: [ app_begin ] --END-- [ RunTime:0.001000s ]
SQL: SHOW COLUMNS FROM `moban_cate` [ RunTime:0.0010s ]
SQL: SHOW COLUMNS FROM `moban_goods` [ RunTime:0.0010s ]
SQL: SELECT `cate_id` FROM `moban_goods` WHERE `id` = 6 LIMIT 1   [ RunTime:0.0000s ]
SQL: SELECT * FROM `moban_cate` WHERE `id` = 3 LIMIT 1   [ RunTime:0.0010s ]
NOTIC: [8] Undefined index: attrtype_id D:\wamp\www\moban\Application\Admin\Controller\SearchController.class.php 第 53 行.
INFO: [ app_end ] --START--
INFO: Run Behavior\ShowPageTraceBehavior [ RunTime:0.000000s ]
INFO: [ app_end ] --END-- [ RunTime:0.000000s ]

[ 2018-02-07T15:17:08+08:00 ] 127.0.0.1 /moban/index.php/Admin/Search/getCates
INFO: [ app_begin ] --START--
INFO: Run Behavior\ReadHtmlCacheBehavior [ RunTime:0.000000s ]
INFO: [ app_begin ] --END-- [ RunTime:0.001000s ]
SQL: SHOW COLUMNS FROM `moban_cate` [ RunTime:0.0010s ]
SQL: SHOW COLUMNS FROM `moban_goods` [ RunTime:0.0010s ]
SQL: SELECT `cate_id` FROM `moban_goods` WHERE `id` = 6 LIMIT 1   [ RunTime:0.0000s ]
SQL: SELECT * FROM `moban_cate` WHERE `id` = 3 LIMIT 1   [ RunTime:0.0000s ]
NOTIC: [8] Undefined index: attrtype_id D:\wamp\www\moban\Application\Admin\Controller\SearchController.class.php 第 53 行.
INFO: [ app_end ] --START--
INFO: Run Behavior\ShowPageTraceBehavior [ RunTime:0.000000s ]
INFO: [ app_end ] --END-- [ RunTime:0.000000s ]

[ 2018-02-07T15:17:36+08:00 ] 127.0.0.1 /moban/index.php/Admin/Search/getCates
INFO: [ app_begin ] --START--
INFO: Run Behavior\ReadHtmlCacheBehavior [ RunTime:0.001001s ]
INFO: [ app_begin ] --END-- [ RunTime:0.001001s ]
SQL: SHOW COLUMNS FROM `moban_cate` [ RunTime:0.0020s ]
SQL: SHOW COLUMNS FROM `moban_goods` [ RunTime:0.0050s ]
SQL: SELECT `cate_id` FROM `moban_goods` WHERE `id` = 6 LIMIT 1   [ RunTime:0.0000s ]
SQL: SELECT * FROM `moban_cate` WHERE `id` = 3 LIMIT 1   [ RunTime:0.0310s ]
NOTIC: [8] Undefined index: attrtype_id D:\wamp\www\moban\Application\Admin\Controller\SearchController.class.php 第 54 行.
INFO: [ app_end ] --START--
INFO: Run Behavior\ShowPageTraceBehavior [ RunTime:0.000000s ]
INFO: [ app_end ] --END-- [ RunTime:0.001000s ]

[ 2018-02-07T15:17:58+08:00 ] 127.0.0.1 /moban/index.php/Admin/Search/getCates
INFO: [ app_begin ] --START--
INFO: Run Behavior\ReadHtmlCacheBehavior [ RunTime:0.000000s ]
INFO: [ app_begin ] --END-- [ RunTime:0.000000s ]
SQL: SHOW COLUMNS FROM `moban_cate` [ RunTime:0.0010s ]
SQL: SHOW COLUMNS FROM `moban_goods` [ RunTime:0.0010s ]
SQL: SELECT `cate_id`,`attrtype_id` FROM `moban_goods` WHERE `id` = 6 LIMIT 1   [ RunTime:0.0000s ]
SQL: SELECT * FROM `moban_cate` WHERE `id` = 3 LIMIT 1   [ RunTime:0.0000s ]
INFO: [ app_end ] --START--
INFO: Run Behavior\ShowPageTraceBehavior [ RunTime:0.001000s ]
INFO: [ app_end ] --END-- [ RunTime:0.001000s ]

[ 2018-02-07T15:20:16+08:00 ] 127.0.0.1 /moban/index.php/Admin/Search/getCates
INFO: [ app_begin ] --START--
INFO: Run Behavior\ReadHtmlCacheBehavior [ RunTime:0.000000s ]
INFO: [ app_begin ] --END-- [ RunTime:0.001000s ]
SQL: SHOW COLUMNS FROM `moban_cate` [ RunTime:0.0010s ]
SQL: SHOW COLUMNS FROM `moban_goods` [ RunTime:0.0020s ]
SQL: SELECT `cate_id`,`attrtype_id` FROM `moban_goods` WHERE `id` = 8 LIMIT 1   [ RunTime:0.0000s ]
SQL: SELECT * FROM `moban_cate` WHERE `id` = 1 LIMIT 1   [ RunTime:0.0000s ]
INFO: [ app_end ] --START--
INFO: Run Behavior\ShowPageTraceBehavior [ RunTime:0.000000s ]
INFO: [ app_end ] --END-- [ RunTime:0.000000s ]

[ 2018-02-07T15:20:29+08:00 ] 127.0.0.1 /moban/index.php/Admin/Search/getCates
INFO: [ app_begin ] --START--
INFO: Run Behavior\ReadHtmlCacheBehavior [ RunTime:0.000000s ]
INFO: [ app_begin ] --END-- [ RunTime:0.001001s ]
SQL: SHOW COLUMNS FROM `moban_cate` [ RunTime:0.0010s ]
SQL: SHOW COLUMNS FROM `moban_goods` [ RunTime:0.0010s ]
SQL: SELECT `cate_id`,`attrtype_id` FROM `moban_goods` WHERE `id` = 9 LIMIT 1   [ RunTime:0.0000s ]
SQL: SELECT * FROM `moban_cate` WHERE `id` = 3 LIMIT 1   [ RunTime:0.0000s ]
INFO: [ app_end ] --START--
INFO: Run Behavior\ShowPageTraceBehavior [ RunTime:0.001000s ]
INFO: [ app_end ] --END-- [ RunTime:0.001000s ]

[ 2018-02-07T15:20:44+08:00 ] 127.0.0.1 /moban/index.php/Admin/Search/getAttrs
INFO: [ app_begin ] --START--
INFO: Run Behavior\ReadHtmlCacheBehavior [ RunTime:0.001000s ]
INFO: [ app_begin ] --END-- [ RunTime:0.001000s ]
SQL: SHOW COLUMNS FROM `moban_attr` [ RunTime:0.0020s ]
SQL: SELECT * FROM `moban_attr` WHERE `attrtype_id` = 0  [ RunTime:0.0000s ]
INFO: [ app_end ] --START--
INFO: Run Behavior\ShowPageTraceBehavior [ RunTime:0.001000s ]
INFO: [ app_end ] --END-- [ RunTime:0.001000s ]

[ 2018-02-07T15:20:45+08:00 ] 127.0.0.1 /moban/index.php/Admin/Search/getAttrs
INFO: [ app_begin ] --START--
INFO: Run Behavior\ReadHtmlCacheBehavior [ RunTime:0.000000s ]
INFO: [ app_begin ] --END-- [ RunTime:0.000000s ]
SQL: SHOW COLUMNS FROM `moban_attr` [ RunTime:0.0010s ]
SQL: SELECT * FROM `moban_attr` WHERE `attrtype_id` = 3  [ RunTime:0.0000s ]
INFO: [ app_end ] --START--
INFO: Run Behavior\ShowPageTraceBehavior [ RunTime:0.001000s ]
INFO: [ app_end ] --END-- [ RunTime:0.001000s ]

[ 2018-02-07T15:23:10+08:00 ] 127.0.0.1 /moban/index.php/Admin/Search/getCates
INFO: [ app_begin ] --START--
INFO: Run Behavior\ReadHtmlCacheBehavior [ RunTime:0.001000s ]
INFO: [ app_begin ] --END-- [ RunTime:0.001000s ]
SQL: SHOW COLUMNS FROM `moban_cate` [ RunTime:0.0010s ]
SQL: SHOW COLUMNS FROM `moban_goods` [ RunTime:0.0010s ]
SQL: SELECT `cate_id`,`attrtype_id` FROM `moban_goods` WHERE `id` = 6 LIMIT 1   [ RunTime:0.0000s ]
SQL: SELECT * FROM `moban_cate` WHERE `id` = 3 LIMIT 1   [ RunTime:0.0000s ]
INFO: [ app_end ] --START--
INFO: Run Behavior\ShowPageTraceBehavior [ RunTime:0.000000s ]
INFO: [ app_end ] --END-- [ RunTime:0.000000s ]

[ 2018-02-07T15:23:10+08:00 ] 127.0.0.1 /moban/index.php/Admin/Search/getAttrs
INFO: [ app_begin ] --START--
INFO: Run Behavior\ReadHtmlCacheBehavior [ RunTime:0.001000s ]
INFO: [ app_begin ] --END-- [ RunTime:0.007000s ]
SQL: SHOW COLUMNS FROM `moban_attr` [ RunTime:0.0020s ]
SQL: SELECT * FROM `moban_attr` WHERE `attrtype_id` = 1  [ RunTime:0.0000s ]
INFO: [ app_end ] --START--
INFO: Run Behavior\ShowPageTraceBehavior [ RunTime:0.000000s ]
INFO: [ app_end ] --END-- [ RunTime:0.000000s ]

[ 2018-02-07T15:23:12+08:00 ] 127.0.0.1 /moban/index.php/Admin/Search/getCates
INFO: [ app_begin ] --START--
INFO: Run Behavior\ReadHtmlCacheBehavior [ RunTime:0.001001s ]
INFO: [ app_begin ] --END-- [ RunTime:0.001001s ]
SQL: SHOW COLUMNS FROM `moban_cate` [ RunTime:0.0020s ]
SQL: SHOW COLUMNS FROM `moban_goods` [ RunTime:0.0010s ]
SQL: SELECT `cate_id`,`attrtype_id` FROM `moban_goods` WHERE `id` = 9 LIMIT 1   [ RunTime:0.0000s ]
SQL: SELECT * FROM `moban_cate` WHERE `id` = 3 LIMIT 1   [ RunTime:0.0000s ]
INFO: [ app_end ] --START--
INFO: Run Behavior\ShowPageTraceBehavior [ RunTime:0.001000s ]
INFO: [ app_end ] --END-- [ RunTime:0.001000s ]

[ 2018-02-07T15:23:12+08:00 ] 127.0.0.1 /moban/index.php/Admin/Search/getAttrs
INFO: [ app_begin ] --START--
INFO: Run Behavior\ReadHtmlCacheBehavior [ RunTime:0.000000s ]
INFO: [ app_begin ] --END-- [ RunTime:0.000000s ]
SQL: SHOW COLUMNS FROM `moban_attr` [ RunTime:0.0010s ]
SQL: SELECT * FROM `moban_attr` WHERE `attrtype_id` = 3  [ RunTime:0.0000s ]
INFO: [ app_end ] --START--
INFO: Run Behavior\ShowPageTraceBehavior [ RunTime:0.000000s ]
INFO: [ app_end ] --END-- [ RunTime:0.000000s ]

[ 2018-02-07T15:23:17+08:00 ] 127.0.0.1 /moban/index.php/Admin/Search/getCates
INFO: [ app_begin ] --START--
INFO: Run Behavior\ReadHtmlCacheBehavior [ RunTime:0.001000s ]
INFO: [ app_begin ] --END-- [ RunTime:0.001000s ]
SQL: SHOW COLUMNS FROM `moban_cate` [ RunTime:0.0020s ]
SQL: SHOW COLUMNS FROM `moban_goods` [ RunTime:0.0010s ]
SQL: SELECT `cate_id`,`attrtype_id` FROM `moban_goods` WHERE `id` = 8 LIMIT 1   [ RunTime:0.0000s ]
SQL: SELECT * FROM `moban_cate` WHERE `id` = 1 LIMIT 1   [ RunTime:0.0000s ]
INFO: [ app_end ] --START--
INFO: Run Behavior\ShowPageTraceBehavior [ RunTime:0.000000s ]
INFO: [ app_end ] --END-- [ RunTime:0.001000s ]

[ 2018-02-07T15:23:17+08:00 ] 127.0.0.1 /moban/index.php/Admin/Search/getAttrs
INFO: [ app_begin ] --START--
INFO: Run Behavior\ReadHtmlCacheBehavior [ RunTime:0.001000s ]
INFO: [ app_begin ] --END-- [ RunTime:0.009000s ]
SQL: SHOW COLUMNS FROM `moban_attr` [ RunTime:0.0010s ]
SQL: SELECT * FROM `moban_attr` WHERE `attrtype_id` = 1  [ RunTime:0.0010s ]
INFO: [ app_end ] --START--
INFO: Run Behavior\ShowPageTraceBehavior [ RunTime:0.001000s ]
INFO: [ app_end ] --END-- [ RunTime:0.001000s ]

[ 2018-02-07T15:23:20+08:00 ] 127.0.0.1 /moban/index.php/Admin/Search/getCates
INFO: [ app_begin ] --START--
INFO: Run Behavior\ReadHtmlCacheBehavior [ RunTime:0.000000s ]
INFO: [ app_begin ] --END-- [ RunTime:0.001000s ]
SQL: SHOW COLUMNS FROM `moban_cate` [ RunTime:0.0010s ]
SQL: SHOW COLUMNS FROM `moban_goods` [ RunTime:0.0010s ]
SQL: SELECT `cate_id`,`attrtype_id` FROM `moban_goods` WHERE `id` = 0 LIMIT 1   [ RunTime:0.0000s ]
SQL: SELECT * FROM `moban_cate` LIMIT 1   [ RunTime:0.0000s ]
INFO: [ app_end ] --START--
INFO: Run Behavior\ShowPageTraceBehavior [ RunTime:0.001000s ]
INFO: [ app_end ] --END-- [ RunTime:0.001000s ]

[ 2018-02-07T15:23:20+08:00 ] 127.0.0.1 /moban/index.php/Admin/Search/getAttrs
INFO: [ app_begin ] --START--
INFO: Run Behavior\ReadHtmlCacheBehavior [ RunTime:0.003000s ]
INFO: [ app_begin ] --END-- [ RunTime:0.003000s ]
SQL: SHOW COLUMNS FROM `moban_attr` [ RunTime:0.0010s ]
SQL: SELECT * FROM `moban_attr` WHERE `attrtype_id` = 0  [ RunTime:0.0000s ]
INFO: [ app_end ] --START--
INFO: Run Behavior\ShowPageTraceBehavior [ RunTime:0.000000s ]
INFO: [ app_end ] --END-- [ RunTime:0.001000s ]

[ 2018-02-07T15:23:51+08:00 ] 127.0.0.1 /moban/index.php/Admin/Search/getCates
INFO: [ app_begin ] --START--
INFO: Run Behavior\ReadHtmlCacheBehavior [ RunTime:0.000000s ]
INFO: [ app_begin ] --END-- [ RunTime:0.001000s ]
SQL: SHOW COLUMNS FROM `moban_cate` [ RunTime:0.0010s ]
SQL: SHOW COLUMNS FROM `moban_goods` [ RunTime:0.0010s ]
SQL: SELECT `cate_id`,`attrtype_id` FROM `moban_goods` WHERE `id` = 6 LIMIT 1   [ RunTime:0.0020s ]
SQL: SELECT * FROM `moban_cate` WHERE `id` = 3 LIMIT 1   [ RunTime:0.0000s ]
INFO: [ app_end ] --START--
INFO: Run Behavior\ShowPageTraceBehavior [ RunTime:0.001001s ]
INFO: [ app_end ] --END-- [ RunTime:0.001001s ]

[ 2018-02-07T15:23:51+08:00 ] 127.0.0.1 /moban/index.php/Admin/Search/getAttrs
INFO: [ app_begin ] --START--
INFO: Run Behavior\ReadHtmlCacheBehavior [ RunTime:0.002000s ]
INFO: [ app_begin ] --END-- [ RunTime:0.002000s ]
SQL: SHOW COLUMNS FROM `moban_attr` [ RunTime:0.0020s ]
SQL: SELECT * FROM `moban_attr` WHERE `attrtype_id` = 1  [ RunTime:0.0010s ]
INFO: [ app_end ] --START--
INFO: Run Behavior\ShowPageTraceBehavior [ RunTime:0.000000s ]
INFO: [ app_end ] --END-- [ RunTime:0.001000s ]

[ 2018-02-07T15:23:52+08:00 ] 127.0.0.1 /moban/index.php/Admin/Search/getCates
INFO: [ app_begin ] --START--
INFO: Run Behavior\ReadHtmlCacheBehavior [ RunTime:0.001000s ]
INFO: [ app_begin ] --END-- [ RunTime:0.001000s ]
SQL: SHOW COLUMNS FROM `moban_cate` [ RunTime:0.0010s ]
SQL: SHOW COLUMNS FROM `moban_goods` [ RunTime:0.0010s ]
SQL: SELECT `cate_id`,`attrtype_id` FROM `moban_goods` WHERE `id` = 0 LIMIT 1   [ RunTime:0.0000s ]
SQL: SELECT * FROM `moban_cate` LIMIT 1   [ RunTime:0.0000s ]
INFO: [ app_end ] --START--
INFO: Run Behavior\ShowPageTraceBehavior [ RunTime:0.001000s ]
INFO: [ app_end ] --END-- [ RunTime:0.001000s ]

[ 2018-02-07T15:23:52+08:00 ] 127.0.0.1 /moban/index.php/Admin/Search/getAttrs
INFO: [ app_begin ] --START--
INFO: Run Behavior\ReadHtmlCacheBehavior [ RunTime:0.000000s ]
INFO: [ app_begin ] --END-- [ RunTime:0.000000s ]
SQL: SHOW COLUMNS FROM `moban_attr` [ RunTime:0.0010s ]
SQL: SELECT * FROM `moban_attr` WHERE `attrtype_id` = 0  [ RunTime:0.0000s ]
INFO: [ app_end ] --START--
INFO: Run Behavior\ShowPageTraceBehavior [ RunTime:0.000000s ]
INFO: [ app_end ] --END-- [ RunTime:0.000000s ]

[ 2018-02-07T15:25:28+08:00 ] 127.0.0.1 /moban/index.php/Admin/Search/getCates
INFO: [ app_begin ] --START--
INFO: Run Behavior\ReadHtmlCacheBehavior [ RunTime:0.000000s ]
INFO: [ app_begin ] --END-- [ RunTime:0.001000s ]
SQL: SHOW COLUMNS FROM `moban_cate` [ RunTime:0.0030s ]
SQL: SHOW COLUMNS FROM `moban_goods` [ RunTime:0.0190s ]
SQL: SELECT `cate_id`,`attrtype_id` FROM `moban_goods` WHERE `id` = 6 LIMIT 1   [ RunTime:0.0000s ]
SQL: SELECT * FROM `moban_cate` WHERE `id` = 3 LIMIT 1   [ RunTime:0.0010s ]
INFO: [ app_end ] --START--
INFO: Run Behavior\ShowPageTraceBehavior [ RunTime:0.000000s ]
INFO: [ app_end ] --END-- [ RunTime:0.000000s ]

[ 2018-02-07T15:25:28+08:00 ] 127.0.0.1 /moban/index.php/Admin/Search/getAttrs
INFO: [ app_begin ] --START--
INFO: Run Behavior\ReadHtmlCacheBehavior [ RunTime:0.000000s ]
INFO: [ app_begin ] --END-- [ RunTime:0.000000s ]
SQL: SHOW COLUMNS FROM `moban_attr` [ RunTime:0.0080s ]
SQL: SELECT * FROM `moban_attr` WHERE `attrtype_id` = 1  [ RunTime:0.0020s ]
INFO: [ app_end ] --START--
INFO: Run Behavior\ShowPageTraceBehavior [ RunTime:0.000000s ]
INFO: [ app_end ] --END-- [ RunTime:0.000000s ]

[ 2018-02-07T15:25:30+08:00 ] 127.0.0.1 /moban/index.php/Admin/Search/getCates
INFO: [ app_begin ] --START--
INFO: Run Behavior\ReadHtmlCacheBehavior [ RunTime:0.000000s ]
INFO: [ app_begin ] --END-- [ RunTime:0.000000s ]
SQL: SHOW COLUMNS FROM `moban_cate` [ RunTime:0.0010s ]
SQL: SHOW COLUMNS FROM `moban_goods` [ RunTime:0.0020s ]
SQL: SELECT `cate_id`,`attrtype_id` FROM `moban_goods` WHERE `id` = 0 LIMIT 1   [ RunTime:0.0000s ]
SQL: SELECT * FROM `moban_cate` LIMIT 1   [ RunTime:0.0000s ]
INFO: [ app_end ] --START--
INFO: Run Behavior\ShowPageTraceBehavior [ RunTime:0.001000s ]
INFO: [ app_end ] --END-- [ RunTime:0.001000s ]

[ 2018-02-07T15:26:45+08:00 ] 127.0.0.1 /moban/index.php/Admin/Search/getCates
INFO: [ app_begin ] --START--
INFO: Run Behavior\ReadHtmlCacheBehavior [ RunTime:0.002000s ]
INFO: [ app_begin ] --END-- [ RunTime:0.002000s ]
SQL: SHOW COLUMNS FROM `moban_cate` [ RunTime:0.0020s ]
SQL: SHOW COLUMNS FROM `moban_goods` [ RunTime:0.0040s ]
SQL: SELECT `cate_id`,`attrtype_id` FROM `moban_goods` WHERE `id` = 6 LIMIT 1   [ RunTime:0.0010s ]
SQL: SELECT * FROM `moban_cate` WHERE `id` = 3 LIMIT 1   [ RunTime:0.0000s ]
INFO: [ app_end ] --START--
INFO: Run Behavior\ShowPageTraceBehavior [ RunTime:0.001000s ]
INFO: [ app_end ] --END-- [ RunTime:0.001000s ]

[ 2018-02-07T15:26:45+08:00 ] 127.0.0.1 /moban/index.php/Admin/Search/getAttrs
INFO: [ app_begin ] --START--
INFO: Run Behavior\ReadHtmlCacheBehavior [ RunTime:0.000000s ]
INFO: [ app_begin ] --END-- [ RunTime:0.001000s ]
SQL: SHOW COLUMNS FROM `moban_attr` [ RunTime:0.0100s ]
SQL: SELECT * FROM `moban_attr` WHERE `attrtype_id` = 1  [ RunTime:0.0000s ]
INFO: [ app_end ] --START--
INFO: Run Behavior\ShowPageTraceBehavior [ RunTime:0.001000s ]
INFO: [ app_end ] --END-- [ RunTime:0.005001s ]

[ 2018-02-07T15:26:46+08:00 ] 127.0.0.1 /moban/index.php/Admin/Search/getCates
INFO: [ app_begin ] --START--
INFO: Run Behavior\ReadHtmlCacheBehavior [ RunTime:0.000000s ]
INFO: [ app_begin ] --END-- [ RunTime:0.001000s ]
SQL: SHOW COLUMNS FROM `moban_cate` [ RunTime:0.0010s ]
SQL: SHOW COLUMNS FROM `moban_goods` [ RunTime:0.0010s ]
SQL: SELECT `cate_id`,`attrtype_id` FROM `moban_goods` WHERE `id` = 0 LIMIT 1   [ RunTime:0.0000s ]
SQL: SELECT * FROM `moban_cate` LIMIT 1   [ RunTime:0.0000s ]
INFO: [ app_end ] --START--
INFO: Run Behavior\ShowPageTraceBehavior [ RunTime:0.001000s ]
INFO: [ app_end ] --END-- [ RunTime:0.001000s ]

[ 2018-02-07T15:26:51+08:00 ] 127.0.0.1 /moban/index.php/Admin/Search/getCates
INFO: [ app_begin ] --START--
INFO: Run Behavior\ReadHtmlCacheBehavior [ RunTime:0.002000s ]
INFO: [ app_begin ] --END-- [ RunTime:0.002000s ]
SQL: SHOW COLUMNS FROM `moban_cate` [ RunTime:0.0030s ]
SQL: SHOW COLUMNS FROM `moban_goods` [ RunTime:0.0010s ]
SQL: SELECT `cate_id`,`attrtype_id` FROM `moban_goods` WHERE `id` = 9 LIMIT 1   [ RunTime:0.0010s ]
SQL: SELECT * FROM `moban_cate` WHERE `id` = 3 LIMIT 1   [ RunTime:0.0000s ]
INFO: [ app_end ] --START--
INFO: Run Behavior\ShowPageTraceBehavior [ RunTime:0.000000s ]
INFO: [ app_end ] --END-- [ RunTime:0.001001s ]

[ 2018-02-07T15:26:51+08:00 ] 127.0.0.1 /moban/index.php/Admin/Search/getAttrs
INFO: [ app_begin ] --START--
INFO: Run Behavior\ReadHtmlCacheBehavior [ RunTime:0.007000s ]
INFO: [ app_begin ] --END-- [ RunTime:0.007000s ]
SQL: SHOW COLUMNS FROM `moban_attr` [ RunTime:0.0010s ]
SQL: SELECT * FROM `moban_attr` WHERE `attrtype_id` = 3  [ RunTime:0.0000s ]
INFO: [ app_end ] --START--
INFO: Run Behavior\ShowPageTraceBehavior [ RunTime:0.001000s ]
INFO: [ app_end ] --END-- [ RunTime:0.001000s ]

[ 2018-02-07T15:27:10+08:00 ] 127.0.0.1 /moban/index.php/Admin/Search/getCates
INFO: [ app_begin ] --START--
INFO: Run Behavior\ReadHtmlCacheBehavior [ RunTime:0.001000s ]
INFO: [ app_begin ] --END-- [ RunTime:0.001000s ]
SQL: SHOW COLUMNS FROM `moban_cate` [ RunTime:0.0010s ]
SQL: SHOW COLUMNS FROM `moban_goods` [ RunTime:0.0020s ]
SQL: SELECT `cate_id`,`attrtype_id` FROM `moban_goods` WHERE `id` = 6 LIMIT 1   [ RunTime:0.0000s ]
SQL: SELECT * FROM `moban_cate` WHERE `id` = 3 LIMIT 1   [ RunTime:0.0010s ]
INFO: [ app_end ] --START--
INFO: Run Behavior\ShowPageTraceBehavior [ RunTime:0.000000s ]
INFO: [ app_end ] --END-- [ RunTime:0.000000s ]

[ 2018-02-07T15:27:10+08:00 ] 127.0.0.1 /moban/index.php/Admin/Search/getAttrs
INFO: [ app_begin ] --START--
INFO: Run Behavior\ReadHtmlCacheBehavior [ RunTime:0.000000s ]
INFO: [ app_begin ] --END-- [ RunTime:0.001000s ]
SQL: SHOW COLUMNS FROM `moban_attr` [ RunTime:0.0020s ]
SQL: SELECT * FROM `moban_attr` WHERE `attrtype_id` = 1  [ RunTime:0.0000s ]
INFO: [ app_end ] --START--
INFO: Run Behavior\ShowPageTraceBehavior [ RunTime:0.001000s ]
INFO: [ app_end ] --END-- [ RunTime:0.001000s ]

[ 2018-02-07T15:28:46+08:00 ] 127.0.0.1 /moban/index.php/Admin/Search/getCates
INFO: [ app_begin ] --START--
INFO: Run Behavior\ReadHtmlCacheBehavior [ RunTime:0.001000s ]
INFO: [ app_begin ] --END-- [ RunTime:0.001000s ]
SQL: SHOW COLUMNS FROM `moban_cate` [ RunTime:0.0020s ]
SQL: SHOW COLUMNS FROM `moban_goods` [ RunTime:0.0010s ]
SQL: SELECT `cate_id`,`attrtype_id` FROM `moban_goods` WHERE `id` = 6 LIMIT 1   [ RunTime:0.0010s ]
SQL: SELECT * FROM `moban_cate` WHERE `id` = 3 LIMIT 1   [ RunTime:0.0010s ]
INFO: [ app_end ] --START--
INFO: Run Behavior\ShowPageTraceBehavior [ RunTime:0.000000s ]
INFO: [ app_end ] --END-- [ RunTime:0.001000s ]

[ 2018-02-07T15:28:46+08:00 ] 127.0.0.1 /moban/index.php/Admin/Search/getAttrs
INFO: [ app_begin ] --START--
INFO: Run Behavior\ReadHtmlCacheBehavior [ RunTime:0.003000s ]
INFO: [ app_begin ] --END-- [ RunTime:0.003000s ]
SQL: SHOW COLUMNS FROM `moban_attr` [ RunTime:0.0020s ]
SQL: SELECT * FROM `moban_attr` WHERE `attrtype_id` = 1  [ RunTime:0.0000s ]
INFO: [ app_end ] --START--
INFO: Run Behavior\ShowPageTraceBehavior [ RunTime:0.001000s ]
INFO: [ app_end ] --END-- [ RunTime:0.001000s ]

[ 2018-02-07T15:28:48+08:00 ] 127.0.0.1 /moban/index.php/Admin/Search/getCates
INFO: [ app_begin ] --START--
INFO: Run Behavior\ReadHtmlCacheBehavior [ RunTime:0.000000s ]
INFO: [ app_begin ] --END-- [ RunTime:0.000000s ]
SQL: SHOW COLUMNS FROM `moban_cate` [ RunTime:0.0020s ]
SQL: SHOW COLUMNS FROM `moban_goods` [ RunTime:0.0010s ]
SQL: SELECT `cate_id`,`attrtype_id` FROM `moban_goods` WHERE `id` = 8 LIMIT 1   [ RunTime:0.0000s ]
SQL: SELECT * FROM `moban_cate` WHERE `id` = 1 LIMIT 1   [ RunTime:0.0010s ]
INFO: [ app_end ] --START--
INFO: Run Behavior\ShowPageTraceBehavior [ RunTime:0.000000s ]
INFO: [ app_end ] --END-- [ RunTime:0.000000s ]

[ 2018-02-07T15:28:48+08:00 ] 127.0.0.1 /moban/index.php/Admin/Search/getAttrs
INFO: [ app_begin ] --START--
INFO: Run Behavior\ReadHtmlCacheBehavior [ RunTime:0.001000s ]
INFO: [ app_begin ] --END-- [ RunTime:0.001000s ]
SQL: SHOW COLUMNS FROM `moban_attr` [ RunTime:0.0020s ]
SQL: SELECT * FROM `moban_attr` WHERE `attrtype_id` = 1  [ RunTime:0.0010s ]
INFO: [ app_end ] --START--
INFO: Run Behavior\ShowPageTraceBehavior [ RunTime:0.000000s ]
INFO: [ app_end ] --END-- [ RunTime:0.000000s ]

[ 2018-02-07T15:28:50+08:00 ] 127.0.0.1 /moban/index.php/Admin/Search/getCates
INFO: [ app_begin ] --START--
INFO: Run Behavior\ReadHtmlCacheBehavior [ RunTime:0.001000s ]
INFO: [ app_begin ] --END-- [ RunTime:0.001000s ]
SQL: SHOW COLUMNS FROM `moban_cate` [ RunTime:0.0010s ]
SQL: SHOW COLUMNS FROM `moban_goods` [ RunTime:0.0010s ]
SQL: SELECT `cate_id`,`attrtype_id` FROM `moban_goods` WHERE `id` = 9 LIMIT 1   [ RunTime:0.0000s ]
SQL: SELECT * FROM `moban_cate` WHERE `id` = 3 LIMIT 1   [ RunTime:0.0000s ]
INFO: [ app_end ] --START--
INFO: Run Behavior\ShowPageTraceBehavior [ RunTime:0.001000s ]
INFO: [ app_end ] --END-- [ RunTime:0.001000s ]

[ 2018-02-07T15:28:51+08:00 ] 127.0.0.1 /moban/index.php/Admin/Search/getAttrs
INFO: [ app_begin ] --START--
INFO: Run Behavior\ReadHtmlCacheBehavior [ RunTime:0.001001s ]
INFO: [ app_begin ] --END-- [ RunTime:0.001001s ]
SQL: SHOW COLUMNS FROM `moban_attr` [ RunTime:0.0020s ]
SQL: SELECT * FROM `moban_attr` WHERE `attrtype_id` = 3  [ RunTime:0.0000s ]
INFO: [ app_end ] --START--
INFO: Run Behavior\ShowPageTraceBehavior [ RunTime:0.000000s ]
INFO: [ app_end ] --END-- [ RunTime:0.000000s ]

[ 2018-02-07T15:28:53+08:00 ] 127.0.0.1 /moban/index.php/Admin/Search/getCates
INFO: [ app_begin ] --START--
INFO: Run Behavior\ReadHtmlCacheBehavior [ RunTime:0.001000s ]
INFO: [ app_begin ] --END-- [ RunTime:0.001000s ]
SQL: SHOW COLUMNS FROM `moban_cate` [ RunTime:0.0010s ]
SQL: SHOW COLUMNS FROM `moban_goods` [ RunTime:0.0010s ]
SQL: SELECT `cate_id`,`attrtype_id` FROM `moban_goods` WHERE `id` = 6 LIMIT 1   [ RunTime:0.0000s ]
SQL: SELECT * FROM `moban_cate` WHERE `id` = 3 LIMIT 1   [ RunTime:0.0010s ]
INFO: [ app_end ] --START--
INFO: Run Behavior\ShowPageTraceBehavior [ RunTime:0.000000s ]
INFO: [ app_end ] --END-- [ RunTime:0.000000s ]

[ 2018-02-07T15:28:53+08:00 ] 127.0.0.1 /moban/index.php/Admin/Search/getAttrs
INFO: [ app_begin ] --START--
INFO: Run Behavior\ReadHtmlCacheBehavior [ RunTime:0.001000s ]
INFO: [ app_begin ] --END-- [ RunTime:0.001000s ]
SQL: SHOW COLUMNS FROM `moban_attr` [ RunTime:0.0010s ]
SQL: SELECT * FROM `moban_attr` WHERE `attrtype_id` = 1  [ RunTime:0.0010s ]
INFO: [ app_end ] --START--
INFO: Run Behavior\ShowPageTraceBehavior [ RunTime:0.000000s ]
INFO: [ app_end ] --END-- [ RunTime:0.000000s ]

[ 2018-02-07T18:14:37+08:00 ] 127.0.0.1 /moban/index.php/Admin/Search/getCates
INFO: [ app_begin ] --START--
INFO: Run Behavior\ReadHtmlCacheBehavior [ RunTime:0.000000s ]
INFO: [ app_begin ] --END-- [ RunTime:0.001000s ]
SQL: SHOW COLUMNS FROM `moban_cate` [ RunTime:0.0010s ]
SQL: SHOW COLUMNS FROM `moban_goods` [ RunTime:0.0010s ]
SQL: SELECT `cate_id`,`attrtype_id` FROM `moban_goods` WHERE `id` = 6 LIMIT 1   [ RunTime:0.0010s ]
SQL: SELECT * FROM `moban_cate` WHERE `id` = 3 LIMIT 1   [ RunTime:0.0010s ]
INFO: [ app_end ] --START--
INFO: Run Behavior\ShowPageTraceBehavior [ RunTime:0.001000s ]
INFO: [ app_end ] --END-- [ RunTime:0.001000s ]

[ 2018-02-07T18:14:37+08:00 ] 127.0.0.1 /moban/index.php/Admin/Search/getAttrs
INFO: [ app_begin ] --START--
INFO: Run Behavior\ReadHtmlCacheBehavior [ RunTime:0.000000s ]
INFO: [ app_begin ] --END-- [ RunTime:0.001000s ]
SQL: SHOW COLUMNS FROM `moban_attr` [ RunTime:0.0020s ]
SQL: SELECT * FROM `moban_attr` WHERE `attrtype_id` = 1  [ RunTime:0.0010s ]
INFO: [ app_end ] --START--
INFO: Run Behavior\ShowPageTraceBehavior [ RunTime:0.000000s ]
INFO: [ app_end ] --END-- [ RunTime:0.000000s ]

[ 2018-02-07T18:14:39+08:00 ] 127.0.0.1 /moban/index.php/Admin/Search/getCates
INFO: [ app_begin ] --START--
INFO: Run Behavior\ReadHtmlCacheBehavior [ RunTime:0.001000s ]
INFO: [ app_begin ] --END-- [ RunTime:0.001000s ]
SQL: SHOW COLUMNS FROM `moban_cate` [ RunTime:0.0020s ]
SQL: SHOW COLUMNS FROM `moban_goods` [ RunTime:0.0020s ]
SQL: SELECT `cate_id`,`attrtype_id` FROM `moban_goods` WHERE `id` = 8 LIMIT 1   [ RunTime:0.0000s ]
SQL: SELECT * FROM `moban_cate` WHERE `id` = 1 LIMIT 1   [ RunTime:0.0000s ]
INFO: [ app_end ] --START--
INFO: Run Behavior\ShowPageTraceBehavior [ RunTime:0.000000s ]
INFO: [ app_end ] --END-- [ RunTime:0.000000s ]

[ 2018-02-07T18:14:39+08:00 ] 127.0.0.1 /moban/index.php/Admin/Search/getAttrs
INFO: [ app_begin ] --START--
INFO: Run Behavior\ReadHtmlCacheBehavior [ RunTime:0.000000s ]
INFO: [ app_begin ] --END-- [ RunTime:0.001000s ]
SQL: SHOW COLUMNS FROM `moban_attr` [ RunTime:0.0060s ]
SQL: SELECT * FROM `moban_attr` WHERE `attrtype_id` = 1  [ RunTime:0.0010s ]
INFO: [ app_end ] --START--
INFO: Run Behavior\ShowPageTraceBehavior [ RunTime:0.001000s ]
INFO: [ app_end ] --END-- [ RunTime:0.001000s ]

[ 2018-02-07T18:14:40+08:00 ] 127.0.0.1 /moban/index.php/Admin/Search/getCates
INFO: [ app_begin ] --START--
INFO: Run Behavior\ReadHtmlCacheBehavior [ RunTime:0.000000s ]
INFO: [ app_begin ] --END-- [ RunTime:0.000000s ]
SQL: SHOW COLUMNS FROM `moban_cate` [ RunTime:0.0010s ]
SQL: SHOW COLUMNS FROM `moban_goods` [ RunTime:0.0010s ]
SQL: SELECT `cate_id`,`attrtype_id` FROM `moban_goods` WHERE `id` = 9 LIMIT 1   [ RunTime:0.0000s ]
SQL: SELECT * FROM `moban_cate` WHERE `id` = 3 LIMIT 1   [ RunTime:0.0000s ]
INFO: [ app_end ] --START--
INFO: Run Behavior\ShowPageTraceBehavior [ RunTime:0.001000s ]
INFO: [ app_end ] --END-- [ RunTime:0.001000s ]

[ 2018-02-07T18:14:41+08:00 ] 127.0.0.1 /moban/index.php/Admin/Search/getAttrs
INFO: [ app_begin ] --START--
INFO: Run Behavior\ReadHtmlCacheBehavior [ RunTime:0.000000s ]
INFO: [ app_begin ] --END-- [ RunTime:0.000000s ]
SQL: SHOW COLUMNS FROM `moban_attr` [ RunTime:0.0040s ]
SQL: SELECT * FROM `moban_attr` WHERE `attrtype_id` = 3  [ RunTime:0.0000s ]
INFO: [ app_end ] --START--
INFO: Run Behavior\ShowPageTraceBehavior [ RunTime:0.002000s ]
INFO: [ app_end ] --END-- [ RunTime:0.002000s ]

[ 2018-02-07T18:14:43+08:00 ] 127.0.0.1 /moban/index.php/Admin/Search/getCates
INFO: [ app_begin ] --START--
INFO: Run Behavior\ReadHtmlCacheBehavior [ RunTime:0.001000s ]
INFO: [ app_begin ] --END-- [ RunTime:0.001000s ]
SQL: SHOW COLUMNS FROM `moban_cate` [ RunTime:0.0030s ]
SQL: SHOW COLUMNS FROM `moban_goods` [ RunTime:0.0010s ]
SQL: SELECT `cate_id`,`attrtype_id` FROM `moban_goods` WHERE `id` = 6 LIMIT 1   [ RunTime:0.0000s ]
SQL: SELECT * FROM `moban_cate` WHERE `id` = 3 LIMIT 1   [ RunTime:0.0000s ]
INFO: [ app_end ] --START--
INFO: Run Behavior\ShowPageTraceBehavior [ RunTime:0.000000s ]
INFO: [ app_end ] --END-- [ RunTime:0.001000s ]

[ 2018-02-07T18:14:43+08:00 ] 127.0.0.1 /moban/index.php/Admin/Search/getAttrs
INFO: [ app_begin ] --START--
INFO: Run Behavior\ReadHtmlCacheBehavior [ RunTime:0.002000s ]
INFO: [ app_begin ] --END-- [ RunTime:0.008000s ]
SQL: SHOW COLUMNS FROM `moban_attr` [ RunTime:0.0040s ]
SQL: SELECT * FROM `moban_attr` WHERE `attrtype_id` = 1  [ RunTime:0.0010s ]
INFO: [ app_end ] --START--
INFO: Run Behavior\ShowPageTraceBehavior [ RunTime:0.001000s ]
INFO: [ app_end ] --END-- [ RunTime:0.001000s ]

