[ 2018-02-06T13:31:48+08:00 ] 127.0.0.1 /moban/index.php/Admin/Goods/uploadImg
INFO: [ app_begin ] --START--
INFO: Run Behavior\ReadHtmlCacheBehavior [ RunTime:0.000000s ]
INFO: [ app_begin ] --END-- [ RunTime:0.000000s ]
NOTIC: [2] call_user_func() expects parameter 1 to be a valid callback, no array or string given D:\wamp\www\moban\ThinkPHP\Library\Think\Upload.class.php 第 170 行.
INFO: [ app_end ] --START--
INFO: Run Behavior\ShowPageTraceBehavior [ RunTime:0.001000s ]
INFO: [ app_end ] --END-- [ RunTime:0.001000s ]

[ 2018-02-06T13:31:53+08:00 ] 127.0.0.1 /moban/index.php/Admin/Goods/uploadImg
INFO: [ app_begin ] --START--
INFO: Run Behavior\ReadHtmlCacheBehavior [ RunTime:0.000000s ]
INFO: [ app_begin ] --END-- [ RunTime:0.000000s ]
NOTIC: [2] call_user_func() expects parameter 1 to be a valid callback, no array or string given D:\wamp\www\moban\ThinkPHP\Library\Think\Upload.class.php 第 170 行.
INFO: [ app_end ] --START--
INFO: Run Behavior\ShowPageTraceBehavior [ RunTime:0.000000s ]
INFO: [ app_end ] --END-- [ RunTime:0.000000s ]

[ 2018-02-06T13:31:54+08:00 ] 127.0.0.1 /moban/index.php/Admin/Goods/delPhoto
INFO: [ app_begin ] --START--
INFO: Run Behavior\ReadHtmlCacheBehavior [ RunTime:0.001000s ]
INFO: [ app_begin ] --END-- [ RunTime:0.001000s ]
NOTIC: [2] unlink(./moban/moban./Uploads/2018-02-06/5a793dc4d4cfd.jpg): No such file or directory D:\wamp\www\moban\Application\Admin\Controller\GoodsController.class.php 第 115 行.
INFO: [ app_end ] --START--
INFO: Run Behavior\ShowPageTraceBehavior [ RunTime:0.000000s ]
INFO: [ app_end ] --END-- [ RunTime:0.000000s ]

[ 2018-02-06T13:33:10+08:00 ] 127.0.0.1 /moban/index.php/Admin/Goods/uploadImg
INFO: [ app_begin ] --START--
INFO: Run Behavior\ReadHtmlCacheBehavior [ RunTime:0.001000s ]
INFO: [ app_begin ] --END-- [ RunTime:0.003001s ]
NOTIC: [2] call_user_func() expects parameter 1 to be a valid callback, no array or string given D:\wamp\www\moban\ThinkPHP\Library\Think\Upload.class.php 第 170 行.
INFO: [ app_end ] --START--
INFO: Run Behavior\ShowPageTraceBehavior [ RunTime:0.001000s ]
INFO: [ app_end ] --END-- [ RunTime:0.001000s ]

[ 2018-02-06T13:33:15+08:00 ] 127.0.0.1 /moban/index.php/Admin/Goods/uploadImg
INFO: [ app_begin ] --START--
INFO: Run Behavior\ReadHtmlCacheBehavior [ RunTime:0.000000s ]
INFO: [ app_begin ] --END-- [ RunTime:0.001000s ]
NOTIC: [2] call_user_func() expects parameter 1 to be a valid callback, no array or string given D:\wamp\www\moban\ThinkPHP\Library\Think\Upload.class.php 第 170 行.
INFO: [ app_end ] --START--
INFO: Run Behavior\ShowPageTraceBehavior [ RunTime:0.001000s ]
INFO: [ app_end ] --END-- [ RunTime:0.001000s ]

[ 2018-02-06T13:33:16+08:00 ] 127.0.0.1 /moban/index.php/Admin/Goods/delPhoto
INFO: [ app_begin ] --START--
INFO: Run Behavior\ReadHtmlCacheBehavior [ RunTime:0.000000s ]
INFO: [ app_begin ] --END-- [ RunTime:0.000000s ]
NOTIC: [2] unlink(./moban/Uploads/2018-02-06/5a793e1639560.jpg): No such file or directory D:\wamp\www\moban\Application\Admin\Controller\GoodsController.class.php 第 115 行.
INFO: [ app_end ] --START--
INFO: Run Behavior\ShowPageTraceBehavior [ RunTime:0.000000s ]
INFO: [ app_end ] --END-- [ RunTime:0.000000s ]

[ 2018-02-06T13:34:08+08:00 ] 127.0.0.1 /moban/index.php/Admin/Goods/uploadImg
INFO: [ app_begin ] --START--
INFO: Run Behavior\ReadHtmlCacheBehavior [ RunTime:0.001000s ]
INFO: [ app_begin ] --END-- [ RunTime:0.001000s ]
NOTIC: [2] call_user_func() expects parameter 1 to be a valid callback, no array or string given D:\wamp\www\moban\ThinkPHP\Library\Think\Upload.class.php 第 170 行.
INFO: [ app_end ] --START--
INFO: Run Behavior\ShowPageTraceBehavior [ RunTime:0.001000s ]
INFO: [ app_end ] --END-- [ RunTime:0.001000s ]

[ 2018-02-06T13:34:16+08:00 ] 127.0.0.1 /moban/index.php/Admin/Goods/uploadImg
INFO: [ app_begin ] --START--
INFO: Run Behavior\ReadHtmlCacheBehavior [ RunTime:0.000000s ]
INFO: [ app_begin ] --END-- [ RunTime:0.001000s ]
NOTIC: [2] call_user_func() expects parameter 1 to be a valid callback, no array or string given D:\wamp\www\moban\ThinkPHP\Library\Think\Upload.class.php 第 170 行.
INFO: [ app_end ] --START--
INFO: Run Behavior\ShowPageTraceBehavior [ RunTime:0.000000s ]
INFO: [ app_end ] --END-- [ RunTime:0.000000s ]

[ 2018-02-06T13:34:16+08:00 ] 127.0.0.1 /moban/index.php/Admin/Goods/delPhoto
INFO: [ app_begin ] --START--
INFO: Run Behavior\ReadHtmlCacheBehavior [ RunTime:0.001000s ]
INFO: [ app_begin ] --END-- [ RunTime:0.001000s ]
NOTIC: [2] unlink(./moban/Uploads/2018-02-06/5a793e5068ebd.jpg): No such file or directory D:\wamp\www\moban\Application\Admin\Controller\GoodsController.class.php 第 115 行.
INFO: [ app_end ] --START--
INFO: Run Behavior\ShowPageTraceBehavior [ RunTime:0.001000s ]
INFO: [ app_end ] --END-- [ RunTime:0.001000s ]

[ 2018-02-06T13:38:46+08:00 ] 127.0.0.1 /moban/index.php/Admin/Goods/uploadImg
INFO: [ app_begin ] --START--
INFO: Run Behavior\ReadHtmlCacheBehavior [ RunTime:0.001000s ]
INFO: [ app_begin ] --END-- [ RunTime:0.001000s ]
NOTIC: [2] call_user_func() expects parameter 1 to be a valid callback, no array or string given D:\wamp\www\moban\ThinkPHP\Library\Think\Upload.class.php 第 170 行.
INFO: [ app_end ] --START--
INFO: Run Behavior\ShowPageTraceBehavior [ RunTime:0.001000s ]
INFO: [ app_end ] --END-- [ RunTime:0.001000s ]

[ 2018-02-06T13:39:01+08:00 ] 127.0.0.1 /moban/index.php/Admin/Goods/uploadImg
INFO: [ app_begin ] --START--
INFO: Run Behavior\ReadHtmlCacheBehavior [ RunTime:0.000000s ]
INFO: [ app_begin ] --END-- [ RunTime:0.001000s ]
NOTIC: [2] call_user_func() expects parameter 1 to be a valid callback, no array or string given D:\wamp\www\moban\ThinkPHP\Library\Think\Upload.class.php 第 170 行.
INFO: [ app_end ] --START--
INFO: Run Behavior\ShowPageTraceBehavior [ RunTime:0.001000s ]
INFO: [ app_end ] --END-- [ RunTime:0.001000s ]

[ 2018-02-06T13:39:01+08:00 ] 127.0.0.1 /moban/index.php/Admin/Goods/delPhoto
INFO: [ app_begin ] --START--
INFO: Run Behavior\ReadHtmlCacheBehavior [ RunTime:0.002000s ]
INFO: [ app_begin ] --END-- [ RunTime:0.002000s ]
INFO: [ app_end ] --START--
INFO: Run Behavior\ShowPageTraceBehavior [ RunTime:0.001000s ]
INFO: [ app_end ] --END-- [ RunTime:0.001000s ]

[ 2018-02-06T13:39:35+08:00 ] 127.0.0.1 /moban/index.php/Admin/Goods/uploadImg
INFO: [ app_begin ] --START--
INFO: Run Behavior\ReadHtmlCacheBehavior [ RunTime:0.000000s ]
INFO: [ app_begin ] --END-- [ RunTime:0.000000s ]
NOTIC: [2] call_user_func() expects parameter 1 to be a valid callback, no array or string given D:\wamp\www\moban\ThinkPHP\Library\Think\Upload.class.php 第 170 行.
INFO: [ app_end ] --START--
INFO: Run Behavior\ShowPageTraceBehavior [ RunTime:0.000000s ]
INFO: [ app_end ] --END-- [ RunTime:0.000000s ]

[ 2018-02-06T13:39:40+08:00 ] 127.0.0.1 /moban/index.php/Admin/Goods/uploadImg
INFO: [ app_begin ] --START--
INFO: Run Behavior\ReadHtmlCacheBehavior [ RunTime:0.000000s ]
INFO: [ app_begin ] --END-- [ RunTime:0.000000s ]
NOTIC: [2] call_user_func() expects parameter 1 to be a valid callback, no array or string given D:\wamp\www\moban\ThinkPHP\Library\Think\Upload.class.php 第 170 行.
INFO: [ app_end ] --START--
INFO: Run Behavior\ShowPageTraceBehavior [ RunTime:0.001000s ]
INFO: [ app_end ] --END-- [ RunTime:0.001000s ]

[ 2018-02-06T13:39:40+08:00 ] 127.0.0.1 /moban/index.php/Admin/Goods/delPhoto
INFO: [ app_begin ] --START--
INFO: Run Behavior\ReadHtmlCacheBehavior [ RunTime:0.001000s ]
INFO: [ app_begin ] --END-- [ RunTime:0.001000s ]
INFO: [ app_end ] --START--
INFO: Run Behavior\ShowPageTraceBehavior [ RunTime:0.000000s ]
INFO: [ app_end ] --END-- [ RunTime:0.001000s ]

[ 2018-02-06T13:41:03+08:00 ] 127.0.0.1 /moban/index.php/Admin/Goods/uploadImg
INFO: [ app_begin ] --START--
INFO: Run Behavior\ReadHtmlCacheBehavior [ RunTime:0.001000s ]
INFO: [ app_begin ] --END-- [ RunTime:0.001000s ]
NOTIC: [2] call_user_func() expects parameter 1 to be a valid callback, no array or string given D:\wamp\www\moban\ThinkPHP\Library\Think\Upload.class.php 第 170 行.
INFO: [ app_end ] --START--
INFO: Run Behavior\ShowPageTraceBehavior [ RunTime:0.002000s ]
INFO: [ app_end ] --END-- [ RunTime:0.002000s ]

[ 2018-02-06T13:41:09+08:00 ] 127.0.0.1 /moban/index.php/Admin/Goods/uploadImg
INFO: [ app_begin ] --START--
INFO: Run Behavior\ReadHtmlCacheBehavior [ RunTime:0.001000s ]
INFO: [ app_begin ] --END-- [ RunTime:0.001000s ]
NOTIC: [2] call_user_func() expects parameter 1 to be a valid callback, no array or string given D:\wamp\www\moban\ThinkPHP\Library\Think\Upload.class.php 第 170 行.
INFO: [ app_end ] --START--
INFO: Run Behavior\ShowPageTraceBehavior [ RunTime:0.001000s ]
INFO: [ app_end ] --END-- [ RunTime:0.001000s ]

[ 2018-02-06T13:41:09+08:00 ] 127.0.0.1 /moban/index.php/Admin/Goods/delPhoto
INFO: [ app_begin ] --START--
INFO: Run Behavior\ReadHtmlCacheBehavior [ RunTime:0.000000s ]
INFO: [ app_begin ] --END-- [ RunTime:0.000000s ]
INFO: [ app_end ] --START--
INFO: Run Behavior\ShowPageTraceBehavior [ RunTime:0.000000s ]
INFO: [ app_end ] --END-- [ RunTime:0.000000s ]

[ 2018-02-06T13:42:56+08:00 ] 127.0.0.1 /moban/index.php/Admin/Goods/uploadImg
INFO: [ app_begin ] --START--
INFO: Run Behavior\ReadHtmlCacheBehavior [ RunTime:0.001000s ]
INFO: [ app_begin ] --END-- [ RunTime:0.001000s ]
NOTIC: [2] call_user_func() expects parameter 1 to be a valid callback, no array or string given D:\wamp\www\moban\ThinkPHP\Library\Think\Upload.class.php 第 170 行.
INFO: [ app_end ] --START--
INFO: Run Behavior\ShowPageTraceBehavior [ RunTime:0.000000s ]
INFO: [ app_end ] --END-- [ RunTime:0.000000s ]

[ 2018-02-06T13:43:00+08:00 ] 127.0.0.1 /moban/index.php/Admin/Goods/uploadImg
INFO: [ app_begin ] --START--
INFO: Run Behavior\ReadHtmlCacheBehavior [ RunTime:0.000000s ]
INFO: [ app_begin ] --END-- [ RunTime:0.000000s ]
NOTIC: [2] call_user_func() expects parameter 1 to be a valid callback, no array or string given D:\wamp\www\moban\ThinkPHP\Library\Think\Upload.class.php 第 170 行.
INFO: [ app_end ] --START--
INFO: Run Behavior\ShowPageTraceBehavior [ RunTime:0.001000s ]
INFO: [ app_end ] --END-- [ RunTime:0.001000s ]

[ 2018-02-06T13:43:00+08:00 ] 127.0.0.1 /moban/index.php/Admin/Goods/delPhoto
INFO: [ app_begin ] --START--
INFO: Run Behavior\ReadHtmlCacheBehavior [ RunTime:0.001001s ]
INFO: [ app_begin ] --END-- [ RunTime:0.001001s ]
INFO: [ app_end ] --START--
INFO: Run Behavior\ShowPageTraceBehavior [ RunTime:0.000000s ]
INFO: [ app_end ] --END-- [ RunTime:0.001000s ]

[ 2018-02-06T13:43:08+08:00 ] 127.0.0.1 /moban/index.php/Admin/Goods/uploadImg
INFO: [ app_begin ] --START--
INFO: Run Behavior\ReadHtmlCacheBehavior [ RunTime:0.001000s ]
INFO: [ app_begin ] --END-- [ RunTime:0.001000s ]
NOTIC: [2] call_user_func() expects parameter 1 to be a valid callback, no array or string given D:\wamp\www\moban\ThinkPHP\Library\Think\Upload.class.php 第 170 行.
INFO: [ app_end ] --START--
INFO: Run Behavior\ShowPageTraceBehavior [ RunTime:0.000000s ]
INFO: [ app_end ] --END-- [ RunTime:0.000000s ]

[ 2018-02-06T13:43:08+08:00 ] 127.0.0.1 /moban/index.php/Admin/Goods/delPhoto
INFO: [ app_begin ] --START--
INFO: Run Behavior\ReadHtmlCacheBehavior [ RunTime:0.000000s ]
INFO: [ app_begin ] --END-- [ RunTime:0.001000s ]
INFO: [ app_end ] --START--
INFO: Run Behavior\ShowPageTraceBehavior [ RunTime:0.001000s ]
INFO: [ app_end ] --END-- [ RunTime:0.001000s ]

[ 2018-02-06T13:43:15+08:00 ] 127.0.0.1 /moban/index.php/Admin/Goods/uploadImg
INFO: [ app_begin ] --START--
INFO: Run Behavior\ReadHtmlCacheBehavior [ RunTime:0.000000s ]
INFO: [ app_begin ] --END-- [ RunTime:0.000000s ]
NOTIC: [2] call_user_func() expects parameter 1 to be a valid callback, no array or string given D:\wamp\www\moban\ThinkPHP\Library\Think\Upload.class.php 第 170 行.
INFO: [ app_end ] --START--
INFO: Run Behavior\ShowPageTraceBehavior [ RunTime:0.000000s ]
INFO: [ app_end ] --END-- [ RunTime:0.000000s ]

[ 2018-02-06T13:43:15+08:00 ] 127.0.0.1 /moban/index.php/Admin/Goods/delPhoto
INFO: [ app_begin ] --START--
INFO: Run Behavior\ReadHtmlCacheBehavior [ RunTime:0.001000s ]
INFO: [ app_begin ] --END-- [ RunTime:0.002000s ]
INFO: [ app_end ] --START--
INFO: Run Behavior\ShowPageTraceBehavior [ RunTime:0.001000s ]
INFO: [ app_end ] --END-- [ RunTime:0.001000s ]

[ 2018-02-06T13:44:20+08:00 ] 127.0.0.1 /moban/index.php/Admin/Goods/uploadImg
INFO: [ app_begin ] --START--
INFO: Run Behavior\ReadHtmlCacheBehavior [ RunTime:0.000000s ]
INFO: [ app_begin ] --END-- [ RunTime:0.000000s ]
NOTIC: [2] call_user_func() expects parameter 1 to be a valid callback, no array or string given D:\wamp\www\moban\ThinkPHP\Library\Think\Upload.class.php 第 170 行.
INFO: [ app_end ] --START--
INFO: Run Behavior\ShowPageTraceBehavior [ RunTime:0.001000s ]
INFO: [ app_end ] --END-- [ RunTime:0.001000s ]

[ 2018-02-06T13:44:25+08:00 ] 127.0.0.1 /moban/index.php/Admin/Goods/uploadImg
INFO: [ app_begin ] --START--
INFO: Run Behavior\ReadHtmlCacheBehavior [ RunTime:0.000000s ]
INFO: [ app_begin ] --END-- [ RunTime:0.001001s ]
NOTIC: [2] call_user_func() expects parameter 1 to be a valid callback, no array or string given D:\wamp\www\moban\ThinkPHP\Library\Think\Upload.class.php 第 170 行.
INFO: [ app_end ] --START--
INFO: Run Behavior\ShowPageTraceBehavior [ RunTime:0.001000s ]
INFO: [ app_end ] --END-- [ RunTime:0.001000s ]

[ 2018-02-06T13:44:25+08:00 ] 127.0.0.1 /moban/index.php/Admin/Goods/delPhoto
INFO: [ app_begin ] --START--
INFO: Run Behavior\ReadHtmlCacheBehavior [ RunTime:0.001000s ]
INFO: [ app_begin ] --END-- [ RunTime:0.001000s ]
INFO: [ app_end ] --START--
INFO: Run Behavior\ShowPageTraceBehavior [ RunTime:0.001000s ]
INFO: [ app_end ] --END-- [ RunTime:0.001000s ]

[ 2018-02-06T13:45:04+08:00 ] 127.0.0.1 /moban/index.php/Admin/Goods/uploadImg
INFO: [ app_begin ] --START--
INFO: Run Behavior\ReadHtmlCacheBehavior [ RunTime:0.000000s ]
INFO: [ app_begin ] --END-- [ RunTime:0.001000s ]
NOTIC: [2] call_user_func() expects parameter 1 to be a valid callback, no array or string given D:\wamp\www\moban\ThinkPHP\Library\Think\Upload.class.php 第 170 行.
INFO: [ app_end ] --START--
INFO: Run Behavior\ShowPageTraceBehavior [ RunTime:0.000000s ]
INFO: [ app_end ] --END-- [ RunTime:0.000000s ]

[ 2018-02-06T13:45:11+08:00 ] 127.0.0.1 /moban/index.php/Admin/Goods/uploadImg
INFO: [ app_begin ] --START--
INFO: Run Behavior\ReadHtmlCacheBehavior [ RunTime:0.001000s ]
INFO: [ app_begin ] --END-- [ RunTime:0.001000s ]
NOTIC: [2] call_user_func() expects parameter 1 to be a valid callback, no array or string given D:\wamp\www\moban\ThinkPHP\Library\Think\Upload.class.php 第 170 行.
INFO: [ app_end ] --START--
INFO: Run Behavior\ShowPageTraceBehavior [ RunTime:0.000000s ]
INFO: [ app_end ] --END-- [ RunTime:0.001000s ]

[ 2018-02-06T13:45:11+08:00 ] 127.0.0.1 /moban/index.php/Admin/Goods/delPhoto
INFO: [ app_begin ] --START--
INFO: Run Behavior\ReadHtmlCacheBehavior [ RunTime:0.000000s ]
INFO: [ app_begin ] --END-- [ RunTime:0.001000s ]
INFO: [ app_end ] --START--
INFO: Run Behavior\ShowPageTraceBehavior [ RunTime:0.001000s ]
INFO: [ app_end ] --END-- [ RunTime:0.001000s ]

[ 2018-02-06T13:46:00+08:00 ] 127.0.0.1 /moban/index.php/Admin/Goods/uploadImg
INFO: [ app_begin ] --START--
INFO: Run Behavior\ReadHtmlCacheBehavior [ RunTime:0.000000s ]
INFO: [ app_begin ] --END-- [ RunTime:0.001000s ]
NOTIC: [2] call_user_func() expects parameter 1 to be a valid callback, no array or string given D:\wamp\www\moban\ThinkPHP\Library\Think\Upload.class.php 第 170 行.
INFO: [ app_end ] --START--
INFO: Run Behavior\ShowPageTraceBehavior [ RunTime:0.001000s ]
INFO: [ app_end ] --END-- [ RunTime:0.001000s ]

[ 2018-02-06T13:46:05+08:00 ] 127.0.0.1 /moban/index.php/Admin/Goods/uploadImg
INFO: [ app_begin ] --START--
INFO: Run Behavior\ReadHtmlCacheBehavior [ RunTime:0.000000s ]
INFO: [ app_begin ] --END-- [ RunTime:0.001000s ]
NOTIC: [2] call_user_func() expects parameter 1 to be a valid callback, no array or string given D:\wamp\www\moban\ThinkPHP\Library\Think\Upload.class.php 第 170 行.
INFO: [ app_end ] --START--
INFO: Run Behavior\ShowPageTraceBehavior [ RunTime:0.000000s ]
INFO: [ app_end ] --END-- [ RunTime:0.001000s ]

[ 2018-02-06T13:46:05+08:00 ] 127.0.0.1 /moban/index.php/Admin/Goods/delPhoto
INFO: [ app_begin ] --START--
INFO: Run Behavior\ReadHtmlCacheBehavior [ RunTime:0.000000s ]
INFO: [ app_begin ] --END-- [ RunTime:0.000000s ]
INFO: [ app_end ] --START--
INFO: Run Behavior\ShowPageTraceBehavior [ RunTime:0.000000s ]
INFO: [ app_end ] --END-- [ RunTime:0.000000s ]

[ 2018-02-06T14:12:55+08:00 ] 127.0.0.1 /moban/index.php/Admin/Goods/uploadImg
INFO: [ app_begin ] --START--
INFO: Run Behavior\ReadHtmlCacheBehavior [ RunTime:0.001000s ]
INFO: [ app_begin ] --END-- [ RunTime:0.001000s ]
NOTIC: [2] call_user_func() expects parameter 1 to be a valid callback, no array or string given D:\wamp\www\moban\ThinkPHP\Library\Think\Upload.class.php 第 170 行.
INFO: [ app_end ] --START--
INFO: Run Behavior\ShowPageTraceBehavior [ RunTime:0.000000s ]
INFO: [ app_end ] --END-- [ RunTime:0.001000s ]

[ 2018-02-06T14:14:58+08:00 ] 127.0.0.1 /moban/index.php/Admin/Goods/uploadImg
INFO: [ app_begin ] --START--
INFO: Run Behavior\ReadHtmlCacheBehavior [ RunTime:0.000000s ]
INFO: [ app_begin ] --END-- [ RunTime:0.000000s ]
NOTIC: [2] call_user_func() expects parameter 1 to be a valid callback, no array or string given D:\wamp\www\moban\ThinkPHP\Library\Think\Upload.class.php 第 170 行.
INFO: [ app_end ] --START--
INFO: Run Behavior\ShowPageTraceBehavior [ RunTime:0.000000s ]
INFO: [ app_end ] --END-- [ RunTime:0.000000s ]

[ 2018-02-06T14:16:04+08:00 ] 127.0.0.1 /moban/index.php/Admin/Goods/uploadImg
INFO: [ app_begin ] --START--
INFO: Run Behavior\ReadHtmlCacheBehavior [ RunTime:0.000000s ]
INFO: [ app_begin ] --END-- [ RunTime:0.000000s ]
NOTIC: [2] call_user_func() expects parameter 1 to be a valid callback, no array or string given D:\wamp\www\moban\ThinkPHP\Library\Think\Upload.class.php 第 170 行.
INFO: [ app_end ] --START--
INFO: Run Behavior\ShowPageTraceBehavior [ RunTime:0.000000s ]
INFO: [ app_end ] --END-- [ RunTime:0.001000s ]

[ 2018-02-06T14:21:15+08:00 ] 127.0.0.1 /moban/index.php/Admin/Goods/time
ERR: 非法操作:time

[ 2018-02-06T14:28:17+08:00 ] 127.0.0.1 /moban/index.php/Admin/Goods/uploadImg
INFO: [ app_begin ] --START--
INFO: Run Behavior\ReadHtmlCacheBehavior [ RunTime:0.000000s ]
INFO: [ app_begin ] --END-- [ RunTime:0.001000s ]
NOTIC: [2] call_user_func() expects parameter 1 to be a valid callback, no array or string given D:\wamp\www\moban\ThinkPHP\Library\Think\Upload.class.php 第 170 行.
INFO: [ app_end ] --START--
INFO: Run Behavior\ShowPageTraceBehavior [ RunTime:0.001000s ]
INFO: [ app_end ] --END-- [ RunTime:0.001000s ]

[ 2018-02-06T14:29:35+08:00 ] 127.0.0.1 /moban/index.php/Admin/Goods/uploadImg
INFO: [ app_begin ] --START--
INFO: Run Behavior\ReadHtmlCacheBehavior [ RunTime:0.001000s ]
INFO: [ app_begin ] --END-- [ RunTime:0.001000s ]
NOTIC: [2] call_user_func() expects parameter 1 to be a valid callback, no array or string given D:\wamp\www\moban\ThinkPHP\Library\Think\Upload.class.php 第 170 行.
INFO: [ app_end ] --START--
INFO: Run Behavior\ShowPageTraceBehavior [ RunTime:0.000000s ]
INFO: [ app_end ] --END-- [ RunTime:0.000000s ]

[ 2018-02-06T14:30:38+08:00 ] 127.0.0.1 /moban/index.php/Admin/Goods/uploadImg
INFO: [ app_begin ] --START--
INFO: Run Behavior\ReadHtmlCacheBehavior [ RunTime:0.000000s ]
INFO: [ app_begin ] --END-- [ RunTime:0.000000s ]
NOTIC: [2] call_user_func() expects parameter 1 to be a valid callback, no array or string given D:\wamp\www\moban\ThinkPHP\Library\Think\Upload.class.php 第 170 行.
INFO: [ app_end ] --START--
INFO: Run Behavior\ShowPageTraceBehavior [ RunTime:0.001000s ]
INFO: [ app_end ] --END-- [ RunTime:0.001000s ]

[ 2018-02-06T14:34:30+08:00 ] 127.0.0.1 /moban/index.php/Admin/Goods/uploadImg
INFO: [ app_begin ] --START--
INFO: Run Behavior\ReadHtmlCacheBehavior [ RunTime:0.001000s ]
INFO: [ app_begin ] --END-- [ RunTime:0.001000s ]
NOTIC: [2] call_user_func() expects parameter 1 to be a valid callback, no array or string given D:\wamp\www\moban\ThinkPHP\Library\Think\Upload.class.php 第 170 行.
INFO: [ app_end ] --START--
INFO: Run Behavior\ShowPageTraceBehavior [ RunTime:0.001000s ]
INFO: [ app_end ] --END-- [ RunTime:0.001000s ]

[ 2018-02-06T15:01:58+08:00 ] 127.0.0.1 /moban/index.php/Admin/Goods/getVip
INFO: [ app_begin ] --START--
INFO: Run Behavior\ReadHtmlCacheBehavior [ RunTime:0.000000s ]
INFO: [ app_begin ] --END-- [ RunTime:0.000000s ]
NOTIC: [8] Array to string conversion D:\wamp\www\moban\Application\Admin\Controller\GoodsController.class.php 第 106 行.
INFO: [ app_end ] --START--
INFO: Run Behavior\ShowPageTraceBehavior [ RunTime:0.000000s ]
INFO: [ app_end ] --END-- [ RunTime:0.000000s ]

[ 2018-02-06T15:05:09+08:00 ] 127.0.0.1 /moban/index.php/Admin/Goods/getVip
INFO: [ app_begin ] --START--
INFO: Run Behavior\ReadHtmlCacheBehavior [ RunTime:0.001000s ]
INFO: [ app_begin ] --END-- [ RunTime:0.001000s ]
SQL: SHOW COLUMNS FROM `moban_vip` [ RunTime:0.0010s ]
SQL: SELECT * FROM `moban_vip`  [ RunTime:0.0000s ]
INFO: [ app_end ] --START--
INFO: Run Behavior\ShowPageTraceBehavior [ RunTime:0.001000s ]
INFO: [ app_end ] --END-- [ RunTime:0.001000s ]

[ 2018-02-06T15:05:58+08:00 ] 127.0.0.1 /moban/index.php/Admin/Goods/getVip
INFO: [ app_begin ] --START--
INFO: Run Behavior\ReadHtmlCacheBehavior [ RunTime:0.007000s ]
INFO: [ app_begin ] --END-- [ RunTime:0.007000s ]
SQL: SHOW COLUMNS FROM `moban_vip` [ RunTime:0.0010s ]
SQL: SELECT * FROM `moban_vip`  [ RunTime:0.0000s ]
INFO: [ app_end ] --START--
INFO: Run Behavior\ShowPageTraceBehavior [ RunTime:0.001000s ]
INFO: [ app_end ] --END-- [ RunTime:0.001000s ]

[ 2018-02-06T15:14:38+08:00 ] 127.0.0.1 /moban/index.php/Admin/Goods/getVip
INFO: [ app_begin ] --START--
INFO: Run Behavior\ReadHtmlCacheBehavior [ RunTime:0.000000s ]
INFO: [ app_begin ] --END-- [ RunTime:0.001000s ]
SQL: SHOW COLUMNS FROM `moban_vip` [ RunTime:0.0010s ]
SQL: SELECT * FROM `moban_vip`  [ RunTime:0.0000s ]
INFO: [ app_end ] --START--
INFO: Run Behavior\ShowPageTraceBehavior [ RunTime:0.000000s ]
INFO: [ app_end ] --END-- [ RunTime:0.001000s ]

[ 2018-02-06T15:46:46+08:00 ] 127.0.0.1 /moban/index.php/Admin/Goods/getVip
INFO: [ app_begin ] --START--
INFO: Run Behavior\ReadHtmlCacheBehavior [ RunTime:0.000000s ]
INFO: [ app_begin ] --END-- [ RunTime:0.000000s ]
SQL: SHOW COLUMNS FROM `moban_vip` [ RunTime:0.0100s ]
SQL: SELECT * FROM `moban_vip`  [ RunTime:0.0000s ]
INFO: [ app_end ] --START--
INFO: Run Behavior\ShowPageTraceBehavior [ RunTime:0.000000s ]
INFO: [ app_end ] --END-- [ RunTime:0.000000s ]

[ 2018-02-06T15:48:33+08:00 ] 127.0.0.1 /moban/index.php/Admin/Goods/getVip
INFO: [ app_begin ] --START--
INFO: Run Behavior\ReadHtmlCacheBehavior [ RunTime:0.000000s ]
INFO: [ app_begin ] --END-- [ RunTime:0.000000s ]
SQL: SHOW COLUMNS FROM `moban_vip` [ RunTime:0.0020s ]
SQL: SELECT * FROM `moban_vip`  [ RunTime:0.0000s ]
INFO: [ app_end ] --START--
INFO: Run Behavior\ShowPageTraceBehavior [ RunTime:0.000000s ]
INFO: [ app_end ] --END-- [ RunTime:0.000000s ]

[ 2018-02-06T15:49:22+08:00 ] 127.0.0.1 /moban/index.php/Admin/Goods/getVip
INFO: [ app_begin ] --START--
INFO: Run Behavior\ReadHtmlCacheBehavior [ RunTime:0.000000s ]
INFO: [ app_begin ] --END-- [ RunTime:0.000000s ]
SQL: SHOW COLUMNS FROM `moban_vip` [ RunTime:0.0020s ]
SQL: SELECT * FROM `moban_vip`  [ RunTime:0.0000s ]
INFO: [ app_end ] --START--
INFO: Run Behavior\ShowPageTraceBehavior [ RunTime:0.000000s ]
INFO: [ app_end ] --END-- [ RunTime:0.000000s ]

[ 2018-02-06T15:50:23+08:00 ] 127.0.0.1 /moban/index.php/Admin/Goods/getVip
INFO: [ app_begin ] --START--
INFO: Run Behavior\ReadHtmlCacheBehavior [ RunTime:0.000000s ]
INFO: [ app_begin ] --END-- [ RunTime:0.000000s ]
SQL: SHOW COLUMNS FROM `moban_vip` [ RunTime:0.0140s ]
SQL: SELECT * FROM `moban_vip`  [ RunTime:0.0010s ]
INFO: [ app_end ] --START--
INFO: Run Behavior\ShowPageTraceBehavior [ RunTime:0.000000s ]
INFO: [ app_end ] --END-- [ RunTime:0.000000s ]

[ 2018-02-06T15:50:34+08:00 ] 127.0.0.1 /moban/index.php/Admin/Goods/getVip
INFO: [ app_begin ] --START--
INFO: Run Behavior\ReadHtmlCacheBehavior [ RunTime:0.000000s ]
INFO: [ app_begin ] --END-- [ RunTime:0.000000s ]
SQL: SHOW COLUMNS FROM `moban_vip` [ RunTime:0.0020s ]
SQL: SELECT * FROM `moban_vip`  [ RunTime:0.0000s ]
INFO: [ app_end ] --START--
INFO: Run Behavior\ShowPageTraceBehavior [ RunTime:0.000000s ]
INFO: [ app_end ] --END-- [ RunTime:0.000000s ]

[ 2018-02-06T15:50:55+08:00 ] 127.0.0.1 /moban/index.php/Admin/Goods/getVip
INFO: [ app_begin ] --START--
INFO: Run Behavior\ReadHtmlCacheBehavior [ RunTime:0.011000s ]
INFO: [ app_begin ] --END-- [ RunTime:0.011000s ]
SQL: SHOW COLUMNS FROM `moban_vip` [ RunTime:0.0020s ]
SQL: SELECT * FROM `moban_vip`  [ RunTime:0.0000s ]
INFO: [ app_end ] --START--
INFO: Run Behavior\ShowPageTraceBehavior [ RunTime:0.000000s ]
INFO: [ app_end ] --END-- [ RunTime:0.000000s ]

[ 2018-02-06T15:50:59+08:00 ] 127.0.0.1 /moban/index.php/Admin/Goods/getVip
INFO: [ app_begin ] --START--
INFO: Run Behavior\ReadHtmlCacheBehavior [ RunTime:0.000000s ]
INFO: [ app_begin ] --END-- [ RunTime:0.000000s ]
SQL: SHOW COLUMNS FROM `moban_vip` [ RunTime:0.0010s ]
SQL: SELECT * FROM `moban_vip`  [ RunTime:0.0040s ]
INFO: [ app_end ] --START--
INFO: Run Behavior\ShowPageTraceBehavior [ RunTime:0.001000s ]
INFO: [ app_end ] --END-- [ RunTime:0.001000s ]

[ 2018-02-06T15:51:01+08:00 ] 127.0.0.1 /moban/index.php/Admin/Goods/getVip
INFO: [ app_begin ] --START--
INFO: Run Behavior\ReadHtmlCacheBehavior [ RunTime:0.000000s ]
INFO: [ app_begin ] --END-- [ RunTime:0.000000s ]
SQL: SHOW COLUMNS FROM `moban_vip` [ RunTime:0.0010s ]
SQL: SELECT * FROM `moban_vip`  [ RunTime:0.0000s ]
INFO: [ app_end ] --START--
INFO: Run Behavior\ShowPageTraceBehavior [ RunTime:0.001000s ]
INFO: [ app_end ] --END-- [ RunTime:0.001000s ]

[ 2018-02-06T15:51:03+08:00 ] 127.0.0.1 /moban/index.php/Admin/Goods/getVip
INFO: [ app_begin ] --START--
INFO: Run Behavior\ReadHtmlCacheBehavior [ RunTime:0.000000s ]
INFO: [ app_begin ] --END-- [ RunTime:0.000000s ]
SQL: SHOW COLUMNS FROM `moban_vip` [ RunTime:0.0050s ]
SQL: SELECT * FROM `moban_vip`  [ RunTime:0.0000s ]
INFO: [ app_end ] --START--
INFO: Run Behavior\ShowPageTraceBehavior [ RunTime:0.002000s ]
INFO: [ app_end ] --END-- [ RunTime:0.002000s ]

[ 2018-02-06T15:51:23+08:00 ] 127.0.0.1 /moban/index.php/Admin/Goods/getVip
INFO: [ app_begin ] --START--
INFO: Run Behavior\ReadHtmlCacheBehavior [ RunTime:0.000000s ]
INFO: [ app_begin ] --END-- [ RunTime:0.000000s ]
SQL: SHOW COLUMNS FROM `moban_vip` [ RunTime:0.0010s ]
SQL: SELECT * FROM `moban_vip`  [ RunTime:0.0010s ]
INFO: [ app_end ] --START--
INFO: Run Behavior\ShowPageTraceBehavior [ RunTime:0.001000s ]
INFO: [ app_end ] --END-- [ RunTime:0.001000s ]

[ 2018-02-06T15:54:55+08:00 ] 127.0.0.1 /moban/index.php/Admin/Goods/getVip
INFO: [ app_begin ] --START--
INFO: Run Behavior\ReadHtmlCacheBehavior [ RunTime:0.000000s ]
INFO: [ app_begin ] --END-- [ RunTime:0.001000s ]
SQL: SHOW COLUMNS FROM `moban_vip` [ RunTime:0.0020s ]
SQL: SELECT * FROM `moban_vip`  [ RunTime:0.0000s ]
INFO: [ app_end ] --START--
INFO: Run Behavior\ShowPageTraceBehavior [ RunTime:0.000000s ]
INFO: [ app_end ] --END-- [ RunTime:0.001000s ]

[ 2018-02-06T15:55:49+08:00 ] 127.0.0.1 /moban/index.php/Admin/Goods/getVip
INFO: [ app_begin ] --START--
INFO: Run Behavior\ReadHtmlCacheBehavior [ RunTime:0.001000s ]
INFO: [ app_begin ] --END-- [ RunTime:0.001000s ]
SQL: SHOW COLUMNS FROM `moban_vip` [ RunTime:0.0020s ]
SQL: SELECT * FROM `moban_vip`  [ RunTime:0.0010s ]
INFO: [ app_end ] --START--
INFO: Run Behavior\ShowPageTraceBehavior [ RunTime:0.001000s ]
INFO: [ app_end ] --END-- [ RunTime:0.001000s ]

[ 2018-02-06T15:58:07+08:00 ] 127.0.0.1 /moban/index.php/Admin/Goods/getVip
INFO: [ app_begin ] --START--
INFO: Run Behavior\ReadHtmlCacheBehavior [ RunTime:0.000000s ]
INFO: [ app_begin ] --END-- [ RunTime:0.000000s ]
SQL: SHOW COLUMNS FROM `moban_vip` [ RunTime:0.0030s ]
SQL: SELECT * FROM `moban_vip`  [ RunTime:0.0000s ]
INFO: [ app_end ] --START--
INFO: Run Behavior\ShowPageTraceBehavior [ RunTime:0.001000s ]
INFO: [ app_end ] --END-- [ RunTime:0.001000s ]

[ 2018-02-06T15:58:23+08:00 ] 127.0.0.1 /moban/index.php/Admin/Goods/uploadImg
INFO: [ app_begin ] --START--
INFO: Run Behavior\ReadHtmlCacheBehavior [ RunTime:0.000000s ]
INFO: [ app_begin ] --END-- [ RunTime:0.000000s ]
NOTIC: [2] call_user_func() expects parameter 1 to be a valid callback, no array or string given D:\wamp\www\moban\ThinkPHP\Library\Think\Upload.class.php 第 170 行.
INFO: [ app_end ] --START--
INFO: Run Behavior\ShowPageTraceBehavior [ RunTime:0.000000s ]
INFO: [ app_end ] --END-- [ RunTime:0.011000s ]

[ 2018-02-06T16:01:40+08:00 ] 127.0.0.1 /moban/index.php/Admin/Goods/uploadImg
INFO: [ app_begin ] --START--
INFO: Run Behavior\ReadHtmlCacheBehavior [ RunTime:0.001000s ]
INFO: [ app_begin ] --END-- [ RunTime:0.002000s ]
NOTIC: [2] call_user_func() expects parameter 1 to be a valid callback, no array or string given D:\wamp\www\moban\ThinkPHP\Library\Think\Upload.class.php 第 170 行.
INFO: [ app_end ] --START--
INFO: Run Behavior\ShowPageTraceBehavior [ RunTime:0.002001s ]
INFO: [ app_end ] --END-- [ RunTime:0.002001s ]

[ 2018-02-06T16:03:32+08:00 ] 127.0.0.1 /moban/index.php/Admin/Goods/uploadImg
INFO: [ app_begin ] --START--
INFO: Run Behavior\ReadHtmlCacheBehavior [ RunTime:0.002000s ]
INFO: [ app_begin ] --END-- [ RunTime:0.002000s ]
NOTIC: [2] call_user_func() expects parameter 1 to be a valid callback, no array or string given D:\wamp\www\moban\ThinkPHP\Library\Think\Upload.class.php 第 170 行.
INFO: [ app_end ] --START--
INFO: Run Behavior\ShowPageTraceBehavior [ RunTime:0.001000s ]
INFO: [ app_end ] --END-- [ RunTime:0.001000s ]

[ 2018-02-06T16:05:18+08:00 ] 127.0.0.1 /moban/index.php/Admin/Goods/uploadImg
INFO: [ app_begin ] --START--
INFO: Run Behavior\ReadHtmlCacheBehavior [ RunTime:0.001000s ]
INFO: [ app_begin ] --END-- [ RunTime:0.001000s ]
NOTIC: [2] call_user_func() expects parameter 1 to be a valid callback, no array or string given D:\wamp\www\moban\ThinkPHP\Library\Think\Upload.class.php 第 170 行.
INFO: [ app_end ] --START--
INFO: Run Behavior\ShowPageTraceBehavior [ RunTime:0.000000s ]
INFO: [ app_end ] --END-- [ RunTime:0.000000s ]

[ 2018-02-06T16:06:15+08:00 ] 127.0.0.1 /moban/index.php/Admin/Goods/getVip
INFO: [ app_begin ] --START--
INFO: Run Behavior\ReadHtmlCacheBehavior [ RunTime:0.001000s ]
INFO: [ app_begin ] --END-- [ RunTime:0.001000s ]
SQL: SHOW COLUMNS FROM `moban_vip` [ RunTime:0.0010s ]
SQL: SELECT * FROM `moban_vip`  [ RunTime:0.0010s ]
INFO: [ app_end ] --START--
INFO: Run Behavior\ShowPageTraceBehavior [ RunTime:0.000000s ]
INFO: [ app_end ] --END-- [ RunTime:0.001000s ]

[ 2018-02-06T16:06:33+08:00 ] 127.0.0.1 /moban/index.php/Admin/Goods/uploadImg
INFO: [ app_begin ] --START--
INFO: Run Behavior\ReadHtmlCacheBehavior [ RunTime:0.000000s ]
INFO: [ app_begin ] --END-- [ RunTime:0.001000s ]
NOTIC: [2] call_user_func() expects parameter 1 to be a valid callback, no array or string given D:\wamp\www\moban\ThinkPHP\Library\Think\Upload.class.php 第 170 行.
INFO: [ app_end ] --START--
INFO: Run Behavior\ShowPageTraceBehavior [ RunTime:0.000000s ]
INFO: [ app_end ] --END-- [ RunTime:0.012001s ]

[ 2018-02-06T16:45:43+08:00 ] 127.0.0.1 /moban/index.php/Admin/Goods/index
ERR: 1054:Unknown column 'c.cate_name' in 'field list'
 [ SQL语句 ] : SELECT a.goods_name,a.goods_vips,a.goods_price,a.goods_photo,a.goods_comment,a.goods_store,a.goods_recommend,a.download_num,b.cate_name,c.cate_name FROM moban_goods a LEFT JOIN moban_cate b ON a.cate_id=b.id LEFT JOIN moban_vip c ON c.id= a.id IN(a.goods_vips)  

[ 2018-02-06T16:46:10+08:00 ] 127.0.0.1 /moban/index.php/Admin/Goods/index
ERR: 1054:Unknown column 'c.cate_name' in 'field list'
 [ SQL语句 ] : SELECT a.goods_name,a.goods_vips,a.goods_price,a.goods_photo,a.goods_comment,a.goods_store,a.goods_recommend,a.download_num,b.cate_name,c.cate_name FROM moban_goods a LEFT JOIN moban_cate b ON a.cate_id=b.id LEFT JOIN moban_vip c ON c.id IN(a.goods_vips)  

[ 2018-02-06T16:46:11+08:00 ] 127.0.0.1 /moban/index.php/Admin/Goods/index
ERR: 1054:Unknown column 'c.cate_name' in 'field list'
 [ SQL语句 ] : SELECT a.goods_name,a.goods_vips,a.goods_price,a.goods_photo,a.goods_comment,a.goods_store,a.goods_recommend,a.download_num,b.cate_name,c.cate_name FROM moban_goods a LEFT JOIN moban_cate b ON a.cate_id=b.id LEFT JOIN moban_vip c ON c.id IN(a.goods_vips)  

[ 2018-02-06T16:46:12+08:00 ] 127.0.0.1 /moban/index.php/Admin/Goods/index
ERR: 1054:Unknown column 'c.cate_name' in 'field list'
 [ SQL语句 ] : SELECT a.goods_name,a.goods_vips,a.goods_price,a.goods_photo,a.goods_comment,a.goods_store,a.goods_recommend,a.download_num,b.cate_name,c.cate_name FROM moban_goods a LEFT JOIN moban_cate b ON a.cate_id=b.id LEFT JOIN moban_vip c ON c.id IN(a.goods_vips)  

[ 2018-02-06T16:46:12+08:00 ] 127.0.0.1 /moban/index.php/Admin/Goods/index
ERR: 1054:Unknown column 'c.cate_name' in 'field list'
 [ SQL语句 ] : SELECT a.goods_name,a.goods_vips,a.goods_price,a.goods_photo,a.goods_comment,a.goods_store,a.goods_recommend,a.download_num,b.cate_name,c.cate_name FROM moban_goods a LEFT JOIN moban_cate b ON a.cate_id=b.id LEFT JOIN moban_vip c ON c.id IN(a.goods_vips)  

[ 2018-02-06T16:46:13+08:00 ] 127.0.0.1 /moban/index.php/Admin/Goods/index
ERR: 1054:Unknown column 'c.cate_name' in 'field list'
 [ SQL语句 ] : SELECT a.goods_name,a.goods_vips,a.goods_price,a.goods_photo,a.goods_comment,a.goods_store,a.goods_recommend,a.download_num,b.cate_name,c.cate_name FROM moban_goods a LEFT JOIN moban_cate b ON a.cate_id=b.id LEFT JOIN moban_vip c ON c.id IN(a.goods_vips)  

[ 2018-02-06T16:48:41+08:00 ] 127.0.0.1 /moban/index.php/Admin/Goods/index
ERR: 1064:You have an error in your SQL syntax; check the manual that corresponds to your MySQL server version for the right syntax to use near '' at line 1
 [ SQL语句 ] : SELECT a.goods_name,a.goods_vips,a.goods_price,a.goods_photo,a.goods_comment,a.goods_store,a.goods_recommend,a.download_num,b.cate_name,c.vip_name FROM moban_goods a LEFT JOIN moban_cate b ON a.cate_id=b.id LEFT JOIN moban_vip c  

[ 2018-02-06T16:49:22+08:00 ] 127.0.0.1 /moban/index.php/Admin/Goods/index
ERR: 1064:You have an error in your SQL syntax; check the manual that corresponds to your MySQL server version for the right syntax to use near 'a.id = IN(a.cate_id)' at line 1
 [ SQL语句 ] : SELECT a.goods_name,a.goods_vips,a.goods_price,a.goods_photo,a.goods_comment,a.goods_store,a.goods_recommend,a.download_num,b.cate_name,c.vip_name FROM moban_goods a LEFT JOIN moban_cate b ON a.cate_id=b.id LEFT JOIN moban_vip c a.id = IN(a.cate_id)   

[ 2018-02-06T16:49:23+08:00 ] 127.0.0.1 /moban/index.php/Admin/Goods/index
ERR: 1064:You have an error in your SQL syntax; check the manual that corresponds to your MySQL server version for the right syntax to use near 'a.id = IN(a.cate_id)' at line 1
 [ SQL语句 ] : SELECT a.goods_name,a.goods_vips,a.goods_price,a.goods_photo,a.goods_comment,a.goods_store,a.goods_recommend,a.download_num,b.cate_name,c.vip_name FROM moban_goods a LEFT JOIN moban_cate b ON a.cate_id=b.id LEFT JOIN moban_vip c a.id = IN(a.cate_id)   

[ 2018-02-06T16:49:24+08:00 ] 127.0.0.1 /moban/index.php/Admin/Goods/index
ERR: 1064:You have an error in your SQL syntax; check the manual that corresponds to your MySQL server version for the right syntax to use near 'a.id = IN(a.cate_id)' at line 1
 [ SQL语句 ] : SELECT a.goods_name,a.goods_vips,a.goods_price,a.goods_photo,a.goods_comment,a.goods_store,a.goods_recommend,a.download_num,b.cate_name,c.vip_name FROM moban_goods a LEFT JOIN moban_cate b ON a.cate_id=b.id LEFT JOIN moban_vip c a.id = IN(a.cate_id)   

[ 2018-02-06T16:49:25+08:00 ] 127.0.0.1 /moban/index.php/Admin/Goods/index
ERR: 1064:You have an error in your SQL syntax; check the manual that corresponds to your MySQL server version for the right syntax to use near 'a.id = IN(a.cate_id)' at line 1
 [ SQL语句 ] : SELECT a.goods_name,a.goods_vips,a.goods_price,a.goods_photo,a.goods_comment,a.goods_store,a.goods_recommend,a.download_num,b.cate_name,c.vip_name FROM moban_goods a LEFT JOIN moban_cate b ON a.cate_id=b.id LEFT JOIN moban_vip c a.id = IN(a.cate_id)   

[ 2018-02-06T16:49:25+08:00 ] 127.0.0.1 /moban/index.php/Admin/Goods/index
ERR: 1064:You have an error in your SQL syntax; check the manual that corresponds to your MySQL server version for the right syntax to use near 'a.id = IN(a.cate_id)' at line 1
 [ SQL语句 ] : SELECT a.goods_name,a.goods_vips,a.goods_price,a.goods_photo,a.goods_comment,a.goods_store,a.goods_recommend,a.download_num,b.cate_name,c.vip_name FROM moban_goods a LEFT JOIN moban_cate b ON a.cate_id=b.id LEFT JOIN moban_vip c a.id = IN(a.cate_id)   

[ 2018-02-06T16:49:26+08:00 ] 127.0.0.1 /moban/index.php/Admin/Goods/index
ERR: 1064:You have an error in your SQL syntax; check the manual that corresponds to your MySQL server version for the right syntax to use near 'a.id = IN(a.cate_id)' at line 1
 [ SQL语句 ] : SELECT a.goods_name,a.goods_vips,a.goods_price,a.goods_photo,a.goods_comment,a.goods_store,a.goods_recommend,a.download_num,b.cate_name,c.vip_name FROM moban_goods a LEFT JOIN moban_cate b ON a.cate_id=b.id LEFT JOIN moban_vip c a.id = IN(a.cate_id)   

[ 2018-02-06T16:49:42+08:00 ] 127.0.0.1 /moban/index.php/Admin/Goods/index
ERR: 1064:You have an error in your SQL syntax; check the manual that corresponds to your MySQL server version for the right syntax to use near 'a.id =a.id  IN(a.cate_id)' at line 1
 [ SQL语句 ] : SELECT a.goods_name,a.goods_vips,a.goods_price,a.goods_photo,a.goods_comment,a.goods_store,a.goods_recommend,a.download_num,b.cate_name,c.vip_name FROM moban_goods a LEFT JOIN moban_cate b ON a.cate_id=b.id LEFT JOIN moban_vip c a.id =a.id  IN(a.cate_id)   

[ 2018-02-06T16:49:43+08:00 ] 127.0.0.1 /moban/index.php/Admin/Goods/index
ERR: 1064:You have an error in your SQL syntax; check the manual that corresponds to your MySQL server version for the right syntax to use near 'a.id =a.id  IN(a.cate_id)' at line 1
 [ SQL语句 ] : SELECT a.goods_name,a.goods_vips,a.goods_price,a.goods_photo,a.goods_comment,a.goods_store,a.goods_recommend,a.download_num,b.cate_name,c.vip_name FROM moban_goods a LEFT JOIN moban_cate b ON a.cate_id=b.id LEFT JOIN moban_vip c a.id =a.id  IN(a.cate_id)   

[ 2018-02-06T16:55:36+08:00 ] 127.0.0.1 /moban/index.php/Admin/Goods/index
ERR: 1054:Unknown column 'b.cate_name' in 'field list'
 [ SQL语句 ] : SELECT a.goods_name,a.goods_vips,a.goods_price,a.goods_photo,a.goods_comment,a.goods_store,a.goods_recommend,a.download_num,b.cate_name,c.vip_name FROM moban_goods a 

[ 2018-02-06T16:55:38+08:00 ] 127.0.0.1 /moban/index.php/Admin/Goods/index
ERR: 1054:Unknown column 'b.cate_name' in 'field list'
 [ SQL语句 ] : SELECT a.goods_name,a.goods_vips,a.goods_price,a.goods_photo,a.goods_comment,a.goods_store,a.goods_recommend,a.download_num,b.cate_name,c.vip_name FROM moban_goods a 

[ 2018-02-06T16:55:58+08:00 ] 127.0.0.1 /moban/index.php/Admin/Goods/index
ERR: 1054:Unknown column 'c.vip_name' in 'field list'
 [ SQL语句 ] : SELECT a.goods_name,a.goods_vips,a.goods_price,a.goods_photo,a.goods_comment,a.goods_store,a.goods_recommend,a.download_num,b.cate_name,c.vip_name FROM moban_goods a LEFT JOIN moban_cate b ON a.cate_id=b.id  

[ 2018-02-06T17:18:20+08:00 ] 127.0.0.1 /moban/index.php/Admin/Goods/getVip
INFO: [ app_begin ] --START--
INFO: Run Behavior\ReadHtmlCacheBehavior [ RunTime:0.000000s ]
INFO: [ app_begin ] --END-- [ RunTime:0.000000s ]
SQL: SHOW COLUMNS FROM `moban_vip` [ RunTime:0.0070s ]
SQL: SELECT * FROM `moban_vip`  [ RunTime:0.0010s ]
INFO: [ app_end ] --START--
INFO: Run Behavior\ShowPageTraceBehavior [ RunTime:0.002000s ]
INFO: [ app_end ] --END-- [ RunTime:0.002000s ]

[ 2018-02-06T17:18:39+08:00 ] 127.0.0.1 /moban/index.php/Admin/Goods/uploadImg
INFO: [ app_begin ] --START--
INFO: Run Behavior\ReadHtmlCacheBehavior [ RunTime:0.000000s ]
INFO: [ app_begin ] --END-- [ RunTime:0.001001s ]
NOTIC: [2] call_user_func() expects parameter 1 to be a valid callback, no array or string given D:\wamp\www\moban\ThinkPHP\Library\Think\Upload.class.php 第 170 行.
INFO: [ app_end ] --START--
INFO: Run Behavior\ShowPageTraceBehavior [ RunTime:0.001000s ]
INFO: [ app_end ] --END-- [ RunTime:0.001000s ]

[ 2018-02-06T17:34:45+08:00 ] 127.0.0.1 /moban/index.php/Admin/Goods/getVip
INFO: [ app_begin ] --START--
INFO: Run Behavior\ReadHtmlCacheBehavior [ RunTime:0.000000s ]
INFO: [ app_begin ] --END-- [ RunTime:0.000000s ]
SQL: SHOW COLUMNS FROM `moban_vip` [ RunTime:0.0020s ]
SQL: SELECT * FROM `moban_vip`  [ RunTime:0.0000s ]
INFO: [ app_end ] --START--
INFO: Run Behavior\ShowPageTraceBehavior [ RunTime:0.001000s ]
INFO: [ app_end ] --END-- [ RunTime:0.001000s ]

[ 2018-02-06T17:35:07+08:00 ] 127.0.0.1 /moban/index.php/Admin/Goods/uploadImg
INFO: [ app_begin ] --START--
INFO: Run Behavior\ReadHtmlCacheBehavior [ RunTime:0.000000s ]
INFO: [ app_begin ] --END-- [ RunTime:0.001000s ]
NOTIC: [2] call_user_func() expects parameter 1 to be a valid callback, no array or string given D:\wamp\www\moban\ThinkPHP\Library\Think\Upload.class.php 第 170 行.
INFO: [ app_end ] --START--
INFO: Run Behavior\ShowPageTraceBehavior [ RunTime:0.002000s ]
INFO: [ app_end ] --END-- [ RunTime:0.002000s ]

