[ 2018-01-26T14:02:21+08:00 ] 127.0.0.1 /moban/index.php/Admin/Attr/getAttr
INFO: [ app_begin ] --START--
INFO: Run Behavior\ReadHtmlCacheBehavior [ RunTime:0.000000s ]
INFO: [ app_begin ] --END-- [ RunTime:0.000000s ]
NOTIC: [8] Array to string conversion D:\wamp\www\moban\Application\Admin\Controller\AttrController.class.php 第 103 行.
INFO: [ app_end ] --START--
INFO: Run Behavior\ShowPageTraceBehavior [ RunTime:0.000000s ]
INFO: [ app_end ] --END-- [ RunTime:0.000000s ]

[ 2018-01-26T14:04:27+08:00 ] 127.0.0.1 /moban/index.php/Admin/Attr/getAttr
INFO: [ app_begin ] --START--
INFO: Run Behavior\ReadHtmlCacheBehavior [ RunTime:0.000000s ]
INFO: [ app_begin ] --END-- [ RunTime:0.001000s ]
SQL: SHOW COLUMNS FROM `moban_attr` [ RunTime:0.0020s ]
SQL: SELECT * FROM `moban_attr`  [ RunTime:0.0060s ]
INFO: [ app_end ] --START--
INFO: Run Behavior\ShowPageTraceBehavior [ RunTime:0.000000s ]
INFO: [ app_end ] --END-- [ RunTime:0.000000s ]

[ 2018-01-26T14:05:10+08:00 ] 127.0.0.1 /moban/index.php/Admin/Attr/getAttr
INFO: [ app_begin ] --START--
INFO: Run Behavior\ReadHtmlCacheBehavior [ RunTime:0.000000s ]
INFO: [ app_begin ] --END-- [ RunTime:0.000000s ]
SQL: SHOW COLUMNS FROM `moban_attr` [ RunTime:0.0040s ]
SQL: SELECT * FROM `moban_attr` WHERE `attrtype_id` = 1  [ RunTime:0.0020s ]
INFO: [ app_end ] --START--
INFO: Run Behavior\ShowPageTraceBehavior [ RunTime:0.001000s ]
INFO: [ app_end ] --END-- [ RunTime:0.001000s ]

[ 2018-01-26T14:10:49+08:00 ] 127.0.0.1 /moban/index.php/Admin/Attr/getAttr
INFO: [ app_begin ] --START--
INFO: Run Behavior\ReadHtmlCacheBehavior [ RunTime:0.001000s ]
INFO: [ app_begin ] --END-- [ RunTime:0.001000s ]
SQL: SHOW COLUMNS FROM `moban_attr` [ RunTime:0.0020s ]
SQL: SELECT * FROM `moban_attr` WHERE `attrtype_id` = 1  [ RunTime:0.0030s ]
INFO: [ app_end ] --START--
INFO: Run Behavior\ShowPageTraceBehavior [ RunTime:0.001000s ]
INFO: [ app_end ] --END-- [ RunTime:0.001000s ]

[ 2018-01-26T14:13:39+08:00 ] 127.0.0.1 /moban/index.php/Admin/Attr/getAttr
INFO: [ app_begin ] --START--
INFO: Run Behavior\ReadHtmlCacheBehavior [ RunTime:0.000000s ]
INFO: [ app_begin ] --END-- [ RunTime:0.000000s ]
SQL: SHOW COLUMNS FROM `moban_attr` [ RunTime:0.0000s ]
SQL: SELECT * FROM `moban_attr` WHERE `attrtype_id` = 1  [ RunTime:0.0000s ]
INFO: [ app_end ] --START--
INFO: Run Behavior\ShowPageTraceBehavior [ RunTime:0.000000s ]
INFO: [ app_end ] --END-- [ RunTime:0.001000s ]

[ 2018-01-26T14:14:13+08:00 ] 127.0.0.1 /moban/index.php/Admin/Attr/getAttr
INFO: [ app_begin ] --START--
INFO: Run Behavior\ReadHtmlCacheBehavior [ RunTime:0.000000s ]
INFO: [ app_begin ] --END-- [ RunTime:0.000000s ]
SQL: SHOW COLUMNS FROM `moban_attr` [ RunTime:0.0010s ]
SQL: SELECT * FROM `moban_attr` WHERE `attrtype_id` = 1  [ RunTime:0.0010s ]
INFO: [ app_end ] --START--
INFO: Run Behavior\ShowPageTraceBehavior [ RunTime:0.000000s ]
INFO: [ app_end ] --END-- [ RunTime:0.000000s ]

[ 2018-01-26T14:14:45+08:00 ] 127.0.0.1 /moban/index.php/Admin/Attr/getAttr
INFO: [ app_begin ] --START--
INFO: Run Behavior\ReadHtmlCacheBehavior [ RunTime:0.000000s ]
INFO: [ app_begin ] --END-- [ RunTime:0.000000s ]
SQL: SHOW COLUMNS FROM `moban_attr` [ RunTime:0.0010s ]
SQL: SELECT * FROM `moban_attr` WHERE `attrtype_id` = 1  [ RunTime:0.0110s ]
INFO: [ app_end ] --START--
INFO: Run Behavior\ShowPageTraceBehavior [ RunTime:0.001000s ]
INFO: [ app_end ] --END-- [ RunTime:0.001000s ]

[ 2018-01-26T14:15:16+08:00 ] 127.0.0.1 /moban/index.php/Admin/Attr/getAttr
INFO: [ app_begin ] --START--
INFO: Run Behavior\ReadHtmlCacheBehavior [ RunTime:0.000000s ]
INFO: [ app_begin ] --END-- [ RunTime:0.001000s ]
SQL: SHOW COLUMNS FROM `moban_attr` [ RunTime:0.0020s ]
SQL: SELECT * FROM `moban_attr` WHERE `attrtype_id` = 1  [ RunTime:0.0010s ]
INFO: [ app_end ] --START--
INFO: Run Behavior\ShowPageTraceBehavior [ RunTime:0.000000s ]
INFO: [ app_end ] --END-- [ RunTime:0.000000s ]

[ 2018-01-26T14:15:20+08:00 ] 127.0.0.1 /moban/index.php/Admin/Attr/getAttr
INFO: [ app_begin ] --START--
INFO: Run Behavior\ReadHtmlCacheBehavior [ RunTime:0.001000s ]
INFO: [ app_begin ] --END-- [ RunTime:0.001000s ]
SQL: SHOW COLUMNS FROM `moban_attr` [ RunTime:0.0090s ]
SQL: SELECT * FROM `moban_attr` WHERE `attrtype_id` = 2  [ RunTime:0.0000s ]
INFO: [ app_end ] --START--
INFO: Run Behavior\ShowPageTraceBehavior [ RunTime:0.001000s ]
INFO: [ app_end ] --END-- [ RunTime:0.001000s ]

[ 2018-01-26T14:16:53+08:00 ] 127.0.0.1 /moban/index.php/Admin/Attr/getAttr
INFO: [ app_begin ] --START--
INFO: Run Behavior\ReadHtmlCacheBehavior [ RunTime:0.000000s ]
INFO: [ app_begin ] --END-- [ RunTime:0.001000s ]
SQL: SHOW COLUMNS FROM `moban_attr` [ RunTime:0.0010s ]
SQL: SELECT * FROM `moban_attr` WHERE `attrtype_id` = 1  [ RunTime:0.0010s ]
INFO: [ app_end ] --START--
INFO: Run Behavior\ShowPageTraceBehavior [ RunTime:0.000000s ]
INFO: [ app_end ] --END-- [ RunTime:0.000000s ]

[ 2018-01-26T14:17:26+08:00 ] 127.0.0.1 /moban/index.php/Admin/Attr/getAttr
INFO: [ app_begin ] --START--
INFO: Run Behavior\ReadHtmlCacheBehavior [ RunTime:0.001000s ]
INFO: [ app_begin ] --END-- [ RunTime:0.001000s ]
SQL: SHOW COLUMNS FROM `moban_attr` [ RunTime:0.0050s ]
SQL: SELECT * FROM `moban_attr` WHERE `attrtype_id` = 1  [ RunTime:0.0010s ]
INFO: [ app_end ] --START--
INFO: Run Behavior\ShowPageTraceBehavior [ RunTime:0.001001s ]
INFO: [ app_end ] --END-- [ RunTime:0.001001s ]

[ 2018-01-26T14:17:27+08:00 ] 127.0.0.1 /moban/index.php/Admin/Attr/getAttr
INFO: [ app_begin ] --START--
INFO: Run Behavior\ReadHtmlCacheBehavior [ RunTime:0.001000s ]
INFO: [ app_begin ] --END-- [ RunTime:0.001000s ]
SQL: SHOW COLUMNS FROM `moban_attr` [ RunTime:0.0010s ]
SQL: SELECT * FROM `moban_attr` WHERE `attrtype_id` = 2  [ RunTime:0.0010s ]
INFO: [ app_end ] --START--
INFO: Run Behavior\ShowPageTraceBehavior [ RunTime:0.002000s ]
INFO: [ app_end ] --END-- [ RunTime:0.002000s ]

[ 2018-01-26T14:20:47+08:00 ] 127.0.0.1 /moban/index.php/Admin/Attr/getAttr
INFO: [ app_begin ] --START--
INFO: Run Behavior\ReadHtmlCacheBehavior [ RunTime:0.001000s ]
INFO: [ app_begin ] --END-- [ RunTime:0.001000s ]
SQL: SHOW COLUMNS FROM `moban_attr` [ RunTime:0.0020s ]
SQL: SELECT * FROM `moban_attr` WHERE `attrtype_id` = 1  [ RunTime:0.0090s ]
INFO: [ app_end ] --START--
INFO: Run Behavior\ShowPageTraceBehavior [ RunTime:0.000000s ]
INFO: [ app_end ] --END-- [ RunTime:0.000000s ]

[ 2018-01-26T14:21:24+08:00 ] 127.0.0.1 /moban/index.php/Admin/Attr/getAttr
INFO: [ app_begin ] --START--
INFO: Run Behavior\ReadHtmlCacheBehavior [ RunTime:0.000000s ]
INFO: [ app_begin ] --END-- [ RunTime:0.001000s ]
SQL: SHOW COLUMNS FROM `moban_attr` [ RunTime:0.0020s ]
SQL: SELECT * FROM `moban_attr` WHERE `attrtype_id` = 1  [ RunTime:0.0010s ]
INFO: [ app_end ] --START--
INFO: Run Behavior\ShowPageTraceBehavior [ RunTime:0.000000s ]
INFO: [ app_end ] --END-- [ RunTime:0.001000s ]

[ 2018-01-26T14:25:02+08:00 ] 127.0.0.1 /moban/index.php/Admin/Attr/getAttr
INFO: [ app_begin ] --START--
INFO: Run Behavior\ReadHtmlCacheBehavior [ RunTime:0.000000s ]
INFO: [ app_begin ] --END-- [ RunTime:0.000000s ]
SQL: SHOW COLUMNS FROM `moban_attr` [ RunTime:0.0010s ]
SQL: SELECT * FROM `moban_attr` WHERE `attrtype_id` = 1  [ RunTime:0.0060s ]
INFO: [ app_end ] --START--
INFO: Run Behavior\ShowPageTraceBehavior [ RunTime:0.001000s ]
INFO: [ app_end ] --END-- [ RunTime:0.001000s ]

[ 2018-01-26T14:33:01+08:00 ] 127.0.0.1 /moban/index.php/Admin/Attr/getAttr
INFO: [ app_begin ] --START--
INFO: Run Behavior\ReadHtmlCacheBehavior [ RunTime:0.001001s ]
INFO: [ app_begin ] --END-- [ RunTime:0.001001s ]
SQL: SHOW COLUMNS FROM `moban_attr` [ RunTime:0.0030s ]
SQL: SELECT * FROM `moban_attr` WHERE `attrtype_id` = 2  [ RunTime:0.0010s ]
INFO: [ app_end ] --START--
INFO: Run Behavior\ShowPageTraceBehavior [ RunTime:0.000000s ]
INFO: [ app_end ] --END-- [ RunTime:0.000000s ]

[ 2018-01-26T14:34:47+08:00 ] 127.0.0.1 /moban/index.php/Admin/Attr/getAttr
INFO: [ app_begin ] --START--
INFO: Run Behavior\ReadHtmlCacheBehavior [ RunTime:0.000000s ]
INFO: [ app_begin ] --END-- [ RunTime:0.000000s ]
SQL: SHOW COLUMNS FROM `moban_attr` [ RunTime:0.0010s ]
SQL: SELECT * FROM `moban_attr` WHERE `attrtype_id` = 1  [ RunTime:0.0010s ]
INFO: [ app_end ] --START--
INFO: Run Behavior\ShowPageTraceBehavior [ RunTime:0.000000s ]
INFO: [ app_end ] --END-- [ RunTime:0.000000s ]

[ 2018-01-26T14:36:04+08:00 ] 127.0.0.1 /moban/index.php/Admin/Attr/getAttr
INFO: [ app_begin ] --START--
INFO: Run Behavior\ReadHtmlCacheBehavior [ RunTime:0.001000s ]
INFO: [ app_begin ] --END-- [ RunTime:0.001000s ]
SQL: SHOW COLUMNS FROM `moban_attr` [ RunTime:0.0050s ]
SQL: SELECT * FROM `moban_attr` WHERE `attrtype_id` = 2  [ RunTime:0.0020s ]
INFO: [ app_end ] --START--
INFO: Run Behavior\ShowPageTraceBehavior [ RunTime:0.001000s ]
INFO: [ app_end ] --END-- [ RunTime:0.001000s ]

[ 2018-01-26T14:56:49+08:00 ] 127.0.0.1 /moban/index.php/Admin/Attr/getAttr
INFO: [ app_begin ] --START--
INFO: Run Behavior\ReadHtmlCacheBehavior [ RunTime:0.000000s ]
INFO: [ app_begin ] --END-- [ RunTime:0.000000s ]
SQL: SHOW COLUMNS FROM `moban_attr` [ RunTime:0.0010s ]
SQL: SELECT * FROM `moban_attr` WHERE `attrtype_id` = 1  [ RunTime:0.0000s ]
INFO: [ app_end ] --START--
INFO: Run Behavior\ShowPageTraceBehavior [ RunTime:0.001000s ]
INFO: [ app_end ] --END-- [ RunTime:0.001000s ]

[ 2018-01-26T14:58:04+08:00 ] 127.0.0.1 /moban/index.php/Admin/Attr/getAttr
INFO: [ app_begin ] --START--
INFO: Run Behavior\ReadHtmlCacheBehavior [ RunTime:0.000000s ]
INFO: [ app_begin ] --END-- [ RunTime:0.001000s ]
SQL: SHOW COLUMNS FROM `moban_attr` [ RunTime:0.0020s ]
SQL: SELECT * FROM `moban_attr` WHERE `attrtype_id` = 1  [ RunTime:0.0010s ]
INFO: [ app_end ] --START--
INFO: Run Behavior\ShowPageTraceBehavior [ RunTime:0.001000s ]
INFO: [ app_end ] --END-- [ RunTime:0.001000s ]

[ 2018-01-26T14:58:29+08:00 ] 127.0.0.1 /moban/index.php/Admin/Attr/getAttr
INFO: [ app_begin ] --START--
INFO: Run Behavior\ReadHtmlCacheBehavior [ RunTime:0.001000s ]
INFO: [ app_begin ] --END-- [ RunTime:0.002000s ]
SQL: SHOW COLUMNS FROM `moban_attr` [ RunTime:0.0010s ]
SQL: SELECT * FROM `moban_attr` WHERE `attrtype_id` = 1  [ RunTime:0.0010s ]
INFO: [ app_end ] --START--
INFO: Run Behavior\ShowPageTraceBehavior [ RunTime:0.000000s ]
INFO: [ app_end ] --END-- [ RunTime:0.001000s ]

[ 2018-01-26T14:58:46+08:00 ] 127.0.0.1 /moban/index.php/Admin/Attr/getAttr
INFO: [ app_begin ] --START--
INFO: Run Behavior\ReadHtmlCacheBehavior [ RunTime:0.001000s ]
INFO: [ app_begin ] --END-- [ RunTime:0.001000s ]
SQL: SHOW COLUMNS FROM `moban_attr` [ RunTime:0.0020s ]
SQL: SELECT * FROM `moban_attr` WHERE `attrtype_id` = 1  [ RunTime:0.0000s ]
INFO: [ app_end ] --START--
INFO: Run Behavior\ShowPageTraceBehavior [ RunTime:0.002000s ]
INFO: [ app_end ] --END-- [ RunTime:0.002000s ]

[ 2018-01-26T15:03:11+08:00 ] 127.0.0.1 /moban/index.php/Admin/Attr/getAttr
INFO: [ app_begin ] --START--
INFO: Run Behavior\ReadHtmlCacheBehavior [ RunTime:0.000000s ]
INFO: [ app_begin ] --END-- [ RunTime:0.000000s ]
SQL: SHOW COLUMNS FROM `moban_attr` [ RunTime:0.0060s ]
SQL: SELECT * FROM `moban_attr` WHERE `attrtype_id` = 1  [ RunTime:0.0010s ]
INFO: [ app_end ] --START--
INFO: Run Behavior\ShowPageTraceBehavior [ RunTime:0.001000s ]
INFO: [ app_end ] --END-- [ RunTime:0.001000s ]

[ 2018-01-26T15:04:38+08:00 ] 127.0.0.1 /moban/index.php/Admin/Attr/getAttr
INFO: [ app_begin ] --START--
INFO: Run Behavior\ReadHtmlCacheBehavior [ RunTime:0.000000s ]
INFO: [ app_begin ] --END-- [ RunTime:0.000000s ]
SQL: SHOW COLUMNS FROM `moban_attr` [ RunTime:0.0020s ]
SQL: SELECT * FROM `moban_attr` WHERE `attrtype_id` = 1  [ RunTime:0.0000s ]
INFO: [ app_end ] --START--
INFO: Run Behavior\ShowPageTraceBehavior [ RunTime:0.000000s ]
INFO: [ app_end ] --END-- [ RunTime:0.000000s ]

[ 2018-01-26T15:10:12+08:00 ] 127.0.0.1 /moban/index.php/Admin/Attr/getAttr
INFO: [ app_begin ] --START--
INFO: Run Behavior\ReadHtmlCacheBehavior [ RunTime:0.001000s ]
INFO: [ app_begin ] --END-- [ RunTime:0.001000s ]
SQL: SHOW COLUMNS FROM `moban_attr` [ RunTime:0.0010s ]
SQL: SELECT * FROM `moban_attr` WHERE `attrtype_id` = 1  [ RunTime:0.0000s ]
INFO: [ app_end ] --START--
INFO: Run Behavior\ShowPageTraceBehavior [ RunTime:0.001000s ]
INFO: [ app_end ] --END-- [ RunTime:0.001000s ]

[ 2018-01-26T15:10:43+08:00 ] 127.0.0.1 /moban/index.php/Admin/Attr/getAttr
INFO: [ app_begin ] --START--
INFO: Run Behavior\ReadHtmlCacheBehavior [ RunTime:0.000000s ]
INFO: [ app_begin ] --END-- [ RunTime:0.001000s ]
SQL: SHOW COLUMNS FROM `moban_attr` [ RunTime:0.0020s ]
SQL: SELECT * FROM `moban_attr` WHERE `attrtype_id` = 1  [ RunTime:0.0000s ]
INFO: [ app_end ] --START--
INFO: Run Behavior\ShowPageTraceBehavior [ RunTime:0.001000s ]
INFO: [ app_end ] --END-- [ RunTime:0.001000s ]

[ 2018-01-26T15:11:49+08:00 ] 127.0.0.1 /moban/index.php/Admin/Attr/getAttr
INFO: [ app_begin ] --START--
INFO: Run Behavior\ReadHtmlCacheBehavior [ RunTime:0.000000s ]
INFO: [ app_begin ] --END-- [ RunTime:0.001000s ]
SQL: SHOW COLUMNS FROM `moban_attr` [ RunTime:0.0010s ]
SQL: SELECT * FROM `moban_attr` WHERE `attrtype_id` = 1  [ RunTime:0.0010s ]
INFO: [ app_end ] --START--
INFO: Run Behavior\ShowPageTraceBehavior [ RunTime:0.000000s ]
INFO: [ app_end ] --END-- [ RunTime:0.000000s ]

[ 2018-01-26T15:16:40+08:00 ] 127.0.0.1 /moban/index.php/Admin/Attr/getAttr
INFO: [ app_begin ] --START--
INFO: Run Behavior\ReadHtmlCacheBehavior [ RunTime:0.001000s ]
INFO: [ app_begin ] --END-- [ RunTime:0.001000s ]
SQL: SHOW COLUMNS FROM `moban_attr` [ RunTime:0.0020s ]
SQL: SELECT * FROM `moban_attr` WHERE `attrtype_id` = 1  [ RunTime:0.0000s ]
INFO: [ app_end ] --START--
INFO: Run Behavior\ShowPageTraceBehavior [ RunTime:0.000000s ]
INFO: [ app_end ] --END-- [ RunTime:0.000000s ]

[ 2018-01-26T15:17:31+08:00 ] 127.0.0.1 /moban/index.php/Admin/Attr/getAttr
INFO: [ app_begin ] --START--
INFO: Run Behavior\ReadHtmlCacheBehavior [ RunTime:0.000000s ]
INFO: [ app_begin ] --END-- [ RunTime:0.000000s ]
SQL: SHOW COLUMNS FROM `moban_attr` [ RunTime:0.0010s ]
SQL: SELECT * FROM `moban_attr` WHERE `attrtype_id` = 0  [ RunTime:0.0000s ]
INFO: [ app_end ] --START--
INFO: Run Behavior\ShowPageTraceBehavior [ RunTime:0.000000s ]
INFO: [ app_end ] --END-- [ RunTime:0.001000s ]

[ 2018-01-26T15:18:02+08:00 ] 127.0.0.1 /moban/index.php/Admin/Attr/getAttr
INFO: [ app_begin ] --START--
INFO: Run Behavior\ReadHtmlCacheBehavior [ RunTime:0.000000s ]
INFO: [ app_begin ] --END-- [ RunTime:0.001000s ]
SQL: SHOW COLUMNS FROM `moban_attr` [ RunTime:0.0010s ]
SQL: SELECT * FROM `moban_attr` WHERE `attrtype_id` = 2  [ RunTime:0.0010s ]
INFO: [ app_end ] --START--
INFO: Run Behavior\ShowPageTraceBehavior [ RunTime:0.000000s ]
INFO: [ app_end ] --END-- [ RunTime:0.000000s ]

[ 2018-01-26T15:18:06+08:00 ] 127.0.0.1 /moban/index.php/Admin/Attr/getAttr
INFO: [ app_begin ] --START--
INFO: Run Behavior\ReadHtmlCacheBehavior [ RunTime:0.000000s ]
INFO: [ app_begin ] --END-- [ RunTime:0.001000s ]
SQL: SHOW COLUMNS FROM `moban_attr` [ RunTime:0.0040s ]
SQL: SELECT * FROM `moban_attr` WHERE `attrtype_id` = 1  [ RunTime:0.0010s ]
INFO: [ app_end ] --START--
INFO: Run Behavior\ShowPageTraceBehavior [ RunTime:0.000000s ]
INFO: [ app_end ] --END-- [ RunTime:0.000000s ]

[ 2018-01-26T15:19:18+08:00 ] 127.0.0.1 /moban/index.php/Admin/Attr/getAttr
INFO: [ app_begin ] --START--
INFO: Run Behavior\ReadHtmlCacheBehavior [ RunTime:0.000000s ]
INFO: [ app_begin ] --END-- [ RunTime:0.001000s ]
SQL: SHOW COLUMNS FROM `moban_attr` [ RunTime:0.0010s ]
SQL: SELECT * FROM `moban_attr` WHERE `attrtype_id` = 1  [ RunTime:0.0000s ]
INFO: [ app_end ] --START--
INFO: Run Behavior\ShowPageTraceBehavior [ RunTime:0.001000s ]
INFO: [ app_end ] --END-- [ RunTime:0.001000s ]

[ 2018-01-26T15:19:51+08:00 ] 127.0.0.1 /moban/index.php/Admin/Attr/getAttr
INFO: [ app_begin ] --START--
INFO: Run Behavior\ReadHtmlCacheBehavior [ RunTime:0.000000s ]
INFO: [ app_begin ] --END-- [ RunTime:0.002000s ]
SQL: SHOW COLUMNS FROM `moban_attr` [ RunTime:0.0000s ]
SQL: SELECT * FROM `moban_attr` WHERE `attrtype_id` = 1  [ RunTime:0.0010s ]
INFO: [ app_end ] --START--
INFO: Run Behavior\ShowPageTraceBehavior [ RunTime:0.000000s ]
INFO: [ app_end ] --END-- [ RunTime:0.000000s ]

[ 2018-01-26T15:20:29+08:00 ] 127.0.0.1 /moban/index.php/Admin/Attr/getAttr
INFO: [ app_begin ] --START--
INFO: Run Behavior\ReadHtmlCacheBehavior [ RunTime:0.000000s ]
INFO: [ app_begin ] --END-- [ RunTime:0.001000s ]
SQL: SHOW COLUMNS FROM `moban_attr` [ RunTime:0.0010s ]
SQL: SELECT * FROM `moban_attr` WHERE `attrtype_id` = 1  [ RunTime:0.0010s ]
INFO: [ app_end ] --START--
INFO: Run Behavior\ShowPageTraceBehavior [ RunTime:0.000000s ]
INFO: [ app_end ] --END-- [ RunTime:0.000000s ]

[ 2018-01-26T15:21:44+08:00 ] 127.0.0.1 /moban/index.php/Admin/Attr/getAttr
INFO: [ app_begin ] --START--
INFO: Run Behavior\ReadHtmlCacheBehavior [ RunTime:0.001000s ]
INFO: [ app_begin ] --END-- [ RunTime:0.001000s ]
SQL: SHOW COLUMNS FROM `moban_attr` [ RunTime:0.0010s ]
SQL: SELECT * FROM `moban_attr` WHERE `attrtype_id` = 1  [ RunTime:0.0000s ]
INFO: [ app_end ] --START--
INFO: Run Behavior\ShowPageTraceBehavior [ RunTime:0.001000s ]
INFO: [ app_end ] --END-- [ RunTime:0.001000s ]

[ 2018-01-26T15:22:16+08:00 ] 127.0.0.1 /moban/index.php/Admin/Attr/getAttr
INFO: [ app_begin ] --START--
INFO: Run Behavior\ReadHtmlCacheBehavior [ RunTime:0.000000s ]
INFO: [ app_begin ] --END-- [ RunTime:0.001000s ]
SQL: SHOW COLUMNS FROM `moban_attr` [ RunTime:0.0010s ]
SQL: SELECT * FROM `moban_attr` WHERE `attrtype_id` = 1  [ RunTime:0.0000s ]
INFO: [ app_end ] --START--
INFO: Run Behavior\ShowPageTraceBehavior [ RunTime:0.001000s ]
INFO: [ app_end ] --END-- [ RunTime:0.001000s ]

[ 2018-01-26T15:22:34+08:00 ] 127.0.0.1 /moban/index.php/Admin/Attr/getAttr
INFO: [ app_begin ] --START--
INFO: Run Behavior\ReadHtmlCacheBehavior [ RunTime:0.000000s ]
INFO: [ app_begin ] --END-- [ RunTime:0.001000s ]
SQL: SHOW COLUMNS FROM `moban_attr` [ RunTime:0.0010s ]
SQL: SELECT * FROM `moban_attr` WHERE `attrtype_id` = 1  [ RunTime:0.0010s ]
INFO: [ app_end ] --START--
INFO: Run Behavior\ShowPageTraceBehavior [ RunTime:0.001000s ]
INFO: [ app_end ] --END-- [ RunTime:0.001000s ]

[ 2018-01-26T15:23:11+08:00 ] 127.0.0.1 /moban/index.php/Admin/Attr/getAttr
INFO: [ app_begin ] --START--
INFO: Run Behavior\ReadHtmlCacheBehavior [ RunTime:0.000000s ]
INFO: [ app_begin ] --END-- [ RunTime:0.001001s ]
SQL: SHOW COLUMNS FROM `moban_attr` [ RunTime:0.0010s ]
SQL: SELECT * FROM `moban_attr` WHERE `attrtype_id` = 1  [ RunTime:0.0010s ]
INFO: [ app_end ] --START--
INFO: Run Behavior\ShowPageTraceBehavior [ RunTime:0.000000s ]
INFO: [ app_end ] --END-- [ RunTime:0.000000s ]

[ 2018-01-26T15:25:03+08:00 ] 127.0.0.1 /moban/index.php/Admin/Attr/getAttr
INFO: [ app_begin ] --START--
INFO: Run Behavior\ReadHtmlCacheBehavior [ RunTime:0.001000s ]
INFO: [ app_begin ] --END-- [ RunTime:0.001000s ]
SQL: SHOW COLUMNS FROM `moban_attr` [ RunTime:0.0010s ]
SQL: SELECT * FROM `moban_attr` WHERE `attrtype_id` = 1  [ RunTime:0.0000s ]
INFO: [ app_end ] --START--
INFO: Run Behavior\ShowPageTraceBehavior [ RunTime:0.001000s ]
INFO: [ app_end ] --END-- [ RunTime:0.001000s ]

