[ 2018-04-10T18:24:26+08:00 ] 127.0.0.1 /moban/index.php/Admin/Login
INFO: [ app_init ] --START--
INFO: Run Behavior\BuildLiteBehavior [ RunTime:0.000000s ]
INFO: [ app_init ] --END-- [ RunTime:0.012001s ]
INFO: [ app_begin ] --START--
INFO: Run Behavior\ReadHtmlCacheBehavior [ RunTime:0.001000s ]
INFO: [ app_begin ] --END-- [ RunTime:0.003000s ]
INFO: [ view_parse ] --START--
INFO: [ template_filter ] --START--
INFO: Run Behavior\ContentReplaceBehavior [ RunTime:0.001000s ]
INFO: [ template_filter ] --END-- [ RunTime:0.001000s ]
INFO: Run Behavior\ParseTemplateBehavior [ RunTime:0.027002s ]
INFO: [ view_parse ] --END-- [ RunTime:0.028002s ]
INFO: [ view_filter ] --START--
INFO: Run Behavior\WriteHtmlCacheBehavior [ RunTime:0.001000s ]
INFO: [ view_filter ] --END-- [ RunTime:0.002000s ]
INFO: [ app_end ] --START--
INFO: Run Behavior\ShowPageTraceBehavior [ RunTime:0.001000s ]
INFO: [ app_end ] --END-- [ RunTime:0.002000s ]

[ 2018-04-10T18:24:28+08:00 ] 127.0.0.1 /moban/index.php/Admin/Login
INFO: [ app_init ] --START--
INFO: Run Behavior\BuildLiteBehavior [ RunTime:0.001000s ]
INFO: [ app_init ] --END-- [ RunTime:0.002000s ]
INFO: [ app_begin ] --START--
INFO: Run Behavior\ReadHtmlCacheBehavior [ RunTime:0.001001s ]
INFO: [ app_begin ] --END-- [ RunTime:0.001001s ]
SQL: SHOW COLUMNS FROM `moban_admin` [ RunTime:0.1480s ]
SQL: SELECT * FROM `moban_admin` WHERE `admin_name` = 'admin' LIMIT 1   [ RunTime:0.0000s ]

[ 2018-04-10T18:24:28+08:00 ] 127.0.0.1 /moban/index.php/Admin/Admin/index.html
INFO: [ app_init ] --START--
INFO: Run Behavior\BuildLiteBehavior [ RunTime:0.000000s ]
INFO: [ app_init ] --END-- [ RunTime:0.002000s ]
INFO: [ app_begin ] --START--
INFO: Run Behavior\ReadHtmlCacheBehavior [ RunTime:0.002000s ]
INFO: [ app_begin ] --END-- [ RunTime:0.002000s ]
SQL: SHOW COLUMNS FROM `moban_admin` [ RunTime:0.0310s ]
SQL: SELECT * FROM `moban_admin`  [ RunTime:0.0010s ]
INFO: [ view_parse ] --START--
INFO: [ template_filter ] --START--
INFO: Run Behavior\ContentReplaceBehavior [ RunTime:0.001000s ]
INFO: [ template_filter ] --END-- [ RunTime:0.001000s ]
INFO: Run Behavior\ParseTemplateBehavior [ RunTime:0.065004s ]
INFO: [ view_parse ] --END-- [ RunTime:0.066004s ]
INFO: [ view_filter ] --START--
INFO: Run Behavior\WriteHtmlCacheBehavior [ RunTime:0.001000s ]
INFO: [ view_filter ] --END-- [ RunTime:0.002000s ]
INFO: [ app_end ] --START--
INFO: Run Behavior\ShowPageTraceBehavior [ RunTime:0.001000s ]
INFO: [ app_end ] --END-- [ RunTime:0.002000s ]

[ 2018-04-10T18:24:33+08:00 ] 127.0.0.1 /moban/index.php/Admin/goods/index
INFO: [ app_init ] --START--
INFO: Run Behavior\BuildLiteBehavior [ RunTime:0.001000s ]
INFO: [ app_init ] --END-- [ RunTime:0.002000s ]
INFO: [ app_begin ] --START--
INFO: Run Behavior\ReadHtmlCacheBehavior [ RunTime:0.001000s ]
INFO: [ app_begin ] --END-- [ RunTime:0.002000s ]
SQL: SHOW COLUMNS FROM `moban_goods` [ RunTime:0.0410s ]
SQL: SELECT COUNT(*) AS tp_count FROM `moban_goods` LIMIT 1   [ RunTime:0.0010s ]
SQL: SELECT a.id,a.goods_name,a.goods_vips,a.goods_price,a.goods_photo,a.goods_comment,a.goods_store,a.goods_recommend,a.download_num,a.goods_search,a.goods_tuijian,b.cate_name FROM moban_goods a LEFT JOIN moban_cate b ON a.cate_id=b.id  ORDER BY goods_time desc LIMIT 0,15   [ RunTime:0.0140s ]
SQL: SHOW COLUMNS FROM `moban_vip` [ RunTime:0.0090s ]
SQL: SELECT `vip_name` FROM `moban_vip` WHERE `id` IN ('2','3','4')  [ RunTime:0.0070s ]
SQL: SELECT `vip_name` FROM `moban_vip` WHERE `id` IN ('2')  [ RunTime:0.0010s ]
SQL: SELECT `vip_name` FROM `moban_vip` WHERE `id` IN ('2')  [ RunTime:0.0010s ]
SQL: SELECT `vip_name` FROM `moban_vip` WHERE `id` IN ('2')  [ RunTime:0.0030s ]
SQL: SELECT `vip_name` FROM `moban_vip` WHERE `id` IN ('2','3','4')  [ RunTime:0.0010s ]
SQL: SELECT `vip_name` FROM `moban_vip` WHERE `id` IN ('2','3','4')  [ RunTime:0.0010s ]
SQL: SELECT `vip_name` FROM `moban_vip` WHERE `id` IN ('4')  [ RunTime:0.0030s ]
SQL: SELECT `vip_name` FROM `moban_vip` WHERE `id` IN ('4')  [ RunTime:0.0010s ]
SQL: SELECT `vip_name` FROM `moban_vip` WHERE `id` IN ('4')  [ RunTime:0.0010s ]
SQL: SELECT `vip_name` FROM `moban_vip` WHERE `id` IN ('4')  [ RunTime:0.0000s ]
SQL: SELECT `vip_name` FROM `moban_vip` WHERE `id` IN ('3','4')  [ RunTime:0.0070s ]
SQL: SELECT `vip_name` FROM `moban_vip` WHERE `id` IN ('2')  [ RunTime:0.0000s ]
SQL: SELECT `vip_name` FROM `moban_vip` WHERE `id` IN ('3')  [ RunTime:0.0010s ]
SQL: SELECT `vip_name` FROM `moban_vip` WHERE `id` IN ('3')  [ RunTime:0.0000s ]
SQL: SELECT `vip_name` FROM `moban_vip` WHERE `id` IN ('2')  [ RunTime:0.0060s ]
INFO: [ view_parse ] --START--
INFO: [ template_filter ] --START--
INFO: Run Behavior\ContentReplaceBehavior [ RunTime:0.001000s ]
INFO: [ template_filter ] --END-- [ RunTime:0.002000s ]
INFO: Run Behavior\ParseTemplateBehavior [ RunTime:0.071004s ]
INFO: [ view_parse ] --END-- [ RunTime:0.071004s ]
INFO: [ view_filter ] --START--
INFO: Run Behavior\WriteHtmlCacheBehavior [ RunTime:0.005000s ]
INFO: [ view_filter ] --END-- [ RunTime:0.005000s ]
INFO: [ app_end ] --START--
INFO: Run Behavior\ShowPageTraceBehavior [ RunTime:0.002000s ]
INFO: [ app_end ] --END-- [ RunTime:0.002000s ]

